Mon Jul 15 13:10:24 2024: Running xcd server. This server was built by gradle.
Mon Jul 15 13:10:24 2024: Server was asked to start on port: '57305'
Mon Jul 15 13:10:24 2024: Server is using token UUID: '0312ecec-4247-11ef-a07c-6742843bc7cc'
Mon Jul 15 13:10:24 2024: SESSION_MGR: creating session with session uuid: '6d04a3e9-ade5-4ab9-8d63-1f78fcd2ec76' and name 'default'
Mon Jul 15 13:10:24 2024: Attempting to start server on port '57305'
Mon Jul 15 13:10:24 2024: Failed to create acceptor endpoint [::1]:57305, exception: bind: Cannot assign requested address
Mon Jul 15 13:10:24 2024: XCD main fifo: created main fifo '/tmp/xcdmain0312ecec-4247-11ef-a07c-6742843bc7cc', fd read = 10
Mon Jul 15 13:10:24 2024: Running Dispatch Server
Mon Jul 15 13:10:24 2024: Version 2.2.0
Mon Jul 15 13:10:24 2024: Dispatch Server: Accepted socket connection from client
Mon Jul 15 13:10:24 2024: Starting Socket connection
Mon Jul 15 13:10:24 2024: EXCHANGE_TOKEN received, server token: 0312ecec-4247-11ef-a07c-6742843bc7cc, passed token: 0312ecec-4247-11ef-a07c-6742843bc7cc
Mon Jul 15 13:10:24 2024: SESSION_MGR: creating session with session uuid: '82ac2911-8f8e-4393-b862-74517a7e5059' and name 'Code Analyzer'
Mon Jul 15 13:10:24 2024: KERNEL_SVC: creating session with uuid: '82ac2911-8f8e-4393-b862-74517a7e5059' and name 'Code Analyzer'
Mon Jul 15 13:10:24 2024: GUIDANCE_SMGR: creating guidance session with uuid: '82ac2911-8f8e-4393-b862-74517a7e5059' and name 'Code Analyzer'
Mon Jul 15 13:10:24 2024: SESSION_MGR: closing session for UUID '82ac2911-8f8e-4393-b862-74517a7e5059' with name ''
Mon Jul 15 13:10:24 2024: KERNEL_SVC: closing session for UUID '82ac2911-8f8e-4393-b862-74517a7e5059' with name ''
Mon Jul 15 13:10:24 2024: GUIDANCE_SMGR: closing session for UUID '82ac2911-8f8e-4393-b862-74517a7e5059' with name ''
Mon Jul 15 13:10:24 2024: STOP_SERVER received, server token: 0312ecec-4247-11ef-a07c-6742843bc7cc, passed token: 0312ecec-4247-11ef-a07c-6742843bc7cc
Mon Jul 15 13:10:24 2024: Socket received request to stop server.
Mon Jul 15 13:10:24 2024: Dispatch Server: do_await_stop
Mon Jul 15 13:10:24 2024: Dispatch Server: stopping mainFifo_
Mon Jul 15 13:10:24 2024: XCD main fifo: Stopping
Mon Jul 15 13:10:24 2024: XCD main fifo: do_read error code: Operation canceled
Mon Jul 15 13:10:24 2024: XCD main fifo: bytes_transferred: 0
Mon Jul 15 13:10:24 2024: SERVER: destructor for server bound to port 57305
Mon Jul 15 13:10:24 2024: XCD main fifo: Good unlink of /tmp/xcdmain0312ecec-4247-11ef-a07c-6742843bc7cc
Mon Jul 15 13:10:24 2024: Server exiting with status 0.
Mon Jul 15 13:10:24 2024: Closing log file.
Mon Jul 15 13:29:41 2024: Running xcd server. This server was built by gradle.
Mon Jul 15 13:29:41 2024: Server was asked to start on port: '56009'
Mon Jul 15 13:29:41 2024: Server is using token UUID: 'b530c0aa-4249-11ef-aaf1-931af876ca41'
Mon Jul 15 13:29:41 2024: SESSION_MGR: creating session with session uuid: '6d04a3e9-ade5-4ab9-8d63-1f78fcd2ec76' and name 'default'
Mon Jul 15 13:29:41 2024: Attempting to start server on port '56009'
Mon Jul 15 13:29:41 2024: Failed to create acceptor endpoint [::1]:56009, exception: bind: Cannot assign requested address
Mon Jul 15 13:29:41 2024: XCD main fifo: created main fifo '/tmp/xcdmainb530c0aa-4249-11ef-aaf1-931af876ca41', fd read = 10
Mon Jul 15 13:29:41 2024: Running Dispatch Server
Mon Jul 15 13:29:41 2024: Version 2.2.0
Mon Jul 15 13:29:41 2024: Dispatch Server: Accepted socket connection from client
Mon Jul 15 13:29:41 2024: Starting Socket connection
Mon Jul 15 13:29:41 2024: EXCHANGE_TOKEN received, server token: b530c0aa-4249-11ef-aaf1-931af876ca41, passed token: b530c0aa-4249-11ef-aaf1-931af876ca41
Mon Jul 15 13:29:41 2024: SESSION_MGR: creating session with session uuid: '948ea77f-8665-4036-a80a-1c5cd83c29af' and name 'Code Analyzer'
Mon Jul 15 13:29:41 2024: KERNEL_SVC: creating session with uuid: '948ea77f-8665-4036-a80a-1c5cd83c29af' and name 'Code Analyzer'
Mon Jul 15 13:29:41 2024: GUIDANCE_SMGR: creating guidance session with uuid: '948ea77f-8665-4036-a80a-1c5cd83c29af' and name 'Code Analyzer'
Mon Jul 15 13:29:41 2024: SESSION_MGR: closing session for UUID '948ea77f-8665-4036-a80a-1c5cd83c29af' with name ''
Mon Jul 15 13:29:41 2024: KERNEL_SVC: closing session for UUID '948ea77f-8665-4036-a80a-1c5cd83c29af' with name ''
Mon Jul 15 13:29:41 2024: GUIDANCE_SMGR: closing session for UUID '948ea77f-8665-4036-a80a-1c5cd83c29af' with name ''
Mon Jul 15 13:29:41 2024: STOP_SERVER received, server token: b530c0aa-4249-11ef-aaf1-931af876ca41, passed token: b530c0aa-4249-11ef-aaf1-931af876ca41
Mon Jul 15 13:29:41 2024: Socket received request to stop server.
Mon Jul 15 13:29:41 2024: Dispatch Server: do_await_stop
Mon Jul 15 13:29:41 2024: Dispatch Server: stopping mainFifo_
Mon Jul 15 13:29:41 2024: XCD main fifo: Stopping
Mon Jul 15 13:29:41 2024: XCD main fifo: do_read error code: Operation canceled
Mon Jul 15 13:29:41 2024: XCD main fifo: bytes_transferred: 0
Mon Jul 15 13:29:41 2024: SERVER: destructor for server bound to port 56009
Mon Jul 15 13:29:41 2024: XCD main fifo: Good unlink of /tmp/xcdmainb530c0aa-4249-11ef-aaf1-931af876ca41
Mon Jul 15 13:29:41 2024: Server exiting with status 0.
Mon Jul 15 13:29:41 2024: Closing log file.
Mon Jul 15 13:31:00 2024: Running xcd server. This server was built by gradle.
Mon Jul 15 13:31:00 2024: Server was asked to start on port: '37453'
Mon Jul 15 13:31:00 2024: Server is using token UUID: 'e441409a-4249-11ef-aaf1-931af876ca41'
Mon Jul 15 13:31:00 2024: SESSION_MGR: creating session with session uuid: '6d04a3e9-ade5-4ab9-8d63-1f78fcd2ec76' and name 'default'
Mon Jul 15 13:31:00 2024: Attempting to start server on port '37453'
Mon Jul 15 13:31:00 2024: Failed to create acceptor endpoint [::1]:37453, exception: bind: Cannot assign requested address
Mon Jul 15 13:31:00 2024: XCD main fifo: created main fifo '/tmp/xcdmaine441409a-4249-11ef-aaf1-931af876ca41', fd read = 10
Mon Jul 15 13:31:00 2024: Running Dispatch Server
Mon Jul 15 13:31:00 2024: Version 2.2.0
Mon Jul 15 13:31:00 2024: Dispatch Server: Accepted socket connection from client
Mon Jul 15 13:31:00 2024: Starting Socket connection
Mon Jul 15 13:31:00 2024: EXCHANGE_TOKEN received, server token: e441409a-4249-11ef-aaf1-931af876ca41, passed token: e441409a-4249-11ef-aaf1-931af876ca41
Mon Jul 15 13:31:00 2024: SESSION_MGR: creating session with session uuid: '3b151113-f15b-4497-a43d-c082c762b7d8' and name 'Code Analyzer'
Mon Jul 15 13:31:00 2024: KERNEL_SVC: creating session with uuid: '3b151113-f15b-4497-a43d-c082c762b7d8' and name 'Code Analyzer'
Mon Jul 15 13:31:00 2024: GUIDANCE_SMGR: creating guidance session with uuid: '3b151113-f15b-4497-a43d-c082c762b7d8' and name 'Code Analyzer'
Mon Jul 15 13:32:11 2024: Running xcd server. This server was built by gradle.
Mon Jul 15 13:32:11 2024: Server was asked to start on port: '34983'
Mon Jul 15 13:32:11 2024: Server is using token UUID: '0e68084a-424a-11ef-aaf1-931af876ca41'
Mon Jul 15 13:32:11 2024: SESSION_MGR: creating session with session uuid: '6d04a3e9-ade5-4ab9-8d63-1f78fcd2ec76' and name 'default'
Mon Jul 15 13:32:11 2024: Attempting to start server on port '34983'
Mon Jul 15 13:32:11 2024: Failed to create acceptor endpoint [::1]:34983, exception: bind: Cannot assign requested address
Mon Jul 15 13:32:11 2024: XCD main fifo: created main fifo '/tmp/xcdmain0e68084a-424a-11ef-aaf1-931af876ca41', fd read = 10
Mon Jul 15 13:32:11 2024: Running Dispatch Server
Mon Jul 15 13:32:11 2024: Version 2.2.0
Mon Jul 15 13:32:11 2024: Dispatch Server: Accepted socket connection from client
Mon Jul 15 13:32:11 2024: Starting Socket connection
Mon Jul 15 13:32:11 2024: EXCHANGE_TOKEN received, server token: 0e68084a-424a-11ef-aaf1-931af876ca41, passed token: 0e68084a-424a-11ef-aaf1-931af876ca41
Mon Jul 15 13:32:11 2024: SESSION_MGR: creating session with session uuid: '0fe41081-7732-478d-8653-14173b9ba7ed' and name 'Code Analyzer'
Mon Jul 15 13:32:11 2024: KERNEL_SVC: creating session with uuid: '0fe41081-7732-478d-8653-14173b9ba7ed' and name 'Code Analyzer'
Mon Jul 15 13:32:11 2024: GUIDANCE_SMGR: creating guidance session with uuid: '0fe41081-7732-478d-8653-14173b9ba7ed' and name 'Code Analyzer'
Mon Jul 15 13:32:11 2024: SESSION_MGR: closing session for UUID '0fe41081-7732-478d-8653-14173b9ba7ed' with name ''
Mon Jul 15 13:32:11 2024: KERNEL_SVC: closing session for UUID '0fe41081-7732-478d-8653-14173b9ba7ed' with name ''
Mon Jul 15 13:32:11 2024: GUIDANCE_SMGR: closing session for UUID '0fe41081-7732-478d-8653-14173b9ba7ed' with name ''
Mon Jul 15 13:32:11 2024: STOP_SERVER received, server token: 0e68084a-424a-11ef-aaf1-931af876ca41, passed token: 0e68084a-424a-11ef-aaf1-931af876ca41
Mon Jul 15 13:32:11 2024: Socket received request to stop server.
Mon Jul 15 13:32:11 2024: Dispatch Server: do_await_stop
Mon Jul 15 13:32:11 2024: Dispatch Server: stopping mainFifo_
Mon Jul 15 13:32:11 2024: XCD main fifo: Stopping
Mon Jul 15 13:32:11 2024: XCD main fifo: do_read error code: Operation canceled
Mon Jul 15 13:32:11 2024: XCD main fifo: bytes_transferred: 0
Mon Jul 15 13:32:11 2024: SERVER: destructor for server bound to port 34983
Mon Jul 15 13:32:11 2024: XCD main fifo: Good unlink of /tmp/xcdmain0e68084a-424a-11ef-aaf1-931af876ca41
Mon Jul 15 13:32:11 2024: Server exiting with status 0.
Mon Jul 15 13:32:11 2024: Closing log file.
Mon Jul 15 13:32:32 2024: Running xcd server. This server was built by gradle.
Mon Jul 15 13:32:32 2024: Server was asked to start on port: '57325'
Mon Jul 15 13:32:32 2024: Server is using token UUID: '1b1d3a6a-424a-11ef-aaf1-931af876ca41'
Mon Jul 15 13:32:32 2024: SESSION_MGR: creating session with session uuid: '6d04a3e9-ade5-4ab9-8d63-1f78fcd2ec76' and name 'default'
Mon Jul 15 13:32:32 2024: Attempting to start server on port '57325'
Mon Jul 15 13:32:32 2024: Failed to create acceptor endpoint [::1]:57325, exception: bind: Cannot assign requested address
Mon Jul 15 13:32:32 2024: XCD main fifo: created main fifo '/tmp/xcdmain1b1d3a6a-424a-11ef-aaf1-931af876ca41', fd read = 10
Mon Jul 15 13:32:32 2024: Running Dispatch Server
Mon Jul 15 13:32:32 2024: Version 2.2.0
Mon Jul 15 13:32:32 2024: Dispatch Server: Accepted socket connection from client
Mon Jul 15 13:32:32 2024: Starting Socket connection
Mon Jul 15 13:32:32 2024: EXCHANGE_TOKEN received, server token: 1b1d3a6a-424a-11ef-aaf1-931af876ca41, passed token: 1b1d3a6a-424a-11ef-aaf1-931af876ca41
Mon Jul 15 13:32:32 2024: SESSION_MGR: creating session with session uuid: '6251d56c-284e-4645-8f6c-09e8f676c2d3' and name 'Code Analyzer'
Mon Jul 15 13:32:32 2024: KERNEL_SVC: creating session with uuid: '6251d56c-284e-4645-8f6c-09e8f676c2d3' and name 'Code Analyzer'
Mon Jul 15 13:32:32 2024: GUIDANCE_SMGR: creating guidance session with uuid: '6251d56c-284e-4645-8f6c-09e8f676c2d3' and name 'Code Analyzer'
Mon Jul 15 13:32:32 2024: SESSION_MGR: closing session for UUID '6251d56c-284e-4645-8f6c-09e8f676c2d3' with name ''
Mon Jul 15 13:32:32 2024: KERNEL_SVC: closing session for UUID '6251d56c-284e-4645-8f6c-09e8f676c2d3' with name ''
Mon Jul 15 13:32:32 2024: GUIDANCE_SMGR: closing session for UUID '6251d56c-284e-4645-8f6c-09e8f676c2d3' with name ''
Mon Jul 15 13:32:32 2024: STOP_SERVER received, server token: 1b1d3a6a-424a-11ef-aaf1-931af876ca41, passed token: 1b1d3a6a-424a-11ef-aaf1-931af876ca41
Mon Jul 15 13:32:32 2024: Socket received request to stop server.
Mon Jul 15 13:32:32 2024: Dispatch Server: do_await_stop
Mon Jul 15 13:32:32 2024: Dispatch Server: stopping mainFifo_
Mon Jul 15 13:32:32 2024: XCD main fifo: Stopping
Mon Jul 15 13:32:32 2024: XCD main fifo: do_read error code: Operation canceled
Mon Jul 15 13:32:32 2024: XCD main fifo: bytes_transferred: 0
Mon Jul 15 13:32:32 2024: SERVER: destructor for server bound to port 57325
Mon Jul 15 13:32:32 2024: XCD main fifo: Good unlink of /tmp/xcdmain1b1d3a6a-424a-11ef-aaf1-931af876ca41
Mon Jul 15 13:32:32 2024: Server exiting with status 0.
Mon Jul 15 13:32:32 2024: Closing log file.
Mon Jul 15 14:31:00 2024: Dispatch Server timeout; shutting down.
Mon Jul 15 14:31:00 2024: Dispatch Server: do_await_stop
Mon Jul 15 14:31:00 2024: Dispatch Server: stopping mainFifo_
Mon Jul 15 14:31:00 2024: XCD main fifo: Stopping
Mon Jul 15 14:31:00 2024: XCD main fifo: do_read error code: Operation canceled
Mon Jul 15 14:31:00 2024: XCD main fifo: bytes_transferred: 0
Mon Jul 15 14:31:00 2024: SERVER: destructor for server bound to port 37453
Mon Jul 15 14:31:00 2024: XCD main fifo: Good unlink of /tmp/xcdmaine441409a-4249-11ef-aaf1-931af876ca41
Mon Jul 15 14:31:00 2024: Server exiting with status 0.
Mon Jul 15 14:31:00 2024: Closing log file.
