INFO: [v++ 60-1548] Creating build summary session with primary output /home/jjos425/Documents/vivado_projects/project_1/reluConv_accel/relu_conv_2d/relu_conv_2d.hlscompile_summary, at Fri Sep 13 17:30:02 2024
INFO: [v++ 82-31] Launching vitis_hls: vitis_hls -nolog -run csynth -work_dir /home/jjos425/Documents/vivado_projects/project_1/reluConv_accel/relu_conv_2d -config /home/jjos425/Documents/vivado_projects/project_1/reluConv_accel/hls_config.cfg -cmdlineconfig /home/jjos425/Documents/vivado_projects/project_1/reluConv_accel/relu_conv_2d/hls/config.cmdline

****** Vitis HLS - High-Level Synthesis from C, C++ and OpenCL v2024.1 (64-bit)
  **** SW Build 5069499 on May 21 2024
  **** IP Build 5075265 on Wed May 22 21:45:21 MDT 2024
  **** SharedData Build 5076995 on Wed May 22 18:29:18 MDT 2024
  **** Start of session at: Fri Sep 13 17:30:03 2024
    ** Copyright 1986-2022 Xilinx, Inc. All Rights Reserved.
    ** Copyright 2022-2024 Advanced Micro Devices, Inc. All Rights Reserved.

source /home/jjos425/Desktop/P4P33-2024/Vitis_HLS/2024.1/scripts/vitis_hls/hls.tcl -notrace
INFO: [HLS 200-10] For user 'jjos425' on host 'en432999.uoa.auckland.ac.nz' (Linux_x86_64 version 5.15.0-118-generic) on Fri Sep 13 17:30:04 NZST 2024
INFO: [HLS 200-10] On os Ubuntu 20.04.5 LTS
INFO: [HLS 200-10] In directory '/home/jjos425/Documents/vivado_projects/project_1/reluConv_accel'
INFO: [HLS 200-2005] Using work_dir /home/jjos425/Documents/vivado_projects/project_1/reluConv_accel/relu_conv_2d 
INFO: [HLS 200-1505] Using default flow_target 'vivado'
Resolution: For help on HLS 200-1505 see docs.xilinx.com/access/sources/dita/topic?Doc_Version=2024.1%20English&url=ug1448-hls-guidance&resourceid=200-1505.html
INFO: [HLS 200-1465] Applying ini 'syn.file=/home/jjos425/Documents/vivado_projects/project_1/CapsuleNetworkAccelerator/ReLUConv1.cpp' from /home/jjos425/Documents/vivado_projects/project_1/reluConv_accel/hls_config.cfg(8)
INFO: [HLS 200-10] Adding design file '/home/jjos425/Documents/vivado_projects/project_1/CapsuleNetworkAccelerator/ReLUConv1.cpp' to the project
INFO: [HLS 200-1465] Applying ini 'syn.file=/home/jjos425/Documents/vivado_projects/project_1/CapsuleNetworkAccelerator/ReLUConv1.h' from /home/jjos425/Documents/vivado_projects/project_1/reluConv_accel/hls_config.cfg(9)
INFO: [HLS 200-10] Adding design file '/home/jjos425/Documents/vivado_projects/project_1/CapsuleNetworkAccelerator/ReLUConv1.h' to the project
INFO: [HLS 200-1465] Applying ini 'syn.file=/home/jjos425/Documents/vivado_projects/project_1/CapsuleNetworkAccelerator/constants.h' from /home/jjos425/Documents/vivado_projects/project_1/reluConv_accel/hls_config.cfg(10)
INFO: [HLS 200-10] Adding design file '/home/jjos425/Documents/vivado_projects/project_1/CapsuleNetworkAccelerator/constants.h' to the project
INFO: [HLS 200-1465] Applying ini 'tb.file=/home/jjos425/Documents/vivado_projects/project_1/reluConv_accel/ReLUConv1TestBench.cpp' from /home/jjos425/Documents/vivado_projects/project_1/reluConv_accel/hls_config.cfg(12)
INFO: [HLS 200-10] Adding test bench file '/home/jjos425/Documents/vivado_projects/project_1/reluConv_accel/ReLUConv1TestBench.cpp' to the project
INFO: [HLS 200-1465] Applying ini 'syn.top=relu_conv_2d' from /home/jjos425/Documents/vivado_projects/project_1/reluConv_accel/hls_config.cfg(7)
INFO: [HLS 200-1465] Applying ini 'flow_target=vitis' from /home/jjos425/Documents/vivado_projects/project_1/reluConv_accel/hls_config.cfg(4)
INFO: [HLS 200-1505] Using flow_target 'vitis'
Resolution: For help on HLS 200-1505 see docs.xilinx.com/access/sources/dita/topic?Doc_Version=2024.1%20English&url=ug1448-hls-guidance&resourceid=200-1505.html
INFO: [HLS 200-435] Setting 'open_solution -flow_target vitis' configuration: config_interface -m_axi_latency=64
INFO: [HLS 200-435] Setting 'open_solution -flow_target vitis' configuration: config_interface -m_axi_alignment_byte_size=64
INFO: [HLS 200-435] Setting 'open_solution -flow_target vitis' configuration: config_interface -m_axi_max_widen_bitwidth=512
INFO: [HLS 200-435] Setting 'open_solution -flow_target vitis' configuration: config_rtl -register_reset_num=3
INFO: [HLS 200-1465] Applying ini 'part=xczu9eg-ffvb1156-2-e' from /home/jjos425/Documents/vivado_projects/project_1/reluConv_accel/hls_config.cfg(1)
INFO: [HLS 200-1611] Setting target device to 'xczu9eg-ffvb1156-2-e'
INFO: [HLS 200-1465] Applying ini 'csim.code_analyzer=0' from /home/jjos425/Documents/vivado_projects/project_1/reluConv_accel/hls_config.cfg(11)
INFO: [HLS 200-1465] Applying ini 'package.output.format=ip_catalog' from /home/jjos425/Documents/vivado_projects/project_1/reluConv_accel/hls_config.cfg(5)
INFO: [HLS 200-111] Finished File checks and directory preparation: CPU user time: 1.42 seconds. CPU system time: 0.17 seconds. Elapsed time: 1.51 seconds; current allocated memory: 318.391 MB.
INFO: [HLS 200-10] Analyzing design file '../CapsuleNetworkAccelerator/ReLUConv1.cpp' ... 
INFO: [HLS 200-111] Finished Source Code Analysis and Preprocessing: CPU user time: 9.83 seconds. CPU system time: 0.71 seconds. Elapsed time: 10.54 seconds; current allocated memory: 324.395 MB.
INFO: [HLS 200-777] Using interface defaults for 'Vitis' flow target.
INFO: [HLS 200-1995] There were 1,867 instructions in the design after the 'Compile/Link' phase of compilation. See the Design Size Report for more details: /home/jjos425/Documents/vivado_projects/project_1/reluConv_accel/relu_conv_2d/hls/syn/report/csynth_design_size.rpt
