INFO: [v++ 60-1548] Creating build summary session with primary output /home/jjos425/Documents/vivado_projects/project_1/reluConv_accel/relu_conv_2d/relu_conv_2d.hlscompile_summary, at Thu Aug 15 13:54:40 2024
INFO: [v++ 82-31] Launching vitis_hls: vitis_hls -nolog -run csynth -work_dir /home/jjos425/Documents/vivado_projects/project_1/reluConv_accel/relu_conv_2d -config /home/jjos425/Documents/vivado_projects/project_1/reluConv_accel/hls_config.cfg -cmdlineconfig /home/jjos425/Documents/vivado_projects/project_1/reluConv_accel/relu_conv_2d/hls/config.cmdline
INFO: [HLS 200-10] For user 'jjos425' on host 'en432999.uoa.auckland.ac.nz' (Linux_x86_64 version 5.15.0-117-generic) on Thu Aug 15 13:54:42 NZST 2024
INFO: [HLS 200-10] On os Ubuntu 20.04.5 LTS
INFO: [HLS 200-10] In directory '/home/jjos425/Documents/vivado_projects/project_1/reluConv_accel'
INFO: [HLS 200-2005] Using work_dir /home/jjos425/Documents/vivado_projects/project_1/reluConv_accel/relu_conv_2d 
INFO: [HLS 200-1505] Using default flow_target 'vivado'
Resolution: For help on HLS 200-1505 see docs.xilinx.com/access/sources/dita/topic?Doc_Version=2024.1%20English&url=ug1448-hls-guidance&resourceid=200-1505.html
INFO: [HLS 200-1465] Applying ini 'syn.file=/home/jjos425/Documents/vivado_projects/project_1/CapsuleNetworkAccelerator/ReLUConv1.cpp' from /home/jjos425/Documents/vivado_projects/project_1/reluConv_accel/hls_config.cfg(8)
INFO: [HLS 200-10] Adding design file '/home/jjos425/Documents/vivado_projects/project_1/CapsuleNetworkAccelerator/ReLUConv1.cpp' to the project
INFO: [HLS 200-1465] Applying ini 'syn.file=/home/jjos425/Documents/vivado_projects/project_1/CapsuleNetworkAccelerator/ReLUConv1.h' from /home/jjos425/Documents/vivado_projects/project_1/reluConv_accel/hls_config.cfg(9)
INFO: [HLS 200-10] Adding design file '/home/jjos425/Documents/vivado_projects/project_1/CapsuleNetworkAccelerator/ReLUConv1.h' to the project
INFO: [HLS 200-1465] Applying ini 'syn.file=/home/jjos425/Documents/vivado_projects/project_1/CapsuleNetworkAccelerator/constants.h' from /home/jjos425/Documents/vivado_projects/project_1/reluConv_accel/hls_config.cfg(10)
INFO: [HLS 200-10] Adding design file '/home/jjos425/Documents/vivado_projects/project_1/CapsuleNetworkAccelerator/constants.h' to the project
INFO: [HLS 200-1465] Applying ini 'tb.file=/home/jjos425/Documents/vivado_projects/project_1/reluConv_accel/ReLUConv1TestBench.cpp' from /home/jjos425/Documents/vivado_projects/project_1/reluConv_accel/hls_config.cfg(12)
INFO: [HLS 200-10] Adding test bench file '/home/jjos425/Documents/vivado_projects/project_1/reluConv_accel/ReLUConv1TestBench.cpp' to the project
INFO: [HLS 200-1465] Applying ini 'syn.top=relu_conv_2d' from /home/jjos425/Documents/vivado_projects/project_1/reluConv_accel/hls_config.cfg(7)
INFO: [HLS 200-1465] Applying ini 'flow_target=vivado' from /home/jjos425/Documents/vivado_projects/project_1/reluConv_accel/hls_config.cfg(4)
INFO: [HLS 200-1505] Using flow_target 'vivado'
Resolution: For help on HLS 200-1505 see docs.xilinx.com/access/sources/dita/topic?Doc_Version=2024.1%20English&url=ug1448-hls-guidance&resourceid=200-1505.html
INFO: [HLS 200-1465] Applying ini 'part=xczu9eg-ffvb1156-2-e' from /home/jjos425/Documents/vivado_projects/project_1/reluConv_accel/hls_config.cfg(1)
INFO: [HLS 200-1611] Setting target device to 'xczu9eg-ffvb1156-2-e'
INFO: [HLS 200-1465] Applying ini 'csim.code_analyzer=0' from /home/jjos425/Documents/vivado_projects/project_1/reluConv_accel/hls_config.cfg(11)
INFO: [HLS 200-1465] Applying ini 'package.output.format=ip_catalog' from /home/jjos425/Documents/vivado_projects/project_1/reluConv_accel/hls_config.cfg(5)
INFO: [HLS 200-111] Finished File checks and directory preparation: CPU user time: 1.31 seconds. CPU system time: 0.15 seconds. Elapsed time: 1.36 seconds; current allocated memory: 281.766 MB.
INFO: [HLS 200-10] Analyzing design file '../CapsuleNetworkAccelerator/ReLUConv1.cpp' ... 
INFO: [HLS 200-111] Finished Source Code Analysis and Preprocessing: CPU user time: 10.06 seconds. CPU system time: 0.66 seconds. Elapsed time: 10.74 seconds; current allocated memory: 287.688 MB.
INFO: [HLS 200-777] Using interface defaults for 'Vivado' flow target.
INFO: [HLS 200-1995] There were 1,868 instructions in the design after the 'Compile/Link' phase of compilation. See the Design Size Report for more details: /home/jjos425/Documents/vivado_projects/project_1/reluConv_accel/relu_conv_2d/hls/syn/report/csynth_design_size.rpt
INFO: [HLS 200-1995] There were 270 instructions in the design after the 'Unroll/Inline (step 1)' phase of compilation. See the Design Size Report for more details: /home/jjos425/Documents/vivado_projects/project_1/reluConv_accel/relu_conv_2d/hls/syn/report/csynth_design_size.rpt
INFO: [HLS 200-1995] There were 194 instructions in the design after the 'Unroll/Inline (step 2)' phase of compilation. See the Design Size Report for more details: /home/jjos425/Documents/vivado_projects/project_1/reluConv_accel/relu_conv_2d/hls/syn/report/csynth_design_size.rpt
INFO: [HLS 200-1995] There were 182 instructions in the design after the 'Unroll/Inline (step 3)' phase of compilation. See the Design Size Report for more details: /home/jjos425/Documents/vivado_projects/project_1/reluConv_accel/relu_conv_2d/hls/syn/report/csynth_design_size.rpt
INFO: [HLS 200-1995] There were 167 instructions in the design after the 'Unroll/Inline (step 4)' phase of compilation. See the Design Size Report for more details: /home/jjos425/Documents/vivado_projects/project_1/reluConv_accel/relu_conv_2d/hls/syn/report/csynth_design_size.rpt
INFO: [HLS 200-1995] There were 450 instructions in the design after the 'Array/Struct (step 1)' phase of compilation. See the Design Size Report for more details: /home/jjos425/Documents/vivado_projects/project_1/reluConv_accel/relu_conv_2d/hls/syn/report/csynth_design_size.rpt
INFO: [HLS 200-1995] There were 448 instructions in the design after the 'Array/Struct (step 2)' phase of compilation. See the Design Size Report for more details: /home/jjos425/Documents/vivado_projects/project_1/reluConv_accel/relu_conv_2d/hls/syn/report/csynth_design_size.rpt
INFO: [HLS 200-1995] There were 448 instructions in the design after the 'Array/Struct (step 3)' phase of compilation. See the Design Size Report for more details: /home/jjos425/Documents/vivado_projects/project_1/reluConv_accel/relu_conv_2d/hls/syn/report/csynth_design_size.rpt
INFO: [HLS 200-1995] There were 448 instructions in the design after the 'Array/Struct (step 4)' phase of compilation. See the Design Size Report for more details: /home/jjos425/Documents/vivado_projects/project_1/reluConv_accel/relu_conv_2d/hls/syn/report/csynth_design_size.rpt
INFO: [HLS 200-1995] There were 454 instructions in the design after the 'Array/Struct (step 5)' phase of compilation. See the Design Size Report for more details: /home/jjos425/Documents/vivado_projects/project_1/reluConv_accel/relu_conv_2d/hls/syn/report/csynth_design_size.rpt
INFO: [HLS 200-1995] There were 454 instructions in the design after the 'Performance (step 1)' phase of compilation. See the Design Size Report for more details: /home/jjos425/Documents/vivado_projects/project_1/reluConv_accel/relu_conv_2d/hls/syn/report/csynth_design_size.rpt
INFO: [HLS 200-1995] There were 448 instructions in the design after the 'Performance (step 2)' phase of compilation. See the Design Size Report for more details: /home/jjos425/Documents/vivado_projects/project_1/reluConv_accel/relu_conv_2d/hls/syn/report/csynth_design_size.rpt
INFO: [HLS 200-1995] There were 448 instructions in the design after the 'Performance (step 3)' phase of compilation. See the Design Size Report for more details: /home/jjos425/Documents/vivado_projects/project_1/reluConv_accel/relu_conv_2d/hls/syn/report/csynth_design_size.rpt
INFO: [HLS 200-1995] There were 448 instructions in the design after the 'Performance (step 4)' phase of compilation. See the Design Size Report for more details: /home/jjos425/Documents/vivado_projects/project_1/reluConv_accel/relu_conv_2d/hls/syn/report/csynth_design_size.rpt
INFO: [HLS 200-1995] There were 448 instructions in the design after the 'HW Transforms (step 1)' phase of compilation. See the Design Size Report for more details: /home/jjos425/Documents/vivado_projects/project_1/reluConv_accel/relu_conv_2d/hls/syn/report/csynth_design_size.rpt
INFO: [HLS 200-1995] There were 484 instructions in the design after the 'HW Transforms (step 2)' phase of compilation. See the Design Size Report for more details: /home/jjos425/Documents/vivado_projects/project_1/reluConv_accel/relu_conv_2d/hls/syn/report/csynth_design_size.rpt
INFO: [HLS 214-178] Inlining function 'relu(ap_fixed<32, 16, (ap_q_mode)5, (ap_o_mode)3, 0>)' into 'conv_2d(ap_fixed<32, 16, (ap_q_mode)5, (ap_o_mode)3, 0>*, ap_fixed<32, 16, (ap_q_mode)5, (ap_o_mode)3, 0>*, ap_fixed<32, 16, (ap_q_mode)5, (ap_o_mode)3, 0>*, ap_fixed<32, 16, (ap_q_mode)5, (ap_o_mode)3, 0>*)' (../CapsuleNetworkAccelerator/ReLUConv1.cpp:63:0)
WARNING: [HLS 214-450] Ignore address on register port 'image'
WARNING: [HLS 214-450] Ignore address on register port 'biases'
WARNING: [HLS 214-450] Ignore address on register port 'weights'
WARNING: [HLS 214-450] Ignore address on register port 'output'
INFO: [HLS 214-248] Applying array_partition to 'image_to_convolve': Cyclic partitioning with factor 28 on dimension 1. (../CapsuleNetworkAccelerator/ReLUConv1.cpp:64:12)
INFO: [HLS 214-376] automatically set the pipeline for Loop< unknown> at ../CapsuleNetworkAccelerator/ReLUConv1.cpp:82:2 
INFO: [HLS 214-376] automatically set the pipeline for Loop< unknown> at ../CapsuleNetworkAccelerator/ReLUConv1.cpp:86:4 
INFO: [HLS 214-376] automatically set the pipeline for Loop< unknown> at ../CapsuleNetworkAccelerator/ReLUConv1.cpp:181:3 
INFO: [HLS 214-376] automatically set the pipeline for Loop< unknown> at ../CapsuleNetworkAccelerator/ReLUConv1.cpp:208:4 
INFO: [HLS 200-111] Finished Compiling Optimization and Transform: CPU user time: 1.36 seconds. CPU system time: 0.25 seconds. Elapsed time: 6.35 seconds; current allocated memory: 288.641 MB.
INFO: [HLS 200-111] Finished Checking Pragmas: CPU user time: 0 seconds. CPU system time: 0 seconds. Elapsed time: 0 seconds; current allocated memory: 288.641 MB.
INFO: [HLS 200-10] Starting code transformations ...
INFO: [HLS 200-111] Finished Standard Transforms: CPU user time: 0.01 seconds. CPU system time: 0 seconds. Elapsed time: 0.02 seconds; current allocated memory: 288.898 MB.
INFO: [HLS 200-10] Checking synthesizability ...
WARNING: [SYNCHK 200-23] ../CapsuleNetworkAccelerator/ReLUConv1.cpp:48: variable-indexed range selection may cause suboptimal QoR.
INFO: [SYNCHK 200-10] 0 error(s), 1 warning(s).
INFO: [HLS 200-111] Finished Checking Synthesizability: CPU user time: 0.02 seconds. CPU system time: 0 seconds. Elapsed time: 0.02 seconds; current allocated memory: 289.395 MB.
INFO: [XFORM 203-401] Performing if-conversion on hyperblock from (../CapsuleNetworkAccelerator/ReLUConv1.cpp:199:11) to (../CapsuleNetworkAccelerator/ReLUConv1.cpp:186:22) in function 'conv_2d'... converting 10 basic blocks.
INFO: [HLS 200-111] Finished Loop, function and other optimizations: CPU user time: 0.07 seconds. CPU system time: 0.01 seconds. Elapsed time: 0.08 seconds; current allocated memory: 313.438 MB.
INFO: [HLS 200-2061] Successfully converted nested loops 'VITIS_LOOP_190_4'(../CapsuleNetworkAccelerator/ReLUConv1.cpp:190:23) and 'VITIS_LOOP_193_5'(../CapsuleNetworkAccelerator/ReLUConv1.cpp:193:24) in function 'conv_2d' into perfectly nested loops.
INFO: [HLS 200-2061] Successfully converted nested loops 'VITIS_LOOP_186_3'(../CapsuleNetworkAccelerator/ReLUConv1.cpp:186:22) and 'VITIS_LOOP_190_4'(../CapsuleNetworkAccelerator/ReLUConv1.cpp:190:23) in function 'conv_2d' into perfectly nested loops.
INFO: [HLS 200-2061] Successfully converted nested loops 'VITIS_LOOP_183_2'(../CapsuleNetworkAccelerator/ReLUConv1.cpp:183:21) and 'VITIS_LOOP_186_3'(../CapsuleNetworkAccelerator/ReLUConv1.cpp:186:22) in function 'conv_2d' into perfectly nested loops.
INFO: [XFORM 203-541] Flattening a loop nest 'VITIS_LOOP_190_4' (../CapsuleNetworkAccelerator/ReLUConv1.cpp:190:23) in function 'conv_2d'.
INFO: [XFORM 203-541] Flattening a loop nest 'VITIS_LOOP_186_3' (../CapsuleNetworkAccelerator/ReLUConv1.cpp:186:22) in function 'conv_2d'.
INFO: [XFORM 203-541] Flattening a loop nest 'VITIS_LOOP_183_2' (../CapsuleNetworkAccelerator/ReLUConv1.cpp:183:21) in function 'conv_2d'.
INFO: [HLS 200-111] Finished Architecture Synthesis: CPU user time: 0.08 seconds. CPU system time: 0.02 seconds. Elapsed time: 0.09 seconds; current allocated memory: 362.441 MB.
INFO: [HLS 200-10] Starting hardware synthesis ...
INFO: [HLS 200-10] Synthesizing 'relu_conv_2d' ...
INFO: [SYN 201-201] Setting up clock 'default' with a period of 10ns.
INFO: [HLS 200-10] ----------------------------------------------------------------
INFO: [HLS 200-42] -- Implementing module 'conv_2d_Pipeline_1' 
INFO: [HLS 200-10] ----------------------------------------------------------------
INFO: [SCHED 204-11] Starting scheduling ...
INFO: [SCHED 204-61] Pipelining loop 'Loop 1'.
INFO: [HLS 200-1470] Pipelining result : Target II = NA, Final II = 1, Depth = 2, loop 'Loop 1'
INFO: [SCHED 204-11] Finished scheduling.
INFO: [HLS 200-111] Finished Scheduling: CPU user time: 0.04 seconds. CPU system time: 0.01 seconds. Elapsed time: 0.07 seconds; current allocated memory: 364.012 MB.
INFO: [BIND 205-100] Starting micro-architecture generation ...
INFO: [BIND 205-101] Performing variable lifetime analysis.
INFO: [BIND 205-101] Exploring resource sharing.
INFO: [BIND 205-101] Binding ...
INFO: [BIND 205-100] Finished micro-architecture generation.
INFO: [HLS 200-111] Finished Binding: CPU user time: 0.02 seconds. CPU system time: 0 seconds. Elapsed time: 0.01 seconds; current allocated memory: 364.012 MB.
INFO: [HLS 200-10] ----------------------------------------------------------------
INFO: [HLS 200-42] -- Implementing module 'conv_2d_Pipeline_2' 
INFO: [HLS 200-10] ----------------------------------------------------------------
INFO: [SCHED 204-11] Starting scheduling ...
INFO: [SCHED 204-61] Pipelining loop 'Loop 1'.
INFO: [HLS 200-1470] Pipelining result : Target II = NA, Final II = 1, Depth = 1, loop 'Loop 1'
INFO: [SCHED 204-11] Finished scheduling.
INFO: [HLS 200-111] Finished Scheduling: CPU user time: 0.01 seconds. CPU system time: 0 seconds. Elapsed time: 0.02 seconds; current allocated memory: 364.012 MB.
INFO: [BIND 205-100] Starting micro-architecture generation ...
INFO: [BIND 205-101] Performing variable lifetime analysis.
INFO: [BIND 205-101] Exploring resource sharing.
INFO: [BIND 205-101] Binding ...
INFO: [BIND 205-100] Finished micro-architecture generation.
INFO: [HLS 200-111] Finished Binding: CPU user time: 0 seconds. CPU system time: 0 seconds. Elapsed time: 0.01 seconds; current allocated memory: 364.012 MB.
INFO: [HLS 200-10] ----------------------------------------------------------------
INFO: [HLS 200-42] -- Implementing module 'conv_2d_Pipeline_3' 
INFO: [HLS 200-10] ----------------------------------------------------------------
INFO: [SCHED 204-11] Starting scheduling ...
INFO: [SCHED 204-61] Pipelining loop 'Loop 1'.
INFO: [HLS 200-1470] Pipelining result : Target II = NA, Final II = 1, Depth = 1, loop 'Loop 1'
INFO: [SCHED 204-11] Finished scheduling.
INFO: [HLS 200-111] Finished Scheduling: CPU user time: 0.02 seconds. CPU system time: 0 seconds. Elapsed time: 0.01 seconds; current allocated memory: 364.012 MB.
INFO: [BIND 205-100] Starting micro-architecture generation ...
INFO: [BIND 205-101] Performing variable lifetime analysis.
INFO: [BIND 205-101] Exploring resource sharing.
INFO: [BIND 205-101] Binding ...
INFO: [BIND 205-100] Finished micro-architecture generation.
INFO: [HLS 200-111] Finished Binding: CPU user time: 0 seconds. CPU system time: 0 seconds. Elapsed time: 0.01 seconds; current allocated memory: 364.012 MB.
INFO: [HLS 200-10] ----------------------------------------------------------------
INFO: [HLS 200-42] -- Implementing module 'conv_2d_Pipeline_VITIS_LOOP_183_2_VITIS_LOOP_186_3_VITIS_LOOP_190_4_VITIS_LOOP_1' 
INFO: [HLS 200-10] ----------------------------------------------------------------
INFO: [SCHED 204-11] Starting scheduling ...
INFO: [SCHED 204-61] Pipelining loop 'VITIS_LOOP_183_2_VITIS_LOOP_186_3_VITIS_LOOP_190_4_VITIS_LOOP_193_5'.
INFO: [HLS 200-1470] Pipelining result : Target II = 3, Final II = 3, Depth = 20, loop 'VITIS_LOOP_183_2_VITIS_LOOP_186_3_VITIS_LOOP_190_4_VITIS_LOOP_193_5'
INFO: [SCHED 204-11] Finished scheduling.
INFO: [HLS 200-111] Finished Scheduling: CPU user time: 0.13 seconds. CPU system time: 0 seconds. Elapsed time: 0.13 seconds; current allocated memory: 366.316 MB.
INFO: [BIND 205-100] Starting micro-architecture generation ...
INFO: [BIND 205-101] Performing variable lifetime analysis.
INFO: [BIND 205-101] Exploring resource sharing.
INFO: [BIND 205-101] Binding ...
INFO: [BIND 205-100] Finished micro-architecture generation.
INFO: [HLS 200-111] Finished Binding: CPU user time: 0.02 seconds. CPU system time: 0 seconds. Elapsed time: 0.01 seconds; current allocated memory: 366.316 MB.
INFO: [HLS 200-10] ----------------------------------------------------------------
INFO: [HLS 200-42] -- Implementing module 'conv_2d_Pipeline_5' 
INFO: [HLS 200-10] ----------------------------------------------------------------
INFO: [SCHED 204-11] Starting scheduling ...
INFO: [SCHED 204-61] Pipelining loop 'Loop 1'.
INFO: [HLS 200-1470] Pipelining result : Target II = NA, Final II = 1, Depth = 2, loop 'Loop 1'
INFO: [SCHED 204-11] Finished scheduling.
INFO: [HLS 200-111] Finished Scheduling: CPU user time: 0.03 seconds. CPU system time: 0.01 seconds. Elapsed time: 0.03 seconds; current allocated memory: 366.316 MB.
INFO: [BIND 205-100] Starting micro-architecture generation ...
INFO: [BIND 205-101] Performing variable lifetime analysis.
INFO: [BIND 205-101] Exploring resource sharing.
INFO: [BIND 205-101] Binding ...
INFO: [BIND 205-100] Finished micro-architecture generation.
INFO: [HLS 200-111] Finished Binding: CPU user time: 0 seconds. CPU system time: 0 seconds. Elapsed time: 0 seconds; current allocated memory: 366.316 MB.
INFO: [HLS 200-10] ----------------------------------------------------------------
INFO: [HLS 200-42] -- Implementing module 'conv_2d' 
INFO: [HLS 200-10] ----------------------------------------------------------------
INFO: [SCHED 204-11] Starting scheduling ...
INFO: [SCHED 204-11] Finished scheduling.
INFO: [HLS 200-111] Finished Scheduling: CPU user time: 0.02 seconds. CPU system time: 0.01 seconds. Elapsed time: 0.03 seconds; current allocated memory: 366.316 MB.
INFO: [BIND 205-100] Starting micro-architecture generation ...
INFO: [BIND 205-101] Performing variable lifetime analysis.
INFO: [BIND 205-101] Exploring resource sharing.
WARNING: [BIND 205-102] The specified resource core for memory 'biases_buffer' will be ignored if a simpler one can be used.
INFO: [BIND 205-101] Binding ...
INFO: [BIND 205-100] Finished micro-architecture generation.
INFO: [HLS 200-111] Finished Binding: CPU user time: 0.01 seconds. CPU system time: 0 seconds. Elapsed time: 0.01 seconds; current allocated memory: 366.316 MB.
INFO: [HLS 200-10] ----------------------------------------------------------------
INFO: [HLS 200-42] -- Implementing module 'relu_conv_2d' 
INFO: [HLS 200-10] ----------------------------------------------------------------
INFO: [SCHED 204-11] Starting scheduling ...
INFO: [SCHED 204-11] Finished scheduling.
INFO: [HLS 200-111] Finished Scheduling: CPU user time: 0.01 seconds. CPU system time: 0 seconds. Elapsed time: 0.02 seconds; current allocated memory: 366.316 MB.
INFO: [BIND 205-100] Starting micro-architecture generation ...
INFO: [BIND 205-101] Performing variable lifetime analysis.
INFO: [BIND 205-101] Exploring resource sharing.
INFO: [BIND 205-101] Binding ...
INFO: [BIND 205-100] Finished micro-architecture generation.
INFO: [HLS 200-111] Finished Binding: CPU user time: 0.01 seconds. CPU system time: 0.01 seconds. Elapsed time: 0 seconds; current allocated memory: 366.316 MB.
INFO: [HLS 200-10] ----------------------------------------------------------------
INFO: [HLS 200-10] -- Generating RTL for module 'conv_2d_Pipeline_1' 
INFO: [HLS 200-10] ----------------------------------------------------------------
INFO: [HLS 200-1030] Apply Unified Pipeline Control on module 'conv_2d_Pipeline_1' pipeline 'Loop 1' pipeline type 'loop pipeline'
INFO: [RTGEN 206-100] Finished creating RTL model for 'conv_2d_Pipeline_1'.
INFO: [HLS 200-111] Finished Creating RTL model: CPU user time: 0.02 seconds. CPU system time: 0 seconds. Elapsed time: 0.03 seconds; current allocated memory: 366.691 MB.
INFO: [HLS 200-10] ----------------------------------------------------------------
INFO: [HLS 200-10] -- Generating RTL for module 'conv_2d_Pipeline_2' 
INFO: [HLS 200-10] ----------------------------------------------------------------
INFO: [RTGEN 206-100] Finished creating RTL model for 'conv_2d_Pipeline_2'.
INFO: [HLS 200-111] Finished Creating RTL model: CPU user time: 0.03 seconds. CPU system time: 0 seconds. Elapsed time: 0.03 seconds; current allocated memory: 368.910 MB.
INFO: [HLS 200-10] ----------------------------------------------------------------
INFO: [HLS 200-10] -- Generating RTL for module 'conv_2d_Pipeline_3' 
INFO: [HLS 200-10] ----------------------------------------------------------------
INFO: [RTGEN 206-100] Finished creating RTL model for 'conv_2d_Pipeline_3'.
INFO: [HLS 200-111] Finished Creating RTL model: CPU user time: 0.02 seconds. CPU system time: 0 seconds. Elapsed time: 0.02 seconds; current allocated memory: 369.441 MB.
INFO: [HLS 200-10] ----------------------------------------------------------------
INFO: [HLS 200-10] -- Generating RTL for module 'conv_2d_Pipeline_VITIS_LOOP_183_2_VITIS_LOOP_186_3_VITIS_LOOP_190_4_VITIS_LOOP_1' 
INFO: [HLS 200-10] ----------------------------------------------------------------
INFO: [HLS 200-1030] Apply Unified Pipeline Control on module 'conv_2d_Pipeline_VITIS_LOOP_183_2_VITIS_LOOP_186_3_VITIS_LOOP_190_4_VITIS_LOOP_1' pipeline 'VITIS_LOOP_183_2_VITIS_LOOP_186_3_VITIS_LOOP_190_4_VITIS_LOOP_193_5' pipeline type 'loop pipeline'
INFO: [RTGEN 206-100] Generating core module 'dcmp_64ns_64ns_1_2_no_dsp_1': 1 instance(s).
INFO: [RTGEN 206-100] Generating core module 'mul_10ns_12ns_21_1_1': 1 instance(s).
INFO: [RTGEN 206-100] Generating core module 'mul_32s_32s_48_1_1': 1 instance(s).
INFO: [RTGEN 206-100] Generating core module 'sparsemux_57_5_32_1_1': 1 instance(s).
INFO: [RTGEN 206-100] Generating core module 'urem_10ns_6ns_5_14_1': 1 instance(s).
INFO: [RTGEN 206-100] Finished creating RTL model for 'conv_2d_Pipeline_VITIS_LOOP_183_2_VITIS_LOOP_186_3_VITIS_LOOP_190_4_VITIS_LOOP_1'.
INFO: [HLS 200-111] Finished Creating RTL model: CPU user time: 0.04 seconds. CPU system time: 0 seconds. Elapsed time: 0.04 seconds; current allocated memory: 372.441 MB.
INFO: [HLS 200-10] ----------------------------------------------------------------
INFO: [HLS 200-10] -- Generating RTL for module 'conv_2d_Pipeline_5' 
INFO: [HLS 200-10] ----------------------------------------------------------------
INFO: [HLS 200-1030] Apply Unified Pipeline Control on module 'conv_2d_Pipeline_5' pipeline 'Loop 1' pipeline type 'loop pipeline'
INFO: [RTGEN 206-100] Finished creating RTL model for 'conv_2d_Pipeline_5'.
INFO: [HLS 200-111] Finished Creating RTL model: CPU user time: 0.08 seconds. CPU system time: 0 seconds. Elapsed time: 0.08 seconds; current allocated memory: 377.344 MB.
INFO: [HLS 200-10] ----------------------------------------------------------------
INFO: [HLS 200-10] -- Generating RTL for module 'conv_2d' 
INFO: [HLS 200-10] ----------------------------------------------------------------
INFO: [RTGEN 206-100] Generating core module 'mul_8ns_10ns_17_1_1': 1 instance(s).
INFO: [RTGEN 206-100] Finished creating RTL model for 'conv_2d'.
INFO: [RTMG 210-278] Implementing memory 'relu_conv_2d_conv_2d_image_to_convolve_RAM_1WNR_AUTO_1R1W' using auto RAMs.
INFO: [RTMG 210-278] Implementing memory 'relu_conv_2d_conv_2d_output_buffer_RAM_1WNR_AUTO_1R1W' using auto RAMs.
INFO: [RTMG 210-278] Implementing memory 'relu_conv_2d_conv_2d_weight_buffer_RAM_1WNR_AUTO_1R1W' using auto RAMs.
INFO: [RTMG 210-278] Implementing memory 'relu_conv_2d_conv_2d_biases_buffer_RAM_1WNR_AUTO_1R1W' using auto RAMs.
INFO: [HLS 200-111] Finished Creating RTL model: CPU user time: 0.03 seconds. CPU system time: 0 seconds. Elapsed time: 0.04 seconds; current allocated memory: 379.957 MB.
INFO: [HLS 200-10] ----------------------------------------------------------------
INFO: [HLS 200-10] -- Generating RTL for module 'relu_conv_2d' 
INFO: [HLS 200-10] ----------------------------------------------------------------
INFO: [RTGEN 206-500] Setting interface mode on port 'relu_conv_2d/image_r' to 'ap_none'.
INFO: [RTGEN 206-500] Setting interface mode on port 'relu_conv_2d/weights' to 'ap_none'.
INFO: [RTGEN 206-500] Setting interface mode on port 'relu_conv_2d/biases' to 'ap_none'.
INFO: [RTGEN 206-500] Setting interface mode on port 'relu_conv_2d/output_r' to 'ap_vld'.
INFO: [RTGEN 206-500] Setting interface mode on function 'relu_conv_2d' to 'ap_ctrl_hs'.
INFO: [RTGEN 206-100] Finished creating RTL model for 'relu_conv_2d'.
INFO: [HLS 200-111] Finished Creating RTL model: CPU user time: 0.04 seconds. CPU system time: 0 seconds. Elapsed time: 0.04 seconds; current allocated memory: 381.680 MB.
INFO: [HLS 200-111] Finished Generating all RTL models: CPU user time: 0.08 seconds. CPU system time: 0.01 seconds. Elapsed time: 0.09 seconds; current allocated memory: 384.344 MB.
INFO: [HLS 200-111] Finished Updating report files: CPU user time: 0.22 seconds. CPU system time: 0.02 seconds. Elapsed time: 0.25 seconds; current allocated memory: 389.969 MB.
INFO: [VHDL 208-304] Generating VHDL RTL for relu_conv_2d.
INFO: [VLOG 209-307] Generating Verilog RTL for relu_conv_2d.
INFO: [HLS 200-790] **** Loop Constraint Status: All loop constraints were satisfied.
INFO: [HLS 200-789] **** Estimated Fmax: 151.70 MHz
INFO: [HLS 200-112] Total CPU user time: 13.82 seconds. Total CPU system time: 1.16 seconds. Total elapsed time: 19.66 seconds; peak allocated memory: 390.305 MB.
INFO: [v++ 60-791] Total elapsed time: 0h 0m 23s
