# 
# Steps log generated by v++
# This log file contains a collection of steps that describe the kernel compilation flow
# Note: Some steps are tagged as internal, these steps are for debugging purposes and 
#       are not expected to be able to run independently.
# 

# The following environment variables are set when running vitis-run
Environment variables :
------------------------------------------
SHELL=/bin/bash
SESSION_MANAGER=local/en432999.uoa.auckland.ac.nz:@/tmp/.ICE-unix/2924,unix/en432999.uoa.auckland.ac.nz:/tmp/.ICE-unix/2924
QT_ACCESSIBILITY=1
COLORTERM=truecolor
XDG_CONFIG_DIRS=/etc/xdg/xdg-ubuntu:/etc/xdg
XDG_MENU_PREFIX=gnome-
RDI_APPROOT=/home/jjos425/Desktop/P4P33-2024/Vitis/2024.1
RDI_JAVA_PLATFORM=
SHARED_DATA_HOME=/home/jjos425/Desktop/P4P33-2024/SharedData/2024.1
TK_LIBRARY=/home/jjos425/Desktop/P4P33-2024/Vitis/2024.1/tps/tk/tk8.5
LANGUAGE=en_US:en
FREETYPE_PROPERTIES=truetype:interpreter-version=35
XIL_SUPPRESS_OVERRIDE_WARNINGS=1
RDI_BINROOT=/home/jjos425/Desktop/P4P33-2024/Vitis/2024.1/bin
MANDATORY_PATH=/usr/share/gconf/ubuntu.mandatory.path
XILINX_VIVADO=/home/jjos425/Desktop/P4P33-2024/Vivado/2024.1
JAVA_HOME=/home/jjos425/Desktop/P4P33-2024/Vitis/2024.1/tps/lnx64/jre11.0.16_1/
GNOME_SHELL_SESSION_MODE=ubuntu
SSH_AUTH_SOCK=/run/user/197925761/keyring/ssh
RDI_OPT_EXT=.o
RDI_INSTALLVER=2024.1
RDI_INSTALLROOT=/home/jjos425/Desktop/P4P33-2024
THEIA_DEFAULT_PLUGINS=local-dir:/home/jjos425/Desktop/P4P33-2024/Vitis/2024.1/ide/electron-app/lnx64/resources/app/plugins
RDI_PATCHROOT=
XMODIFIERS=@im=ibus
DESKTOP_SESSION=ubuntu
SSH_AGENT_PID=2886
XILINX_XRT=/opt/xilinx/xrt
GTK_MODULES=gail:atk-bridge
DBUS_STARTER_BUS_TYPE=session
XIL_NO_OVERRIDE=0
RDI_LIBDIR=/home/jjos425/Desktop/P4P33-2024/Vitis/2024.1/lib/lnx64.o/Ubuntu/20:/home/jjos425/Desktop/P4P33-2024/Vitis/2024.1/lib/lnx64.o/Ubuntu:/home/jjos425/Desktop/P4P33-2024/Vitis/2024.1/lib/lnx64.o
PWD=/home/jjos425/Documents/vivado_projects/project_1/reluConv_accel
KRB5CCNAME=FILE:/tmp/krb5cc_197925761_CyGgmC
XDG_SESSION_DESKTOP=ubuntu
LOGNAME=jjos425
THEIA_ELECTRON_VERSION=15.5.7
XDG_SESSION_TYPE=x11
_RDI_DONT_SET_XILINX_AS_PATH=True
MANPATH=:/usr/lib/jvm/java-11-amazon-corretto/man:/opt/puppetlabs/puppet/share/man
GPG_AGENT_INFO=/run/user/197925761/gnupg/S.gpg-agent:0:1
XAUTHORITY=/run/user/197925761/gdm/Xauthority
RDI_PREPEND_PATH=/home/jjos425/Desktop/P4P33-2024/Vitis/2024.1/bin
XILINX_DSP=
WINDOWPATH=2
THEIA_PLUGINS=local-dir:/home/jjos425/.theia/plugins
HOME=/home/jjos425
USERNAME=jjos425
IM_CONFIG_PHASE=1
SYNTH_COMMON=/home/jjos425/Desktop/P4P33-2024/Vitis/2024.1/scripts/rt/data
LANG=en_US.UTF-8
XDG_CURRENT_DESKTOP=Unity
VTE_VERSION=6003
XILINX_HLS=/home/jjos425/Desktop/P4P33-2024/Vitis_HLS/2024.1
RDI_BUILD=yes
GNOME_TERMINAL_SCREEN=/org/gnome/Terminal/screen/d06a45f8_aec5_4b02_ac2c_019264e522fa
PERL5LIB=/home/jjos425/perl5/lib/perl5
RDI_PROG=/home/jjos425/Desktop/P4P33-2024/Vitis/2024.1/bin/unwrapped/lnx64.o/vitis-run
INVOCATION_ID=6d998bbcfd31460b919484b17b105f3d
MANAGERPID=2579
RDI_SESSION_INFO=/home/jjos425/Desktop/P4P33-2024/Vitis/2024.1/bin:en432999.uoa.auckland.ac.nz_1720305593_68619
CHROME_DESKTOP=Vitis Unified IDE.desktop
RT_TCL_PATH=/home/jjos425/Desktop/P4P33-2024/Vitis/2024.1/scripts/rt/base_tcl/tcl
XILINX_SDK=/home/jjos425/Desktop/P4P33-2024/Vitis/2024.1
RDI_SHARED_DATA=/home/jjos425/Desktop/P4P33-2024/SharedData/2024.1/data
VSCODE_API_VERSION=1.53.2
XDG_SESSION_CLASS=user
PYTHONPATH=/home/jjos425/Desktop/P4P33-2024/Vitis/2024.1/cli/:/home/jjos425/Desktop/P4P33-2024/Vitis/2024.1/cli/python-packages/site-packages:/home/jjos425/Desktop/P4P33-2024/Vitis/2024.1/cli/proto:/home/jjos425/Desktop/P4P33-2024/Vitis/2024.1/tps/lnx64/python-3.8.3/lib/python3.8/lib-dynload/:/home/jjos425/Desktop/P4P33-2024/Vitis/2024.1/tps/lnx64/python-3.8.3/lib/python3.8/:/opt/xilinx/xrt/python:/home/jjos425/Desktop/P4P33-2024/Vitis/2024.1/tps/lnx64/python-3.8.3/lib/python3.8/lib-dynload/:/home/jjos425/Desktop/P4P33-2024/Vitis/2024.1/tps/lnx64/python-3.8.3/lib/python3.8:/home/jjos425/Desktop/P4P33-2024/Vitis/2024.1/cli/:/home/jjos425/Desktop/P4P33-2024/Vitis/2024.1/cli/python-packages/site-packages:/home/jjos425/Desktop/P4P33-2024/Vitis/2024.1/cli/python-packages/lnx64:/home/jjos425/Desktop/P4P33-2024/Vitis/2024.1/cli/proto:/home/jjos425/Desktop/P4P33-2024/Vitis/2024.1/scripts/python_pkg
TERM=xterm-256color
DEFAULTS_PATH=/usr/share/gconf/ubuntu.default.path
PERL_MB_OPT=--install_base "/home/jjos425/perl5"
PYTHONHOME=/home/jjos425/Desktop/P4P33-2024/Vitis/2024.1/tps/lnx64/python-3.8.3/
USER=jjos425
XILINX_PLANAHEAD=/home/jjos425/Desktop/P4P33-2024/Vitis/2024.1
GNOME_TERMINAL_SERVICE=:1.85
RDI_BASEROOT=/home/jjos425/Desktop/P4P33-2024/Vitis
LOPPER_DTC_FLAGS=-b 0 -@
RDI_TPS_ROOT=/home/jjos425/Desktop/P4P33-2024/Vivado/2024.1/tps/lnx64
RDI_JAVA_VERSION=11.0.16_1
IDE_SKIP_SERVER_LICENSE=1
RDI_DATADIR=/home/jjos425/Desktop/P4P33-2024/SharedData/2024.1/data:/home/jjos425/Desktop/P4P33-2024/Vitis/2024.1/data
PERL_MM_OPT=INSTALL_BASE=/home/jjos425/perl5
THEIA_ELECTRON_TOKEN={"value":"1748c086-d75c-406d-9fa4-5a610d26ae81"}
DISPLAY=:0
SHLVL=4
RDI_USE_JDK11=1
QT_IM_MODULE=ibus
XILINX_VIVADO_HLS=/home/jjos425/Desktop/P4P33-2024/Vivado/2024.1
XIL_CHECK_TCL_DEBUG=False
DBUS_STARTER_ADDRESS=unix:path=/run/user/197925761/bus,guid=ac07fecff3aec5d3d61e30a26689b4a9
LD_LIBRARY_PATH=/home/jjos425/Desktop/P4P33-2024/Vitis/2024.1/tps/lnx64/java-cef-95.0.4638.69/bin/lib/linux64:/home/jjos425/Desktop/P4P33-2024/Vitis/2024.1/tps/lnx64/javafx-sdk-11.0.2/lib:/home/jjos425/Desktop/P4P33-2024/Vitis/2024.1/lib/lnx64.o/Ubuntu/20:/home/jjos425/Desktop/P4P33-2024/Vitis/2024.1/lib/lnx64.o/Ubuntu:/home/jjos425/Desktop/P4P33-2024/Vitis/2024.1/lib/lnx64.o:/home/jjos425/Desktop/P4P33-2024/Vitis/2024.1/tps/lnx64/jre11.0.16_1/lib/:/home/jjos425/Desktop/P4P33-2024/Vitis/2024.1/tps/lnx64/jre11.0.16_1/lib//server:/home/jjos425/Desktop/P4P33-2024/Vitis/2024.1/lib/lnx64.o/Ubuntu/20:/home/jjos425/Desktop/P4P33-2024/Vitis/2024.1/lib/lnx64.o/Ubuntu:/home/jjos425/Desktop/P4P33-2024/Vitis/2024.1/lib/lnx64.o:/home/jjos425/Desktop/P4P33-2024/Vitis/2024.1/tps/lnx64/cmake-3.24.2/libs/Ubuntu/20:/home/jjos425/Desktop/P4P33-2024/Vitis/2024.1/tps/lnx64/cmake-3.24.2/libs/Ubuntu:/home/jjos425/Desktop/P4P33-2024/Vitis/2024.1/tps/lnx64/cmake-3.24.2/libs:/home/jjos425/Desktop/P4P33-2024/Vitis/2024.1/lib/lnx64.o/Ubuntu/20:/home/jjos425/Desktop/P4P33-2024/Vitis/2024.1/lib/lnx64.o/Ubuntu:/home/jjos425/Desktop/P4P33-2024/Vitis/2024.1/lib/lnx64.o:/home/jjos425/Desktop/P4P33-2024/Vitis/2024.1/tps/lnx64/python-3.8.3/lib:/home/jjos425/Desktop/P4P33-2024/Vitis/2024.1/tps/lnx64/cmake-3.24.2/libs/Ubuntu/20:/home/jjos425/Desktop/P4P33-2024/Vitis/2024.1/tps/lnx64/cmake-3.24.2/libs/Ubuntu:/home/jjos425/Desktop/P4P33-2024/Vitis/2024.1/tps/lnx64/cmake-3.24.2/libs:/home/jjos425/Desktop/P4P33-2024/Vitis/2024.1/lib/lnx64.o:/home/jjos425/Desktop/P4P33-2024/Vitis/2024.1/lib/lnx64.o/Ubuntu/20:/home/jjos425/Desktop/P4P33-2024/Vitis/2024.1/lib/lnx64.o/Ubuntu:/home/jjos425/Desktop/P4P33-2024/Vitis/2024.1/lib/lnx64.o:/home/jjos425/Desktop/P4P33-2024/Vitis/2024.1/tps/lnx64/python-3.8.3/lib:/home/jjos425/Desktop/P4P33-2024/Vitis/2024.1/aietools/lib/lnx64.o:/home/jjos425/Desktop/P4P33-2024/Vitis_HLS/2024.1/lib/lnx64.o/Ubuntu/20:/home/jjos425/Desktop/P4P33-2024/Vitis_HLS/2024.1/lib/lnx64.o/Ubuntu:/home/jjos425/Desktop/P4P33-2024/Vitis_HLS/2024.1/lib/lnx64.o:/home/jjos425/Desktop/P4P33-2024/Vitis_HLS/2024.1/lib/lnx64.o:/opt/xilinx/xrt/lib:/home/jjos425/Desktop/P4P33-2024/Vitis/2024.1/bin/../lnx64/tools/dot/lib
HDIPRELDPATH=/home/jjos425/Desktop/P4P33-2024/Vitis/2024.1/lib/lnx64.o/Ubuntu/20:/home/jjos425/Desktop/P4P33-2024/Vitis/2024.1/lib/lnx64.o/Ubuntu:/home/jjos425/Desktop/P4P33-2024/Vitis/2024.1/lib/lnx64.o:/home/jjos425/Desktop/P4P33-2024/Vitis/2024.1/tps/lnx64/cmake-3.24.2/libs/Ubuntu/20:/home/jjos425/Desktop/P4P33-2024/Vitis/2024.1/tps/lnx64/cmake-3.24.2/libs/Ubuntu:/home/jjos425/Desktop/P4P33-2024/Vitis/2024.1/tps/lnx64/cmake-3.24.2/libs:/home/jjos425/Desktop/P4P33-2024/Vitis/2024.1/lib/lnx64.o/Ubuntu/20:/home/jjos425/Desktop/P4P33-2024/Vitis/2024.1/lib/lnx64.o/Ubuntu:/home/jjos425/Desktop/P4P33-2024/Vitis/2024.1/lib/lnx64.o:/home/jjos425/Desktop/P4P33-2024/Vitis/2024.1/tps/lnx64/python-3.8.3/lib:/home/jjos425/Desktop/P4P33-2024/Vitis/2024.1/tps/lnx64/cmake-3.24.2/libs/Ubuntu/20:/home/jjos425/Desktop/P4P33-2024/Vitis/2024.1/tps/lnx64/cmake-3.24.2/libs/Ubuntu:/home/jjos425/Desktop/P4P33-2024/Vitis/2024.1/tps/lnx64/cmake-3.24.2/libs:/home/jjos425/Desktop/P4P33-2024/Vitis/2024.1/lib/lnx64.o:/home/jjos425/Desktop/P4P33-2024/Vitis/2024.1/lib/lnx64.o/Ubuntu/20:/home/jjos425/Desktop/P4P33-2024/Vitis/2024.1/lib/lnx64.o/Ubuntu:/home/jjos425/Desktop/P4P33-2024/Vitis/2024.1/lib/lnx64.o:/home/jjos425/Desktop/P4P33-2024/Vitis/2024.1/tps/lnx64/python-3.8.3/lib:/home/jjos425/Desktop/P4P33-2024/Vitis/2024.1/aietools/lib/lnx64.o:/home/jjos425/Desktop/P4P33-2024/Vitis_HLS/2024.1/lib/lnx64.o/Ubuntu/20:/home/jjos425/Desktop/P4P33-2024/Vitis_HLS/2024.1/lib/lnx64.o/Ubuntu:/home/jjos425/Desktop/P4P33-2024/Vitis_HLS/2024.1/lib/lnx64.o:/home/jjos425/Desktop/P4P33-2024/Vitis_HLS/2024.1/lib/lnx64.o:/opt/xilinx/xrt/lib:/home/jjos425/Desktop/P4P33-2024/Vitis/2024.1/bin/../lnx64/tools/dot/lib
XDG_RUNTIME_DIR=/run/user/197925761
TCMALLOC_LARGE_ALLOC_REPORT_THRESHOLD=4294967296
TCL_LIBRARY=/home/jjos425/Desktop/P4P33-2024/Vitis/2024.1/tps/tcl/tcl8.6
LC_ALL=en_US.UTF-8
JOURNAL_STREAM=8:60958
XDG_DATA_DIRS=/usr/share/ubuntu:/usr/local/share/:/usr/share/:/var/lib/snapd/desktop
PERL_LOCAL_LIB_ROOT=/home/jjos425/perl5
PATH=/home/jjos425/Desktop/P4P33-2024/Vivado/2024.1/tps/lnx64/binutils-2.26/bin:/home/jjos425/Desktop/P4P33-2024/Vitis/2024.1/bin/../gnu/aarch64/lin/aarch64-linux/bin:/home/jjos425/Desktop/P4P33-2024/Vitis/2024.1/bin/../gnu/ppc64le/4.9.3/lnx64/bin:/home/jjos425/Desktop/P4P33-2024/Vitis/2024.1/bin/../gnu/aarch32/lin/gcc-arm-linux-gnueabi/bin:/home/jjos425/Desktop/P4P33-2024/Vivado/2024.1/tps/lnx64/gcc-8.3.0/bin:/home/jjos425/Desktop/P4P33-2024/Vivado/2024.1/gnu/microblaze/lin/bin:/home/jjos425/Desktop/P4P33-2024/Vitis/2024.1/bin:/home/jjos425/Desktop/P4P33-2024/Vitis/2024.1/tps/lnx64/jre11.0.16_1/bin:/home/jjos425/Desktop/P4P33-2024/Vitis/2024.1/gnu/microblaze/lin/bin:/home/jjos425/Desktop/P4P33-2024/Vitis/2024.1/gnu/arm/lin/bin:/home/jjos425/Desktop/P4P33-2024/Vitis/2024.1/gnu/microblaze/linux_toolchain/nt64_be/bin:/home/jjos425/Desktop/P4P33-2024/Vitis/2024.1/gnu/microblaze/linux_toolchain/nt64_le/bin:/home/jjos425/Desktop/P4P33-2024/Vitis/2024.1/gnu/aarch32/lin/gcc-arm-linux-gnueabi/bin:/home/jjos425/Desktop/P4P33-2024/Vitis/2024.1/gnu/aarch32/lin/gcc-arm-none-eabi/bin:/home/jjos425/Desktop/P4P33-2024/Vitis/2024.1/gnu/aarch64/lin/aarch64-linux/bin:/home/jjos425/Desktop/P4P33-2024/Vitis/2024.1/gnu/aarch64/lin/aarch64-none/bin:/home/jjos425/Desktop/P4P33-2024/Vitis/2024.1/gnu/armr5/lin/gcc-arm-none-eabi/bin:/home/jjos425/Desktop/P4P33-2024/Vitis/2024.1/tps/lnx64/cmake-3.24.2/bin:/home/jjos425/Desktop/P4P33-2024/Vitis/2024.1/lnx64/tools/clang/bin:/home/jjos425/Desktop/P4P33-2024/Vitis/2024.1/tps/lnx64/python-3.8.3//bin:/home/jjos425/Desktop/P4P33-2024/Vitis/2024.1/tps/lnx64/jre11.0.16_1//bin:/bin:/home/jjos425/Desktop/P4P33-2024/Vivado/2024.1/bin:/home/jjos425/Desktop/P4P33-2024/Vitis/2024.1/tps/lnx64/git-2.16.2/bin:/home/jjos425/Desktop/P4P33-2024/Vitis/2024.1/gnu/riscv/lin/riscv64-unknown-elf/bin:/home/jjos425/Desktop/P4P33-2024/Vitis_HLS/2024.1/bin:/home/jjos425/Desktop/P4P33-2024/Vitis/2024.1/aietools/bin:/opt/xilinx/xrt/bin:/home/jjos425/perl5/bin:/home/jjos425/.local/bin:/home/jjos425/.gem/ruby/2.7.0/bin:/usr/lib/jvm/java-11-amazon-corretto/bin:/usr/local/sbin:/usr/local/bin:/usr/sbin:/usr/bin:/sbin:/usr/games:/usr/local/games:/snap/bin:/opt/puppetlabs/bin
RT_LIBPATH=/home/jjos425/Desktop/P4P33-2024/Vitis/2024.1/scripts/rt/data
GDMSESSION=ubuntu
ORIGINAL_XDG_CURRENT_DESKTOP=ubuntu:GNOME
HDI_APPROOT=/home/jjos425/Desktop/P4P33-2024/Vitis/2024.1
DBUS_SESSION_BUS_ADDRESS=unix:path=/run/user/197925761/bus,guid=ac07fecff3aec5d3d61e30a26689b4a9
RDI_PLATFORM=lnx64
THEIA_APP_PROJECT_PATH=/home/jjos425/Desktop/P4P33-2024/Vitis/2024.1/ide/electron-app/lnx64/resources/app
MYVIVADO=
BUILDINFO=SW Build 5074859 on 2024-05-20-23:21:20
ISL_IOSTREAMS_RSA=/home/jjos425/Desktop/P4P33-2024/Vitis/2024.1/tps/isl
LC_NUMERIC=C
XILINX_VITIS=/home/jjos425/Desktop/P4P33-2024/Vitis/2024.1
OLDPWD=/home/jjos425/Desktop/P4P33-2024/Vitis/2024.1/bin
_=/home/jjos425/Desktop/P4P33-2024/Vitis/2024.1/bin/unwrapped/lnx64.o/vitis-run
XILINX_CD_CONNECT_ID=38881
XILINX_CD_SESSION=396b8922-8a49-431f-a8ee-3038b799e52b


VITIS-RUN command line:
------------------------------------------
/home/jjos425/Desktop/P4P33-2024/Vitis/2024.1/bin/unwrapped/lnx64.o/vitis-run --mode hls --csim --config /home/jjos425/Documents/vivado_projects/project_1/reluConv_accel/hls_config.cfg --work_dir relu_conv_2d 

FINAL PROGRAM OPTIONS
--config /home/jjos425/Documents/vivado_projects/project_1/reluConv_accel/hls_config.cfg
--csim
--hls.csim.code_analyzer 1
--hls.flow_target vivado
--hls.package.output.format ip_catalog
--hls.package.output.syn false
--hls.syn.file /home/jjos425/Documents/vivado_projects/project_1/CapsuleNetworkAccelerator/ReLUConv1.cpp
--hls.syn.file /home/jjos425/Documents/vivado_projects/project_1/CapsuleNetworkAccelerator/ReLUConv1.h
--hls.syn.file /home/jjos425/Documents/vivado_projects/project_1/CapsuleNetworkAccelerator/constants.h
--hls.syn.top relu_conv_2d
--hls.tb.file ReLUConv1TestBench
--mode hls
--part xczu9eg-ffvb1156-2-e
--work_dir relu_conv_2d

PARSED COMMAND LINE OPTIONS
--mode hls 
--csim 
--config /home/jjos425/Documents/vivado_projects/project_1/reluConv_accel/hls_config.cfg 
--work_dir relu_conv_2d 

PARSED CONFIG FILE (1) OPTIONS
file: /home/jjos425/Documents/vivado_projects/project_1/reluConv_accel/hls_config.cfg
part xczu9eg-ffvb1156-2-e 
hls.flow_target vivado 
hls.package.output.format ip_catalog 
hls.package.output.syn false 
hls.syn.top relu_conv_2d 
hls.tb.file ReLUConv1TestBench 
hls.syn.file /home/jjos425/Documents/vivado_projects/project_1/CapsuleNetworkAccelerator/ReLUConv1.cpp 
hls.syn.file /home/jjos425/Documents/vivado_projects/project_1/CapsuleNetworkAccelerator/ReLUConv1.h 
hls.syn.file /home/jjos425/Documents/vivado_projects/project_1/CapsuleNetworkAccelerator/constants.h 
hls.csim.code_analyzer 1 


==========================================
new:  steps log generated by v++ for new launch 
timestamp: 15 Jul 2024 13:10:20
------------------------------------------
VITIS-RUN internal step: writing a config file for vitis_hls: /home/jjos425/Documents/vivado_projects/project_1/reluConv_accel/relu_conv_2d/hls/config.cmdline
timestamp: 15 Jul 2024 13:10:20
VITIS-RUN internal step status: success
------------------------------------------
VITIS-RUN internal step: running vitis_hls
timestamp: 15 Jul 2024 13:10:20
working dir: /home/jjos425/Documents/vivado_projects/project_1/reluConv_accel
cmd: vitis_hls -nolog -run csim -work_dir /home/jjos425/Documents/vivado_projects/project_1/reluConv_accel/relu_conv_2d -config /home/jjos425/Documents/vivado_projects/project_1/reluConv_accel/hls_config.cfg -cmdlineconfig /home/jjos425/Documents/vivado_projects/project_1/reluConv_accel/relu_conv_2d/hls/config.cmdline
VITIS-RUN internal step status: fail

------------------------------------------
VITIS-RUN command line :
------------------------------------------
/home/jjos425/Desktop/P4P33-2024/Vitis/2024.1/bin/unwrapped/lnx64.o/vitis-run --mode hls --csim --config /home/jjos425/Documents/vivado_projects/project_1/reluConv_accel/hls_config.cfg --work_dir relu_conv_2d 
  Options from -O    : 
  Options from *.ini : 
  Options from Hw Platform : 

==========================================
new:  steps log generated by v++ for new launch 
timestamp: 15 Jul 2024 13:29:38
------------------------------------------
VITIS-RUN internal step: writing a config file for vitis_hls: /home/jjos425/Documents/vivado_projects/project_1/reluConv_accel/relu_conv_2d/hls/config.cmdline
timestamp: 15 Jul 2024 13:29:38
VITIS-RUN internal step status: success
------------------------------------------
VITIS-RUN internal step: running vitis_hls
timestamp: 15 Jul 2024 13:29:38
working dir: /home/jjos425/Documents/vivado_projects/project_1/reluConv_accel
cmd: vitis_hls -nolog -run csim -work_dir /home/jjos425/Documents/vivado_projects/project_1/reluConv_accel/relu_conv_2d -config /home/jjos425/Documents/vivado_projects/project_1/reluConv_accel/hls_config.cfg -cmdlineconfig /home/jjos425/Documents/vivado_projects/project_1/reluConv_accel/relu_conv_2d/hls/config.cmdline
VITIS-RUN internal step status: fail

------------------------------------------
VITIS-RUN command line :
------------------------------------------
/home/jjos425/Desktop/P4P33-2024/Vitis/2024.1/bin/unwrapped/lnx64.o/vitis-run --mode hls --csim --config /home/jjos425/Documents/vivado_projects/project_1/reluConv_accel/hls_config.cfg --work_dir relu_conv_2d 
  Options from -O    : 
  Options from *.ini : 
  Options from Hw Platform : 

==========================================
new:  steps log generated by v++ for new launch 
timestamp: 15 Jul 2024 13:30:57
------------------------------------------
VITIS-RUN internal step: writing a config file for vitis_hls: /home/jjos425/Documents/vivado_projects/project_1/reluConv_accel/relu_conv_2d/hls/config.cmdline
timestamp: 15 Jul 2024 13:30:57
VITIS-RUN internal step status: success
------------------------------------------
VITIS-RUN internal step: running vitis_hls
timestamp: 15 Jul 2024 13:30:57
working dir: /home/jjos425/Documents/vivado_projects/project_1/reluConv_accel
cmd: vitis_hls -nolog -run csim -work_dir /home/jjos425/Documents/vivado_projects/project_1/reluConv_accel/relu_conv_2d -config /home/jjos425/Documents/vivado_projects/project_1/reluConv_accel/hls_config.cfg -cmdlineconfig /home/jjos425/Documents/vivado_projects/project_1/reluConv_accel/relu_conv_2d/hls/config.cmdline
VITIS-RUN internal step status: fail

------------------------------------------
VITIS-RUN command line :
------------------------------------------
/home/jjos425/Desktop/P4P33-2024/Vitis/2024.1/bin/unwrapped/lnx64.o/vitis-run --mode hls --csim --config /home/jjos425/Documents/vivado_projects/project_1/reluConv_accel/hls_config.cfg --work_dir relu_conv_2d 
  Options from -O    : 
  Options from *.ini : 
  Options from Hw Platform : 

==========================================
new:  steps log generated by v++ for new launch 
timestamp: 15 Jul 2024 13:32:08
------------------------------------------
VITIS-RUN internal step: writing a config file for vitis_hls: /home/jjos425/Documents/vivado_projects/project_1/reluConv_accel/relu_conv_2d/hls/config.cmdline
timestamp: 15 Jul 2024 13:32:08
VITIS-RUN internal step status: success
------------------------------------------
VITIS-RUN internal step: running vitis_hls
timestamp: 15 Jul 2024 13:32:08
working dir: /home/jjos425/Documents/vivado_projects/project_1/reluConv_accel
cmd: vitis_hls -nolog -run csim -work_dir /home/jjos425/Documents/vivado_projects/project_1/reluConv_accel/relu_conv_2d -config /home/jjos425/Documents/vivado_projects/project_1/reluConv_accel/hls_config.cfg -cmdlineconfig /home/jjos425/Documents/vivado_projects/project_1/reluConv_accel/relu_conv_2d/hls/config.cmdline
VITIS-RUN internal step status: fail

------------------------------------------
VITIS-RUN command line :
------------------------------------------
/home/jjos425/Desktop/P4P33-2024/Vitis/2024.1/bin/unwrapped/lnx64.o/vitis-run --mode hls --csim --config /home/jjos425/Documents/vivado_projects/project_1/reluConv_accel/hls_config.cfg --work_dir relu_conv_2d 
  Options from -O    : 
  Options from *.ini : 
  Options from Hw Platform : 

==========================================
new:  steps log generated by v++ for new launch 
timestamp: 15 Jul 2024 13:32:30
------------------------------------------
VITIS-RUN internal step: writing a config file for vitis_hls: /home/jjos425/Documents/vivado_projects/project_1/reluConv_accel/relu_conv_2d/hls/config.cmdline
timestamp: 15 Jul 2024 13:32:30
VITIS-RUN internal step status: success
------------------------------------------
VITIS-RUN internal step: running vitis_hls
timestamp: 15 Jul 2024 13:32:30
working dir: /home/jjos425/Documents/vivado_projects/project_1/reluConv_accel
cmd: vitis_hls -nolog -run csim -work_dir /home/jjos425/Documents/vivado_projects/project_1/reluConv_accel/relu_conv_2d -config /home/jjos425/Documents/vivado_projects/project_1/reluConv_accel/hls_config.cfg -cmdlineconfig /home/jjos425/Documents/vivado_projects/project_1/reluConv_accel/relu_conv_2d/hls/config.cmdline
VITIS-RUN internal step status: fail

------------------------------------------
VITIS-RUN command line :
------------------------------------------
/home/jjos425/Desktop/P4P33-2024/Vitis/2024.1/bin/unwrapped/lnx64.o/vitis-run --mode hls --csim --config /home/jjos425/Documents/vivado_projects/project_1/reluConv_accel/hls_config.cfg --work_dir relu_conv_2d 
  Options from -O    : 
  Options from *.ini : 
  Options from Hw Platform : 

==========================================
new:  steps log generated by v++ for new launch 
timestamp: 15 Jul 2024 13:33:06
------------------------------------------
VITIS-RUN internal step: writing a config file for vitis_hls: /home/jjos425/Documents/vivado_projects/project_1/reluConv_accel/relu_conv_2d/hls/config.cmdline
timestamp: 15 Jul 2024 13:33:06
VITIS-RUN internal step status: success
------------------------------------------
VITIS-RUN internal step: running vitis_hls
timestamp: 15 Jul 2024 13:33:06
working dir: /home/jjos425/Documents/vivado_projects/project_1/reluConv_accel
cmd: vitis_hls -nolog -run csim -work_dir /home/jjos425/Documents/vivado_projects/project_1/reluConv_accel/relu_conv_2d -config /home/jjos425/Documents/vivado_projects/project_1/reluConv_accel/hls_config.cfg -cmdlineconfig /home/jjos425/Documents/vivado_projects/project_1/reluConv_accel/relu_conv_2d/hls/config.cmdline
VITIS-RUN internal step status: fail

------------------------------------------
VITIS-RUN command line :
------------------------------------------
/home/jjos425/Desktop/P4P33-2024/Vitis/2024.1/bin/unwrapped/lnx64.o/vitis-run --mode hls --csim --config /home/jjos425/Documents/vivado_projects/project_1/reluConv_accel/hls_config.cfg --work_dir relu_conv_2d 
  Options from -O    : 
  Options from *.ini : 
  Options from Hw Platform : 

==========================================
new:  steps log generated by v++ for new launch 
timestamp: 15 Jul 2024 13:34:23
------------------------------------------
VITIS-RUN internal step: writing a config file for vitis_hls: /home/jjos425/Documents/vivado_projects/project_1/reluConv_accel/relu_conv_2d/hls/config.cmdline
timestamp: 15 Jul 2024 13:34:23
VITIS-RUN internal step status: success
------------------------------------------
VITIS-RUN internal step: running vitis_hls
timestamp: 15 Jul 2024 13:34:23
working dir: /home/jjos425/Documents/vivado_projects/project_1/reluConv_accel
cmd: vitis_hls -nolog -run csim -work_dir /home/jjos425/Documents/vivado_projects/project_1/reluConv_accel/relu_conv_2d -config /home/jjos425/Documents/vivado_projects/project_1/reluConv_accel/hls_config.cfg -cmdlineconfig /home/jjos425/Documents/vivado_projects/project_1/reluConv_accel/relu_conv_2d/hls/config.cmdline
VITIS-RUN internal step status: fail

------------------------------------------
VITIS-RUN command line :
------------------------------------------
/home/jjos425/Desktop/P4P33-2024/Vitis/2024.1/bin/unwrapped/lnx64.o/vitis-run --mode hls --csim --config /home/jjos425/Documents/vivado_projects/project_1/reluConv_accel/hls_config.cfg --work_dir relu_conv_2d 
  Options from -O    : 
  Options from *.ini : 
  Options from Hw Platform : 

==========================================
new:  steps log generated by v++ for new launch 
timestamp: 15 Jul 2024 13:34:43
------------------------------------------
VITIS-RUN internal step: writing a config file for vitis_hls: /home/jjos425/Documents/vivado_projects/project_1/reluConv_accel/relu_conv_2d/hls/config.cmdline
timestamp: 15 Jul 2024 13:34:43
VITIS-RUN internal step status: success
------------------------------------------
VITIS-RUN internal step: running vitis_hls
timestamp: 15 Jul 2024 13:34:43
working dir: /home/jjos425/Documents/vivado_projects/project_1/reluConv_accel
cmd: vitis_hls -nolog -run csim -work_dir /home/jjos425/Documents/vivado_projects/project_1/reluConv_accel/relu_conv_2d -config /home/jjos425/Documents/vivado_projects/project_1/reluConv_accel/hls_config.cfg -cmdlineconfig /home/jjos425/Documents/vivado_projects/project_1/reluConv_accel/relu_conv_2d/hls/config.cmdline
VITIS-RUN internal step status: success

------------------------------------------
V++ command line :
------------------------------------------
/home/jjos425/Desktop/P4P33-2024/Vitis/2024.1/bin/unwrapped/lnx64.o/v++ -c --mode hls --config /home/jjos425/Documents/vivado_projects/project_1/reluConv_accel/hls_config.cfg --work_dir relu_conv_2d 
  Options from -O    : 
  Options from *.ini : 
  Options from Hw Platform : 

==========================================
new:  steps log generated by v++ for new launch 
timestamp: 15 Jul 2024 13:34:59
------------------------------------------
V++ internal step: writing a config file for vitis_hls: /home/jjos425/Documents/vivado_projects/project_1/reluConv_accel/relu_conv_2d/hls/config.cmdline
timestamp: 15 Jul 2024 13:34:59
V++ internal step status: success
------------------------------------------
V++ internal step: running vitis_hls
timestamp: 15 Jul 2024 13:34:59
working dir: /home/jjos425/Documents/vivado_projects/project_1/reluConv_accel
cmd: vitis_hls -nolog -run csynth -work_dir /home/jjos425/Documents/vivado_projects/project_1/reluConv_accel/relu_conv_2d -config /home/jjos425/Documents/vivado_projects/project_1/reluConv_accel/hls_config.cfg -cmdlineconfig /home/jjos425/Documents/vivado_projects/project_1/reluConv_accel/relu_conv_2d/hls/config.cmdline
V++ internal step status: success

------------------------------------------
VITIS-RUN command line :
------------------------------------------
/home/jjos425/Desktop/P4P33-2024/Vitis/2024.1/bin/unwrapped/lnx64.o/vitis-run --mode hls --impl --config /home/jjos425/Documents/vivado_projects/project_1/reluConv_accel/hls_config.cfg --work_dir relu_conv_2d 
  Options from -O    : 
  Options from *.ini : 
  Options from Hw Platform : 

==========================================
new:  steps log generated by v++ for new launch 
timestamp: 15 Jul 2024 13:35:26
------------------------------------------
VITIS-RUN internal step: writing a config file for vitis_hls: /home/jjos425/Documents/vivado_projects/project_1/reluConv_accel/relu_conv_2d/hls/config.cmdline
timestamp: 15 Jul 2024 13:35:26
VITIS-RUN internal step status: success
------------------------------------------
VITIS-RUN internal step: running vitis_hls
timestamp: 15 Jul 2024 13:35:26
working dir: /home/jjos425/Documents/vivado_projects/project_1/reluConv_accel
cmd: vitis_hls -nolog -run vivado -work_dir /home/jjos425/Documents/vivado_projects/project_1/reluConv_accel/relu_conv_2d -config /home/jjos425/Documents/vivado_projects/project_1/reluConv_accel/hls_config.cfg -cmdlineconfig /home/jjos425/Documents/vivado_projects/project_1/reluConv_accel/relu_conv_2d/hls/config.cmdline
VITIS-RUN internal step status: success

------------------------------------------
VITIS-RUN command line :
------------------------------------------
/home/jjos425/Desktop/P4P33-2024/Vitis/2024.1/bin/unwrapped/lnx64.o/vitis-run --mode hls --impl --config /home/jjos425/Documents/vivado_projects/project_1/reluConv_accel/hls_config.cfg --work_dir relu_conv_2d 
  Options from -O    : 
  Options from *.ini : 
  Options from Hw Platform : 

==========================================
new:  steps log generated by v++ for new launch 
timestamp: 15 Jul 2024 13:48:55
------------------------------------------
VITIS-RUN internal step: writing a config file for vitis_hls: /home/jjos425/Documents/vivado_projects/project_1/reluConv_accel/relu_conv_2d/hls/config.cmdline
timestamp: 15 Jul 2024 13:48:55
VITIS-RUN internal step status: success
------------------------------------------
VITIS-RUN internal step: running vitis_hls
timestamp: 15 Jul 2024 13:48:55
working dir: /home/jjos425/Documents/vivado_projects/project_1/reluConv_accel
cmd: vitis_hls -nolog -run vivado -work_dir /home/jjos425/Documents/vivado_projects/project_1/reluConv_accel/relu_conv_2d -config /home/jjos425/Documents/vivado_projects/project_1/reluConv_accel/hls_config.cfg -cmdlineconfig /home/jjos425/Documents/vivado_projects/project_1/reluConv_accel/relu_conv_2d/hls/config.cmdline

------------------------------------------
V++ command line :
------------------------------------------
/home/jjos425/Desktop/P4P33-2024/Vitis/2024.1/bin/unwrapped/lnx64.o/v++ -c --mode hls --config /home/jjos425/Documents/vivado_projects/project_1/reluConv_accel/hls_config.cfg --work_dir relu_conv_2d 
  Options from -O    : 
  Options from *.ini : 
  Options from Hw Platform : 

==========================================
new:  steps log generated by v++ for new launch 
timestamp: 15 Jul 2024 13:51:14
------------------------------------------
V++ internal step: writing a config file for vitis_hls: /home/jjos425/Documents/vivado_projects/project_1/reluConv_accel/relu_conv_2d/hls/config.cmdline
timestamp: 15 Jul 2024 13:51:14
V++ internal step status: success
------------------------------------------
V++ internal step: running vitis_hls
timestamp: 15 Jul 2024 13:51:14
working dir: /home/jjos425/Documents/vivado_projects/project_1/reluConv_accel
cmd: vitis_hls -nolog -run csynth -work_dir /home/jjos425/Documents/vivado_projects/project_1/reluConv_accel/relu_conv_2d -config /home/jjos425/Documents/vivado_projects/project_1/reluConv_accel/hls_config.cfg -cmdlineconfig /home/jjos425/Documents/vivado_projects/project_1/reluConv_accel/relu_conv_2d/hls/config.cmdline
V++ internal step status: success

------------------------------------------
VITIS-RUN command line :
------------------------------------------
/home/jjos425/Desktop/P4P33-2024/Vitis/2024.1/bin/unwrapped/lnx64.o/vitis-run --mode hls --impl --config /home/jjos425/Documents/vivado_projects/project_1/reluConv_accel/hls_config.cfg --work_dir relu_conv_2d 
  Options from -O    : 
  Options from *.ini : 
  Options from Hw Platform : 

==========================================
new:  steps log generated by v++ for new launch 
timestamp: 15 Jul 2024 13:52:21
------------------------------------------
VITIS-RUN internal step: writing a config file for vitis_hls: /home/jjos425/Documents/vivado_projects/project_1/reluConv_accel/relu_conv_2d/hls/config.cmdline
timestamp: 15 Jul 2024 13:52:21
VITIS-RUN internal step status: success
------------------------------------------
VITIS-RUN internal step: running vitis_hls
timestamp: 15 Jul 2024 13:52:21
working dir: /home/jjos425/Documents/vivado_projects/project_1/reluConv_accel
cmd: vitis_hls -nolog -run vivado -work_dir /home/jjos425/Documents/vivado_projects/project_1/reluConv_accel/relu_conv_2d -config /home/jjos425/Documents/vivado_projects/project_1/reluConv_accel/hls_config.cfg -cmdlineconfig /home/jjos425/Documents/vivado_projects/project_1/reluConv_accel/relu_conv_2d/hls/config.cmdline
VITIS-RUN internal step status: success

------------------------------------------
V++ command line :
------------------------------------------
/home/jjos425/Desktop/P4P33-2024/Vitis/2024.1/bin/unwrapped/lnx64.o/v++ -c --mode hls --config /home/jjos425/Documents/vivado_projects/project_1/reluConv_accel/hls_config.cfg --work_dir relu_conv_2d 
  Options from -O    : 
  Options from *.ini : 
  Options from Hw Platform : 

==========================================
new:  steps log generated by v++ for new launch 
timestamp: 23 Jul 2024 12:29:39
------------------------------------------
V++ internal step: writing a config file for vitis_hls: /home/jjos425/Documents/vivado_projects/project_1/reluConv_accel/relu_conv_2d/hls/config.cmdline
timestamp: 23 Jul 2024 12:29:39
V++ internal step status: success
------------------------------------------
V++ internal step: running vitis_hls
timestamp: 23 Jul 2024 12:29:39
working dir: /home/jjos425/Documents/vivado_projects/project_1/reluConv_accel
cmd: vitis_hls -nolog -run csynth -work_dir /home/jjos425/Documents/vivado_projects/project_1/reluConv_accel/relu_conv_2d -config /home/jjos425/Documents/vivado_projects/project_1/reluConv_accel/hls_config.cfg -cmdlineconfig /home/jjos425/Documents/vivado_projects/project_1/reluConv_accel/relu_conv_2d/hls/config.cmdline
V++ internal step status: success

------------------------------------------
V++ command line :
------------------------------------------
/home/jjos425/Desktop/P4P33-2024/Vitis/2024.1/bin/unwrapped/lnx64.o/v++ -c --mode hls --config /home/jjos425/Documents/vivado_projects/project_1/reluConv_accel/hls_config.cfg --work_dir relu_conv_2d 
  Options from -O    : 
  Options from *.ini : 
  Options from Hw Platform : 

==========================================
new:  steps log generated by v++ for new launch 
timestamp: 23 Jul 2024 12:48:18
------------------------------------------
V++ internal step: writing a config file for vitis_hls: /home/jjos425/Documents/vivado_projects/project_1/reluConv_accel/relu_conv_2d/hls/config.cmdline
timestamp: 23 Jul 2024 12:48:18
V++ internal step status: success
------------------------------------------
V++ internal step: running vitis_hls
timestamp: 23 Jul 2024 12:48:18
working dir: /home/jjos425/Documents/vivado_projects/project_1/reluConv_accel
cmd: vitis_hls -nolog -run csynth -work_dir /home/jjos425/Documents/vivado_projects/project_1/reluConv_accel/relu_conv_2d -config /home/jjos425/Documents/vivado_projects/project_1/reluConv_accel/hls_config.cfg -cmdlineconfig /home/jjos425/Documents/vivado_projects/project_1/reluConv_accel/relu_conv_2d/hls/config.cmdline
V++ internal step status: success

------------------------------------------
V++ command line :
------------------------------------------
/home/jjos425/Desktop/P4P33-2024/Vitis/2024.1/bin/unwrapped/lnx64.o/v++ -c --mode hls --config /home/jjos425/Documents/vivado_projects/project_1/reluConv_accel/hls_config.cfg --work_dir relu_conv_2d 
  Options from -O    : 
  Options from *.ini : 
  Options from Hw Platform : 

==========================================
new:  steps log generated by v++ for new launch 
timestamp: 15 Aug 2024 12:24:43
------------------------------------------
V++ internal step: writing a config file for vitis_hls: /home/jjos425/Documents/vivado_projects/project_1/reluConv_accel/relu_conv_2d/hls/config.cmdline
timestamp: 15 Aug 2024 12:24:43
V++ internal step status: success
------------------------------------------
V++ internal step: running vitis_hls
timestamp: 15 Aug 2024 12:24:43
working dir: /home/jjos425/Documents/vivado_projects/project_1/reluConv_accel
cmd: vitis_hls -nolog -run csynth -work_dir /home/jjos425/Documents/vivado_projects/project_1/reluConv_accel/relu_conv_2d -config /home/jjos425/Documents/vivado_projects/project_1/reluConv_accel/hls_config.cfg -cmdlineconfig /home/jjos425/Documents/vivado_projects/project_1/reluConv_accel/relu_conv_2d/hls/config.cmdline
V++ internal step status: success

------------------------------------------
V++ command line :
------------------------------------------
/home/jjos425/Desktop/P4P33-2024/Vitis/2024.1/bin/unwrapped/lnx64.o/v++ -c --mode hls --config /home/jjos425/Documents/vivado_projects/project_1/reluConv_accel/hls_config.cfg --work_dir relu_conv_2d 
  Options from -O    : 
  Options from *.ini : 
  Options from Hw Platform : 

==========================================
new:  steps log generated by v++ for new launch 
timestamp: 15 Aug 2024 12:39:12
------------------------------------------
V++ internal step: writing a config file for vitis_hls: /home/jjos425/Documents/vivado_projects/project_1/reluConv_accel/relu_conv_2d/hls/config.cmdline
timestamp: 15 Aug 2024 12:39:12
V++ internal step status: success
------------------------------------------
V++ internal step: running vitis_hls
timestamp: 15 Aug 2024 12:39:12
working dir: /home/jjos425/Documents/vivado_projects/project_1/reluConv_accel
cmd: vitis_hls -nolog -run csynth -work_dir /home/jjos425/Documents/vivado_projects/project_1/reluConv_accel/relu_conv_2d -config /home/jjos425/Documents/vivado_projects/project_1/reluConv_accel/hls_config.cfg -cmdlineconfig /home/jjos425/Documents/vivado_projects/project_1/reluConv_accel/relu_conv_2d/hls/config.cmdline
V++ internal step status: success

------------------------------------------
V++ command line :
------------------------------------------
/home/jjos425/Desktop/P4P33-2024/Vitis/2024.1/bin/unwrapped/lnx64.o/v++ -c --mode hls --config /home/jjos425/Documents/vivado_projects/project_1/reluConv_accel/hls_config.cfg --work_dir relu_conv_2d 
  Options from -O    : 
  Options from *.ini : 
  Options from Hw Platform : 

==========================================
new:  steps log generated by v++ for new launch 
timestamp: 15 Aug 2024 13:54:40
------------------------------------------
V++ internal step: writing a config file for vitis_hls: /home/jjos425/Documents/vivado_projects/project_1/reluConv_accel/relu_conv_2d/hls/config.cmdline
timestamp: 15 Aug 2024 13:54:40
V++ internal step status: success
------------------------------------------
V++ internal step: running vitis_hls
timestamp: 15 Aug 2024 13:54:40
working dir: /home/jjos425/Documents/vivado_projects/project_1/reluConv_accel
cmd: vitis_hls -nolog -run csynth -work_dir /home/jjos425/Documents/vivado_projects/project_1/reluConv_accel/relu_conv_2d -config /home/jjos425/Documents/vivado_projects/project_1/reluConv_accel/hls_config.cfg -cmdlineconfig /home/jjos425/Documents/vivado_projects/project_1/reluConv_accel/relu_conv_2d/hls/config.cmdline
V++ internal step status: success

------------------------------------------
V++ command line :
------------------------------------------
/home/jjos425/Desktop/P4P33-2024/Vitis/2024.1/bin/unwrapped/lnx64.o/v++ -c --mode hls --config /home/jjos425/Documents/vivado_projects/project_1/reluConv_accel/hls_config.cfg --work_dir relu_conv_2d 
  Options from -O    : 
  Options from *.ini : 
  Options from Hw Platform : 

==========================================
new:  steps log generated by v++ for new launch 
timestamp: 15 Aug 2024 14:44:45
------------------------------------------
V++ internal step: writing a config file for vitis_hls: /home/jjos425/Documents/vivado_projects/project_1/reluConv_accel/relu_conv_2d/hls/config.cmdline
timestamp: 15 Aug 2024 14:44:45
V++ internal step status: success
------------------------------------------
V++ internal step: running vitis_hls
timestamp: 15 Aug 2024 14:44:45
working dir: /home/jjos425/Documents/vivado_projects/project_1/reluConv_accel
cmd: vitis_hls -nolog -run csynth -work_dir /home/jjos425/Documents/vivado_projects/project_1/reluConv_accel/relu_conv_2d -config /home/jjos425/Documents/vivado_projects/project_1/reluConv_accel/hls_config.cfg -cmdlineconfig /home/jjos425/Documents/vivado_projects/project_1/reluConv_accel/relu_conv_2d/hls/config.cmdline
V++ internal step status: success

------------------------------------------
V++ command line :
------------------------------------------
/home/jjos425/Desktop/P4P33-2024/Vitis/2024.1/bin/unwrapped/lnx64.o/v++ -c --mode hls --config /home/jjos425/Documents/vivado_projects/project_1/reluConv_accel/hls_config.cfg --work_dir relu_conv_2d 
  Options from -O    : 
  Options from *.ini : 
  Options from Hw Platform : 

==========================================
new:  steps log generated by v++ for new launch 
timestamp: 17 Aug 2024 15:12:09
------------------------------------------
V++ internal step: writing a config file for vitis_hls: /home/jjos425/Documents/vivado_projects/project_1/reluConv_accel/relu_conv_2d/hls/config.cmdline
timestamp: 17 Aug 2024 15:12:09
V++ internal step status: success
------------------------------------------
V++ internal step: running vitis_hls
timestamp: 17 Aug 2024 15:12:09
working dir: /home/jjos425/Documents/vivado_projects/project_1/reluConv_accel
cmd: vitis_hls -nolog -run csynth -work_dir /home/jjos425/Documents/vivado_projects/project_1/reluConv_accel/relu_conv_2d -config /home/jjos425/Documents/vivado_projects/project_1/reluConv_accel/hls_config.cfg -cmdlineconfig /home/jjos425/Documents/vivado_projects/project_1/reluConv_accel/relu_conv_2d/hls/config.cmdline
V++ internal step status: success

------------------------------------------
V++ command line :
------------------------------------------
/home/jjos425/Desktop/P4P33-2024/Vitis/2024.1/bin/unwrapped/lnx64.o/v++ -c --mode hls --config /home/jjos425/Documents/vivado_projects/project_1/reluConv_accel/hls_config.cfg --work_dir relu_conv_2d 
  Options from -O    : 
  Options from *.ini : 
  Options from Hw Platform : 

==========================================
new:  steps log generated by v++ for new launch 
timestamp: 17 Aug 2024 15:17:00
------------------------------------------
V++ internal step: writing a config file for vitis_hls: /home/jjos425/Documents/vivado_projects/project_1/reluConv_accel/relu_conv_2d/hls/config.cmdline
timestamp: 17 Aug 2024 15:17:00
V++ internal step status: success
------------------------------------------
V++ internal step: running vitis_hls
timestamp: 17 Aug 2024 15:17:00
working dir: /home/jjos425/Documents/vivado_projects/project_1/reluConv_accel
cmd: vitis_hls -nolog -run csynth -work_dir /home/jjos425/Documents/vivado_projects/project_1/reluConv_accel/relu_conv_2d -config /home/jjos425/Documents/vivado_projects/project_1/reluConv_accel/hls_config.cfg -cmdlineconfig /home/jjos425/Documents/vivado_projects/project_1/reluConv_accel/relu_conv_2d/hls/config.cmdline
V++ internal step status: success

------------------------------------------
V++ command line :
------------------------------------------
/home/jjos425/Desktop/P4P33-2024/Vitis/2024.1/bin/unwrapped/lnx64.o/v++ -c --mode hls --config /home/jjos425/Documents/vivado_projects/project_1/reluConv_accel/hls_config.cfg --work_dir relu_conv_2d 
  Options from -O    : 
  Options from *.ini : 
  Options from Hw Platform : 

==========================================
new:  steps log generated by v++ for new launch 
timestamp: 17 Aug 2024 15:19:57
------------------------------------------
V++ internal step: writing a config file for vitis_hls: /home/jjos425/Documents/vivado_projects/project_1/reluConv_accel/relu_conv_2d/hls/config.cmdline
timestamp: 17 Aug 2024 15:19:57
V++ internal step status: success
------------------------------------------
V++ internal step: running vitis_hls
timestamp: 17 Aug 2024 15:19:57
working dir: /home/jjos425/Documents/vivado_projects/project_1/reluConv_accel
cmd: vitis_hls -nolog -run csynth -work_dir /home/jjos425/Documents/vivado_projects/project_1/reluConv_accel/relu_conv_2d -config /home/jjos425/Documents/vivado_projects/project_1/reluConv_accel/hls_config.cfg -cmdlineconfig /home/jjos425/Documents/vivado_projects/project_1/reluConv_accel/relu_conv_2d/hls/config.cmdline
V++ internal step status: success

------------------------------------------
V++ command line :
------------------------------------------
/home/jjos425/Desktop/P4P33-2024/Vitis/2024.1/bin/unwrapped/lnx64.o/v++ -c --mode hls --config /home/jjos425/Documents/vivado_projects/project_1/reluConv_accel/hls_config.cfg --work_dir relu_conv_2d 
  Options from -O    : 
  Options from *.ini : 
  Options from Hw Platform : 

==========================================
new:  steps log generated by v++ for new launch 
timestamp: 12 Sep 2024 14:20:27
------------------------------------------
V++ internal step: writing a config file for vitis_hls: /home/jjos425/Documents/vivado_projects/project_1/reluConv_accel/relu_conv_2d/hls/config.cmdline
timestamp: 12 Sep 2024 14:20:27
V++ internal step status: success
------------------------------------------
V++ internal step: running vitis_hls
timestamp: 12 Sep 2024 14:20:27
working dir: /home/jjos425/Documents/vivado_projects/project_1/reluConv_accel
cmd: vitis_hls -nolog -run csynth -work_dir /home/jjos425/Documents/vivado_projects/project_1/reluConv_accel/relu_conv_2d -config /home/jjos425/Documents/vivado_projects/project_1/reluConv_accel/hls_config.cfg -cmdlineconfig /home/jjos425/Documents/vivado_projects/project_1/reluConv_accel/relu_conv_2d/hls/config.cmdline
V++ internal step status: success

------------------------------------------
V++ command line :
------------------------------------------
/home/jjos425/Desktop/P4P33-2024/Vitis/2024.1/bin/unwrapped/lnx64.o/v++ -c --mode hls --config /home/jjos425/Documents/vivado_projects/project_1/reluConv_accel/hls_config.cfg --work_dir relu_conv_2d 
  Options from -O    : 
  Options from *.ini : 
  Options from Hw Platform : 

==========================================
new:  steps log generated by v++ for new launch 
timestamp: 12 Sep 2024 14:40:56
------------------------------------------
V++ internal step: writing a config file for vitis_hls: /home/jjos425/Documents/vivado_projects/project_1/reluConv_accel/relu_conv_2d/hls/config.cmdline
timestamp: 12 Sep 2024 14:40:56
V++ internal step status: success
------------------------------------------
V++ internal step: running vitis_hls
timestamp: 12 Sep 2024 14:40:56
working dir: /home/jjos425/Documents/vivado_projects/project_1/reluConv_accel
cmd: vitis_hls -nolog -run csynth -work_dir /home/jjos425/Documents/vivado_projects/project_1/reluConv_accel/relu_conv_2d -config /home/jjos425/Documents/vivado_projects/project_1/reluConv_accel/hls_config.cfg -cmdlineconfig /home/jjos425/Documents/vivado_projects/project_1/reluConv_accel/relu_conv_2d/hls/config.cmdline
V++ internal step status: success

------------------------------------------
V++ command line :
------------------------------------------
/home/jjos425/Desktop/P4P33-2024/Vitis/2024.1/bin/unwrapped/lnx64.o/v++ -c --mode hls --config /home/jjos425/Documents/vivado_projects/project_1/reluConv_accel/hls_config.cfg --work_dir relu_conv_2d 
  Options from -O    : 
  Options from *.ini : 
  Options from Hw Platform : 

==========================================
new:  steps log generated by v++ for new launch 
timestamp: 13 Sep 2024 17:27:59
------------------------------------------
V++ internal step: writing a config file for vitis_hls: /home/jjos425/Documents/vivado_projects/project_1/reluConv_accel/relu_conv_2d/hls/config.cmdline
timestamp: 13 Sep 2024 17:27:59
V++ internal step status: success
------------------------------------------
V++ internal step: running vitis_hls
timestamp: 13 Sep 2024 17:27:59
working dir: /home/jjos425/Documents/vivado_projects/project_1/reluConv_accel
cmd: vitis_hls -nolog -run csynth -work_dir /home/jjos425/Documents/vivado_projects/project_1/reluConv_accel/relu_conv_2d -config /home/jjos425/Documents/vivado_projects/project_1/reluConv_accel/hls_config.cfg -cmdlineconfig /home/jjos425/Documents/vivado_projects/project_1/reluConv_accel/relu_conv_2d/hls/config.cmdline

------------------------------------------
V++ command line :
------------------------------------------
/home/jjos425/Desktop/P4P33-2024/Vitis/2024.1/bin/unwrapped/lnx64.o/v++ -c --mode hls --config /home/jjos425/Documents/vivado_projects/project_1/reluConv_accel/hls_config.cfg --work_dir relu_conv_2d 
  Options from -O    : 
  Options from *.ini : 
  Options from Hw Platform : 

==========================================
new:  steps log generated by v++ for new launch 
timestamp: 13 Sep 2024 17:29:26
------------------------------------------
V++ internal step: writing a config file for vitis_hls: /home/jjos425/Documents/vivado_projects/project_1/reluConv_accel/relu_conv_2d/hls/config.cmdline
timestamp: 13 Sep 2024 17:29:26
V++ internal step status: success
------------------------------------------
V++ internal step: running vitis_hls
timestamp: 13 Sep 2024 17:29:26
working dir: /home/jjos425/Documents/vivado_projects/project_1/reluConv_accel
cmd: vitis_hls -nolog -run csynth -work_dir /home/jjos425/Documents/vivado_projects/project_1/reluConv_accel/relu_conv_2d -config /home/jjos425/Documents/vivado_projects/project_1/reluConv_accel/hls_config.cfg -cmdlineconfig /home/jjos425/Documents/vivado_projects/project_1/reluConv_accel/relu_conv_2d/hls/config.cmdline

------------------------------------------
V++ command line :
------------------------------------------
/home/jjos425/Desktop/P4P33-2024/Vitis/2024.1/bin/unwrapped/lnx64.o/v++ -c --mode hls --config /home/jjos425/Documents/vivado_projects/project_1/reluConv_accel/hls_config.cfg --work_dir relu_conv_2d 
  Options from -O    : 
  Options from *.ini : 
  Options from Hw Platform : 

==========================================
new:  steps log generated by v++ for new launch 
timestamp: 13 Sep 2024 17:30:02
------------------------------------------
V++ internal step: writing a config file for vitis_hls: /home/jjos425/Documents/vivado_projects/project_1/reluConv_accel/relu_conv_2d/hls/config.cmdline
timestamp: 13 Sep 2024 17:30:02
V++ internal step status: success
------------------------------------------
V++ internal step: running vitis_hls
timestamp: 13 Sep 2024 17:30:02
working dir: /home/jjos425/Documents/vivado_projects/project_1/reluConv_accel
cmd: vitis_hls -nolog -run csynth -work_dir /home/jjos425/Documents/vivado_projects/project_1/reluConv_accel/relu_conv_2d -config /home/jjos425/Documents/vivado_projects/project_1/reluConv_accel/hls_config.cfg -cmdlineconfig /home/jjos425/Documents/vivado_projects/project_1/reluConv_accel/relu_conv_2d/hls/config.cmdline

------------------------------------------
V++ command line :
------------------------------------------
/home/jjos425/Desktop/P4P33-2024/Vitis/2024.1/bin/unwrapped/lnx64.o/v++ -c --mode hls --config /home/jjos425/Documents/vivado_projects/project_1/reluConv_accel/hls_config.cfg --work_dir relu_conv_2d 
  Options from -O    : 
  Options from *.ini : 
  Options from Hw Platform : 

==========================================
new:  steps log generated by v++ for new launch 
timestamp: 13 Sep 2024 17:30:49
------------------------------------------
V++ internal step: writing a config file for vitis_hls: /home/jjos425/Documents/vivado_projects/project_1/reluConv_accel/relu_conv_2d/hls/config.cmdline
timestamp: 13 Sep 2024 17:30:49
V++ internal step status: success
------------------------------------------
V++ internal step: running vitis_hls
timestamp: 13 Sep 2024 17:30:49
working dir: /home/jjos425/Documents/vivado_projects/project_1/reluConv_accel
cmd: vitis_hls -nolog -run csynth -work_dir /home/jjos425/Documents/vivado_projects/project_1/reluConv_accel/relu_conv_2d -config /home/jjos425/Documents/vivado_projects/project_1/reluConv_accel/hls_config.cfg -cmdlineconfig /home/jjos425/Documents/vivado_projects/project_1/reluConv_accel/relu_conv_2d/hls/config.cmdline
V++ internal step status: success

------------------------------------------
V++ command line :
------------------------------------------
/home/jjos425/Desktop/P4P33-2024/Vitis/2024.1/bin/unwrapped/lnx64.o/v++ -c --mode hls --config /home/jjos425/Documents/vivado_projects/project_1/reluConv_accel/hls_config.cfg --work_dir relu_conv_2d 
  Options from -O    : 
  Options from *.ini : 
  Options from Hw Platform : 

==========================================
new:  steps log generated by v++ for new launch 
timestamp: 13 Sep 2024 17:31:52
------------------------------------------
V++ internal step: writing a config file for vitis_hls: /home/jjos425/Documents/vivado_projects/project_1/reluConv_accel/relu_conv_2d/hls/config.cmdline
timestamp: 13 Sep 2024 17:31:52
V++ internal step status: success
------------------------------------------
V++ internal step: running vitis_hls
timestamp: 13 Sep 2024 17:31:52
working dir: /home/jjos425/Documents/vivado_projects/project_1/reluConv_accel
cmd: vitis_hls -nolog -run csynth -work_dir /home/jjos425/Documents/vivado_projects/project_1/reluConv_accel/relu_conv_2d -config /home/jjos425/Documents/vivado_projects/project_1/reluConv_accel/hls_config.cfg -cmdlineconfig /home/jjos425/Documents/vivado_projects/project_1/reluConv_accel/relu_conv_2d/hls/config.cmdline
V++ internal step status: success

------------------------------------------
V++ command line :
------------------------------------------
/home/jjos425/Desktop/P4P33-2024/Vitis/2024.1/bin/unwrapped/lnx64.o/v++ -c --mode hls --config /home/jjos425/Documents/vivado_projects/project_1/reluConv_accel/hls_config.cfg --work_dir relu_conv_2d 
  Options from -O    : 
  Options from *.ini : 
  Options from Hw Platform : 

==========================================
new:  steps log generated by v++ for new launch 
timestamp: 13 Sep 2024 17:32:42
------------------------------------------
V++ internal step: writing a config file for vitis_hls: /home/jjos425/Documents/vivado_projects/project_1/reluConv_accel/relu_conv_2d/hls/config.cmdline
timestamp: 13 Sep 2024 17:32:42
V++ internal step status: success
------------------------------------------
V++ internal step: running vitis_hls
timestamp: 13 Sep 2024 17:32:42
working dir: /home/jjos425/Documents/vivado_projects/project_1/reluConv_accel
cmd: vitis_hls -nolog -run csynth -work_dir /home/jjos425/Documents/vivado_projects/project_1/reluConv_accel/relu_conv_2d -config /home/jjos425/Documents/vivado_projects/project_1/reluConv_accel/hls_config.cfg -cmdlineconfig /home/jjos425/Documents/vivado_projects/project_1/reluConv_accel/relu_conv_2d/hls/config.cmdline

------------------------------------------
V++ command line :
------------------------------------------
/home/jjos425/Desktop/P4P33-2024/Vitis/2024.1/bin/unwrapped/lnx64.o/v++ -c --mode hls --config /home/jjos425/Documents/vivado_projects/project_1/reluConv_accel/hls_config.cfg --work_dir relu_conv_2d 
  Options from -O    : 
  Options from *.ini : 
  Options from Hw Platform : 

==========================================
new:  steps log generated by v++ for new launch 
timestamp: 13 Sep 2024 17:32:54
------------------------------------------
V++ internal step: writing a config file for vitis_hls: /home/jjos425/Documents/vivado_projects/project_1/reluConv_accel/relu_conv_2d/hls/config.cmdline
timestamp: 13 Sep 2024 17:32:54
V++ internal step status: success
------------------------------------------
V++ internal step: running vitis_hls
timestamp: 13 Sep 2024 17:32:54
working dir: /home/jjos425/Documents/vivado_projects/project_1/reluConv_accel
cmd: vitis_hls -nolog -run csynth -work_dir /home/jjos425/Documents/vivado_projects/project_1/reluConv_accel/relu_conv_2d -config /home/jjos425/Documents/vivado_projects/project_1/reluConv_accel/hls_config.cfg -cmdlineconfig /home/jjos425/Documents/vivado_projects/project_1/reluConv_accel/relu_conv_2d/hls/config.cmdline

------------------------------------------
V++ command line :
------------------------------------------
/home/jjos425/Desktop/P4P33-2024/Vitis/2024.1/bin/unwrapped/lnx64.o/v++ -c --mode hls --config /home/jjos425/Documents/vivado_projects/project_1/reluConv_accel/hls_config.cfg --work_dir relu_conv_2d 
  Options from -O    : 
  Options from *.ini : 
  Options from Hw Platform : 

==========================================
new:  steps log generated by v++ for new launch 
timestamp: 13 Sep 2024 17:34:57
------------------------------------------
V++ internal step: writing a config file for vitis_hls: /home/jjos425/Documents/vivado_projects/project_1/reluConv_accel/relu_conv_2d/hls/config.cmdline
timestamp: 13 Sep 2024 17:34:57
V++ internal step status: success
------------------------------------------
V++ internal step: running vitis_hls
timestamp: 13 Sep 2024 17:34:57
working dir: /home/jjos425/Documents/vivado_projects/project_1/reluConv_accel
cmd: vitis_hls -nolog -run csynth -work_dir /home/jjos425/Documents/vivado_projects/project_1/reluConv_accel/relu_conv_2d -config /home/jjos425/Documents/vivado_projects/project_1/reluConv_accel/hls_config.cfg -cmdlineconfig /home/jjos425/Documents/vivado_projects/project_1/reluConv_accel/relu_conv_2d/hls/config.cmdline
V++ internal step status: success

------------------------------------------
V++ command line :
------------------------------------------
/home/jjos425/Desktop/P4P33-2024/Vitis/2024.1/bin/unwrapped/lnx64.o/v++ -c --mode hls --config /home/jjos425/Documents/vivado_projects/project_1/reluConv_accel/hls_config.cfg --work_dir relu_conv_2d 
  Options from -O    : 
  Options from *.ini : 
  Options from Hw Platform : 

==========================================
new:  steps log generated by v++ for new launch 
timestamp: 13 Sep 2024 17:36:40
------------------------------------------
V++ internal step: writing a config file for vitis_hls: /home/jjos425/Documents/vivado_projects/project_1/reluConv_accel/relu_conv_2d/hls/config.cmdline
timestamp: 13 Sep 2024 17:36:40
V++ internal step status: success
------------------------------------------
V++ internal step: running vitis_hls
timestamp: 13 Sep 2024 17:36:40
working dir: /home/jjos425/Documents/vivado_projects/project_1/reluConv_accel
cmd: vitis_hls -nolog -run csynth -work_dir /home/jjos425/Documents/vivado_projects/project_1/reluConv_accel/relu_conv_2d -config /home/jjos425/Documents/vivado_projects/project_1/reluConv_accel/hls_config.cfg -cmdlineconfig /home/jjos425/Documents/vivado_projects/project_1/reluConv_accel/relu_conv_2d/hls/config.cmdline

------------------------------------------
V++ command line :
------------------------------------------
/home/jjos425/Desktop/P4P33-2024/Vitis/2024.1/bin/unwrapped/lnx64.o/v++ -c --mode hls --config /home/jjos425/Documents/vivado_projects/project_1/reluConv_accel/hls_config.cfg --work_dir relu_conv_2d 
  Options from -O    : 
  Options from *.ini : 
  Options from Hw Platform : 

==========================================
new:  steps log generated by v++ for new launch 
timestamp: 13 Sep 2024 17:37:51
------------------------------------------
V++ internal step: writing a config file for vitis_hls: /home/jjos425/Documents/vivado_projects/project_1/reluConv_accel/relu_conv_2d/hls/config.cmdline
timestamp: 13 Sep 2024 17:37:51
V++ internal step status: success
------------------------------------------
V++ internal step: running vitis_hls
timestamp: 13 Sep 2024 17:37:51
working dir: /home/jjos425/Documents/vivado_projects/project_1/reluConv_accel
cmd: vitis_hls -nolog -run csynth -work_dir /home/jjos425/Documents/vivado_projects/project_1/reluConv_accel/relu_conv_2d -config /home/jjos425/Documents/vivado_projects/project_1/reluConv_accel/hls_config.cfg -cmdlineconfig /home/jjos425/Documents/vivado_projects/project_1/reluConv_accel/relu_conv_2d/hls/config.cmdline
V++ internal step status: success

------------------------------------------
V++ command line :
------------------------------------------
/home/jjos425/Desktop/P4P33-2024/Vitis/2024.1/bin/unwrapped/lnx64.o/v++ -c --mode hls --config /home/jjos425/Documents/vivado_projects/project_1/reluConv_accel/hls_config.cfg --work_dir relu_conv_2d 
  Options from -O    : 
  Options from *.ini : 
  Options from Hw Platform : 

==========================================
new:  steps log generated by v++ for new launch 
timestamp: 23 Sep 2024 10:15:58
------------------------------------------
V++ internal step: writing a config file for vitis_hls: /home/jjos425/Documents/vivado_projects/project_1/reluConv_accel/relu_conv_2d/hls/config.cmdline
timestamp: 23 Sep 2024 10:15:58
V++ internal step status: success
------------------------------------------
V++ internal step: running vitis_hls
timestamp: 23 Sep 2024 10:15:58
working dir: /home/jjos425/Documents/vivado_projects/project_1/reluConv_accel
cmd: vitis_hls -nolog -run csynth -work_dir /home/jjos425/Documents/vivado_projects/project_1/reluConv_accel/relu_conv_2d -config /home/jjos425/Documents/vivado_projects/project_1/reluConv_accel/hls_config.cfg -cmdlineconfig /home/jjos425/Documents/vivado_projects/project_1/reluConv_accel/relu_conv_2d/hls/config.cmdline
V++ internal step status: success

------------------------------------------
V++ command line :
------------------------------------------
/home/jjos425/Desktop/P4P33-2024/Vitis/2024.1/bin/unwrapped/lnx64.o/v++ -c --mode hls --config /home/jjos425/Documents/vivado_projects/project_1/reluConv_accel/hls_config.cfg --work_dir relu_conv_2d 
  Options from -O    : 
  Options from *.ini : 
  Options from Hw Platform : 

==========================================
new:  steps log generated by v++ for new launch 
timestamp: 23 Sep 2024 10:18:01
------------------------------------------
V++ internal step: writing a config file for vitis_hls: /home/jjos425/Documents/vivado_projects/project_1/reluConv_accel/relu_conv_2d/hls/config.cmdline
timestamp: 23 Sep 2024 10:18:01
V++ internal step status: success
------------------------------------------
V++ internal step: running vitis_hls
timestamp: 23 Sep 2024 10:18:01
working dir: /home/jjos425/Documents/vivado_projects/project_1/reluConv_accel
cmd: vitis_hls -nolog -run csynth -work_dir /home/jjos425/Documents/vivado_projects/project_1/reluConv_accel/relu_conv_2d -config /home/jjos425/Documents/vivado_projects/project_1/reluConv_accel/hls_config.cfg -cmdlineconfig /home/jjos425/Documents/vivado_projects/project_1/reluConv_accel/relu_conv_2d/hls/config.cmdline
V++ internal step status: success

------------------------------------------
V++ command line :
------------------------------------------
/home/jjos425/Desktop/P4P33-2024/Vitis/2024.1/bin/unwrapped/lnx64.o/v++ -c --mode hls --config /home/jjos425/Documents/vivado_projects/project_1/reluConv_accel/hls_config.cfg --work_dir relu_conv_2d 
  Options from -O    : 
  Options from *.ini : 
  Options from Hw Platform : 

==========================================
new:  steps log generated by v++ for new launch 
timestamp: 23 Sep 2024 10:22:37
------------------------------------------
V++ internal step: writing a config file for vitis_hls: /home/jjos425/Documents/vivado_projects/project_1/reluConv_accel/relu_conv_2d/hls/config.cmdline
timestamp: 23 Sep 2024 10:22:37
V++ internal step status: success
------------------------------------------
V++ internal step: running vitis_hls
timestamp: 23 Sep 2024 10:22:37
working dir: /home/jjos425/Documents/vivado_projects/project_1/reluConv_accel
cmd: vitis_hls -nolog -run csynth -work_dir /home/jjos425/Documents/vivado_projects/project_1/reluConv_accel/relu_conv_2d -config /home/jjos425/Documents/vivado_projects/project_1/reluConv_accel/hls_config.cfg -cmdlineconfig /home/jjos425/Documents/vivado_projects/project_1/reluConv_accel/relu_conv_2d/hls/config.cmdline
V++ internal step status: success
