INFO: [v++ 60-1548] Creating build summary session with primary output /home/jjos425/Documents/vivado_projects/project_1/primcaps_versal/primcaps_versal/primcaps_versal.hlscompile_summary, at Mon Sep  9 14:06:23 2024
INFO: [v++ 82-31] Launching vitis_hls: vitis_hls -nolog -run csynth -work_dir /home/jjos425/Documents/vivado_projects/project_1/primcaps_versal/primcaps_versal -config /home/jjos425/Documents/vivado_projects/project_1/primcaps_versal/hls_config.cfg -cmdlineconfig /home/jjos425/Documents/vivado_projects/project_1/primcaps_versal/primcaps_versal/hls/config.cmdline

****** Vitis HLS - High-Level Synthesis from C, C++ and OpenCL v2024.1 (64-bit)
  **** SW Build 5069499 on May 21 2024
  **** IP Build 5075265 on Wed May 22 21:45:21 MDT 2024
  **** SharedData Build 5076995 on Wed May 22 18:29:18 MDT 2024
  **** Start of session at: Mon Sep  9 14:06:24 2024
    ** Copyright 1986-2022 Xilinx, Inc. All Rights Reserved.
    ** Copyright 2022-2024 Advanced Micro Devices, Inc. All Rights Reserved.

source /home/jjos425/Desktop/P4P33-2024/Vitis_HLS/2024.1/scripts/vitis_hls/hls.tcl -notrace
INFO: [HLS 200-10] For user 'jjos425' on host 'en432999.uoa.auckland.ac.nz' (Linux_x86_64 version 5.15.0-118-generic) on Mon Sep 09 14:06:25 NZST 2024
INFO: [HLS 200-10] On os Ubuntu 20.04.5 LTS
INFO: [HLS 200-10] In directory '/home/jjos425/Documents/vivado_projects/project_1/primcaps_versal'
INFO: [HLS 200-2005] Using work_dir /home/jjos425/Documents/vivado_projects/project_1/primcaps_versal/primcaps_versal 
INFO: [HLS 200-1505] Using default flow_target 'vivado'
Resolution: For help on HLS 200-1505 see docs.xilinx.com/access/sources/dita/topic?Doc_Version=2024.1%20English&url=ug1448-hls-guidance&resourceid=200-1505.html
INFO: [HLS 200-1465] Applying ini 'syn.file=/home/jjos425/Documents/vivado_projects/project_1/primcaps_versal/constants.h' from /home/jjos425/Documents/vivado_projects/project_1/primcaps_versal/hls_config.cfg(7)
INFO: [HLS 200-10] Adding design file '/home/jjos425/Documents/vivado_projects/project_1/primcaps_versal/constants.h' to the project
INFO: [HLS 200-1465] Applying ini 'syn.file=/home/jjos425/Documents/vivado_projects/project_1/primcaps_versal/PrimaryCaps.cpp' from /home/jjos425/Documents/vivado_projects/project_1/primcaps_versal/hls_config.cfg(8)
INFO: [HLS 200-10] Adding design file '/home/jjos425/Documents/vivado_projects/project_1/primcaps_versal/PrimaryCaps.cpp' to the project
INFO: [HLS 200-1465] Applying ini 'syn.file=/home/jjos425/Documents/vivado_projects/project_1/primcaps_versal/PrimaryCaps.h' from /home/jjos425/Documents/vivado_projects/project_1/primcaps_versal/hls_config.cfg(9)
INFO: [HLS 200-10] Adding design file '/home/jjos425/Documents/vivado_projects/project_1/primcaps_versal/PrimaryCaps.h' to the project
INFO: [HLS 200-1465] Applying ini 'syn.file=/home/jjos425/Documents/vivado_projects/project_1/primcaps_versal/testing_suite.h' from /home/jjos425/Documents/vivado_projects/project_1/primcaps_versal/hls_config.cfg(10)
INFO: [HLS 200-10] Adding design file '/home/jjos425/Documents/vivado_projects/project_1/primcaps_versal/testing_suite.h' to the project
INFO: [HLS 200-1465] Applying ini 'syn.top=process_features' from /home/jjos425/Documents/vivado_projects/project_1/primcaps_versal/hls_config.cfg(11)
INFO: [HLS 200-1465] Applying ini 'flow_target=vitis' from /home/jjos425/Documents/vivado_projects/project_1/primcaps_versal/hls_config.cfg(4)
INFO: [HLS 200-1505] Using flow_target 'vitis'
Resolution: For help on HLS 200-1505 see docs.xilinx.com/access/sources/dita/topic?Doc_Version=2024.1%20English&url=ug1448-hls-guidance&resourceid=200-1505.html
INFO: [HLS 200-435] Setting 'open_solution -flow_target vitis' configuration: config_interface -m_axi_latency=64
INFO: [HLS 200-435] Setting 'open_solution -flow_target vitis' configuration: config_interface -m_axi_alignment_byte_size=64
INFO: [HLS 200-435] Setting 'open_solution -flow_target vitis' configuration: config_interface -m_axi_max_widen_bitwidth=512
INFO: [HLS 200-435] Setting 'open_solution -flow_target vitis' configuration: config_rtl -register_reset_num=3
INFO: [HLS 200-1465] Applying ini 'part=xcve1752-nsvg1369-2LP-e-L' from /home/jjos425/Documents/vivado_projects/project_1/primcaps_versal/hls_config.cfg(1)
INFO: [HLS 200-1611] Setting target device to 'xcve1752-nsvg1369-2LP-e-L'
INFO: [HLS 200-1465] Applying ini 'package.output.format=xo' from /home/jjos425/Documents/vivado_projects/project_1/primcaps_versal/hls_config.cfg(5)
INFO: [HLS 200-111] Finished File checks and directory preparation: CPU user time: 1.48 seconds. CPU system time: 0.15 seconds. Elapsed time: 1.56 seconds; current allocated memory: 318.363 MB.
INFO: [HLS 200-10] Analyzing design file 'PrimaryCaps.cpp' ... 
INFO: [HLS 200-111] Finished Source Code Analysis and Preprocessing: CPU user time: 10.58 seconds. CPU system time: 0.72 seconds. Elapsed time: 11.4 seconds; current allocated memory: 324.547 MB.
INFO: [HLS 200-777] Using interface defaults for 'Vitis' flow target.
INFO: [HLS 200-1995] There were 4,857 instructions in the design after the 'Compile/Link' phase of compilation. See the Design Size Report for more details: /home/jjos425/Documents/vivado_projects/project_1/primcaps_versal/primcaps_versal/hls/syn/report/csynth_design_size.rpt
INFO: [HLS 200-1995] There were 5,611 instructions in the design after the 'Unroll/Inline (step 1)' phase of compilation. See the Design Size Report for more details: /home/jjos425/Documents/vivado_projects/project_1/primcaps_versal/primcaps_versal/hls/syn/report/csynth_design_size.rpt
INFO: [HLS 200-1995] There were 3,092 instructions in the design after the 'Unroll/Inline (step 2)' phase of compilation. See the Design Size Report for more details: /home/jjos425/Documents/vivado_projects/project_1/primcaps_versal/primcaps_versal/hls/syn/report/csynth_design_size.rpt
INFO: [HLS 200-1995] There were 2,622 instructions in the design after the 'Unroll/Inline (step 3)' phase of compilation. See the Design Size Report for more details: /home/jjos425/Documents/vivado_projects/project_1/primcaps_versal/primcaps_versal/hls/syn/report/csynth_design_size.rpt
INFO: [HLS 200-1995] There were 2,586 instructions in the design after the 'Unroll/Inline (step 4)' phase of compilation. See the Design Size Report for more details: /home/jjos425/Documents/vivado_projects/project_1/primcaps_versal/primcaps_versal/hls/syn/report/csynth_design_size.rpt
INFO: [HLS 200-1995] There were 7,683 instructions in the design after the 'Array/Struct (step 1)' phase of compilation. See the Design Size Report for more details: /home/jjos425/Documents/vivado_projects/project_1/primcaps_versal/primcaps_versal/hls/syn/report/csynth_design_size.rpt
INFO: [HLS 200-1995] There were 5,515 instructions in the design after the 'Array/Struct (step 2)' phase of compilation. See the Design Size Report for more details: /home/jjos425/Documents/vivado_projects/project_1/primcaps_versal/primcaps_versal/hls/syn/report/csynth_design_size.rpt
INFO: [HLS 200-1995] There were 5,515 instructions in the design after the 'Array/Struct (step 3)' phase of compilation. See the Design Size Report for more details: /home/jjos425/Documents/vivado_projects/project_1/primcaps_versal/primcaps_versal/hls/syn/report/csynth_design_size.rpt
INFO: [HLS 200-1995] There were 5,925 instructions in the design after the 'Array/Struct (step 4)' phase of compilation. See the Design Size Report for more details: /home/jjos425/Documents/vivado_projects/project_1/primcaps_versal/primcaps_versal/hls/syn/report/csynth_design_size.rpt
INFO: [HLS 200-1995] There were 5,726 instructions in the design after the 'Array/Struct (step 5)' phase of compilation. See the Design Size Report for more details: /home/jjos425/Documents/vivado_projects/project_1/primcaps_versal/primcaps_versal/hls/syn/report/csynth_design_size.rpt
INFO: [HLS 200-1995] There were 5,732 instructions in the design after the 'Performance (step 1)' phase of compilation. See the Design Size Report for more details: /home/jjos425/Documents/vivado_projects/project_1/primcaps_versal/primcaps_versal/hls/syn/report/csynth_design_size.rpt
INFO: [HLS 200-1995] There were 5,481 instructions in the design after the 'Performance (step 2)' phase of compilation. See the Design Size Report for more details: /home/jjos425/Documents/vivado_projects/project_1/primcaps_versal/primcaps_versal/hls/syn/report/csynth_design_size.rpt
INFO: [HLS 200-1995] There were 5,849 instructions in the design after the 'Performance (step 3)' phase of compilation. See the Design Size Report for more details: /home/jjos425/Documents/vivado_projects/project_1/primcaps_versal/primcaps_versal/hls/syn/report/csynth_design_size.rpt
INFO: [HLS 200-1995] There were 5,576 instructions in the design after the 'Performance (step 4)' phase of compilation. See the Design Size Report for more details: /home/jjos425/Documents/vivado_projects/project_1/primcaps_versal/primcaps_versal/hls/syn/report/csynth_design_size.rpt
INFO: [HLS 200-1995] There were 5,587 instructions in the design after the 'HW Transforms (step 1)' phase of compilation. See the Design Size Report for more details: /home/jjos425/Documents/vivado_projects/project_1/primcaps_versal/primcaps_versal/hls/syn/report/csynth_design_size.rpt
INFO: [HLS 200-1995] There were 5,704 instructions in the design after the 'HW Transforms (step 2)' phase of compilation. See the Design Size Report for more details: /home/jjos425/Documents/vivado_projects/project_1/primcaps_versal/primcaps_versal/hls/syn/report/csynth_design_size.rpt
WARNING: [HLS 214-386] A depth specification is required for MAXI interface port 'biases' for cosimulation. (PrimaryCaps.cpp:174:0)
WARNING: [HLS 214-386] A depth specification is required for MAXI interface port 'output' for cosimulation. (PrimaryCaps.cpp:174:0)
WARNING: [HLS 214-199] Ignoring dependence pragma on local scalar variable 'result'. (PrimaryCaps.cpp:157:9)
INFO: [HLS 214-291] Loop 'conv_kernel_row_9' is marked as complete unroll implied by the pipeline pragma (PrimaryCaps.cpp:132:27)
INFO: [HLS 214-291] Loop 'conv_kernel_col_9' is marked as complete unroll implied by the pipeline pragma (PrimaryCaps.cpp:135:20)
INFO: [HLS 214-186] Unrolling loop 'conv_kernel_row_9' (PrimaryCaps.cpp:132:27) in function 'calculate_single_value' completely with a factor of 9 (PrimaryCaps.cpp:124:0)
INFO: [HLS 214-186] Unrolling loop 'conv_kernel_col_9' (PrimaryCaps.cpp:135:20) in function 'calculate_single_value' completely with a factor of 9 (PrimaryCaps.cpp:124:0)
WARNING: [HLS 214-366] Duplicating function 'ap_fixed_base<32, 16, true, (ap_q_mode)5, (ap_o_mode)3, 0>::ap_fixed_base(double)' as different function signatures were detected between this call site and other call site(s). This may impact the resources used in the design. (PrimaryCaps.cpp:125:36)
INFO: [HLS 214-178] Inlining function 'coalesce_partial_sums(ap_fixed<32, 16, (ap_q_mode)5, (ap_o_mode)3, 0>*, ap_fixed<32, 16, (ap_q_mode)5, (ap_o_mode)3, 0>*)' into 'calculate_single_value(ap_fixed<32, 16, (ap_q_mode)5, (ap_o_mode)3, 0>*, ap_fixed<32, 16, (ap_q_mode)5, (ap_o_mode)3, 0>*, unsigned int, unsigned int, ap_fixed<32, 16, (ap_q_mode)5, (ap_o_mode)3, 0>*)' (PrimaryCaps.cpp:124:0)
INFO: [HLS 214-178] Inlining function 'conv_2d(ap_fixed<32, 16, (ap_q_mode)5, (ap_o_mode)3, 0>*, hls::stream<ap_fixed<32, 16, (ap_q_mode)5, (ap_o_mode)3, 0>, 0>&, ap_fixed<32, 16, (ap_q_mode)5, (ap_o_mode)3, 0>*, ap_fixed<32, 16, (ap_q_mode)5, (ap_o_mode)3, 0>*)' into 'process_features(ap_fixed<32, 16, (ap_q_mode)5, (ap_o_mode)3, 0>*, ap_fixed<32, 16, (ap_q_mode)5, (ap_o_mode)3, 0>*, ap_fixed<32, 16, (ap_q_mode)5, (ap_o_mode)3, 0>*, ap_fixed<32, 16, (ap_q_mode)5, (ap_o_mode)3, 0>*)' (PrimaryCaps.cpp:174:0)
INFO: [HLS 214-178] Inlining function 'reshape(ap_fixed<32, 16, (ap_q_mode)5, (ap_o_mode)3, 0>*, ap_fixed<32, 16, (ap_q_mode)5, (ap_o_mode)3, 0>*)' into 'process_features(ap_fixed<32, 16, (ap_q_mode)5, (ap_o_mode)3, 0>*, ap_fixed<32, 16, (ap_q_mode)5, (ap_o_mode)3, 0>*, ap_fixed<32, 16, (ap_q_mode)5, (ap_o_mode)3, 0>*, ap_fixed<32, 16, (ap_q_mode)5, (ap_o_mode)3, 0>*)' (PrimaryCaps.cpp:174:0)
INFO: [HLS 214-248] Applying array_partition to 'partial_sums': Complete partitioning on dimension 1. (PrimaryCaps.cpp:125:13)
INFO: [HLS 214-248] Applying array_partition to 'input_buffer.i': Cyclic partitioning with factor 32 on dimension 1. (PrimaryCaps.cpp:69:13)
INFO: [HLS 214-248] Applying array_reshape to 'weight_buffer.i': Cyclic reshaping with factor 81 on dimension 1. (PrimaryCaps.cpp:77:10)
INFO: [HLS 214-376] automatically set the pipeline for Loop< unknown> at PrimaryCaps.cpp:264:39 
INFO: [HLS 214-376] automatically set the pipeline for Loop< unknown> at PrimaryCaps.cpp:268:4 
INFO: [HLS 214-376] automatically set the pipeline for Loop< VITIS_LOOP_274_2> at PrimaryCaps.cpp:274:26 
INFO: [HLS 214-376] automatically set the pipeline for Loop< VITIS_LOOP_282_3> at PrimaryCaps.cpp:282:22 
INFO: [HLS 214-376] automatically set the pipeline for Loop< VITIS_LOOP_294_5> at PrimaryCaps.cpp:294:22 
INFO: [HLS 214-376] automatically set the pipeline for Loop< unknown> at PrimaryCaps.cpp:303:4 
INFO: [HLS 214-376] automatically set the pipeline for Loop< unknown> at PrimaryCaps.cpp:125:35 
INFO: [HLS 214-376] automatically set the pipeline for Loop< unknown> at PrimaryCaps.cpp:85:2 
INFO: [HLS 214-376] automatically set the pipeline for Loop< unknown> at PrimaryCaps.cpp:86:5 
INFO: [HLS 214-376] automatically set the pipeline for Loop< unknown> at PrimaryCaps.cpp:120:5 
INFO: [HLS 214-376] automatically set the pipeline for Loop< unknown> at PrimaryCaps.cpp:223:4 
INFO: [HLS 214-376] automatically set the pipeline for Loop< VITIS_LOOP_241_4> at PrimaryCaps.cpp:241:34 
INFO: [HLS 214-376] automatically set the pipeline for Loop< unknown> at PrimaryCaps.cpp:253:4 
INFO: [HLS 214-291] Loop 'VITIS_LOOP_296_6' is marked as complete unroll implied by the pipeline pragma (PrimaryCaps.cpp:296:26)
INFO: [HLS 214-291] Loop 'VITIS_LOOP_284_4' is marked as complete unroll implied by the pipeline pragma (PrimaryCaps.cpp:284:26)
INFO: [HLS 214-186] Unrolling loop 'VITIS_LOOP_296_6' (PrimaryCaps.cpp:296:26) in function 'squash' completely with a factor of 8 (PrimaryCaps.cpp:258:0)
INFO: [HLS 214-186] Unrolling loop 'VITIS_LOOP_284_4' (PrimaryCaps.cpp:284:26) in function 'squash' completely with a factor of 8 (PrimaryCaps.cpp:258:0)
INFO: [HLS 214-270] Inferring pragma 'array_partition type=cyclic factor=4 dim=1' for array 'input_buffer' due to pipeline pragma (PrimaryCaps.cpp:261:12)
INFO: [HLS 214-270] Inferring pragma 'array_partition type=cyclic factor=4 dim=1' for array 'output_buffer' due to pipeline pragma (PrimaryCaps.cpp:262:12)
INFO: [HLS 214-270] Inferring pragma 'array_partition type=cyclic factor=4 dim=1' for array 'squared_input' due to pipeline pragma (PrimaryCaps.cpp:263:12)
INFO: [HLS 214-248] Applying array_partition to 'input_buffer': Cyclic partitioning with factor 4 on dimension 1. (PrimaryCaps.cpp:261:12)
INFO: [HLS 214-248] Applying array_partition to 'output_buffer': Cyclic partitioning with factor 4 on dimension 1. (PrimaryCaps.cpp:262:12)
INFO: [HLS 214-248] Applying array_partition to 'squared_input': Cyclic partitioning with factor 4 on dimension 1. (PrimaryCaps.cpp:263:12)
INFO: [HLS 214-115] Multiple burst writes of length 576 and bit width 512 has been inferred on bundle 'gmem3'. These burst requests might be further partitioned into multiple requests during RTL generation, based on max_read_burst_length or max_write_burst_length settings. (PrimaryCaps.cpp:303:4)
INFO: [HLS 214-115] Multiple burst reads of length 331776 and bit width 512 has been inferred on bundle 'gmem1'. These burst requests might be further partitioned into multiple requests during RTL generation, based on max_read_burst_length or max_write_burst_length settings. (PrimaryCaps.cpp:190:23)
INFO: [HLS 214-115] Multiple burst reads of length 6400 and bit width 512 has been inferred on bundle 'gmem0'. These burst requests might be further partitioned into multiple requests during RTL generation, based on max_read_burst_length or max_write_burst_length settings. (PrimaryCaps.cpp:85:2)
INFO: [HLS 214-115] Multiple burst reads of length 16 and bit width 512 has been inferred on bundle 'gmem2'. These burst requests might be further partitioned into multiple requests during RTL generation, based on max_read_burst_length or max_write_burst_length settings. (PrimaryCaps.cpp:86:5)
INFO: [HLS 200-111] Finished Compiling Optimization and Transform: CPU user time: 7.76 seconds. CPU system time: 0.31 seconds. Elapsed time: 11.64 seconds; current allocated memory: 325.562 MB.
INFO: [HLS 200-111] Finished Checking Pragmas: CPU user time: 0 seconds. CPU system time: 0 seconds. Elapsed time: 0 seconds; current allocated memory: 325.562 MB.
INFO: [HLS 200-10] Starting code transformations ...
INFO: [HLS 200-111] Finished Standard Transforms: CPU user time: 0.4 seconds. CPU system time: 0 seconds. Elapsed time: 0.4 seconds; current allocated memory: 330.855 MB.
INFO: [HLS 200-10] Checking synthesizability ...
WARNING: [SYNCHK 200-23] PrimaryCaps.cpp:289: variable-indexed range selection may cause suboptimal QoR.
INFO: [SYNCHK 200-10] 0 error(s), 1 warning(s).
INFO: [HLS 200-111] Finished Checking Synthesizability: CPU user time: 0.23 seconds. CPU system time: 0 seconds. Elapsed time: 0.23 seconds; current allocated memory: 337.371 MB.
WARNING: [HLS 200-805] An internal stream 'weights_stream' (PrimaryCaps.cpp:189) with default size can result in deadlock. Please consider resizing the stream using the directive 'set_directive_stream' or the 'HLS stream' pragma.
INFO: [XFORM 203-401] Performing if-conversion on hyperblock from (PrimaryCaps.cpp:282:36) to (PrimaryCaps.cpp:282:22) in function 'squash'... converting 16 basic blocks.
INFO: [XFORM 203-11] Balancing expressions in function 'squash' (PrimaryCaps.cpp:261:26)...15 expression(s) balanced.
INFO: [HLS 200-111] Finished Loop, function and other optimizations: CPU user time: 1.88 seconds. CPU system time: 0.01 seconds. Elapsed time: 1.89 seconds; current allocated memory: 382.676 MB.
INFO: [HLS 200-2061] Successfully converted nested loops 'VITIS_LOOP_272_1'(PrimaryCaps.cpp:272:22) and 'VITIS_LOOP_274_2'(PrimaryCaps.cpp:274:26) in function 'squash' into perfectly nested loops.
INFO: [HLS 200-2061] Successfully converted nested loops 'VITIS_LOOP_239_3'(PrimaryCaps.cpp:239:30) and 'VITIS_LOOP_241_4'(PrimaryCaps.cpp:241:34) in function 'process_features' into perfectly nested loops.
INFO: [HLS 200-2061] Successfully converted nested loops 'VITIS_LOOP_237_2'(PrimaryCaps.cpp:237:26) and 'VITIS_LOOP_239_3'(PrimaryCaps.cpp:239:30) in function 'process_features' into perfectly nested loops.
INFO: [HLS 200-2061] Successfully converted nested loops 'VITIS_LOOP_235_1'(PrimaryCaps.cpp:235:22) and 'VITIS_LOOP_237_2'(PrimaryCaps.cpp:237:26) in function 'process_features' into perfectly nested loops.
INFO: [HLS 200-2061] Successfully converted nested loops 'VITIS_LOOP_155_1'(PrimaryCaps.cpp:155:20) and 'VITIS_LOOP_158_2'(PrimaryCaps.cpp:158:20) in function 'calculate_single_value' into perfectly nested loops.
INFO: [XFORM 203-541] Flattening a loop nest 'VITIS_LOOP_272_1' (PrimaryCaps.cpp:272:22) in function 'squash'.
INFO: [XFORM 203-541] Flattening a loop nest 'VITIS_LOOP_239_3' (PrimaryCaps.cpp:239:30) in function 'process_features'.
INFO: [XFORM 203-541] Flattening a loop nest 'VITIS_LOOP_237_2' (PrimaryCaps.cpp:237:26) in function 'process_features'.
INFO: [XFORM 203-541] Flattening a loop nest 'VITIS_LOOP_235_1' (PrimaryCaps.cpp:235:22) in function 'process_features'.
INFO: [XFORM 203-541] Flattening a loop nest 'VITIS_LOOP_155_1' (PrimaryCaps.cpp:155:20) in function 'calculate_single_value'.
INFO: [HLS 200-472] Inferring partial write operation for 'weight_buffer' (PrimaryCaps.cpp:107:19)
INFO: [HLS 200-111] Finished Architecture Synthesis: CPU user time: 1.45 seconds. CPU system time: 0.04 seconds. Elapsed time: 1.48 seconds; current allocated memory: 575.758 MB.
INFO: [HLS 200-10] Starting hardware synthesis ...
INFO: [HLS 200-10] Synthesizing 'process_features' ...
INFO: [SYN 201-201] Setting up clock 'default' with a period of 10ns.
INFO: [HLS 200-10] ----------------------------------------------------------------
INFO: [HLS 200-42] -- Implementing module 'process_features_Pipeline_VITIS_LOOP_190_1' 
INFO: [HLS 200-10] ----------------------------------------------------------------
INFO: [SCHED 204-11] Starting scheduling ...
INFO: [SCHED 204-61] Pipelining loop 'VITIS_LOOP_190_1'.
INFO: [HLS 200-1470] Pipelining result : Target II = NA, Final II = 1, Depth = 2, loop 'VITIS_LOOP_190_1'
INFO: [SCHED 204-11] Finished scheduling.
INFO: [HLS 200-111] Finished Scheduling: CPU user time: 0.69 seconds. CPU system time: 0.04 seconds. Elapsed time: 0.72 seconds; current allocated memory: 579.164 MB.
INFO: [BIND 205-100] Starting micro-architecture generation ...
INFO: [BIND 205-101] Performing variable lifetime analysis.
INFO: [BIND 205-101] Exploring resource sharing.
INFO: [BIND 205-101] Binding ...
INFO: [BIND 205-100] Finished micro-architecture generation.
INFO: [HLS 200-111] Finished Binding: CPU user time: 0.01 seconds. CPU system time: 0 seconds. Elapsed time: 0.02 seconds; current allocated memory: 579.164 MB.
INFO: [HLS 200-10] ----------------------------------------------------------------
INFO: [HLS 200-42] -- Implementing module 'process_features_Pipeline_2' 
INFO: [HLS 200-10] ----------------------------------------------------------------
INFO: [SCHED 204-11] Starting scheduling ...
INFO: [SCHED 204-61] Pipelining loop 'Loop 1'.
INFO: [HLS 200-1470] Pipelining result : Target II = NA, Final II = 1, Depth = 2, loop 'Loop 1'
INFO: [SCHED 204-11] Finished scheduling.
INFO: [HLS 200-111] Finished Scheduling: CPU user time: 0.56 seconds. CPU system time: 0 seconds. Elapsed time: 0.56 seconds; current allocated memory: 582.027 MB.
INFO: [BIND 205-100] Starting micro-architecture generation ...
INFO: [BIND 205-101] Performing variable lifetime analysis.
INFO: [BIND 205-101] Exploring resource sharing.
INFO: [BIND 205-101] Binding ...
INFO: [BIND 205-100] Finished micro-architecture generation.
INFO: [HLS 200-111] Finished Binding: CPU user time: 0.03 seconds. CPU system time: 0.01 seconds. Elapsed time: 0.04 seconds; current allocated memory: 582.027 MB.
INFO: [HLS 200-10] ----------------------------------------------------------------
INFO: [HLS 200-42] -- Implementing module 'process_features_Pipeline_3' 
INFO: [HLS 200-10] ----------------------------------------------------------------
INFO: [SCHED 204-11] Starting scheduling ...
INFO: [SCHED 204-61] Pipelining loop 'Loop 1'.
INFO: [HLS 200-1470] Pipelining result : Target II = NA, Final II = 1, Depth = 2, loop 'Loop 1'
INFO: [SCHED 204-11] Finished scheduling.
INFO: [HLS 200-111] Finished Scheduling: CPU user time: 0.36 seconds. CPU system time: 0 seconds. Elapsed time: 0.36 seconds; current allocated memory: 582.027 MB.
INFO: [BIND 205-100] Starting micro-architecture generation ...
INFO: [BIND 205-101] Performing variable lifetime analysis.
INFO: [BIND 205-101] Exploring resource sharing.
INFO: [BIND 205-101] Binding ...
INFO: [BIND 205-100] Finished micro-architecture generation.
INFO: [HLS 200-111] Finished Binding: CPU user time: 0.01 seconds. CPU system time: 0 seconds. Elapsed time: 0.01 seconds; current allocated memory: 582.027 MB.
INFO: [HLS 200-10] ----------------------------------------------------------------
INFO: [HLS 200-42] -- Implementing module 'process_features_Pipeline_conv_weights' 
INFO: [HLS 200-10] ----------------------------------------------------------------
INFO: [SCHED 204-11] Starting scheduling ...
INFO: [SCHED 204-61] Pipelining loop 'conv_weights'.
INFO: [HLS 200-1470] Pipelining result : Target II = NA, Final II = 1, Depth = 2, loop 'conv_weights'
INFO: [SCHED 204-11] Finished scheduling.
INFO: [HLS 200-111] Finished Scheduling: CPU user time: 0.33 seconds. CPU system time: 0 seconds. Elapsed time: 0.33 seconds; current allocated memory: 582.027 MB.
INFO: [BIND 205-100] Starting micro-architecture generation ...
INFO: [BIND 205-101] Performing variable lifetime analysis.
INFO: [BIND 205-101] Exploring resource sharing.
INFO: [BIND 205-101] Binding ...
INFO: [BIND 205-100] Finished micro-architecture generation.
INFO: [HLS 200-111] Finished Binding: CPU user time: 0.01 seconds. CPU system time: 0 seconds. Elapsed time: 0.01 seconds; current allocated memory: 582.027 MB.
INFO: [HLS 200-10] ----------------------------------------------------------------
INFO: [HLS 200-42] -- Implementing module 'calculate_single_value_Pipeline_1' 
INFO: [HLS 200-10] ----------------------------------------------------------------
INFO: [SCHED 204-11] Starting scheduling ...
INFO: [SCHED 204-61] Pipelining loop 'Loop 1'.
INFO: [HLS 200-1470] Pipelining result : Target II = NA, Final II = 1, Depth = 1, loop 'Loop 1'
INFO: [SCHED 204-11] Finished scheduling.
INFO: [HLS 200-111] Finished Scheduling: CPU user time: 0.29 seconds. CPU system time: 0 seconds. Elapsed time: 0.3 seconds; current allocated memory: 589.535 MB.
INFO: [BIND 205-100] Starting micro-architecture generation ...
INFO: [BIND 205-101] Performing variable lifetime analysis.
INFO: [BIND 205-101] Exploring resource sharing.
INFO: [BIND 205-101] Binding ...
INFO: [BIND 205-100] Finished micro-architecture generation.
INFO: [HLS 200-111] Finished Binding: CPU user time: 0.59 seconds. CPU system time: 0 seconds. Elapsed time: 0.6 seconds; current allocated memory: 589.535 MB.
INFO: [HLS 200-10] ----------------------------------------------------------------
INFO: [HLS 200-42] -- Implementing module 'calculate_single_value_Pipeline_conv_kernel_depth_256' 
INFO: [HLS 200-10] ----------------------------------------------------------------
INFO: [SCHED 204-11] Starting scheduling ...
INFO: [SCHED 204-61] Pipelining loop 'conv_kernel_depth_256'.
INFO: [HLS 200-1470] Pipelining result : Target II = 1, Final II = 1, Depth = 5, loop 'conv_kernel_depth_256'
INFO: [SCHED 204-11] Finished scheduling.
INFO: [HLS 200-111] Finished Scheduling: CPU user time: 72.03 seconds. CPU system time: 0.02 seconds. Elapsed time: 72.05 seconds; current allocated memory: 655.309 MB.
INFO: [BIND 205-100] Starting micro-architecture generation ...
INFO: [BIND 205-101] Performing variable lifetime analysis.
INFO: [BIND 205-101] Exploring resource sharing.
INFO: [BIND 205-101] Binding ...
INFO: [BIND 205-100] Finished micro-architecture generation.
INFO: [HLS 200-111] Finished Binding: CPU user time: 9.65 seconds. CPU system time: 0.01 seconds. Elapsed time: 9.66 seconds; current allocated memory: 655.309 MB.
INFO: [HLS 200-10] ----------------------------------------------------------------
INFO: [HLS 200-42] -- Implementing module 'calculate_single_value_Pipeline_VITIS_LOOP_155_1_VITIS_LOOP_158_2' 
INFO: [HLS 200-10] ----------------------------------------------------------------
INFO: [SCHED 204-11] Starting scheduling ...
INFO: [SCHED 204-61] Pipelining loop 'VITIS_LOOP_155_1_VITIS_LOOP_158_2'.
INFO: [HLS 200-1470] Pipelining result : Target II = 3, Final II = 1, Depth = 1, loop 'VITIS_LOOP_155_1_VITIS_LOOP_158_2'
INFO: [SCHED 204-11] Finished scheduling.
INFO: [HLS 200-111] Finished Scheduling: CPU user time: 13.74 seconds. CPU system time: 0.01 seconds. Elapsed time: 13.77 seconds; current allocated memory: 655.309 MB.
INFO: [BIND 205-100] Starting micro-architecture generation ...
INFO: [BIND 205-101] Performing variable lifetime analysis.
INFO: [BIND 205-101] Exploring resource sharing.
INFO: [BIND 205-101] Binding ...
INFO: [BIND 205-100] Finished micro-architecture generation.
INFO: [HLS 200-111] Finished Binding: CPU user time: 0.02 seconds. CPU system time: 0 seconds. Elapsed time: 0.02 seconds; current allocated memory: 655.309 MB.
INFO: [HLS 200-10] ----------------------------------------------------------------
INFO: [HLS 200-42] -- Implementing module 'calculate_single_value' 
INFO: [HLS 200-10] ----------------------------------------------------------------
INFO: [SCHED 204-11] Starting scheduling ...
INFO: [SCHED 204-11] Finished scheduling.
INFO: [HLS 200-111] Finished Scheduling: CPU user time: 0.16 seconds. CPU system time: 0 seconds. Elapsed time: 0.15 seconds; current allocated memory: 655.309 MB.
INFO: [BIND 205-100] Starting micro-architecture generation ...
INFO: [BIND 205-101] Performing variable lifetime analysis.
INFO: [BIND 205-101] Exploring resource sharing.
INFO: [BIND 205-101] Binding ...
INFO: [BIND 205-100] Finished micro-architecture generation.
INFO: [HLS 200-111] Finished Binding: CPU user time: 4.52 seconds. CPU system time: 0 seconds. Elapsed time: 4.53 seconds; current allocated memory: 655.309 MB.
INFO: [HLS 200-10] ----------------------------------------------------------------
INFO: [HLS 200-42] -- Implementing module 'process_features_Pipeline_5' 
INFO: [HLS 200-10] ----------------------------------------------------------------
INFO: [SCHED 204-11] Starting scheduling ...
INFO: [SCHED 204-61] Pipelining loop 'Loop 1'.
INFO: [HLS 200-1470] Pipelining result : Target II = NA, Final II = 1, Depth = 2, loop 'Loop 1'
INFO: [SCHED 204-11] Finished scheduling.
INFO: [HLS 200-111] Finished Scheduling: CPU user time: 13.61 seconds. CPU system time: 0 seconds. Elapsed time: 13.6 seconds; current allocated memory: 655.309 MB.
INFO: [BIND 205-100] Starting micro-architecture generation ...
INFO: [BIND 205-101] Performing variable lifetime analysis.
INFO: [BIND 205-101] Exploring resource sharing.
INFO: [BIND 205-101] Binding ...
INFO: [BIND 205-100] Finished micro-architecture generation.
INFO: [HLS 200-111] Finished Binding: CPU user time: 0.05 seconds. CPU system time: 0 seconds. Elapsed time: 0.05 seconds; current allocated memory: 655.309 MB.
INFO: [HLS 200-10] ----------------------------------------------------------------
INFO: [HLS 200-42] -- Implementing module 'process_features_Pipeline_6' 
INFO: [HLS 200-10] ----------------------------------------------------------------
INFO: [SCHED 204-11] Starting scheduling ...
INFO: [SCHED 204-61] Pipelining loop 'Loop 1'.
INFO: [HLS 200-1470] Pipelining result : Target II = NA, Final II = 1, Depth = 2, loop 'Loop 1'
INFO: [SCHED 204-11] Finished scheduling.
INFO: [HLS 200-111] Finished Scheduling: CPU user time: 0.18 seconds. CPU system time: 0 seconds. Elapsed time: 0.18 seconds; current allocated memory: 655.309 MB.
INFO: [BIND 205-100] Starting micro-architecture generation ...
INFO: [BIND 205-101] Performing variable lifetime analysis.
INFO: [BIND 205-101] Exploring resource sharing.
INFO: [BIND 205-101] Binding ...
INFO: [BIND 205-100] Finished micro-architecture generation.
INFO: [HLS 200-111] Finished Binding: CPU user time: 0.05 seconds. CPU system time: 0 seconds. Elapsed time: 0.05 seconds; current allocated memory: 655.309 MB.
INFO: [HLS 200-10] ----------------------------------------------------------------
INFO: [HLS 200-42] -- Implementing module 'process_features_Pipeline_VITIS_LOOP_235_1_VITIS_LOOP_237_2_VITIS_LOOP_239_3_VIT' 
INFO: [HLS 200-10] ----------------------------------------------------------------
INFO: [SCHED 204-11] Starting scheduling ...
INFO: [SCHED 204-61] Pipelining loop 'VITIS_LOOP_235_1_VITIS_LOOP_237_2_VITIS_LOOP_239_3_VITIS_LOOP_241_4'.
INFO: [HLS 200-1470] Pipelining result : Target II = NA, Final II = 1, Depth = 4, loop 'VITIS_LOOP_235_1_VITIS_LOOP_237_2_VITIS_LOOP_239_3_VITIS_LOOP_241_4'
INFO: [SCHED 204-11] Finished scheduling.
INFO: [HLS 200-111] Finished Scheduling: CPU user time: 0.75 seconds. CPU system time: 0.01 seconds. Elapsed time: 0.76 seconds; current allocated memory: 655.309 MB.
INFO: [BIND 205-100] Starting micro-architecture generation ...
INFO: [BIND 205-101] Performing variable lifetime analysis.
INFO: [BIND 205-101] Exploring resource sharing.
INFO: [BIND 205-101] Binding ...
INFO: [BIND 205-100] Finished micro-architecture generation.
INFO: [HLS 200-111] Finished Binding: CPU user time: 0.06 seconds. CPU system time: 0 seconds. Elapsed time: 0.05 seconds; current allocated memory: 655.309 MB.
INFO: [HLS 200-10] ----------------------------------------------------------------
INFO: [HLS 200-42] -- Implementing module 'process_features_Pipeline_8' 
INFO: [HLS 200-10] ----------------------------------------------------------------
INFO: [SCHED 204-11] Starting scheduling ...
INFO: [SCHED 204-61] Pipelining loop 'Loop 1'.
INFO: [HLS 200-1470] Pipelining result : Target II = NA, Final II = 1, Depth = 2, loop 'Loop 1'
INFO: [SCHED 204-11] Finished scheduling.
INFO: [HLS 200-111] Finished Scheduling: CPU user time: 0.18 seconds. CPU system time: 0 seconds. Elapsed time: 0.19 seconds; current allocated memory: 655.309 MB.
INFO: [BIND 205-100] Starting micro-architecture generation ...
INFO: [BIND 205-101] Performing variable lifetime analysis.
INFO: [BIND 205-101] Exploring resource sharing.
INFO: [BIND 205-101] Binding ...
INFO: [BIND 205-100] Finished micro-architecture generation.
INFO: [HLS 200-111] Finished Binding: CPU user time: 0.05 seconds. CPU system time: 0 seconds. Elapsed time: 0.05 seconds; current allocated memory: 655.309 MB.
INFO: [HLS 200-10] ----------------------------------------------------------------
INFO: [HLS 200-42] -- Implementing module 'squash_Pipeline_1' 
INFO: [HLS 200-10] ----------------------------------------------------------------
INFO: [SCHED 204-11] Starting scheduling ...
INFO: [SCHED 204-61] Pipelining loop 'Loop 1'.
INFO: [HLS 200-1470] Pipelining result : Target II = NA, Final II = 1, Depth = 1, loop 'Loop 1'
INFO: [SCHED 204-11] Finished scheduling.
INFO: [HLS 200-111] Finished Scheduling: CPU user time: 0.34 seconds. CPU system time: 0 seconds. Elapsed time: 0.34 seconds; current allocated memory: 655.309 MB.
INFO: [BIND 205-100] Starting micro-architecture generation ...
INFO: [BIND 205-101] Performing variable lifetime analysis.
INFO: [BIND 205-101] Exploring resource sharing.
INFO: [BIND 205-101] Binding ...
INFO: [BIND 205-100] Finished micro-architecture generation.
INFO: [HLS 200-111] Finished Binding: CPU user time: 0.01 seconds. CPU system time: 0 seconds. Elapsed time: 0.02 seconds; current allocated memory: 655.309 MB.
INFO: [HLS 200-10] ----------------------------------------------------------------
INFO: [HLS 200-42] -- Implementing module 'squash_Pipeline_2' 
INFO: [HLS 200-10] ----------------------------------------------------------------
INFO: [SCHED 204-11] Starting scheduling ...
INFO: [SCHED 204-61] Pipelining loop 'Loop 1'.
INFO: [HLS 200-1470] Pipelining result : Target II = NA, Final II = 1, Depth = 2, loop 'Loop 1'
INFO: [SCHED 204-11] Finished scheduling.
INFO: [HLS 200-111] Finished Scheduling: CPU user time: 0.77 seconds. CPU system time: 0 seconds. Elapsed time: 0.78 seconds; current allocated memory: 655.309 MB.
INFO: [BIND 205-100] Starting micro-architecture generation ...
INFO: [BIND 205-101] Performing variable lifetime analysis.
INFO: [BIND 205-101] Exploring resource sharing.
INFO: [BIND 205-101] Binding ...
INFO: [BIND 205-100] Finished micro-architecture generation.
INFO: [HLS 200-111] Finished Binding: CPU user time: 0.06 seconds. CPU system time: 0 seconds. Elapsed time: 0.05 seconds; current allocated memory: 655.309 MB.
INFO: [HLS 200-10] ----------------------------------------------------------------
INFO: [HLS 200-42] -- Implementing module 'squash_Pipeline_VITIS_LOOP_272_1_VITIS_LOOP_274_2' 
INFO: [HLS 200-10] ----------------------------------------------------------------
INFO: [SCHED 204-11] Starting scheduling ...
INFO: [SCHED 204-61] Pipelining loop 'VITIS_LOOP_272_1_VITIS_LOOP_274_2'.
INFO: [HLS 200-1470] Pipelining result : Target II = NA, Final II = 1, Depth = 4, loop 'VITIS_LOOP_272_1_VITIS_LOOP_274_2'
INFO: [SCHED 204-11] Finished scheduling.
INFO: [HLS 200-111] Finished Scheduling: CPU user time: 1.56 seconds. CPU system time: 0 seconds. Elapsed time: 1.57 seconds; current allocated memory: 655.309 MB.
INFO: [BIND 205-100] Starting micro-architecture generation ...
INFO: [BIND 205-101] Performing variable lifetime analysis.
INFO: [BIND 205-101] Exploring resource sharing.
INFO: [BIND 205-101] Binding ...
INFO: [BIND 205-100] Finished micro-architecture generation.
INFO: [HLS 200-111] Finished Binding: CPU user time: 0.06 seconds. CPU system time: 0 seconds. Elapsed time: 0.06 seconds; current allocated memory: 655.309 MB.
INFO: [HLS 200-10] ----------------------------------------------------------------
INFO: [HLS 200-42] -- Implementing module 'squash_Pipeline_VITIS_LOOP_282_3' 
INFO: [HLS 200-10] ----------------------------------------------------------------
INFO: [SCHED 204-11] Starting scheduling ...
INFO: [SCHED 204-61] Pipelining loop 'VITIS_LOOP_282_3'.
INFO: [HLS 200-1470] Pipelining result : Target II = NA, Final II = 1, Depth = 85, loop 'VITIS_LOOP_282_3'
INFO: [SCHED 204-11] Finished scheduling.
INFO: [HLS 200-111] Finished Scheduling: CPU user time: 1.18 seconds. CPU system time: 0 seconds. Elapsed time: 1.18 seconds; current allocated memory: 655.309 MB.
INFO: [BIND 205-100] Starting micro-architecture generation ...
INFO: [BIND 205-101] Performing variable lifetime analysis.
INFO: [BIND 205-101] Exploring resource sharing.
INFO: [BIND 205-101] Binding ...
INFO: [BIND 205-100] Finished micro-architecture generation.
INFO: [HLS 200-111] Finished Binding: CPU user time: 0.51 seconds. CPU system time: 0 seconds. Elapsed time: 0.52 seconds; current allocated memory: 655.309 MB.
INFO: [HLS 200-10] ----------------------------------------------------------------
INFO: [HLS 200-42] -- Implementing module 'squash_Pipeline_VITIS_LOOP_294_5' 
INFO: [HLS 200-10] ----------------------------------------------------------------
INFO: [SCHED 204-11] Starting scheduling ...
INFO: [SCHED 204-61] Pipelining loop 'VITIS_LOOP_294_5'.
INFO: [HLS 200-1470] Pipelining result : Target II = NA, Final II = 1, Depth = 3, loop 'VITIS_LOOP_294_5'
INFO: [SCHED 204-11] Finished scheduling.
INFO: [HLS 200-111] Finished Scheduling: CPU user time: 4.75 seconds. CPU system time: 0 seconds. Elapsed time: 4.77 seconds; current allocated memory: 655.309 MB.
INFO: [BIND 205-100] Starting micro-architecture generation ...
INFO: [BIND 205-101] Performing variable lifetime analysis.
INFO: [BIND 205-101] Exploring resource sharing.
INFO: [BIND 205-101] Binding ...
INFO: [BIND 205-100] Finished micro-architecture generation.
INFO: [HLS 200-111] Finished Binding: CPU user time: 0.37 seconds. CPU system time: 0 seconds. Elapsed time: 0.37 seconds; current allocated memory: 655.309 MB.
INFO: [HLS 200-10] ----------------------------------------------------------------
INFO: [HLS 200-42] -- Implementing module 'squash_Pipeline_6' 
INFO: [HLS 200-10] ----------------------------------------------------------------
INFO: [SCHED 204-11] Starting scheduling ...
INFO: [SCHED 204-61] Pipelining loop 'Loop 1'.
INFO: [HLS 200-1470] Pipelining result : Target II = NA, Final II = 1, Depth = 2, loop 'Loop 1'
INFO: [SCHED 204-11] Finished scheduling.
INFO: [HLS 200-111] Finished Scheduling: CPU user time: 1.72 seconds. CPU system time: 0.01 seconds. Elapsed time: 1.74 seconds; current allocated memory: 655.309 MB.
INFO: [BIND 205-100] Starting micro-architecture generation ...
INFO: [BIND 205-101] Performing variable lifetime analysis.
INFO: [BIND 205-101] Exploring resource sharing.
INFO: [BIND 205-101] Binding ...
INFO: [BIND 205-100] Finished micro-architecture generation.
INFO: [HLS 200-111] Finished Binding: CPU user time: 0.05 seconds. CPU system time: 0 seconds. Elapsed time: 0.05 seconds; current allocated memory: 655.309 MB.
INFO: [HLS 200-10] ----------------------------------------------------------------
INFO: [HLS 200-42] -- Implementing module 'squash' 
INFO: [HLS 200-10] ----------------------------------------------------------------
INFO: [SCHED 204-11] Starting scheduling ...
INFO: [SCHED 204-11] Finished scheduling.
INFO: [HLS 200-111] Finished Scheduling: CPU user time: 0.21 seconds. CPU system time: 0 seconds. Elapsed time: 0.22 seconds; current allocated memory: 655.309 MB.
INFO: [BIND 205-100] Starting micro-architecture generation ...
INFO: [BIND 205-101] Performing variable lifetime analysis.
INFO: [BIND 205-101] Exploring resource sharing.
INFO: [BIND 205-101] Binding ...
INFO: [BIND 205-100] Finished micro-architecture generation.
INFO: [HLS 200-111] Finished Binding: CPU user time: 1.08 seconds. CPU system time: 0.01 seconds. Elapsed time: 1.09 seconds; current allocated memory: 655.309 MB.
INFO: [HLS 200-10] ----------------------------------------------------------------
INFO: [HLS 200-42] -- Implementing module 'process_features' 
INFO: [HLS 200-10] ----------------------------------------------------------------
INFO: [SCHED 204-11] Starting scheduling ...
INFO: [SCHED 204-11] Finished scheduling.
INFO: [HLS 200-111] Finished Scheduling: CPU user time: 3.34 seconds. CPU system time: 0 seconds. Elapsed time: 3.34 seconds; current allocated memory: 655.309 MB.
INFO: [BIND 205-100] Starting micro-architecture generation ...
INFO: [BIND 205-101] Performing variable lifetime analysis.
INFO: [BIND 205-101] Exploring resource sharing.
WARNING: [BIND 205-102] The specified resource core for memory 'biases_buffer' will be ignored if a simpler one can be used.
WARNING: [BIND 205-102] The specified resource core for memory 'output_buffer_4' will be ignored if a simpler one can be used.
INFO: [BIND 205-101] Binding ...
INFO: [BIND 205-100] Finished micro-architecture generation.
INFO: [HLS 200-111] Finished Binding: CPU user time: 5.69 seconds. CPU system time: 0 seconds. Elapsed time: 5.69 seconds; current allocated memory: 655.309 MB.
INFO: [HLS 200-10] ----------------------------------------------------------------
INFO: [HLS 200-10] -- Generating RTL for module 'process_features_Pipeline_VITIS_LOOP_190_1' 
INFO: [HLS 200-10] ----------------------------------------------------------------
INFO: [HLS 200-1030] Apply Unified Pipeline Control on module 'process_features_Pipeline_VITIS_LOOP_190_1' pipeline 'VITIS_LOOP_190_1' pipeline type 'loop pipeline'
WARNING: [RTGEN 206-101] Setting dangling out port 'process_features_Pipeline_VITIS_LOOP_190_1/m_axi_gmem1_ARVALID' to 0.
WARNING: [RTGEN 206-101] Setting dangling out port 'process_features_Pipeline_VITIS_LOOP_190_1/m_axi_gmem1_ARADDR' to 0.
WARNING: [RTGEN 206-101] Setting dangling out port 'process_features_Pipeline_VITIS_LOOP_190_1/m_axi_gmem1_ARID' to 0.
WARNING: [RTGEN 206-101] Setting dangling out port 'process_features_Pipeline_VITIS_LOOP_190_1/m_axi_gmem1_ARLEN' to 0.
WARNING: [RTGEN 206-101] Setting dangling out port 'process_features_Pipeline_VITIS_LOOP_190_1/m_axi_gmem1_ARSIZE' to 0.
WARNING: [RTGEN 206-101] Setting dangling out port 'process_features_Pipeline_VITIS_LOOP_190_1/m_axi_gmem1_ARBURST' to 0.
WARNING: [RTGEN 206-101] Setting dangling out port 'process_features_Pipeline_VITIS_LOOP_190_1/m_axi_gmem1_ARLOCK' to 0.
WARNING: [RTGEN 206-101] Setting dangling out port 'process_features_Pipeline_VITIS_LOOP_190_1/m_axi_gmem1_ARCACHE' to 0.
WARNING: [RTGEN 206-101] Setting dangling out port 'process_features_Pipeline_VITIS_LOOP_190_1/m_axi_gmem1_ARPROT' to 0.
WARNING: [RTGEN 206-101] Setting dangling out port 'process_features_Pipeline_VITIS_LOOP_190_1/m_axi_gmem1_ARQOS' to 0.
WARNING: [RTGEN 206-101] Setting dangling out port 'process_features_Pipeline_VITIS_LOOP_190_1/m_axi_gmem1_ARREGION' to 0.
WARNING: [RTGEN 206-101] Setting dangling out port 'process_features_Pipeline_VITIS_LOOP_190_1/m_axi_gmem1_ARUSER' to 0.
INFO: [RTGEN 206-100] Finished creating RTL model for 'process_features_Pipeline_VITIS_LOOP_190_1'.
INFO: [HLS 200-111] Finished Creating RTL model: CPU user time: 16.93 seconds. CPU system time: 0.01 seconds. Elapsed time: 16.96 seconds; current allocated memory: 655.309 MB.
INFO: [HLS 200-10] ----------------------------------------------------------------
INFO: [HLS 200-10] -- Generating RTL for module 'process_features_Pipeline_2' 
INFO: [HLS 200-10] ----------------------------------------------------------------
INFO: [HLS 200-1030] Apply Unified Pipeline Control on module 'process_features_Pipeline_2' pipeline 'Loop 1' pipeline type 'loop pipeline'
WARNING: [RTGEN 206-101] Setting dangling out port 'process_features_Pipeline_2/m_axi_gmem0_ARVALID' to 0.
WARNING: [RTGEN 206-101] Setting dangling out port 'process_features_Pipeline_2/m_axi_gmem0_ARADDR' to 0.
WARNING: [RTGEN 206-101] Setting dangling out port 'process_features_Pipeline_2/m_axi_gmem0_ARID' to 0.
WARNING: [RTGEN 206-101] Setting dangling out port 'process_features_Pipeline_2/m_axi_gmem0_ARLEN' to 0.
WARNING: [RTGEN 206-101] Setting dangling out port 'process_features_Pipeline_2/m_axi_gmem0_ARSIZE' to 0.
WARNING: [RTGEN 206-101] Setting dangling out port 'process_features_Pipeline_2/m_axi_gmem0_ARBURST' to 0.
WARNING: [RTGEN 206-101] Setting dangling out port 'process_features_Pipeline_2/m_axi_gmem0_ARLOCK' to 0.
WARNING: [RTGEN 206-101] Setting dangling out port 'process_features_Pipeline_2/m_axi_gmem0_ARCACHE' to 0.
WARNING: [RTGEN 206-101] Setting dangling out port 'process_features_Pipeline_2/m_axi_gmem0_ARPROT' to 0.
WARNING: [RTGEN 206-101] Setting dangling out port 'process_features_Pipeline_2/m_axi_gmem0_ARQOS' to 0.
WARNING: [RTGEN 206-101] Setting dangling out port 'process_features_Pipeline_2/m_axi_gmem0_ARREGION' to 0.
WARNING: [RTGEN 206-101] Setting dangling out port 'process_features_Pipeline_2/m_axi_gmem0_ARUSER' to 0.
INFO: [RTGEN 206-100] Finished creating RTL model for 'process_features_Pipeline_2'.
INFO: [HLS 200-111] Finished Creating RTL model: CPU user time: 1.36 seconds. CPU system time: 0 seconds. Elapsed time: 1.36 seconds; current allocated memory: 655.309 MB.
INFO: [HLS 200-10] ----------------------------------------------------------------
INFO: [HLS 200-10] -- Generating RTL for module 'process_features_Pipeline_3' 
INFO: [HLS 200-10] ----------------------------------------------------------------
INFO: [HLS 200-1030] Apply Unified Pipeline Control on module 'process_features_Pipeline_3' pipeline 'Loop 1' pipeline type 'loop pipeline'
WARNING: [RTGEN 206-101] Setting dangling out port 'process_features_Pipeline_3/m_axi_gmem2_ARVALID' to 0.
WARNING: [RTGEN 206-101] Setting dangling out port 'process_features_Pipeline_3/m_axi_gmem2_ARADDR' to 0.
WARNING: [RTGEN 206-101] Setting dangling out port 'process_features_Pipeline_3/m_axi_gmem2_ARID' to 0.
WARNING: [RTGEN 206-101] Setting dangling out port 'process_features_Pipeline_3/m_axi_gmem2_ARLEN' to 0.
WARNING: [RTGEN 206-101] Setting dangling out port 'process_features_Pipeline_3/m_axi_gmem2_ARSIZE' to 0.
WARNING: [RTGEN 206-101] Setting dangling out port 'process_features_Pipeline_3/m_axi_gmem2_ARBURST' to 0.
WARNING: [RTGEN 206-101] Setting dangling out port 'process_features_Pipeline_3/m_axi_gmem2_ARLOCK' to 0.
WARNING: [RTGEN 206-101] Setting dangling out port 'process_features_Pipeline_3/m_axi_gmem2_ARCACHE' to 0.
WARNING: [RTGEN 206-101] Setting dangling out port 'process_features_Pipeline_3/m_axi_gmem2_ARPROT' to 0.
WARNING: [RTGEN 206-101] Setting dangling out port 'process_features_Pipeline_3/m_axi_gmem2_ARQOS' to 0.
WARNING: [RTGEN 206-101] Setting dangling out port 'process_features_Pipeline_3/m_axi_gmem2_ARREGION' to 0.
WARNING: [RTGEN 206-101] Setting dangling out port 'process_features_Pipeline_3/m_axi_gmem2_ARUSER' to 0.
INFO: [RTGEN 206-100] Finished creating RTL model for 'process_features_Pipeline_3'.
INFO: [HLS 200-111] Finished Creating RTL model: CPU user time: 1.33 seconds. CPU system time: 0 seconds. Elapsed time: 1.34 seconds; current allocated memory: 655.309 MB.
INFO: [HLS 200-10] ----------------------------------------------------------------
INFO: [HLS 200-10] -- Generating RTL for module 'process_features_Pipeline_conv_weights' 
INFO: [HLS 200-10] ----------------------------------------------------------------
INFO: [HLS 200-1030] Apply Unified Pipeline Control on module 'process_features_Pipeline_conv_weights' pipeline 'conv_weights' pipeline type 'loop pipeline'
INFO: [RTGEN 206-100] Finished creating RTL model for 'process_features_Pipeline_conv_weights'.
INFO: [HLS 200-111] Finished Creating RTL model: CPU user time: 1.3 seconds. CPU system time: 0 seconds. Elapsed time: 1.3 seconds; current allocated memory: 655.309 MB.
INFO: [HLS 200-10] ----------------------------------------------------------------
INFO: [HLS 200-10] -- Generating RTL for module 'calculate_single_value_Pipeline_1' 
INFO: [HLS 200-10] ----------------------------------------------------------------
INFO: [RTGEN 206-100] Finished creating RTL model for 'calculate_single_value_Pipeline_1'.
INFO: [HLS 200-111] Finished Creating RTL model: CPU user time: 1.11 seconds. CPU system time: 0 seconds. Elapsed time: 1.12 seconds; current allocated memory: 655.309 MB.
INFO: [HLS 200-10] ----------------------------------------------------------------
INFO: [HLS 200-10] -- Generating RTL for module 'calculate_single_value_Pipeline_conv_kernel_depth_256' 
INFO: [HLS 200-10] ----------------------------------------------------------------
INFO: [HLS 200-1030] Apply Unified Pipeline Control on module 'calculate_single_value_Pipeline_conv_kernel_depth_256' pipeline 'conv_kernel_depth_256' pipeline type 'loop pipeline'
INFO: [RTGEN 206-104] Estimated max fanout for 'calculate_single_value_Pipeline_conv_kernel_depth_256' is 14226 from HDL expression: (1'b0 == ap_block_pp0_stage0_11001)
INFO: [RTGEN 206-100] Generating core module 'mul_32s_32s_48_1_1': 81 instance(s).
INFO: [RTGEN 206-100] Generating core module 'mul_8ns_10ns_17_1_1': 1 instance(s).
INFO: [RTGEN 206-100] Generating core module 'sparsemux_33_5_32_1_1': 81 instance(s).
INFO: [RTGEN 206-100] Finished creating RTL model for 'calculate_single_value_Pipeline_conv_kernel_depth_256'.
INFO: [HLS 200-111] Finished Creating RTL model: CPU user time: 1 seconds. CPU system time: 0.03 seconds. Elapsed time: 1.03 seconds; current allocated memory: 695.195 MB.
INFO: [HLS 200-10] ----------------------------------------------------------------
INFO: [HLS 200-10] -- Generating RTL for module 'calculate_single_value_Pipeline_VITIS_LOOP_155_1_VITIS_LOOP_158_2' 
INFO: [HLS 200-10] ----------------------------------------------------------------
INFO: [RTGEN 206-100] Generating core module 'sparsemux_163_7_32_1_1': 1 instance(s).
INFO: [RTGEN 206-100] Finished creating RTL model for 'calculate_single_value_Pipeline_VITIS_LOOP_155_1_VITIS_LOOP_158_2'.
INFO: [HLS 200-111] Finished Creating RTL model: CPU user time: 30.18 seconds. CPU system time: 0.09 seconds. Elapsed time: 30.31 seconds; current allocated memory: 780.641 MB.
INFO: [HLS 200-10] ----------------------------------------------------------------
INFO: [HLS 200-10] -- Generating RTL for module 'calculate_single_value' 
INFO: [HLS 200-10] ----------------------------------------------------------------
INFO: [RTGEN 206-100] Finished creating RTL model for 'calculate_single_value'.
INFO: [HLS 200-111] Finished Creating RTL model: CPU user time: 1.25 seconds. CPU system time: 0.01 seconds. Elapsed time: 1.25 seconds; current allocated memory: 789.816 MB.
INFO: [HLS 200-10] ----------------------------------------------------------------
INFO: [HLS 200-10] -- Generating RTL for module 'process_features_Pipeline_5' 
INFO: [HLS 200-10] ----------------------------------------------------------------
INFO: [HLS 200-1030] Apply Unified Pipeline Control on module 'process_features_Pipeline_5' pipeline 'Loop 1' pipeline type 'loop pipeline'
INFO: [RTGEN 206-100] Finished creating RTL model for 'process_features_Pipeline_5'.
INFO: [HLS 200-111] Finished Creating RTL model: CPU user time: 13.59 seconds. CPU system time: 0 seconds. Elapsed time: 13.59 seconds; current allocated memory: 796.527 MB.
INFO: [HLS 200-10] ----------------------------------------------------------------
INFO: [HLS 200-10] -- Generating RTL for module 'process_features_Pipeline_6' 
INFO: [HLS 200-10] ----------------------------------------------------------------
INFO: [HLS 200-1030] Apply Unified Pipeline Control on module 'process_features_Pipeline_6' pipeline 'Loop 1' pipeline type 'loop pipeline'
INFO: [RTGEN 206-100] Finished creating RTL model for 'process_features_Pipeline_6'.
INFO: [HLS 200-111] Finished Creating RTL model: CPU user time: 0.47 seconds. CPU system time: 0 seconds. Elapsed time: 0.48 seconds; current allocated memory: 797.672 MB.
INFO: [HLS 200-10] ----------------------------------------------------------------
INFO: [HLS 200-10] -- Generating RTL for module 'process_features_Pipeline_VITIS_LOOP_235_1_VITIS_LOOP_237_2_VITIS_LOOP_239_3_VIT' 
INFO: [HLS 200-10] ----------------------------------------------------------------
INFO: [HLS 200-1030] Apply Unified Pipeline Control on module 'process_features_Pipeline_VITIS_LOOP_235_1_VITIS_LOOP_237_2_VITIS_LOOP_239_3_VIT' pipeline 'VITIS_LOOP_235_1_VITIS_LOOP_237_2_VITIS_LOOP_239_3_VITIS_LOOP_241_4' pipeline type 'loop pipeline'
INFO: [RTGEN 206-100] Finished creating RTL model for 'process_features_Pipeline_VITIS_LOOP_235_1_VITIS_LOOP_237_2_VITIS_LOOP_239_3_VIT'.
INFO: [HLS 200-111] Finished Creating RTL model: CPU user time: 0.47 seconds. CPU system time: 0 seconds. Elapsed time: 0.48 seconds; current allocated memory: 798.387 MB.
INFO: [HLS 200-10] ----------------------------------------------------------------
INFO: [HLS 200-10] -- Generating RTL for module 'process_features_Pipeline_8' 
INFO: [HLS 200-10] ----------------------------------------------------------------
INFO: [HLS 200-1030] Apply Unified Pipeline Control on module 'process_features_Pipeline_8' pipeline 'Loop 1' pipeline type 'loop pipeline'
INFO: [RTGEN 206-100] Finished creating RTL model for 'process_features_Pipeline_8'.
INFO: [HLS 200-111] Finished Creating RTL model: CPU user time: 1.66 seconds. CPU system time: 0.01 seconds. Elapsed time: 1.66 seconds; current allocated memory: 800.281 MB.
INFO: [HLS 200-10] ----------------------------------------------------------------
INFO: [HLS 200-10] -- Generating RTL for module 'squash_Pipeline_1' 
INFO: [HLS 200-10] ----------------------------------------------------------------
INFO: [RTGEN 206-100] Finished creating RTL model for 'squash_Pipeline_1'.
INFO: [HLS 200-111] Finished Creating RTL model: CPU user time: 0.46 seconds. CPU system time: 0 seconds. Elapsed time: 0.47 seconds; current allocated memory: 802.184 MB.
INFO: [HLS 200-10] ----------------------------------------------------------------
INFO: [HLS 200-10] -- Generating RTL for module 'squash_Pipeline_2' 
INFO: [HLS 200-10] ----------------------------------------------------------------
INFO: [HLS 200-1030] Apply Unified Pipeline Control on module 'squash_Pipeline_2' pipeline 'Loop 1' pipeline type 'loop pipeline'
INFO: [RTGEN 206-100] Finished creating RTL model for 'squash_Pipeline_2'.
INFO: [HLS 200-111] Finished Creating RTL model: CPU user time: 0.43 seconds. CPU system time: 0 seconds. Elapsed time: 0.43 seconds; current allocated memory: 802.766 MB.
INFO: [HLS 200-10] ----------------------------------------------------------------
INFO: [HLS 200-10] -- Generating RTL for module 'squash_Pipeline_VITIS_LOOP_272_1_VITIS_LOOP_274_2' 
INFO: [HLS 200-10] ----------------------------------------------------------------
INFO: [HLS 200-1030] Apply Unified Pipeline Control on module 'squash_Pipeline_VITIS_LOOP_272_1_VITIS_LOOP_274_2' pipeline 'VITIS_LOOP_272_1_VITIS_LOOP_274_2' pipeline type 'loop pipeline'
INFO: [RTGEN 206-100] Generating core module 'mul_32s_32s_48_1_1': 1 instance(s).
INFO: [RTGEN 206-100] Generating core module 'sparsemux_9_2_32_1_1': 1 instance(s).
INFO: [RTGEN 206-100] Finished creating RTL model for 'squash_Pipeline_VITIS_LOOP_272_1_VITIS_LOOP_274_2'.
INFO: [HLS 200-111] Finished Creating RTL model: CPU user time: 0.48 seconds. CPU system time: 0 seconds. Elapsed time: 0.48 seconds; current allocated memory: 803.531 MB.
INFO: [HLS 200-10] ----------------------------------------------------------------
INFO: [HLS 200-10] -- Generating RTL for module 'squash_Pipeline_VITIS_LOOP_282_3' 
INFO: [HLS 200-10] ----------------------------------------------------------------
INFO: [HLS 200-1030] Apply Unified Pipeline Control on module 'squash_Pipeline_VITIS_LOOP_282_3' pipeline 'VITIS_LOOP_282_3' pipeline type 'loop pipeline'
INFO: [RTGEN 206-104] Estimated max fanout for 'squash_Pipeline_VITIS_LOOP_282_3' is 5599 from HDL expression: (1'b0 == ap_block_pp0_stage0_11001)
INFO: [RTGEN 206-100] Generating core module 'fpext_32ns_64_1_no_dsp_1': 1 instance(s).
INFO: [RTGEN 206-100] Generating core module 'fsqrt_32ns_32ns_32_7_no_dsp_1': 1 instance(s).
INFO: [RTGEN 206-100] Generating core module 'sdiv_49s_33s_49_15_1': 1 instance(s).
INFO: [RTGEN 206-100] Generating core module 'sdiv_65ns_32s_32_69_1': 1 instance(s).
INFO: [RTGEN 206-100] Generating core module 'sparsemux_9_3_32_1_1': 1 instance(s).
INFO: [RTGEN 206-100] Finished creating RTL model for 'squash_Pipeline_VITIS_LOOP_282_3'.
INFO: [HLS 200-111] Finished Creating RTL model: CPU user time: 1.52 seconds. CPU system time: 0 seconds. Elapsed time: 1.54 seconds; current allocated memory: 806.945 MB.
INFO: [HLS 200-10] ----------------------------------------------------------------
INFO: [HLS 200-10] -- Generating RTL for module 'squash_Pipeline_VITIS_LOOP_294_5' 
INFO: [HLS 200-10] ----------------------------------------------------------------
INFO: [HLS 200-1030] Apply Unified Pipeline Control on module 'squash_Pipeline_VITIS_LOOP_294_5' pipeline 'VITIS_LOOP_294_5' pipeline type 'loop pipeline'
INFO: [RTGEN 206-100] Generating core module 'mul_32s_32s_48_1_1': 8 instance(s).
INFO: [RTGEN 206-100] Finished creating RTL model for 'squash_Pipeline_VITIS_LOOP_294_5'.
INFO: [HLS 200-111] Finished Creating RTL model: CPU user time: 2 seconds. CPU system time: 0.01 seconds. Elapsed time: 2.01 seconds; current allocated memory: 811.027 MB.
INFO: [HLS 200-10] ----------------------------------------------------------------
INFO: [HLS 200-10] -- Generating RTL for module 'squash_Pipeline_6' 
INFO: [HLS 200-10] ----------------------------------------------------------------
INFO: [HLS 200-1030] Apply Unified Pipeline Control on module 'squash_Pipeline_6' pipeline 'Loop 1' pipeline type 'loop pipeline'
WARNING: [RTGEN 206-101] Setting dangling out port 'squash_Pipeline_6/m_axi_gmem3_AWVALID' to 0.
WARNING: [RTGEN 206-101] Setting dangling out port 'squash_Pipeline_6/m_axi_gmem3_AWADDR' to 0.
WARNING: [RTGEN 206-101] Setting dangling out port 'squash_Pipeline_6/m_axi_gmem3_AWID' to 0.
WARNING: [RTGEN 206-101] Setting dangling out port 'squash_Pipeline_6/m_axi_gmem3_AWLEN' to 0.
WARNING: [RTGEN 206-101] Setting dangling out port 'squash_Pipeline_6/m_axi_gmem3_AWSIZE' to 0.
WARNING: [RTGEN 206-101] Setting dangling out port 'squash_Pipeline_6/m_axi_gmem3_AWBURST' to 0.
WARNING: [RTGEN 206-101] Setting dangling out port 'squash_Pipeline_6/m_axi_gmem3_AWLOCK' to 0.
WARNING: [RTGEN 206-101] Setting dangling out port 'squash_Pipeline_6/m_axi_gmem3_AWCACHE' to 0.
WARNING: [RTGEN 206-101] Setting dangling out port 'squash_Pipeline_6/m_axi_gmem3_AWPROT' to 0.
WARNING: [RTGEN 206-101] Setting dangling out port 'squash_Pipeline_6/m_axi_gmem3_AWQOS' to 0.
WARNING: [RTGEN 206-101] Setting dangling out port 'squash_Pipeline_6/m_axi_gmem3_AWREGION' to 0.
WARNING: [RTGEN 206-101] Setting dangling out port 'squash_Pipeline_6/m_axi_gmem3_AWUSER' to 0.
WARNING: [RTGEN 206-101] Setting dangling out port 'squash_Pipeline_6/m_axi_gmem3_BREADY' to 0.
INFO: [RTGEN 206-100] Generating core module 'sparsemux_9_2_32_1_1': 1 instance(s).
INFO: [RTGEN 206-100] Finished creating RTL model for 'squash_Pipeline_6'.
INFO: [HLS 200-111] Finished Creating RTL model: CPU user time: 1.51 seconds. CPU system time: 0 seconds. Elapsed time: 1.51 seconds; current allocated memory: 813.359 MB.
INFO: [HLS 200-10] ----------------------------------------------------------------
INFO: [HLS 200-10] -- Generating RTL for module 'squash' 
INFO: [HLS 200-10] ----------------------------------------------------------------
INFO: [RTGEN 206-100] Finished creating RTL model for 'squash'.
INFO: [RTMG 210-278] Implementing memory 'process_features_squash_input_buffer_RAM_AUTO_1R1W' using auto RAMs.
INFO: [RTMG 210-278] Implementing memory 'process_features_squash_output_buffer_RAM_AUTO_1R1W' using auto RAMs.
INFO: [RTMG 210-278] Implementing memory 'process_features_squash_squared_norm_RAM_AUTO_1R1W' using auto RAMs.
INFO: [RTMG 210-278] Implementing memory 'process_features_squash_scale_RAM_AUTO_1R1W' using auto RAMs.
INFO: [HLS 200-111] Finished Creating RTL model: CPU user time: 1.11 seconds. CPU system time: 0 seconds. Elapsed time: 1.13 seconds; current allocated memory: 816.738 MB.
INFO: [HLS 200-10] ----------------------------------------------------------------
INFO: [HLS 200-10] -- Generating RTL for module 'process_features' 
INFO: [HLS 200-10] ----------------------------------------------------------------
WARNING: [RTGEN 206-101] Design contains AXI ports. Reset is fixed to synchronous and active low.
INFO: [RTGEN 206-500] Setting interface mode on port 'process_features/gmem0' to 'm_axi'.
INFO: [RTGEN 206-500] Setting interface mode on port 'process_features/gmem1' to 'm_axi'.
INFO: [RTGEN 206-500] Setting interface mode on port 'process_features/gmem2' to 'm_axi'.
INFO: [RTGEN 206-500] Setting interface mode on port 'process_features/gmem3' to 'm_axi'.
INFO: [RTGEN 206-500] Setting interface mode on port 'process_features/input_r' to 's_axilite & ap_none'.
INFO: [RTGEN 206-500] Setting interface mode on port 'process_features/weights' to 's_axilite & ap_none'.
INFO: [RTGEN 206-500] Setting interface mode on port 'process_features/biases' to 's_axilite & ap_none'.
INFO: [RTGEN 206-500] Setting interface mode on port 'process_features/output_r' to 's_axilite & ap_none'.
INFO: [RTGEN 206-500] Setting interface mode on function 'process_features' to 's_axilite & ap_ctrl_chain'.
INFO: [RTGEN 206-100] Bundling port 'input_r', 'weights', 'biases', 'output_r' and 'return' to AXI-Lite port control.
INFO: [RTGEN 206-100] Finished creating RTL model for 'process_features'.
INFO: [RTMG 210-278] Implementing memory 'process_features_feature_collection_RAM_AUTO_1R1W' using auto RAMs.
INFO: [RTMG 210-278] Implementing memory 'process_features_input_buffer_RAM_1WNR_AUTO_1R1W' using auto RAMs.
INFO: [RTMG 210-278] Implementing memory 'process_features_input_buffer_4_RAM_1WNR_AUTO_1R1W' using auto RAMs.
INFO: [RTMG 210-278] Implementing memory 'process_features_output_buffer_4_RAM_1WNR_AUTO_1R1W' using auto RAMs.
INFO: [RTMG 210-278] Implementing memory 'process_features_weight_buffer_RAM_1WNR_AUTO_1R1W' using auto RAMs.
INFO: [RTMG 210-278] Implementing memory 'process_features_biases_buffer_RAM_1WNR_AUTO_1R1W' using auto RAMs.
INFO: [RTMG 210-285] Implementing FIFO 'weights_stream_U(process_features_fifo_w32_d2_S)' using Shift Registers.
INFO: [HLS 200-111] Finished Creating RTL model: CPU user time: 14.34 seconds. CPU system time: 0.02 seconds. Elapsed time: 14.35 seconds; current allocated memory: 826.008 MB.
INFO: [HLS 200-111] Finished Generating all RTL models: CPU user time: 78.75 seconds. CPU system time: 0.04 seconds. Elapsed time: 78.8 seconds; current allocated memory: 831.062 MB.
INFO: [HLS 200-1603] Design has inferred MAXI bursts, see Vitis HLS GUI synthesis summary report for detailed information.
INFO: [HLS 200-111] Finished Updating report files: CPU user time: 2.68 seconds. CPU system time: 0.01 seconds. Elapsed time: 2.7 seconds; current allocated memory: 855.598 MB.
INFO: [VHDL 208-304] Generating VHDL RTL for process_features.
INFO: [VLOG 209-307] Generating Verilog RTL for process_features.
INFO: [HLS 200-790] **** Loop Constraint Status: All loop constraints were satisfied.
INFO: [HLS 200-789] **** Estimated Fmax: 136.99 MHz
INFO: [HLS 200-112] Total CPU user time: 337.5 seconds. Total CPU system time: 1.6 seconds. Total elapsed time: 342.95 seconds; peak allocated memory: 855.598 MB.
INFO: [v++ 60-791] Total elapsed time: 0h 5m 46s
