# 
# Steps log generated by v++
# This log file contains a collection of steps that describe the kernel compilation flow
# Note: Some steps are tagged as internal, these steps are for debugging purposes and 
#       are not expected to be able to run independently.
# 

# The following environment variables are set when running v++
Environment variables :
------------------------------------------
SHELL=/bin/bash
SESSION_MANAGER=local/en432999.uoa.auckland.ac.nz:@/tmp/.ICE-unix/2908,unix/en432999.uoa.auckland.ac.nz:/tmp/.ICE-unix/2908
QT_ACCESSIBILITY=1
COLORTERM=truecolor
XDG_CONFIG_DIRS=/etc/xdg/xdg-ubuntu:/etc/xdg
XDG_MENU_PREFIX=gnome-
RDI_APPROOT=/home/jjos425/Desktop/P4P33-2024/Vitis/2024.1
RDI_JAVA_PLATFORM=
XIL_PA_NO_DEFAULT_OVERRIDE=1
SHARED_DATA_HOME=/home/jjos425/Desktop/P4P33-2024/SharedData/2024.1
TK_LIBRARY=/home/jjos425/Desktop/P4P33-2024/Vitis/2024.1/tps/tk/tk8.5
AUTOPILOT_TECH=/home/jjos425/Desktop/P4P33-2024/Vitis_HLS/2024.1/common/technology
LANGUAGE=en_US:en
FREETYPE_PROPERTIES=truetype:interpreter-version=35
XIL_SUPPRESS_OVERRIDE_WARNINGS=1
RDI_BINROOT=/home/jjos425/Desktop/P4P33-2024/Vitis/2024.1/bin
MANDATORY_PATH=/usr/share/gconf/ubuntu.mandatory.path
XILINX_VIVADO=/home/jjos425/Desktop/P4P33-2024/Vivado/2024.1
JAVA_HOME=/home/jjos425/Desktop/P4P33-2024/Vitis/2024.1/tps/lnx64/jre11.0.16_1/
GNOME_SHELL_SESSION_MODE=ubuntu
SSH_AUTH_SOCK=/run/user/197925761/keyring/ssh
RDI_OPT_EXT=.o
RDI_INSTALLVER=2024.1
RDI_INSTALLROOT=/home/jjos425/Desktop/P4P33-2024
THEIA_DEFAULT_PLUGINS=local-dir:/home/jjos425/Desktop/P4P33-2024/Vitis/2024.1/ide/electron-app/lnx64/resources/app/plugins
XMODIFIERS=@im=ibus
RDI_PATCHROOT=
DESKTOP_SESSION=ubuntu
SSH_AGENT_PID=2869
VIVADO_HLS_ARG_DBG=0
XILINX_XRT=/opt/xilinx/xrt
GTK_MODULES=gail:atk-bridge
DBUS_STARTER_BUS_TYPE=session
XIL_NO_OVERRIDE=0
RDI_LIBDIR=/home/jjos425/Desktop/P4P33-2024/Vitis/2024.1/lib/lnx64.o/Ubuntu/20:/home/jjos425/Desktop/P4P33-2024/Vitis/2024.1/lib/lnx64.o/Ubuntu:/home/jjos425/Desktop/P4P33-2024/Vitis/2024.1/lib/lnx64.o
KRB5CCNAME=FILE:/tmp/krb5cc_197925761_qJsFtG
PWD=/home/jjos425/Documents/vivado_projects/project_1/primcaps_versal
LOGNAME=jjos425
XDG_SESSION_DESKTOP=ubuntu
THEIA_ELECTRON_VERSION=15.5.7
XDG_SESSION_TYPE=x11
_RDI_DONT_SET_XILINX_AS_PATH=True
MANPATH=:/usr/lib/jvm/java-11-amazon-corretto/man:/opt/puppetlabs/puppet/share/man
AUTOESL_OS=Linux
ROOT_SWTICH_INGUI=1
GPG_AGENT_INFO=/run/user/197925761/gnupg/S.gpg-agent:0:1
SWT_GTK3=1
XAUTHORITY=/run/user/197925761/gdm/Xauthority
AUTOESL_VIVADO_HLS_VERSION=true
AUTOPILOT_TOOL=/home/jjos425/Desktop/P4P33-2024/Vitis_HLS/2024.1/lnx64/tools
RDI_PREPEND_PATH=/home/jjos425/Desktop/P4P33-2024/Vitis/2024.1/bin:/home/jjos425/Desktop/P4P33-2024/Vitis/2024.1/bin
XILINX_DSP=
WINDOWPATH=2
THEIA_PLUGINS=local-dir:/home/jjos425/.theia/plugins
HOME=/home/jjos425
USERNAME=jjos425
IM_CONFIG_PHASE=1
SYNTH_COMMON=/home/jjos425/Desktop/P4P33-2024/Vitis/2024.1/scripts/rt/data
LANG=en_US.UTF-8
AUTOESL_ROOT=/home/jjos425/Desktop/P4P33-2024/Vitis_HLS/2024.1
XDG_CURRENT_DESKTOP=Unity
AUTOPILOT_MACH=/home/jjos425/Desktop/P4P33-2024/Vitis_HLS/2024.1/lnx64
VTE_VERSION=6003
XILINX_HLS_TPS_PATH=/home/jjos425/Desktop/P4P33-2024/Vitis_HLS/2024.1/tps:/home/jjos425/Desktop/P4P33-2024/Vitis/2024.1/tps
XILINX_HLS=/home/jjos425/Desktop/P4P33-2024/Vitis_HLS/2024.1
HDI_PROCESSOR=x86_64
RDI_BUILD=yes
GNOME_TERMINAL_SCREEN=/org/gnome/Terminal/screen/0f0fa02f_ce04_437a_9bd3_a03ea992a019
PERL5LIB=/home/jjos425/perl5/lib/perl5
RDI_PROG=/home/jjos425/Desktop/P4P33-2024/Vitis/2024.1/bin/unwrapped/lnx64.o/v++
INVOCATION_ID=fbc612f03fe9487591393f9ab6995ee3
MANAGERPID=2611
RDI_SESSION_INFO=/home/jjos425/Desktop/P4P33-2024/Vitis_HLS/2024.1/bin:en432999.uoa.auckland.ac.nz_1723596978_3573
CHROME_DESKTOP=Vitis Unified IDE.desktop
RT_TCL_PATH=/home/jjos425/Desktop/P4P33-2024/Vitis/2024.1/scripts/rt/base_tcl/tcl
HLS_VERSION=2024.1
XILINX_SDK=/home/jjos425/Desktop/P4P33-2024/Vitis/2024.1
RDI_SHARED_DATA=/home/jjos425/Desktop/P4P33-2024/SharedData/2024.1/data
GRAPHVIZ_DOT=/home/jjos425/Desktop/P4P33-2024/Vitis_HLS/2024.1/tps/lnx64/dot-2.28
VSCODE_API_VERSION=1.53.2
XDG_SESSION_CLASS=user
PYTHONPATH=/home/jjos425/Desktop/P4P33-2024/Vitis/2024.1/cli/:/home/jjos425/Desktop/P4P33-2024/Vitis/2024.1/cli/python-packages/site-packages:/home/jjos425/Desktop/P4P33-2024/Vitis/2024.1/cli/proto:/home/jjos425/Desktop/P4P33-2024/Vitis/2024.1/tps/lnx64/python-3.8.3/lib/python3.8/lib-dynload/:/home/jjos425/Desktop/P4P33-2024/Vitis/2024.1/tps/lnx64/python-3.8.3/lib/python3.8/:/opt/xilinx/xrt/python:/home/jjos425/Desktop/P4P33-2024/Vitis/2024.1/tps/lnx64/python-3.8.3/lib/python3.8/lib-dynload/:/home/jjos425/Desktop/P4P33-2024/Vitis/2024.1/tps/lnx64/python-3.8.3/lib/python3.8:/home/jjos425/Desktop/P4P33-2024/Vitis/2024.1/cli/:/home/jjos425/Desktop/P4P33-2024/Vitis/2024.1/cli/python-packages/site-packages:/home/jjos425/Desktop/P4P33-2024/Vitis/2024.1/cli/python-packages/lnx64:/home/jjos425/Desktop/P4P33-2024/Vitis/2024.1/cli/proto:/home/jjos425/Desktop/P4P33-2024/Vitis/2024.1/scripts/python_pkg
TERM=xterm-256color
AUTOPILOT_CONFIG=/home/jjos425/Desktop/P4P33-2024/Vitis_HLS/2024.1/common/config
DEFAULTS_PATH=/usr/share/gconf/ubuntu.default.path
XILINX_OPENCL=/home/jjos425/Desktop/P4P33-2024/Vitis_HLS/2024.1
PERL_MB_OPT=--install_base "/home/jjos425/perl5"
PYTHONHOME=/home/jjos425/Desktop/P4P33-2024/Vitis/2024.1/tps/lnx64/python-3.8.3/
USER=jjos425
XILINX_PLANAHEAD=/home/jjos425/Desktop/P4P33-2024/Vitis/2024.1
GNOME_TERMINAL_SERVICE=:1.86
RDI_BASEROOT=/home/jjos425/Desktop/P4P33-2024/Vitis
LOPPER_DTC_FLAGS=-b 0 -@
RDI_TPS_ROOT=/home/jjos425/Desktop/P4P33-2024/Vivado/2024.1/tps/lnx64
RDI_JAVA_VERSION=11.0.16_1
IDE_SKIP_SERVER_LICENSE=1
RDI_DATADIR=/home/jjos425/Desktop/P4P33-2024/SharedData/2024.1/data:/home/jjos425/Desktop/P4P33-2024/Vitis/2024.1/data
PERL_MM_OPT=INSTALL_BASE=/home/jjos425/perl5
THEIA_ELECTRON_TOKEN={"value":"b5d7b246-c25d-4c3a-978d-b1dedc72fef4"}
DISPLAY=:0
SHLVL=7
RDI_USE_JDK11=1
QT_IM_MODULE=ibus
XILINX_VIVADO_HLS=/home/jjos425/Desktop/P4P33-2024/Vivado/2024.1
XIL_CHECK_TCL_DEBUG=False
DBUS_STARTER_ADDRESS=unix:path=/run/user/197925761/bus,guid=5380550a0f033f891520d86a66bc008a
LD_LIBRARY_PATH=/home/jjos425/Desktop/P4P33-2024/Vitis/2024.1/tps/lnx64/java-cef-95.0.4638.69/bin/lib/linux64:/home/jjos425/Desktop/P4P33-2024/Vitis/2024.1/tps/lnx64/javafx-sdk-11.0.2/lib:/home/jjos425/Desktop/P4P33-2024/Vitis/2024.1/lib/lnx64.o/Ubuntu/20:/home/jjos425/Desktop/P4P33-2024/Vitis/2024.1/lib/lnx64.o/Ubuntu:/home/jjos425/Desktop/P4P33-2024/Vitis/2024.1/lib/lnx64.o:/home/jjos425/Desktop/P4P33-2024/Vitis/2024.1/tps/lnx64/jre11.0.16_1/lib/:/home/jjos425/Desktop/P4P33-2024/Vitis/2024.1/tps/lnx64/jre11.0.16_1/lib//server:/home/jjos425/Desktop/P4P33-2024/Vitis/2024.1/lib/lnx64.o/Ubuntu/20:/home/jjos425/Desktop/P4P33-2024/Vitis/2024.1/lib/lnx64.o/Ubuntu:/home/jjos425/Desktop/P4P33-2024/Vitis/2024.1/lib/lnx64.o:/home/jjos425/Desktop/P4P33-2024/Vitis/2024.1/tps/lnx64/cmake-3.24.2/libs/Ubuntu/20:/home/jjos425/Desktop/P4P33-2024/Vitis/2024.1/tps/lnx64/cmake-3.24.2/libs/Ubuntu:/home/jjos425/Desktop/P4P33-2024/Vitis/2024.1/tps/lnx64/cmake-3.24.2/libs:/home/jjos425/Desktop/P4P33-2024/Vitis/2024.1/lib/lnx64.o/Ubuntu/20:/home/jjos425/Desktop/P4P33-2024/Vitis/2024.1/lib/lnx64.o/Ubuntu:/home/jjos425/Desktop/P4P33-2024/Vitis/2024.1/lib/lnx64.o:/home/jjos425/Desktop/P4P33-2024/Vitis/2024.1/tps/lnx64/python-3.8.3/lib:/home/jjos425/Desktop/P4P33-2024/Vitis/2024.1/tps/lnx64/cmake-3.24.2/libs/Ubuntu/20:/home/jjos425/Desktop/P4P33-2024/Vitis/2024.1/tps/lnx64/cmake-3.24.2/libs/Ubuntu:/home/jjos425/Desktop/P4P33-2024/Vitis/2024.1/tps/lnx64/cmake-3.24.2/libs:/home/jjos425/Desktop/P4P33-2024/Vitis/2024.1/lib/lnx64.o:/home/jjos425/Desktop/P4P33-2024/Vitis/2024.1/lib/lnx64.o/Ubuntu/20:/home/jjos425/Desktop/P4P33-2024/Vitis/2024.1/lib/lnx64.o/Ubuntu:/home/jjos425/Desktop/P4P33-2024/Vitis/2024.1/lib/lnx64.o:/home/jjos425/Desktop/P4P33-2024/Vitis/2024.1/tps/lnx64/python-3.8.3/lib:/home/jjos425/Desktop/P4P33-2024/Vitis/2024.1/aietools/lib/lnx64.o:/home/jjos425/Desktop/P4P33-2024/Vitis_HLS/2024.1/lib/lnx64.o/Ubuntu/20:/home/jjos425/Desktop/P4P33-2024/Vitis_HLS/2024.1/lib/lnx64.o/Ubuntu:/home/jjos425/Desktop/P4P33-2024/Vitis_HLS/2024.1/lib/lnx64.o:/home/jjos425/Desktop/P4P33-2024/Vitis_HLS/2024.1/lib/lnx64.o:/opt/xilinx/xrt/lib:/home/jjos425/Desktop/P4P33-2024/Vitis_HLS/2024.1/tps/lnx64/dot-2.28/lib:/home/jjos425/Desktop/P4P33-2024/Vitis_HLS/2024.1/lnx64/bin:/home/jjos425/Desktop/P4P33-2024/Vitis_HLS/2024.1/lib/lnx64.o/Ubuntu/20:/home/jjos425/Desktop/P4P33-2024/Vitis_HLS/2024.1/lib/lnx64.o/Ubuntu:/home/jjos425/Desktop/P4P33-2024/Vitis_HLS/2024.1/lib/lnx64.o:/home/jjos425/Desktop/P4P33-2024/Vitis_HLS/2024.1/tps/lnx64/jre11.0.16_1/lib/:/home/jjos425/Desktop/P4P33-2024/Vitis_HLS/2024.1/tps/lnx64/jre11.0.16_1/lib//server:/home/jjos425/Desktop/P4P33-2024/Vitis_HLS/2024.1/bin/../lnx64/tools/dot/lib:/home/jjos425/Desktop/P4P33-2024/Vitis_HLS/2024.1/lnx64/tools/fpo_v7_0:/home/jjos425/Desktop/P4P33-2024/Vitis_HLS/2024.1/lnx64/tools/fft_v9_1:/home/jjos425/Desktop/P4P33-2024/Vitis_HLS/2024.1/lnx64/tools/fir_v7_0:/home/jjos425/Desktop/P4P33-2024/Vitis_HLS/2024.1/lnx64/tools/dds_v6_0:/home/jjos425/Desktop/P4P33-2024/Vitis_HLS/2024.1/lnx64/lib/csim:/home/jjos425/Desktop/P4P33-2024/Vitis/2024.1/bin/../lnx64/tools/dot/lib
HDIPRELDPATH=/home/jjos425/Desktop/P4P33-2024/Vitis/2024.1/lib/lnx64.o/Ubuntu/20:/home/jjos425/Desktop/P4P33-2024/Vitis/2024.1/lib/lnx64.o/Ubuntu:/home/jjos425/Desktop/P4P33-2024/Vitis/2024.1/lib/lnx64.o:/home/jjos425/Desktop/P4P33-2024/Vitis/2024.1/tps/lnx64/cmake-3.24.2/libs/Ubuntu/20:/home/jjos425/Desktop/P4P33-2024/Vitis/2024.1/tps/lnx64/cmake-3.24.2/libs/Ubuntu:/home/jjos425/Desktop/P4P33-2024/Vitis/2024.1/tps/lnx64/cmake-3.24.2/libs:/home/jjos425/Desktop/P4P33-2024/Vitis/2024.1/lib/lnx64.o/Ubuntu/20:/home/jjos425/Desktop/P4P33-2024/Vitis/2024.1/lib/lnx64.o/Ubuntu:/home/jjos425/Desktop/P4P33-2024/Vitis/2024.1/lib/lnx64.o:/home/jjos425/Desktop/P4P33-2024/Vitis/2024.1/tps/lnx64/python-3.8.3/lib:/home/jjos425/Desktop/P4P33-2024/Vitis/2024.1/tps/lnx64/cmake-3.24.2/libs/Ubuntu/20:/home/jjos425/Desktop/P4P33-2024/Vitis/2024.1/tps/lnx64/cmake-3.24.2/libs/Ubuntu:/home/jjos425/Desktop/P4P33-2024/Vitis/2024.1/tps/lnx64/cmake-3.24.2/libs:/home/jjos425/Desktop/P4P33-2024/Vitis/2024.1/lib/lnx64.o:/home/jjos425/Desktop/P4P33-2024/Vitis/2024.1/lib/lnx64.o/Ubuntu/20:/home/jjos425/Desktop/P4P33-2024/Vitis/2024.1/lib/lnx64.o/Ubuntu:/home/jjos425/Desktop/P4P33-2024/Vitis/2024.1/lib/lnx64.o:/home/jjos425/Desktop/P4P33-2024/Vitis/2024.1/tps/lnx64/python-3.8.3/lib:/home/jjos425/Desktop/P4P33-2024/Vitis/2024.1/aietools/lib/lnx64.o:/home/jjos425/Desktop/P4P33-2024/Vitis_HLS/2024.1/lib/lnx64.o/Ubuntu/20:/home/jjos425/Desktop/P4P33-2024/Vitis_HLS/2024.1/lib/lnx64.o/Ubuntu:/home/jjos425/Desktop/P4P33-2024/Vitis_HLS/2024.1/lib/lnx64.o:/home/jjos425/Desktop/P4P33-2024/Vitis_HLS/2024.1/lib/lnx64.o:/opt/xilinx/xrt/lib:/home/jjos425/Desktop/P4P33-2024/Vitis_HLS/2024.1/tps/lnx64/dot-2.28/lib:/home/jjos425/Desktop/P4P33-2024/Vitis_HLS/2024.1/lnx64/bin:/home/jjos425/Desktop/P4P33-2024/Vitis_HLS/2024.1/lib/lnx64.o/Ubuntu/20:/home/jjos425/Desktop/P4P33-2024/Vitis_HLS/2024.1/lib/lnx64.o/Ubuntu:/home/jjos425/Desktop/P4P33-2024/Vitis_HLS/2024.1/lib/lnx64.o:/home/jjos425/Desktop/P4P33-2024/Vitis_HLS/2024.1/tps/lnx64/jre11.0.16_1/lib/:/home/jjos425/Desktop/P4P33-2024/Vitis_HLS/2024.1/tps/lnx64/jre11.0.16_1/lib//server:/home/jjos425/Desktop/P4P33-2024/Vitis_HLS/2024.1/bin/../lnx64/tools/dot/lib:/home/jjos425/Desktop/P4P33-2024/Vitis_HLS/2024.1/lnx64/tools/fpo_v7_0:/home/jjos425/Desktop/P4P33-2024/Vitis_HLS/2024.1/lnx64/tools/fft_v9_1:/home/jjos425/Desktop/P4P33-2024/Vitis_HLS/2024.1/lnx64/tools/fir_v7_0:/home/jjos425/Desktop/P4P33-2024/Vitis_HLS/2024.1/lnx64/tools/dds_v6_0:/home/jjos425/Desktop/P4P33-2024/Vitis_HLS/2024.1/lnx64/lib/csim:/home/jjos425/Desktop/P4P33-2024/Vitis/2024.1/bin/../lnx64/tools/dot/lib
XDG_RUNTIME_DIR=/run/user/197925761
TCMALLOC_LARGE_ALLOC_REPORT_THRESHOLD=4294967296
TCL_LIBRARY=/home/jjos425/Desktop/P4P33-2024/Vitis/2024.1/tps/tcl/tcl8.6
_XILINX_HLS_HIDE_BANNER_SUBPROC=1
LC_ALL=en_US.UTF-8
JOURNAL_STREAM=8:69858
XDG_DATA_DIRS=/usr/share/ubuntu:/usr/local/share/:/usr/share/:/var/lib/snapd/desktop
PERL_LOCAL_LIB_ROOT=/home/jjos425/perl5
RDI_VERBOSE=0
PATH=/home/jjos425/Desktop/P4P33-2024/Vivado/2024.1/tps/lnx64/binutils-2.26/bin:/home/jjos425/Desktop/P4P33-2024/Vitis/2024.1/bin/../gnu/aarch64/lin/aarch64-linux/bin:/home/jjos425/Desktop/P4P33-2024/Vitis/2024.1/bin/../gnu/ppc64le/4.9.3/lnx64/bin:/home/jjos425/Desktop/P4P33-2024/Vitis/2024.1/bin/../gnu/aarch32/lin/gcc-arm-linux-gnueabi/bin:/home/jjos425/Desktop/P4P33-2024/Vivado/2024.1/tps/lnx64/gcc-8.3.0/bin:/home/jjos425/Desktop/P4P33-2024/Vivado/2024.1/gnu/microblaze/lin/bin:/home/jjos425/Desktop/P4P33-2024/Vitis/2024.1/bin:/home/jjos425/Desktop/P4P33-2024/Vitis/2024.1/tps/lnx64/jre11.0.16_1/bin:/home/jjos425/Desktop/P4P33-2024/Vitis/2024.1/gnu/microblaze/lin/bin:/home/jjos425/Desktop/P4P33-2024/Vitis/2024.1/gnu/arm/lin/bin:/home/jjos425/Desktop/P4P33-2024/Vitis/2024.1/gnu/microblaze/linux_toolchain/nt64_be/bin:/home/jjos425/Desktop/P4P33-2024/Vitis/2024.1/gnu/microblaze/linux_toolchain/nt64_le/bin:/home/jjos425/Desktop/P4P33-2024/Vitis/2024.1/gnu/aarch32/lin/gcc-arm-linux-gnueabi/bin:/home/jjos425/Desktop/P4P33-2024/Vitis/2024.1/gnu/aarch32/lin/gcc-arm-none-eabi/bin:/home/jjos425/Desktop/P4P33-2024/Vitis/2024.1/gnu/aarch64/lin/aarch64-linux/bin:/home/jjos425/Desktop/P4P33-2024/Vitis/2024.1/gnu/aarch64/lin/aarch64-none/bin:/home/jjos425/Desktop/P4P33-2024/Vitis/2024.1/gnu/armr5/lin/gcc-arm-none-eabi/bin:/home/jjos425/Desktop/P4P33-2024/Vitis/2024.1/tps/lnx64/cmake-3.24.2/bin:/home/jjos425/Desktop/P4P33-2024/Vitis/2024.1/lnx64/tools/clang/bin:/home/jjos425/Desktop/P4P33-2024/Vitis/2024.1/tps/lnx64/python-3.8.3//bin:/home/jjos425/Desktop/P4P33-2024/Vitis/2024.1/tps/lnx64/jre11.0.16_1//bin:/bin:/home/jjos425/Desktop/P4P33-2024/Vivado/2024.1/bin:/home/jjos425/Desktop/P4P33-2024/Vitis/2024.1/tps/lnx64/git-2.16.2/bin:/home/jjos425/Desktop/P4P33-2024/Vitis/2024.1/gnu/riscv/lin/riscv64-unknown-elf/bin:/home/jjos425/Desktop/P4P33-2024/Vitis_HLS/2024.1/bin:/home/jjos425/Desktop/P4P33-2024/Vitis/2024.1/aietools/bin:/opt/xilinx/xrt/bin:/home/jjos425/Desktop/P4P33-2024/Model_Composer/2024.1/bin:/home/jjos425/Desktop/P4P33-2024/Vitis/2024.1/gnu/microblaze/linux_toolchain/lin64_le/bin:/home/jjos425/Desktop/P4P33-2024/DocNav:/home/jjos425/Desktop/P4P33-2024/Vivado/2024.1/tps/lnx64/binutils-2.37/bin:/home/jjos425/Desktop/P4P33-2024/Vitis_HLS/2024.1/tps/lnx64/gcc-8.3.0/bin:/home/jjos425/Desktop/P4P33-2024/Vitis_HLS/2024.1/lnx64/bin:/home/jjos425/Desktop/P4P33-2024/Vitis_HLS/2024.1/lnx64/tools/bin:/home/jjos425/Desktop/P4P33-2024/Vitis_HLS/2024.1/tps/lnx64/gdb-9.2/bin:/home/jjos425/Desktop/P4P33-2024/Vitis_HLS/2024.1/tps/lnx64/jre11.0.16_1/bin:/home/jjos425/perl5/bin:/home/jjos425/.local/bin:/home/jjos425/.gem/ruby/2.7.0/bin:/usr/lib/jvm/java-11-amazon-corretto/bin:/usr/local/sbin:/usr/local/bin:/usr/sbin:/usr/bin:/sbin:/usr/games:/usr/local/games:/snap/bin:/opt/puppetlabs/bin
RT_LIBPATH=/home/jjos425/Desktop/P4P33-2024/Vitis/2024.1/scripts/rt/data
GDMSESSION=ubuntu
ORIGINAL_XDG_CURRENT_DESKTOP=ubuntu:GNOME
HDI_APPROOT=/home/jjos425/Desktop/P4P33-2024/Vitis/2024.1
DBUS_SESSION_BUS_ADDRESS=unix:path=/run/user/197925761/bus,guid=5380550a0f033f891520d86a66bc008a
RDI_PLATFORM=lnx64
THEIA_APP_PROJECT_PATH=/home/jjos425/Desktop/P4P33-2024/Vitis/2024.1/ide/electron-app/lnx64/resources/app
MYVIVADO=
BUILDINFO=SW Build 5074859 on 2024-05-20-23:21:20
XILINX_OPENCL_CLANG=/home/jjos425/Desktop/P4P33-2024/Vitis_HLS/2024.1/lnx64/tools/clang
AUTOPILOT_ROOT=/home/jjos425/Desktop/P4P33-2024/Vitis_HLS/2024.1
ISL_IOSTREAMS_RSA=/home/jjos425/Desktop/P4P33-2024/Vitis/2024.1/tps/isl
AUTOESL_JAVA=/home/jjos425/Desktop/P4P33-2024/Vitis_HLS/2024.1/tps/lnx64/jre11.0.16_1/bin/java
LC_NUMERIC=C
XILINX_VITIS=/home/jjos425/Desktop/P4P33-2024/Vitis/2024.1
OLDPWD=/home/jjos425/Desktop/P4P33-2024/Vitis/2024.1/bin
XILINX_VCXX=/home/jjos425/Desktop/P4P33-2024/Vitis_HLS/2024.1/vcxx
_=/home/jjos425/Desktop/P4P33-2024/Vitis/2024.1/bin/unwrapped/lnx64.o/v++
XILINX_CD_CONNECT_ID=42121
XILINX_CD_SESSION=c75f849e-5d44-43d3-81d4-3857a14b02c7


V++ command line:
------------------------------------------
/home/jjos425/Desktop/P4P33-2024/Vitis/2024.1/bin/unwrapped/lnx64.o/v++ -c --mode hls --config /home/jjos425/Documents/vivado_projects/project_1/primcaps_versal/hls_config.cfg --work_dir primcaps_versal 

FINAL PROGRAM OPTIONS
--compile
--config /home/jjos425/Documents/vivado_projects/project_1/primcaps_versal/hls_config.cfg
--hls.flow_target vitis
--hls.package.output.format xo
--hls.package.output.syn false
--hls.syn.file /home/jjos425/Documents/vivado_projects/project_1/primcaps_versal/constants.h
--hls.syn.file /home/jjos425/Documents/vivado_projects/project_1/primcaps_versal/PrimaryCaps.cpp
--hls.syn.file /home/jjos425/Documents/vivado_projects/project_1/primcaps_versal/PrimaryCaps.h
--hls.syn.file /home/jjos425/Documents/vivado_projects/project_1/primcaps_versal/testing_suite.h
--hls.syn.top process_features
--mode hls
--part xcve1752-nsvg1369-2LP-e-L
--target hw
--work_dir primcaps_versal

PARSED COMMAND LINE OPTIONS
-c 
--mode hls 
--config /home/jjos425/Documents/vivado_projects/project_1/primcaps_versal/hls_config.cfg 
--work_dir primcaps_versal 

PARSED CONFIG FILE (1) OPTIONS
file: /home/jjos425/Documents/vivado_projects/project_1/primcaps_versal/hls_config.cfg
part xcve1752-nsvg1369-2LP-e-L 
hls.flow_target vitis 
hls.package.output.format xo 
hls.package.output.syn false 
hls.syn.file /home/jjos425/Documents/vivado_projects/project_1/primcaps_versal/constants.h 
hls.syn.file /home/jjos425/Documents/vivado_projects/project_1/primcaps_versal/PrimaryCaps.cpp 
hls.syn.file /home/jjos425/Documents/vivado_projects/project_1/primcaps_versal/PrimaryCaps.h 
hls.syn.file /home/jjos425/Documents/vivado_projects/project_1/primcaps_versal/testing_suite.h 
hls.syn.top process_features 


==========================================
new:  steps log generated by v++ for new launch 
timestamp: 14 Aug 2024 13:01:46
------------------------------------------
V++ internal step: writing a config file for vitis_hls: /home/jjos425/Documents/vivado_projects/project_1/primcaps_versal/primcaps_versal/hls/config.cmdline
timestamp: 14 Aug 2024 13:01:46
V++ internal step status: success
------------------------------------------
V++ internal step: running vitis_hls
timestamp: 14 Aug 2024 13:01:46
working dir: /home/jjos425/Documents/vivado_projects/project_1/primcaps_versal
cmd: vitis_hls -nolog -run csynth -work_dir /home/jjos425/Documents/vivado_projects/project_1/primcaps_versal/primcaps_versal -config /home/jjos425/Documents/vivado_projects/project_1/primcaps_versal/hls_config.cfg -cmdlineconfig /home/jjos425/Documents/vivado_projects/project_1/primcaps_versal/primcaps_versal/hls/config.cmdline
V++ internal step status: fail

------------------------------------------
V++ command line :
------------------------------------------
/home/jjos425/Desktop/P4P33-2024/Vitis/2024.1/bin/unwrapped/lnx64.o/v++ -c --mode hls --config /home/jjos425/Documents/vivado_projects/project_1/primcaps_versal/hls_config.cfg --work_dir primcaps_versal 
  Options from -O    : 
  Options from *.ini : 
  Options from Hw Platform : 

==========================================
new:  steps log generated by v++ for new launch 
timestamp: 15 Aug 2024 10:31:20
------------------------------------------
V++ internal step: writing a config file for vitis_hls: /home/jjos425/Documents/vivado_projects/project_1/primcaps_versal/primcaps_versal/hls/config.cmdline
timestamp: 15 Aug 2024 10:31:20
V++ internal step status: success
------------------------------------------
V++ internal step: running vitis_hls
timestamp: 15 Aug 2024 10:31:20
working dir: /home/jjos425/Documents/vivado_projects/project_1/primcaps_versal
cmd: vitis_hls -nolog -run csynth -work_dir /home/jjos425/Documents/vivado_projects/project_1/primcaps_versal/primcaps_versal -config /home/jjos425/Documents/vivado_projects/project_1/primcaps_versal/hls_config.cfg -cmdlineconfig /home/jjos425/Documents/vivado_projects/project_1/primcaps_versal/primcaps_versal/hls/config.cmdline
V++ internal step status: fail

------------------------------------------
V++ command line :
------------------------------------------
/home/jjos425/Desktop/P4P33-2024/Vitis/2024.1/bin/unwrapped/lnx64.o/v++ -c --mode hls --config /home/jjos425/Documents/vivado_projects/project_1/primcaps_versal/hls_config.cfg --work_dir primcaps_versal 
  Options from -O    : 
  Options from *.ini : 
  Options from Hw Platform : 

==========================================
new:  steps log generated by v++ for new launch 
timestamp: 15 Aug 2024 11:22:55
------------------------------------------
V++ internal step: writing a config file for vitis_hls: /home/jjos425/Documents/vivado_projects/project_1/primcaps_versal/primcaps_versal/hls/config.cmdline
timestamp: 15 Aug 2024 11:22:55
V++ internal step status: success
------------------------------------------
V++ internal step: running vitis_hls
timestamp: 15 Aug 2024 11:22:55
working dir: /home/jjos425/Documents/vivado_projects/project_1/primcaps_versal
cmd: vitis_hls -nolog -run csynth -work_dir /home/jjos425/Documents/vivado_projects/project_1/primcaps_versal/primcaps_versal -config /home/jjos425/Documents/vivado_projects/project_1/primcaps_versal/hls_config.cfg -cmdlineconfig /home/jjos425/Documents/vivado_projects/project_1/primcaps_versal/primcaps_versal/hls/config.cmdline
V++ internal step status: fail

------------------------------------------
V++ command line :
------------------------------------------
/home/jjos425/Desktop/P4P33-2024/Vitis/2024.1/bin/unwrapped/lnx64.o/v++ -c --mode hls --config /home/jjos425/Documents/vivado_projects/project_1/primcaps_versal/hls_config.cfg --work_dir primcaps_versal 
  Options from -O    : 
  Options from *.ini : 
  Options from Hw Platform : 

==========================================
new:  steps log generated by v++ for new launch 
timestamp: 22 Aug 2024 10:27:26
------------------------------------------
V++ internal step: writing a config file for vitis_hls: /home/jjos425/Documents/vivado_projects/project_1/primcaps_versal/primcaps_versal/hls/config.cmdline
timestamp: 22 Aug 2024 10:27:26
V++ internal step status: success
------------------------------------------
V++ internal step: running vitis_hls
timestamp: 22 Aug 2024 10:27:26
working dir: /home/jjos425/Documents/vivado_projects/project_1/primcaps_versal
cmd: vitis_hls -nolog -run csynth -work_dir /home/jjos425/Documents/vivado_projects/project_1/primcaps_versal/primcaps_versal -config /home/jjos425/Documents/vivado_projects/project_1/primcaps_versal/hls_config.cfg -cmdlineconfig /home/jjos425/Documents/vivado_projects/project_1/primcaps_versal/primcaps_versal/hls/config.cmdline
V++ internal step status: fail

------------------------------------------
V++ command line :
------------------------------------------
/home/jjos425/Desktop/P4P33-2024/Vitis/2024.1/bin/unwrapped/lnx64.o/v++ -c --mode hls --config /home/jjos425/Documents/vivado_projects/project_1/primcaps_versal/hls_config.cfg --work_dir primcaps_versal 
  Options from -O    : 
  Options from *.ini : 
  Options from Hw Platform : 

==========================================
new:  steps log generated by v++ for new launch 
timestamp: 29 Aug 2024 10:04:06
------------------------------------------
V++ internal step: writing a config file for vitis_hls: /home/jjos425/Documents/vivado_projects/project_1/primcaps_versal/primcaps_versal/hls/config.cmdline
timestamp: 29 Aug 2024 10:04:06
V++ internal step status: success
------------------------------------------
V++ internal step: running vitis_hls
timestamp: 29 Aug 2024 10:04:06
working dir: /home/jjos425/Documents/vivado_projects/project_1/primcaps_versal
cmd: vitis_hls -nolog -run csynth -work_dir /home/jjos425/Documents/vivado_projects/project_1/primcaps_versal/primcaps_versal -config /home/jjos425/Documents/vivado_projects/project_1/primcaps_versal/hls_config.cfg -cmdlineconfig /home/jjos425/Documents/vivado_projects/project_1/primcaps_versal/primcaps_versal/hls/config.cmdline
V++ internal step status: fail

------------------------------------------
V++ command line :
------------------------------------------
/home/jjos425/Desktop/P4P33-2024/Vitis/2024.1/bin/unwrapped/lnx64.o/v++ -c --mode hls --config /home/jjos425/Documents/vivado_projects/project_1/primcaps_versal/hls_config.cfg --work_dir primcaps_versal 
  Options from -O    : 
  Options from *.ini : 
  Options from Hw Platform : 

==========================================
new:  steps log generated by v++ for new launch 
timestamp: 29 Aug 2024 12:09:49
------------------------------------------
V++ internal step: writing a config file for vitis_hls: /home/jjos425/Documents/vivado_projects/project_1/primcaps_versal/primcaps_versal/hls/config.cmdline
timestamp: 29 Aug 2024 12:09:49
V++ internal step status: success
------------------------------------------
V++ internal step: running vitis_hls
timestamp: 29 Aug 2024 12:09:49
working dir: /home/jjos425/Documents/vivado_projects/project_1/primcaps_versal
cmd: vitis_hls -nolog -run csynth -work_dir /home/jjos425/Documents/vivado_projects/project_1/primcaps_versal/primcaps_versal -config /home/jjos425/Documents/vivado_projects/project_1/primcaps_versal/hls_config.cfg -cmdlineconfig /home/jjos425/Documents/vivado_projects/project_1/primcaps_versal/primcaps_versal/hls/config.cmdline

------------------------------------------
V++ command line :
------------------------------------------
/home/jjos425/Desktop/P4P33-2024/Vitis/2024.1/bin/unwrapped/lnx64.o/v++ -c --mode hls --config /home/jjos425/Documents/vivado_projects/project_1/primcaps_versal/hls_config.cfg --work_dir primcaps_versal 
  Options from -O    : 
  Options from *.ini : 
  Options from Hw Platform : 

==========================================
new:  steps log generated by v++ for new launch 
timestamp: 29 Aug 2024 12:10:38
------------------------------------------
V++ internal step: writing a config file for vitis_hls: /home/jjos425/Documents/vivado_projects/project_1/primcaps_versal/primcaps_versal/hls/config.cmdline
timestamp: 29 Aug 2024 12:10:38
V++ internal step status: success
------------------------------------------
V++ internal step: running vitis_hls
timestamp: 29 Aug 2024 12:10:38
working dir: /home/jjos425/Documents/vivado_projects/project_1/primcaps_versal
cmd: vitis_hls -nolog -run csynth -work_dir /home/jjos425/Documents/vivado_projects/project_1/primcaps_versal/primcaps_versal -config /home/jjos425/Documents/vivado_projects/project_1/primcaps_versal/hls_config.cfg -cmdlineconfig /home/jjos425/Documents/vivado_projects/project_1/primcaps_versal/primcaps_versal/hls/config.cmdline
V++ internal step status: success

------------------------------------------
V++ command line :
------------------------------------------
/home/jjos425/Desktop/P4P33-2024/Vitis/2024.1/bin/unwrapped/lnx64.o/v++ -c --mode hls --config /home/jjos425/Documents/vivado_projects/project_1/primcaps_versal/hls_config.cfg --work_dir primcaps_versal 
  Options from -O    : 
  Options from *.ini : 
  Options from Hw Platform : 

==========================================
new:  steps log generated by v++ for new launch 
timestamp: 09 Sep 2024 14:06:23
------------------------------------------
V++ internal step: writing a config file for vitis_hls: /home/jjos425/Documents/vivado_projects/project_1/primcaps_versal/primcaps_versal/hls/config.cmdline
timestamp: 09 Sep 2024 14:06:23
V++ internal step status: success
------------------------------------------
V++ internal step: running vitis_hls
timestamp: 09 Sep 2024 14:06:23
working dir: /home/jjos425/Documents/vivado_projects/project_1/primcaps_versal
cmd: vitis_hls -nolog -run csynth -work_dir /home/jjos425/Documents/vivado_projects/project_1/primcaps_versal/primcaps_versal -config /home/jjos425/Documents/vivado_projects/project_1/primcaps_versal/hls_config.cfg -cmdlineconfig /home/jjos425/Documents/vivado_projects/project_1/primcaps_versal/primcaps_versal/hls/config.cmdline
V++ internal step status: success
