[INFO] Namespace(batchsize=1, inputs_shape=None, layout='NHWC', model_files=['models/quant/quantized_partial_model.h5'], model_type='tensorflow2', named_inputs_shape=None, out_filename='/tmp/partial_caps_0x101000016010407_org.xmodel', proto=None)
[INFO] tensorflow2 model: /workspace/capsulenet/deployment/models/quant/quantized_partial_model.h5
[INFO] keras version: 2.12.0
[INFO] Tensorflow Keras model type: functional
[INFO] parse raw model     :  0%|          | 0/6 [00:00<?, ?it/s]                            [INFO] parse raw model     :100%|██████████| 6/6 [00:00<00:00, 19862.53it/s]                 
[INFO] infer shape (NHWC)  :  0%|          | 0/9 [00:00<?, ?it/s]                            [INFO] infer shape (NHWC)  :100%|██████████| 9/9 [00:00<00:00, 12566.16it/s]                 
[INFO] perform level-0 opt :  0%|          | 0/1 [00:00<?, ?it/s]                            [INFO] perform level-0 opt :100%|██████████| 1/1 [00:00<00:00, 2332.76it/s]                  
[INFO] perform level-1 opt :  0%|          | 0/2 [00:00<?, ?it/s]                            [INFO] perform level-1 opt :100%|██████████| 2/2 [00:00<00:00, 8322.03it/s]                  
[INFO] generate xmodel     :  0%|          | 0/9 [00:00<?, ?it/s]                            WARNING: Logging before InitGoogleLogging() is written to STDERR
W20240920 16:05:01.518334  1674 tool_function.cpp:171] [UNILOG][WARNING] The operator named primarycap_squash, type: SquashLayer, is not defined in XIR. XIR creates the definition of this operator automatically. You should specify the shape and the data_type of the output tensor of this operation by set_attr("shape", std::vector<int>) and set_attr("data_type", std::string)
[INFO] generate xmodel     :100%|██████████| 9/9 [00:00<00:00, 197.09it/s]                   
[INFO] dump xmodel ...[INFO] dump xmodel: /tmp/partial_caps_0x101000016010407_org.xmodel
[0;33m[UNILOG][WARNING] The operator named primarycap_squash, type: SquashLayer, is not defined in XIR. XIR creates the definition of this operator automatically. You should specify the shape and the data_type of the output tensor of this operation by set_attr("shape", std::vector<int>) and set_attr("data_type", std::string)
[m[UNILOG][INFO] Compile mode: dpu
[UNILOG][INFO] Debug mode: null
[UNILOG][INFO] Target architecture: DPUCZDX8G_ISA1_B4096_0101000016010407
[UNILOG][INFO] Graph name: model_4, with op num: 17
[UNILOG][INFO] Begin to compile...
[UNILOG][INFO] Total device subgraph number 3, DPU subgraph number 1
[UNILOG][INFO] Compile done.
[UNILOG][INFO] The meta json is saved to "/workspace/capsulenet/deployment/compiled_model/meta.json"
[UNILOG][INFO] The compiled xmodel is saved to "/workspace/capsulenet/deployment/compiled_model/partial_caps.xmodel"
[UNILOG][INFO] The compiled xmodel's md5sum is f1422f46ab3a9708062218c92c5f1d26, and has been saved to "/workspace/capsulenet/deployment/compiled_model/md5sum.txt"
**************************************************
* VITIS_AI Compilation - Xilinx Inc.
**************************************************
