Thu Aug 15 10:22:16 2024: Running xcd server. This server was built by gradle.
Thu Aug 15 10:22:16 2024: Server was asked to start on port: '38381'
Thu Aug 15 10:22:16 2024: Server is using token UUID: 'a9517572-5a8b-11ef-99ff-b516ed85bace'
Thu Aug 15 10:22:16 2024: SESSION_MGR: creating session with session uuid: '6d04a3e9-ade5-4ab9-8d63-1f78fcd2ec76' and name 'default'
Thu Aug 15 10:22:16 2024: Attempting to start server on port '38381'
Thu Aug 15 10:22:16 2024: Failed to create acceptor endpoint [::1]:38381, exception: bind: Cannot assign requested address
Thu Aug 15 10:22:16 2024: XCD main fifo: created main fifo '/tmp/xcdmaina9517572-5a8b-11ef-99ff-b516ed85bace', fd read = 10
Thu Aug 15 10:22:16 2024: Running Dispatch Server
Thu Aug 15 10:22:16 2024: Version 2.2.0
Thu Aug 15 10:22:16 2024: Dispatch Server: Accepted socket connection from client
Thu Aug 15 10:22:16 2024: Starting Socket connection
Thu Aug 15 10:22:16 2024: EXCHANGE_TOKEN received, server token: a9517572-5a8b-11ef-99ff-b516ed85bace, passed token: a9517572-5a8b-11ef-99ff-b516ed85bace
Thu Aug 15 10:22:16 2024: SESSION_MGR: creating session with session uuid: 'c8e49ce2-ce42-41e9-bd8f-b62e90c30c44' and name 'Code Analyzer'
Thu Aug 15 10:22:16 2024: KERNEL_SVC: creating session with uuid: 'c8e49ce2-ce42-41e9-bd8f-b62e90c30c44' and name 'Code Analyzer'
Thu Aug 15 10:22:16 2024: GUIDANCE_SMGR: creating guidance session with uuid: 'c8e49ce2-ce42-41e9-bd8f-b62e90c30c44' and name 'Code Analyzer'
Thu Aug 15 10:22:23 2024: SESSION_MGR: closing session for UUID 'c8e49ce2-ce42-41e9-bd8f-b62e90c30c44' with name ''
Thu Aug 15 10:22:23 2024: KERNEL_SVC: closing session for UUID 'c8e49ce2-ce42-41e9-bd8f-b62e90c30c44' with name ''
Thu Aug 15 10:22:23 2024: GUIDANCE_SMGR: closing session for UUID 'c8e49ce2-ce42-41e9-bd8f-b62e90c30c44' with name ''
Thu Aug 15 10:22:23 2024: STOP_SERVER received, server token: a9517572-5a8b-11ef-99ff-b516ed85bace, passed token: a9517572-5a8b-11ef-99ff-b516ed85bace
Thu Aug 15 10:22:23 2024: Socket received request to stop server.
Thu Aug 15 10:22:23 2024: Dispatch Server: do_await_stop
Thu Aug 15 10:22:23 2024: Dispatch Server: stopping mainFifo_
Thu Aug 15 10:22:23 2024: XCD main fifo: Stopping
Thu Aug 15 10:22:23 2024: XCD main fifo: do_read error code: Operation canceled
Thu Aug 15 10:22:23 2024: XCD main fifo: bytes_transferred: 0
Thu Aug 15 10:22:23 2024: SERVER: destructor for server bound to port 38381
Thu Aug 15 10:22:23 2024: XCD main fifo: Good unlink of /tmp/xcdmaina9517572-5a8b-11ef-99ff-b516ed85bace
Thu Aug 15 10:22:23 2024: Server exiting with status 0.
Thu Aug 15 10:22:23 2024: Closing log file.
