INFO: [v++ 60-1548] Creating build summary session with primary output /home/jjos425/Documents/vivado_projects/project_1/primary_caps_accel/primary_caps_accel/primary_caps_accel.hlscompile_summary, at Thu Aug 15 13:55:21 2024
INFO: [v++ 82-31] Launching vitis_hls: vitis_hls -nolog -run csynth -work_dir /home/jjos425/Documents/vivado_projects/project_1/primary_caps_accel/primary_caps_accel -config /home/jjos425/Documents/vivado_projects/project_1/primary_caps_accel/hls_config.cfg -cmdlineconfig /home/jjos425/Documents/vivado_projects/project_1/primary_caps_accel/primary_caps_accel/hls/config.cmdline
INFO: [HLS 200-10] For user 'jjos425' on host 'en432999.uoa.auckland.ac.nz' (Linux_x86_64 version 5.15.0-117-generic) on Thu Aug 15 13:55:22 NZST 2024
INFO: [HLS 200-10] On os Ubuntu 20.04.5 LTS
INFO: [HLS 200-10] In directory '/home/jjos425/Documents/vivado_projects/project_1/primary_caps_accel'
INFO: [HLS 200-2005] Using work_dir /home/jjos425/Documents/vivado_projects/project_1/primary_caps_accel/primary_caps_accel 
INFO: [HLS 200-1505] Using default flow_target 'vivado'
Resolution: For help on HLS 200-1505 see docs.xilinx.com/access/sources/dita/topic?Doc_Version=2024.1%20English&url=ug1448-hls-guidance&resourceid=200-1505.html
INFO: [HLS 200-1465] Applying ini 'syn.file=/home/jjos425/Documents/vivado_projects/project_1/primary_caps_accel/constants.h' from /home/jjos425/Documents/vivado_projects/project_1/primary_caps_accel/hls_config.cfg(7)
INFO: [HLS 200-10] Adding design file '/home/jjos425/Documents/vivado_projects/project_1/primary_caps_accel/constants.h' to the project
INFO: [HLS 200-1465] Applying ini 'syn.file=/home/jjos425/Documents/vivado_projects/project_1/primary_caps_accel/PrimaryCaps.cpp' from /home/jjos425/Documents/vivado_projects/project_1/primary_caps_accel/hls_config.cfg(8)
INFO: [HLS 200-10] Adding design file '/home/jjos425/Documents/vivado_projects/project_1/primary_caps_accel/PrimaryCaps.cpp' to the project
INFO: [HLS 200-1465] Applying ini 'syn.file=/home/jjos425/Documents/vivado_projects/project_1/primary_caps_accel/PrimaryCaps.h' from /home/jjos425/Documents/vivado_projects/project_1/primary_caps_accel/hls_config.cfg(9)
INFO: [HLS 200-10] Adding design file '/home/jjos425/Documents/vivado_projects/project_1/primary_caps_accel/PrimaryCaps.h' to the project
INFO: [HLS 200-1465] Applying ini 'syn.file=/home/jjos425/Documents/vivado_projects/project_1/primary_caps_accel/testing_suite.h' from /home/jjos425/Documents/vivado_projects/project_1/primary_caps_accel/hls_config.cfg(10)
INFO: [HLS 200-10] Adding design file '/home/jjos425/Documents/vivado_projects/project_1/primary_caps_accel/testing_suite.h' to the project
INFO: [HLS 200-1465] Applying ini 'tb.file=PrimaryCapsTestbench.cpp' from /home/jjos425/Documents/vivado_projects/project_1/primary_caps_accel/hls_config.cfg(11)
INFO: [HLS 200-10] Adding test bench file '/home/jjos425/Documents/vivado_projects/project_1/primary_caps_accel/PrimaryCapsTestbench.cpp' to the project
INFO: [HLS 200-1465] Applying ini 'syn.top=process_features' from /home/jjos425/Documents/vivado_projects/project_1/primary_caps_accel/hls_config.cfg(12)
INFO: [HLS 200-1465] Applying ini 'flow_target=vitis' from /home/jjos425/Documents/vivado_projects/project_1/primary_caps_accel/hls_config.cfg(4)
INFO: [HLS 200-1505] Using flow_target 'vitis'
Resolution: For help on HLS 200-1505 see docs.xilinx.com/access/sources/dita/topic?Doc_Version=2024.1%20English&url=ug1448-hls-guidance&resourceid=200-1505.html
INFO: [HLS 200-435] Setting 'open_solution -flow_target vitis' configuration: config_interface -m_axi_latency=64
INFO: [HLS 200-435] Setting 'open_solution -flow_target vitis' configuration: config_interface -m_axi_alignment_byte_size=64
INFO: [HLS 200-435] Setting 'open_solution -flow_target vitis' configuration: config_interface -m_axi_max_widen_bitwidth=512
INFO: [HLS 200-435] Setting 'open_solution -flow_target vitis' configuration: config_rtl -register_reset_num=3
INFO: [HLS 200-1465] Applying ini 'part=xczu9eg-ffvb1156-2-e' from /home/jjos425/Documents/vivado_projects/project_1/primary_caps_accel/hls_config.cfg(1)
INFO: [HLS 200-1611] Setting target device to 'xczu9eg-ffvb1156-2-e'
INFO: [HLS 200-1465] Applying ini 'csim.code_analyzer=1' from /home/jjos425/Documents/vivado_projects/project_1/primary_caps_accel/hls_config.cfg(13)
INFO: [HLS 200-1465] Applying ini 'package.output.format=xo' from /home/jjos425/Documents/vivado_projects/project_1/primary_caps_accel/hls_config.cfg(5)
INFO: [HLS 200-111] Finished File checks and directory preparation: CPU user time: 1.33 seconds. CPU system time: 0.17 seconds. Elapsed time: 1.42 seconds; current allocated memory: 281.957 MB.
INFO: [HLS 200-10] Analyzing design file 'PrimaryCaps.cpp' ... 
INFO: [HLS 200-111] Finished Source Code Analysis and Preprocessing: CPU user time: 10.5 seconds. CPU system time: 0.66 seconds. Elapsed time: 11.15 seconds; current allocated memory: 288.078 MB.
INFO: [HLS 200-777] Using interface defaults for 'Vitis' flow target.
INFO: [HLS 200-1995] There were 4,849 instructions in the design after the 'Compile/Link' phase of compilation. See the Design Size Report for more details: /home/jjos425/Documents/vivado_projects/project_1/primary_caps_accel/primary_caps_accel/hls/syn/report/csynth_design_size.rpt
INFO: [HLS 200-1995] There were 5,123 instructions in the design after the 'Unroll/Inline (step 1)' phase of compilation. See the Design Size Report for more details: /home/jjos425/Documents/vivado_projects/project_1/primary_caps_accel/primary_caps_accel/hls/syn/report/csynth_design_size.rpt
INFO: [HLS 200-1995] There were 2,604 instructions in the design after the 'Unroll/Inline (step 2)' phase of compilation. See the Design Size Report for more details: /home/jjos425/Documents/vivado_projects/project_1/primary_caps_accel/primary_caps_accel/hls/syn/report/csynth_design_size.rpt
INFO: [HLS 200-1995] There were 2,134 instructions in the design after the 'Unroll/Inline (step 3)' phase of compilation. See the Design Size Report for more details: /home/jjos425/Documents/vivado_projects/project_1/primary_caps_accel/primary_caps_accel/hls/syn/report/csynth_design_size.rpt
INFO: [HLS 200-1995] There were 2,098 instructions in the design after the 'Unroll/Inline (step 4)' phase of compilation. See the Design Size Report for more details: /home/jjos425/Documents/vivado_projects/project_1/primary_caps_accel/primary_caps_accel/hls/syn/report/csynth_design_size.rpt
INFO: [HLS 200-1995] There were 11,196 instructions in the design after the 'Array/Struct (step 1)' phase of compilation. See the Design Size Report for more details: /home/jjos425/Documents/vivado_projects/project_1/primary_caps_accel/primary_caps_accel/hls/syn/report/csynth_design_size.rpt
INFO: [HLS 200-1995] There were 7,977 instructions in the design after the 'Array/Struct (step 2)' phase of compilation. See the Design Size Report for more details: /home/jjos425/Documents/vivado_projects/project_1/primary_caps_accel/primary_caps_accel/hls/syn/report/csynth_design_size.rpt
INFO: [HLS 200-1995] There were 7,977 instructions in the design after the 'Array/Struct (step 3)' phase of compilation. See the Design Size Report for more details: /home/jjos425/Documents/vivado_projects/project_1/primary_caps_accel/primary_caps_accel/hls/syn/report/csynth_design_size.rpt
INFO: [HLS 200-1995] There were 7,977 instructions in the design after the 'Array/Struct (step 4)' phase of compilation. See the Design Size Report for more details: /home/jjos425/Documents/vivado_projects/project_1/primary_caps_accel/primary_caps_accel/hls/syn/report/csynth_design_size.rpt
INFO: [HLS 200-1995] There were 8,266 instructions in the design after the 'Array/Struct (step 5)' phase of compilation. See the Design Size Report for more details: /home/jjos425/Documents/vivado_projects/project_1/primary_caps_accel/primary_caps_accel/hls/syn/report/csynth_design_size.rpt
INFO: [HLS 200-1995] There were 8,272 instructions in the design after the 'Performance (step 1)' phase of compilation. See the Design Size Report for more details: /home/jjos425/Documents/vivado_projects/project_1/primary_caps_accel/primary_caps_accel/hls/syn/report/csynth_design_size.rpt
INFO: [HLS 200-1995] There were 8,101 instructions in the design after the 'Performance (step 2)' phase of compilation. See the Design Size Report for more details: /home/jjos425/Documents/vivado_projects/project_1/primary_caps_accel/primary_caps_accel/hls/syn/report/csynth_design_size.rpt
INFO: [HLS 200-1995] There were 8,469 instructions in the design after the 'Performance (step 3)' phase of compilation. See the Design Size Report for more details: /home/jjos425/Documents/vivado_projects/project_1/primary_caps_accel/primary_caps_accel/hls/syn/report/csynth_design_size.rpt
INFO: [HLS 200-1995] There were 8,196 instructions in the design after the 'Performance (step 4)' phase of compilation. See the Design Size Report for more details: /home/jjos425/Documents/vivado_projects/project_1/primary_caps_accel/primary_caps_accel/hls/syn/report/csynth_design_size.rpt
INFO: [HLS 200-1995] There were 8,207 instructions in the design after the 'HW Transforms (step 1)' phase of compilation. See the Design Size Report for more details: /home/jjos425/Documents/vivado_projects/project_1/primary_caps_accel/primary_caps_accel/hls/syn/report/csynth_design_size.rpt
INFO: [HLS 200-1995] There were 8,227 instructions in the design after the 'HW Transforms (step 2)' phase of compilation. See the Design Size Report for more details: /home/jjos425/Documents/vivado_projects/project_1/primary_caps_accel/primary_caps_accel/hls/syn/report/csynth_design_size.rpt
WARNING: [HLS 214-386] A depth specification is required for MAXI interface port 'biases' for cosimulation. (PrimaryCaps.cpp:170:0)
WARNING: [HLS 214-386] A depth specification is required for MAXI interface port 'output' for cosimulation. (PrimaryCaps.cpp:170:0)
WARNING: [HLS 214-199] Ignoring dependence pragma on local scalar variable 'result'. (PrimaryCaps.cpp:153:9)
INFO: [HLS 214-291] Loop 'conv_kernel_row_9' is marked as complete unroll implied by the pipeline pragma (PrimaryCaps.cpp:131:27)
INFO: [HLS 214-291] Loop 'conv_kernel_col_9' is marked as complete unroll implied by the pipeline pragma (PrimaryCaps.cpp:134:31)
INFO: [HLS 214-186] Unrolling loop 'conv_kernel_row_9' (PrimaryCaps.cpp:131:27) in function 'calculate_single_value' completely with a factor of 9 (PrimaryCaps.cpp:124:0)
INFO: [HLS 214-186] Unrolling loop 'conv_kernel_col_9' (PrimaryCaps.cpp:134:31) in function 'calculate_single_value' completely with a factor of 9 (PrimaryCaps.cpp:124:0)
WARNING: [HLS 214-366] Duplicating function 'ap_fixed_base<32, 16, true, (ap_q_mode)5, (ap_o_mode)3, 0>::ap_fixed_base(double)' as different function signatures were detected between this call site and other call site(s). This may impact the resources used in the design. (PrimaryCaps.cpp:125:36)
INFO: [HLS 214-178] Inlining function 'coalesce_partial_sums(ap_fixed<32, 16, (ap_q_mode)5, (ap_o_mode)3, 0>*, ap_fixed<32, 16, (ap_q_mode)5, (ap_o_mode)3, 0>*)' into 'calculate_single_value(ap_fixed<32, 16, (ap_q_mode)5, (ap_o_mode)3, 0>*, ap_fixed<32, 16, (ap_q_mode)5, (ap_o_mode)3, 0>*, unsigned int, unsigned int, ap_fixed<32, 16, (ap_q_mode)5, (ap_o_mode)3, 0>*)' (PrimaryCaps.cpp:124:0)
INFO: [HLS 214-178] Inlining function 'conv_2d(ap_fixed<32, 16, (ap_q_mode)5, (ap_o_mode)3, 0>*, hls::stream<ap_fixed<32, 16, (ap_q_mode)5, (ap_o_mode)3, 0>, 0>&, ap_fixed<32, 16, (ap_q_mode)5, (ap_o_mode)3, 0>*, ap_fixed<32, 16, (ap_q_mode)5, (ap_o_mode)3, 0>*)' into 'process_features(ap_fixed<32, 16, (ap_q_mode)5, (ap_o_mode)3, 0>*, ap_fixed<32, 16, (ap_q_mode)5, (ap_o_mode)3, 0>*, ap_fixed<32, 16, (ap_q_mode)5, (ap_o_mode)3, 0>*, ap_fixed<32, 16, (ap_q_mode)5, (ap_o_mode)3, 0>*)' (PrimaryCaps.cpp:170:0)
INFO: [HLS 214-178] Inlining function 'reshape(ap_fixed<32, 16, (ap_q_mode)5, (ap_o_mode)3, 0>*, ap_fixed<32, 16, (ap_q_mode)5, (ap_o_mode)3, 0>*)' into 'process_features(ap_fixed<32, 16, (ap_q_mode)5, (ap_o_mode)3, 0>*, ap_fixed<32, 16, (ap_q_mode)5, (ap_o_mode)3, 0>*, ap_fixed<32, 16, (ap_q_mode)5, (ap_o_mode)3, 0>*, ap_fixed<32, 16, (ap_q_mode)5, (ap_o_mode)3, 0>*)' (PrimaryCaps.cpp:170:0)
INFO: [HLS 214-248] Applying array_partition to 'input_buffer.i': Cyclic partitioning with factor 64 on dimension 1. (PrimaryCaps.cpp:69:13)
WARNING: [HLS 214-167] The program may have out of bound array access on variable 'input_b' (PrimaryCaps.cpp:138:34)
INFO: [HLS 214-376] automatically set the pipeline for Loop< unknown> at PrimaryCaps.cpp:260:39 
INFO: [HLS 214-376] automatically set the pipeline for Loop< unknown> at PrimaryCaps.cpp:264:4 
INFO: [HLS 214-376] automatically set the pipeline for Loop< VITIS_LOOP_270_2> at PrimaryCaps.cpp:270:26 
INFO: [HLS 214-376] automatically set the pipeline for Loop< VITIS_LOOP_278_3> at PrimaryCaps.cpp:278:22 
INFO: [HLS 214-376] automatically set the pipeline for Loop< VITIS_LOOP_289_5> at PrimaryCaps.cpp:289:22 
INFO: [HLS 214-376] automatically set the pipeline for Loop< unknown> at PrimaryCaps.cpp:298:4 
INFO: [HLS 214-376] automatically set the pipeline for Loop< unknown> at PrimaryCaps.cpp:125:35 
INFO: [HLS 214-376] automatically set the pipeline for Loop< unknown> at PrimaryCaps.cpp:85:2 
INFO: [HLS 214-376] automatically set the pipeline for Loop< unknown> at PrimaryCaps.cpp:86:5 
INFO: [HLS 214-376] automatically set the pipeline for Loop< unknown> at PrimaryCaps.cpp:120:5 
INFO: [HLS 214-376] automatically set the pipeline for Loop< unknown> at PrimaryCaps.cpp:219:4 
INFO: [HLS 214-376] automatically set the pipeline for Loop< VITIS_LOOP_237_4> at PrimaryCaps.cpp:237:34 
INFO: [HLS 214-376] automatically set the pipeline for Loop< unknown> at PrimaryCaps.cpp:249:4 
INFO: [HLS 214-291] Loop 'VITIS_LOOP_291_6' is marked as complete unroll implied by the pipeline pragma (PrimaryCaps.cpp:291:26)
INFO: [HLS 214-291] Loop 'VITIS_LOOP_280_4' is marked as complete unroll implied by the pipeline pragma (PrimaryCaps.cpp:280:26)
INFO: [HLS 214-186] Unrolling loop 'VITIS_LOOP_291_6' (PrimaryCaps.cpp:291:26) in function 'squash' completely with a factor of 8 (PrimaryCaps.cpp:254:0)
INFO: [HLS 214-186] Unrolling loop 'VITIS_LOOP_280_4' (PrimaryCaps.cpp:280:26) in function 'squash' completely with a factor of 8 (PrimaryCaps.cpp:254:0)
INFO: [HLS 214-270] Inferring pragma 'array_partition type=cyclic factor=4 dim=1' for array 'input_buffer' due to pipeline pragma (PrimaryCaps.cpp:257:12)
INFO: [HLS 214-270] Inferring pragma 'array_partition type=cyclic factor=4 dim=1' for array 'output_buffer' due to pipeline pragma (PrimaryCaps.cpp:258:12)
INFO: [HLS 214-270] Inferring pragma 'array_partition type=cyclic factor=4 dim=1' for array 'squared_input' due to pipeline pragma (PrimaryCaps.cpp:259:12)
INFO: [HLS 214-248] Applying array_partition to 'input_buffer': Cyclic partitioning with factor 4 on dimension 1. (PrimaryCaps.cpp:257:12)
INFO: [HLS 214-248] Applying array_partition to 'output_buffer': Cyclic partitioning with factor 4 on dimension 1. (PrimaryCaps.cpp:258:12)
INFO: [HLS 214-248] Applying array_partition to 'squared_input': Cyclic partitioning with factor 4 on dimension 1. (PrimaryCaps.cpp:259:12)
INFO: [HLS 214-115] Multiple burst writes of length 576 and bit width 512 has been inferred on bundle 'gmem3'. These burst requests might be further partitioned into multiple requests during RTL generation, based on max_read_burst_length or max_write_burst_length settings. (PrimaryCaps.cpp:298:4)
INFO: [HLS 214-115] Multiple burst reads of length 331776 and bit width 512 has been inferred on bundle 'gmem1'. These burst requests might be further partitioned into multiple requests during RTL generation, based on max_read_burst_length or max_write_burst_length settings. (PrimaryCaps.cpp:186:23)
INFO: [HLS 214-115] Multiple burst reads of length 6400 and bit width 512 has been inferred on bundle 'gmem0'. These burst requests might be further partitioned into multiple requests during RTL generation, based on max_read_burst_length or max_write_burst_length settings. (PrimaryCaps.cpp:85:2)
INFO: [HLS 214-115] Multiple burst reads of length 16 and bit width 512 has been inferred on bundle 'gmem2'. These burst requests might be further partitioned into multiple requests during RTL generation, based on max_read_burst_length or max_write_burst_length settings. (PrimaryCaps.cpp:86:5)
INFO: [HLS 200-111] Finished Compiling Optimization and Transform: CPU user time: 8.02 seconds. CPU system time: 0.27 seconds. Elapsed time: 11.77 seconds; current allocated memory: 289.570 MB.
INFO: [HLS 200-111] Finished Checking Pragmas: CPU user time: 0 seconds. CPU system time: 0 seconds. Elapsed time: 0 seconds; current allocated memory: 289.570 MB.
INFO: [HLS 200-10] Starting code transformations ...
INFO: [HLS 200-111] Finished Standard Transforms: CPU user time: 0.71 seconds. CPU system time: 0.01 seconds. Elapsed time: 0.72 seconds; current allocated memory: 297.562 MB.
INFO: [HLS 200-10] Checking synthesizability ...
WARNING: [SYNCHK 200-23] PrimaryCaps.cpp:284: variable-indexed range selection may cause suboptimal QoR.
INFO: [SYNCHK 200-10] 0 error(s), 1 warning(s).
INFO: [HLS 200-111] Finished Checking Synthesizability: CPU user time: 0.42 seconds. CPU system time: 0 seconds. Elapsed time: 0.43 seconds; current allocated memory: 305.098 MB.
WARNING: [HLS 200-805] An internal stream 'weights_stream' (PrimaryCaps.cpp:185) with default size can result in deadlock. Please consider resizing the stream using the directive 'set_directive_stream' or the 'HLS stream' pragma.
INFO: [XFORM 203-401] Performing if-conversion on hyperblock from (PrimaryCaps.cpp:278:36) to (PrimaryCaps.cpp:278:22) in function 'squash'... converting 16 basic blocks.
INFO: [XFORM 203-11] Balancing expressions in function 'squash' (PrimaryCaps.cpp:257:26)...15 expression(s) balanced.
INFO: [HLS 200-111] Finished Loop, function and other optimizations: CPU user time: 2.78 seconds. CPU system time: 0 seconds. Elapsed time: 2.79 seconds; current allocated memory: 357.766 MB.
INFO: [HLS 200-2061] Successfully converted nested loops 'VITIS_LOOP_268_1'(PrimaryCaps.cpp:268:22) and 'VITIS_LOOP_270_2'(PrimaryCaps.cpp:270:26) in function 'squash' into perfectly nested loops.
INFO: [HLS 200-2061] Successfully converted nested loops 'VITIS_LOOP_235_3'(PrimaryCaps.cpp:235:30) and 'VITIS_LOOP_237_4'(PrimaryCaps.cpp:237:34) in function 'process_features' into perfectly nested loops.
INFO: [HLS 200-2061] Successfully converted nested loops 'VITIS_LOOP_233_2'(PrimaryCaps.cpp:233:26) and 'VITIS_LOOP_235_3'(PrimaryCaps.cpp:235:30) in function 'process_features' into perfectly nested loops.
INFO: [HLS 200-2061] Successfully converted nested loops 'VITIS_LOOP_231_1'(PrimaryCaps.cpp:231:22) and 'VITIS_LOOP_233_2'(PrimaryCaps.cpp:233:26) in function 'process_features' into perfectly nested loops.
INFO: [HLS 200-2061] Successfully converted nested loops 'VITIS_LOOP_151_1'(PrimaryCaps.cpp:151:20) and 'VITIS_LOOP_154_2'(PrimaryCaps.cpp:154:20) in function 'calculate_single_value' into perfectly nested loops.
INFO: [XFORM 203-541] Flattening a loop nest 'VITIS_LOOP_268_1' (PrimaryCaps.cpp:268:22) in function 'squash'.
INFO: [XFORM 203-541] Flattening a loop nest 'VITIS_LOOP_235_3' (PrimaryCaps.cpp:235:30) in function 'process_features'.
INFO: [XFORM 203-541] Flattening a loop nest 'VITIS_LOOP_233_2' (PrimaryCaps.cpp:233:26) in function 'process_features'.
INFO: [XFORM 203-541] Flattening a loop nest 'VITIS_LOOP_231_1' (PrimaryCaps.cpp:231:22) in function 'process_features'.
INFO: [XFORM 203-541] Flattening a loop nest 'VITIS_LOOP_151_1' (PrimaryCaps.cpp:151:20) in function 'calculate_single_value'.
INFO: [HLS 200-111] Finished Architecture Synthesis: CPU user time: 2.44 seconds. CPU system time: 0.03 seconds. Elapsed time: 2.47 seconds; current allocated memory: 537.199 MB.
INFO: [HLS 200-10] Starting hardware synthesis ...
INFO: [HLS 200-10] Synthesizing 'process_features' ...
INFO: [SYN 201-201] Setting up clock 'default' with a period of 10ns.
INFO: [HLS 200-10] ----------------------------------------------------------------
INFO: [HLS 200-42] -- Implementing module 'process_features_Pipeline_VITIS_LOOP_186_1' 
INFO: [HLS 200-10] ----------------------------------------------------------------
INFO: [SCHED 204-11] Starting scheduling ...
INFO: [SCHED 204-61] Pipelining loop 'VITIS_LOOP_186_1'.
INFO: [HLS 200-1470] Pipelining result : Target II = NA, Final II = 1, Depth = 3, loop 'VITIS_LOOP_186_1'
INFO: [SCHED 204-11] Finished scheduling.
INFO: [HLS 200-111] Finished Scheduling: CPU user time: 0.96 seconds. CPU system time: 0.01 seconds. Elapsed time: 0.99 seconds; current allocated memory: 541.023 MB.
INFO: [BIND 205-100] Starting micro-architecture generation ...
INFO: [BIND 205-101] Performing variable lifetime analysis.
INFO: [BIND 205-101] Exploring resource sharing.
INFO: [BIND 205-101] Binding ...
INFO: [BIND 205-100] Finished micro-architecture generation.
INFO: [HLS 200-111] Finished Binding: CPU user time: 0.01 seconds. CPU system time: 0 seconds. Elapsed time: 0.01 seconds; current allocated memory: 541.023 MB.
INFO: [HLS 200-10] ----------------------------------------------------------------
INFO: [HLS 200-42] -- Implementing module 'process_features_Pipeline_2' 
INFO: [HLS 200-10] ----------------------------------------------------------------
INFO: [SCHED 204-11] Starting scheduling ...
INFO: [SCHED 204-61] Pipelining loop 'Loop 1'.
INFO: [HLS 200-1470] Pipelining result : Target II = NA, Final II = 1, Depth = 3, loop 'Loop 1'
INFO: [SCHED 204-11] Finished scheduling.
INFO: [HLS 200-111] Finished Scheduling: CPU user time: 0.08 seconds. CPU system time: 0 seconds. Elapsed time: 0.08 seconds; current allocated memory: 544.633 MB.
INFO: [BIND 205-100] Starting micro-architecture generation ...
INFO: [BIND 205-101] Performing variable lifetime analysis.
INFO: [BIND 205-101] Exploring resource sharing.
INFO: [BIND 205-101] Binding ...
INFO: [BIND 205-100] Finished micro-architecture generation.
INFO: [HLS 200-111] Finished Binding: CPU user time: 0.01 seconds. CPU system time: 0.01 seconds. Elapsed time: 0.02 seconds; current allocated memory: 544.633 MB.
INFO: [HLS 200-10] ----------------------------------------------------------------
INFO: [HLS 200-42] -- Implementing module 'process_features_Pipeline_3' 
INFO: [HLS 200-10] ----------------------------------------------------------------
INFO: [SCHED 204-11] Starting scheduling ...
INFO: [SCHED 204-61] Pipelining loop 'Loop 1'.
INFO: [HLS 200-1470] Pipelining result : Target II = NA, Final II = 1, Depth = 3, loop 'Loop 1'
INFO: [SCHED 204-11] Finished scheduling.
INFO: [HLS 200-111] Finished Scheduling: CPU user time: 0.03 seconds. CPU system time: 0 seconds. Elapsed time: 0.03 seconds; current allocated memory: 544.633 MB.
INFO: [BIND 205-100] Starting micro-architecture generation ...
INFO: [BIND 205-101] Performing variable lifetime analysis.
INFO: [BIND 205-101] Exploring resource sharing.
INFO: [BIND 205-101] Binding ...
INFO: [BIND 205-100] Finished micro-architecture generation.
INFO: [HLS 200-111] Finished Binding: CPU user time: 0.01 seconds. CPU system time: 0 seconds. Elapsed time: 0.01 seconds; current allocated memory: 544.633 MB.
INFO: [HLS 200-10] ----------------------------------------------------------------
INFO: [HLS 200-42] -- Implementing module 'process_features_Pipeline_conv_weights' 
INFO: [HLS 200-10] ----------------------------------------------------------------
INFO: [SCHED 204-11] Starting scheduling ...
INFO: [SCHED 204-61] Pipelining loop 'conv_weights'.
INFO: [HLS 200-1470] Pipelining result : Target II = NA, Final II = 1, Depth = 2, loop 'conv_weights'
INFO: [SCHED 204-11] Finished scheduling.
INFO: [HLS 200-111] Finished Scheduling: CPU user time: 0.02 seconds. CPU system time: 0 seconds. Elapsed time: 0.01 seconds; current allocated memory: 544.633 MB.
INFO: [BIND 205-100] Starting micro-architecture generation ...
INFO: [BIND 205-101] Performing variable lifetime analysis.
INFO: [BIND 205-101] Exploring resource sharing.
INFO: [BIND 205-101] Binding ...
INFO: [BIND 205-100] Finished micro-architecture generation.
INFO: [HLS 200-111] Finished Binding: CPU user time: 0 seconds. CPU system time: 0.01 seconds. Elapsed time: 0 seconds; current allocated memory: 544.633 MB.
INFO: [HLS 200-10] ----------------------------------------------------------------
INFO: [HLS 200-42] -- Implementing module 'calculate_single_value_Pipeline_1' 
INFO: [HLS 200-10] ----------------------------------------------------------------
INFO: [SCHED 204-11] Starting scheduling ...
INFO: [SCHED 204-61] Pipelining loop 'Loop 1'.
INFO: [HLS 200-1470] Pipelining result : Target II = NA, Final II = 1, Depth = 1, loop 'Loop 1'
INFO: [SCHED 204-11] Finished scheduling.
INFO: [HLS 200-111] Finished Scheduling: CPU user time: 0.01 seconds. CPU system time: 0 seconds. Elapsed time: 0.01 seconds; current allocated memory: 544.633 MB.
INFO: [BIND 205-100] Starting micro-architecture generation ...
INFO: [BIND 205-101] Performing variable lifetime analysis.
INFO: [BIND 205-101] Exploring resource sharing.
INFO: [BIND 205-101] Binding ...
INFO: [BIND 205-100] Finished micro-architecture generation.
INFO: [HLS 200-111] Finished Binding: CPU user time: 0.01 seconds. CPU system time: 0 seconds. Elapsed time: 0.01 seconds; current allocated memory: 544.633 MB.
INFO: [HLS 200-10] ----------------------------------------------------------------
INFO: [HLS 200-42] -- Implementing module 'calculate_single_value_Pipeline_conv_kernel_depth_256' 
INFO: [HLS 200-10] ----------------------------------------------------------------
INFO: [SCHED 204-11] Starting scheduling ...
INFO: [SCHED 204-61] Pipelining loop 'conv_kernel_depth_256'.
WARNING: [HLS 200-885] The II Violation in module 'calculate_single_value_Pipeline_conv_kernel_depth_256' (loop 'conv_kernel_depth_256'): Unable to schedule 'load' operation 32 bit ('weight', PrimaryCaps.cpp:138) on array 'input_b' due to limited memory ports (II = 3). Please consider using a memory core with more ports or partitioning the array 'input_b'.
Resolution: For help on HLS 200-885 see docs.xilinx.com/access/sources/dita/topic?Doc_Version=2024.1%20English&url=ug1448-hls-guidance&resourceid=200-885.html
WARNING: [HLS 200-885] The II Violation in module 'calculate_single_value_Pipeline_conv_kernel_depth_256' (loop 'conv_kernel_depth_256'): Unable to schedule 'load' operation 32 bit ('weight', PrimaryCaps.cpp:138) on array 'input_b' due to limited memory ports (II = 4). Please consider using a memory core with more ports or partitioning the array 'input_b'.
Resolution: For help on HLS 200-885 see docs.xilinx.com/access/sources/dita/topic?Doc_Version=2024.1%20English&url=ug1448-hls-guidance&resourceid=200-885.html
INFO: [HLS 200-1470] Pipelining result : Target II = 3, Final II = 5, Depth = 7, loop 'conv_kernel_depth_256'
INFO: [SCHED 204-11] Finished scheduling.
INFO: [HLS 200-111] Finished Scheduling: CPU user time: 149.12 seconds. CPU system time: 0.05 seconds. Elapsed time: 149.17 seconds; current allocated memory: 609.816 MB.
INFO: [BIND 205-100] Starting micro-architecture generation ...
INFO: [BIND 205-101] Performing variable lifetime analysis.
INFO: [BIND 205-101] Exploring resource sharing.
INFO: [BIND 205-101] Binding ...
INFO: [BIND 205-100] Finished micro-architecture generation.
INFO: [HLS 200-111] Finished Binding: CPU user time: 31.34 seconds. CPU system time: 0 seconds. Elapsed time: 31.34 seconds; current allocated memory: 609.816 MB.
INFO: [HLS 200-10] ----------------------------------------------------------------
INFO: [HLS 200-42] -- Implementing module 'calculate_single_value_Pipeline_VITIS_LOOP_151_1_VITIS_LOOP_154_2' 
INFO: [HLS 200-10] ----------------------------------------------------------------
INFO: [SCHED 204-11] Starting scheduling ...
INFO: [SCHED 204-61] Pipelining loop 'VITIS_LOOP_151_1_VITIS_LOOP_154_2'.
INFO: [HLS 200-1470] Pipelining result : Target II = 3, Final II = 2, Depth = 2, loop 'VITIS_LOOP_151_1_VITIS_LOOP_154_2'
INFO: [SCHED 204-11] Finished scheduling.
INFO: [HLS 200-111] Finished Scheduling: CPU user time: 0.31 seconds. CPU system time: 0.02 seconds. Elapsed time: 0.33 seconds; current allocated memory: 609.816 MB.
INFO: [BIND 205-100] Starting micro-architecture generation ...
INFO: [BIND 205-101] Performing variable lifetime analysis.
INFO: [BIND 205-101] Exploring resource sharing.
INFO: [BIND 205-101] Binding ...
INFO: [BIND 205-100] Finished micro-architecture generation.
INFO: [HLS 200-111] Finished Binding: CPU user time: 0.01 seconds. CPU system time: 0 seconds. Elapsed time: 0 seconds; current allocated memory: 609.816 MB.
INFO: [HLS 200-10] ----------------------------------------------------------------
INFO: [HLS 200-42] -- Implementing module 'calculate_single_value' 
INFO: [HLS 200-10] ----------------------------------------------------------------
INFO: [SCHED 204-11] Starting scheduling ...
INFO: [SCHED 204-11] Finished scheduling.
INFO: [HLS 200-111] Finished Scheduling: CPU user time: 0.13 seconds. CPU system time: 0 seconds. Elapsed time: 0.13 seconds; current allocated memory: 609.816 MB.
INFO: [BIND 205-100] Starting micro-architecture generation ...
INFO: [BIND 205-101] Performing variable lifetime analysis.
INFO: [BIND 205-101] Exploring resource sharing.
INFO: [BIND 205-101] Binding ...
INFO: [BIND 205-100] Finished micro-architecture generation.
INFO: [HLS 200-111] Finished Binding: CPU user time: 0.05 seconds. CPU system time: 0 seconds. Elapsed time: 0.04 seconds; current allocated memory: 609.816 MB.
INFO: [HLS 200-10] ----------------------------------------------------------------
INFO: [HLS 200-42] -- Implementing module 'process_features_Pipeline_5' 
INFO: [HLS 200-10] ----------------------------------------------------------------
INFO: [SCHED 204-11] Starting scheduling ...
INFO: [SCHED 204-61] Pipelining loop 'Loop 1'.
INFO: [HLS 200-1470] Pipelining result : Target II = NA, Final II = 1, Depth = 2, loop 'Loop 1'
INFO: [SCHED 204-11] Finished scheduling.
INFO: [HLS 200-111] Finished Scheduling: CPU user time: 0.07 seconds. CPU system time: 0 seconds. Elapsed time: 0.08 seconds; current allocated memory: 609.816 MB.
INFO: [BIND 205-100] Starting micro-architecture generation ...
INFO: [BIND 205-101] Performing variable lifetime analysis.
INFO: [BIND 205-101] Exploring resource sharing.
INFO: [BIND 205-101] Binding ...
INFO: [BIND 205-100] Finished micro-architecture generation.
INFO: [HLS 200-111] Finished Binding: CPU user time: 0.01 seconds. CPU system time: 0 seconds. Elapsed time: 0.01 seconds; current allocated memory: 609.816 MB.
INFO: [HLS 200-10] ----------------------------------------------------------------
INFO: [HLS 200-42] -- Implementing module 'process_features_Pipeline_6' 
INFO: [HLS 200-10] ----------------------------------------------------------------
INFO: [SCHED 204-11] Starting scheduling ...
INFO: [SCHED 204-61] Pipelining loop 'Loop 1'.
INFO: [HLS 200-1470] Pipelining result : Target II = NA, Final II = 1, Depth = 2, loop 'Loop 1'
INFO: [SCHED 204-11] Finished scheduling.
INFO: [HLS 200-111] Finished Scheduling: CPU user time: 0.01 seconds. CPU system time: 0 seconds. Elapsed time: 0.02 seconds; current allocated memory: 609.816 MB.
INFO: [BIND 205-100] Starting micro-architecture generation ...
INFO: [BIND 205-101] Performing variable lifetime analysis.
INFO: [BIND 205-101] Exploring resource sharing.
INFO: [BIND 205-101] Binding ...
INFO: [BIND 205-100] Finished micro-architecture generation.
INFO: [HLS 200-111] Finished Binding: CPU user time: 0.01 seconds. CPU system time: 0 seconds. Elapsed time: 0.01 seconds; current allocated memory: 609.816 MB.
INFO: [HLS 200-10] ----------------------------------------------------------------
INFO: [HLS 200-42] -- Implementing module 'process_features_Pipeline_VITIS_LOOP_231_1_VITIS_LOOP_233_2_VITIS_LOOP_235_3_VIT' 
INFO: [HLS 200-10] ----------------------------------------------------------------
INFO: [SCHED 204-11] Starting scheduling ...
INFO: [SCHED 204-61] Pipelining loop 'VITIS_LOOP_231_1_VITIS_LOOP_233_2_VITIS_LOOP_235_3_VITIS_LOOP_237_4'.
INFO: [HLS 200-1470] Pipelining result : Target II = NA, Final II = 1, Depth = 3, loop 'VITIS_LOOP_231_1_VITIS_LOOP_233_2_VITIS_LOOP_235_3_VITIS_LOOP_237_4'
INFO: [SCHED 204-11] Finished scheduling.
INFO: [HLS 200-111] Finished Scheduling: CPU user time: 0.05 seconds. CPU system time: 0 seconds. Elapsed time: 0.04 seconds; current allocated memory: 609.816 MB.
INFO: [BIND 205-100] Starting micro-architecture generation ...
INFO: [BIND 205-101] Performing variable lifetime analysis.
INFO: [BIND 205-101] Exploring resource sharing.
INFO: [BIND 205-101] Binding ...
INFO: [BIND 205-100] Finished micro-architecture generation.
INFO: [HLS 200-111] Finished Binding: CPU user time: 0.01 seconds. CPU system time: 0 seconds. Elapsed time: 0.02 seconds; current allocated memory: 609.816 MB.
INFO: [HLS 200-10] ----------------------------------------------------------------
INFO: [HLS 200-42] -- Implementing module 'process_features_Pipeline_8' 
INFO: [HLS 200-10] ----------------------------------------------------------------
INFO: [SCHED 204-11] Starting scheduling ...
INFO: [SCHED 204-61] Pipelining loop 'Loop 1'.
INFO: [HLS 200-1470] Pipelining result : Target II = NA, Final II = 1, Depth = 2, loop 'Loop 1'
INFO: [SCHED 204-11] Finished scheduling.
INFO: [HLS 200-111] Finished Scheduling: CPU user time: 0.02 seconds. CPU system time: 0 seconds. Elapsed time: 0.02 seconds; current allocated memory: 609.816 MB.
INFO: [BIND 205-100] Starting micro-architecture generation ...
INFO: [BIND 205-101] Performing variable lifetime analysis.
INFO: [BIND 205-101] Exploring resource sharing.
INFO: [BIND 205-101] Binding ...
INFO: [BIND 205-100] Finished micro-architecture generation.
INFO: [HLS 200-111] Finished Binding: CPU user time: 0.01 seconds. CPU system time: 0 seconds. Elapsed time: 0.01 seconds; current allocated memory: 609.816 MB.
INFO: [HLS 200-10] ----------------------------------------------------------------
INFO: [HLS 200-42] -- Implementing module 'squash_Pipeline_1' 
INFO: [HLS 200-10] ----------------------------------------------------------------
INFO: [SCHED 204-11] Starting scheduling ...
INFO: [SCHED 204-61] Pipelining loop 'Loop 1'.
INFO: [HLS 200-1470] Pipelining result : Target II = NA, Final II = 1, Depth = 1, loop 'Loop 1'
INFO: [SCHED 204-11] Finished scheduling.
INFO: [HLS 200-111] Finished Scheduling: CPU user time: 0.02 seconds. CPU system time: 0.01 seconds. Elapsed time: 0.02 seconds; current allocated memory: 609.816 MB.
INFO: [BIND 205-100] Starting micro-architecture generation ...
INFO: [BIND 205-101] Performing variable lifetime analysis.
INFO: [BIND 205-101] Exploring resource sharing.
INFO: [BIND 205-101] Binding ...
INFO: [BIND 205-100] Finished micro-architecture generation.
INFO: [HLS 200-111] Finished Binding: CPU user time: 0.01 seconds. CPU system time: 0 seconds. Elapsed time: 0.01 seconds; current allocated memory: 609.816 MB.
INFO: [HLS 200-10] ----------------------------------------------------------------
INFO: [HLS 200-42] -- Implementing module 'squash_Pipeline_2' 
INFO: [HLS 200-10] ----------------------------------------------------------------
INFO: [SCHED 204-11] Starting scheduling ...
INFO: [SCHED 204-61] Pipelining loop 'Loop 1'.
INFO: [HLS 200-1470] Pipelining result : Target II = NA, Final II = 1, Depth = 2, loop 'Loop 1'
INFO: [SCHED 204-11] Finished scheduling.
INFO: [HLS 200-111] Finished Scheduling: CPU user time: 0.02 seconds. CPU system time: 0 seconds. Elapsed time: 0.02 seconds; current allocated memory: 609.816 MB.
INFO: [BIND 205-100] Starting micro-architecture generation ...
INFO: [BIND 205-101] Performing variable lifetime analysis.
INFO: [BIND 205-101] Exploring resource sharing.
INFO: [BIND 205-101] Binding ...
INFO: [BIND 205-100] Finished micro-architecture generation.
INFO: [HLS 200-111] Finished Binding: CPU user time: 0.01 seconds. CPU system time: 0 seconds. Elapsed time: 0.02 seconds; current allocated memory: 609.816 MB.
INFO: [HLS 200-10] ----------------------------------------------------------------
INFO: [HLS 200-42] -- Implementing module 'squash_Pipeline_VITIS_LOOP_268_1_VITIS_LOOP_270_2' 
INFO: [HLS 200-10] ----------------------------------------------------------------
INFO: [SCHED 204-11] Starting scheduling ...
INFO: [SCHED 204-61] Pipelining loop 'VITIS_LOOP_268_1_VITIS_LOOP_270_2'.
INFO: [HLS 200-1470] Pipelining result : Target II = NA, Final II = 1, Depth = 2, loop 'VITIS_LOOP_268_1_VITIS_LOOP_270_2'
INFO: [SCHED 204-11] Finished scheduling.
INFO: [HLS 200-111] Finished Scheduling: CPU user time: 0.02 seconds. CPU system time: 0 seconds. Elapsed time: 0.02 seconds; current allocated memory: 609.816 MB.
INFO: [BIND 205-100] Starting micro-architecture generation ...
INFO: [BIND 205-101] Performing variable lifetime analysis.
INFO: [BIND 205-101] Exploring resource sharing.
INFO: [BIND 205-101] Binding ...
INFO: [BIND 205-100] Finished micro-architecture generation.
INFO: [HLS 200-111] Finished Binding: CPU user time: 0.01 seconds. CPU system time: 0 seconds. Elapsed time: 0.02 seconds; current allocated memory: 609.816 MB.
INFO: [HLS 200-10] ----------------------------------------------------------------
INFO: [HLS 200-42] -- Implementing module 'squash_Pipeline_VITIS_LOOP_278_3' 
INFO: [HLS 200-10] ----------------------------------------------------------------
INFO: [SCHED 204-11] Starting scheduling ...
INFO: [SCHED 204-61] Pipelining loop 'VITIS_LOOP_278_3'.
INFO: [HLS 200-1470] Pipelining result : Target II = NA, Final II = 1, Depth = 122, loop 'VITIS_LOOP_278_3'
INFO: [SCHED 204-11] Finished scheduling.
INFO: [HLS 200-111] Finished Scheduling: CPU user time: 0.08 seconds. CPU system time: 0 seconds. Elapsed time: 0.08 seconds; current allocated memory: 609.816 MB.
INFO: [BIND 205-100] Starting micro-architecture generation ...
INFO: [BIND 205-101] Performing variable lifetime analysis.
INFO: [BIND 205-101] Exploring resource sharing.
INFO: [BIND 205-101] Binding ...
INFO: [BIND 205-100] Finished micro-architecture generation.
INFO: [HLS 200-111] Finished Binding: CPU user time: 0.02 seconds. CPU system time: 0 seconds. Elapsed time: 0.02 seconds; current allocated memory: 609.816 MB.
INFO: [HLS 200-10] ----------------------------------------------------------------
INFO: [HLS 200-42] -- Implementing module 'squash_Pipeline_VITIS_LOOP_289_5' 
INFO: [HLS 200-10] ----------------------------------------------------------------
INFO: [SCHED 204-11] Starting scheduling ...
INFO: [SCHED 204-61] Pipelining loop 'VITIS_LOOP_289_5'.
INFO: [HLS 200-1470] Pipelining result : Target II = NA, Final II = 1, Depth = 2, loop 'VITIS_LOOP_289_5'
INFO: [SCHED 204-11] Finished scheduling.
INFO: [HLS 200-111] Finished Scheduling: CPU user time: 0.04 seconds. CPU system time: 0 seconds. Elapsed time: 0.05 seconds; current allocated memory: 609.816 MB.
INFO: [BIND 205-100] Starting micro-architecture generation ...
INFO: [BIND 205-101] Performing variable lifetime analysis.
INFO: [BIND 205-101] Exploring resource sharing.
INFO: [BIND 205-101] Binding ...
INFO: [BIND 205-100] Finished micro-architecture generation.
INFO: [HLS 200-111] Finished Binding: CPU user time: 0.02 seconds. CPU system time: 0 seconds. Elapsed time: 0.01 seconds; current allocated memory: 609.816 MB.
INFO: [HLS 200-10] ----------------------------------------------------------------
INFO: [HLS 200-42] -- Implementing module 'squash_Pipeline_6' 
INFO: [HLS 200-10] ----------------------------------------------------------------
INFO: [SCHED 204-11] Starting scheduling ...
INFO: [SCHED 204-61] Pipelining loop 'Loop 1'.
INFO: [HLS 200-1470] Pipelining result : Target II = NA, Final II = 1, Depth = 3, loop 'Loop 1'
INFO: [SCHED 204-11] Finished scheduling.
INFO: [HLS 200-111] Finished Scheduling: CPU user time: 0.02 seconds. CPU system time: 0.01 seconds. Elapsed time: 0.03 seconds; current allocated memory: 609.816 MB.
INFO: [BIND 205-100] Starting micro-architecture generation ...
INFO: [BIND 205-101] Performing variable lifetime analysis.
INFO: [BIND 205-101] Exploring resource sharing.
INFO: [BIND 205-101] Binding ...
INFO: [BIND 205-100] Finished micro-architecture generation.
INFO: [HLS 200-111] Finished Binding: CPU user time: 0.02 seconds. CPU system time: 0 seconds. Elapsed time: 0.01 seconds; current allocated memory: 609.816 MB.
INFO: [HLS 200-10] ----------------------------------------------------------------
INFO: [HLS 200-42] -- Implementing module 'squash' 
INFO: [HLS 200-10] ----------------------------------------------------------------
INFO: [SCHED 204-11] Starting scheduling ...
INFO: [SCHED 204-11] Finished scheduling.
INFO: [HLS 200-111] Finished Scheduling: CPU user time: 0.02 seconds. CPU system time: 0 seconds. Elapsed time: 0.02 seconds; current allocated memory: 609.816 MB.
INFO: [BIND 205-100] Starting micro-architecture generation ...
INFO: [BIND 205-101] Performing variable lifetime analysis.
INFO: [BIND 205-101] Exploring resource sharing.
INFO: [BIND 205-101] Binding ...
INFO: [BIND 205-100] Finished micro-architecture generation.
INFO: [HLS 200-111] Finished Binding: CPU user time: 0.02 seconds. CPU system time: 0 seconds. Elapsed time: 0.02 seconds; current allocated memory: 609.816 MB.
INFO: [HLS 200-10] ----------------------------------------------------------------
INFO: [HLS 200-42] -- Implementing module 'process_features' 
INFO: [HLS 200-10] ----------------------------------------------------------------
INFO: [SCHED 204-11] Starting scheduling ...
INFO: [SCHED 204-11] Finished scheduling.
INFO: [HLS 200-111] Finished Scheduling: CPU user time: 0.06 seconds. CPU system time: 0 seconds. Elapsed time: 0.07 seconds; current allocated memory: 609.992 MB.
INFO: [BIND 205-100] Starting micro-architecture generation ...
INFO: [BIND 205-101] Performing variable lifetime analysis.
INFO: [BIND 205-101] Exploring resource sharing.
WARNING: [BIND 205-102] The specified resource core for memory 'biases_buffer' will be ignored if a simpler one can be used.
WARNING: [BIND 205-102] The specified resource core for memory 'output_buffer_4' will be ignored if a simpler one can be used.
INFO: [BIND 205-101] Binding ...
INFO: [BIND 205-100] Finished micro-architecture generation.
INFO: [HLS 200-111] Finished Binding: CPU user time: 0.06 seconds. CPU system time: 0 seconds. Elapsed time: 0.06 seconds; current allocated memory: 610.590 MB.
INFO: [HLS 200-10] ----------------------------------------------------------------
INFO: [HLS 200-10] -- Generating RTL for module 'process_features_Pipeline_VITIS_LOOP_186_1' 
INFO: [HLS 200-10] ----------------------------------------------------------------
INFO: [HLS 200-1030] Apply Unified Pipeline Control on module 'process_features_Pipeline_VITIS_LOOP_186_1' pipeline 'VITIS_LOOP_186_1' pipeline type 'loop pipeline'
WARNING: [RTGEN 206-101] Setting dangling out port 'process_features_Pipeline_VITIS_LOOP_186_1/m_axi_gmem1_ARVALID' to 0.
WARNING: [RTGEN 206-101] Setting dangling out port 'process_features_Pipeline_VITIS_LOOP_186_1/m_axi_gmem1_ARADDR' to 0.
WARNING: [RTGEN 206-101] Setting dangling out port 'process_features_Pipeline_VITIS_LOOP_186_1/m_axi_gmem1_ARID' to 0.
WARNING: [RTGEN 206-101] Setting dangling out port 'process_features_Pipeline_VITIS_LOOP_186_1/m_axi_gmem1_ARLEN' to 0.
WARNING: [RTGEN 206-101] Setting dangling out port 'process_features_Pipeline_VITIS_LOOP_186_1/m_axi_gmem1_ARSIZE' to 0.
WARNING: [RTGEN 206-101] Setting dangling out port 'process_features_Pipeline_VITIS_LOOP_186_1/m_axi_gmem1_ARBURST' to 0.
WARNING: [RTGEN 206-101] Setting dangling out port 'process_features_Pipeline_VITIS_LOOP_186_1/m_axi_gmem1_ARLOCK' to 0.
WARNING: [RTGEN 206-101] Setting dangling out port 'process_features_Pipeline_VITIS_LOOP_186_1/m_axi_gmem1_ARCACHE' to 0.
WARNING: [RTGEN 206-101] Setting dangling out port 'process_features_Pipeline_VITIS_LOOP_186_1/m_axi_gmem1_ARPROT' to 0.
WARNING: [RTGEN 206-101] Setting dangling out port 'process_features_Pipeline_VITIS_LOOP_186_1/m_axi_gmem1_ARQOS' to 0.
WARNING: [RTGEN 206-101] Setting dangling out port 'process_features_Pipeline_VITIS_LOOP_186_1/m_axi_gmem1_ARREGION' to 0.
WARNING: [RTGEN 206-101] Setting dangling out port 'process_features_Pipeline_VITIS_LOOP_186_1/m_axi_gmem1_ARUSER' to 0.
INFO: [RTGEN 206-100] Finished creating RTL model for 'process_features_Pipeline_VITIS_LOOP_186_1'.
INFO: [HLS 200-111] Finished Creating RTL model: CPU user time: 0.11 seconds. CPU system time: 0 seconds. Elapsed time: 0.11 seconds; current allocated memory: 611.191 MB.
INFO: [HLS 200-10] ----------------------------------------------------------------
INFO: [HLS 200-10] -- Generating RTL for module 'process_features_Pipeline_2' 
INFO: [HLS 200-10] ----------------------------------------------------------------
INFO: [HLS 200-1030] Apply Unified Pipeline Control on module 'process_features_Pipeline_2' pipeline 'Loop 1' pipeline type 'loop pipeline'
WARNING: [RTGEN 206-101] Setting dangling out port 'process_features_Pipeline_2/m_axi_gmem0_ARVALID' to 0.
WARNING: [RTGEN 206-101] Setting dangling out port 'process_features_Pipeline_2/m_axi_gmem0_ARADDR' to 0.
WARNING: [RTGEN 206-101] Setting dangling out port 'process_features_Pipeline_2/m_axi_gmem0_ARID' to 0.
WARNING: [RTGEN 206-101] Setting dangling out port 'process_features_Pipeline_2/m_axi_gmem0_ARLEN' to 0.
WARNING: [RTGEN 206-101] Setting dangling out port 'process_features_Pipeline_2/m_axi_gmem0_ARSIZE' to 0.
WARNING: [RTGEN 206-101] Setting dangling out port 'process_features_Pipeline_2/m_axi_gmem0_ARBURST' to 0.
WARNING: [RTGEN 206-101] Setting dangling out port 'process_features_Pipeline_2/m_axi_gmem0_ARLOCK' to 0.
WARNING: [RTGEN 206-101] Setting dangling out port 'process_features_Pipeline_2/m_axi_gmem0_ARCACHE' to 0.
WARNING: [RTGEN 206-101] Setting dangling out port 'process_features_Pipeline_2/m_axi_gmem0_ARPROT' to 0.
WARNING: [RTGEN 206-101] Setting dangling out port 'process_features_Pipeline_2/m_axi_gmem0_ARQOS' to 0.
WARNING: [RTGEN 206-101] Setting dangling out port 'process_features_Pipeline_2/m_axi_gmem0_ARREGION' to 0.
WARNING: [RTGEN 206-101] Setting dangling out port 'process_features_Pipeline_2/m_axi_gmem0_ARUSER' to 0.
INFO: [RTGEN 206-100] Finished creating RTL model for 'process_features_Pipeline_2'.
INFO: [HLS 200-111] Finished Creating RTL model: CPU user time: 0.07 seconds. CPU system time: 0 seconds. Elapsed time: 0.07 seconds; current allocated memory: 614.520 MB.
INFO: [HLS 200-10] ----------------------------------------------------------------
INFO: [HLS 200-10] -- Generating RTL for module 'process_features_Pipeline_3' 
INFO: [HLS 200-10] ----------------------------------------------------------------
INFO: [HLS 200-1030] Apply Unified Pipeline Control on module 'process_features_Pipeline_3' pipeline 'Loop 1' pipeline type 'loop pipeline'
WARNING: [RTGEN 206-101] Setting dangling out port 'process_features_Pipeline_3/m_axi_gmem2_ARVALID' to 0.
WARNING: [RTGEN 206-101] Setting dangling out port 'process_features_Pipeline_3/m_axi_gmem2_ARADDR' to 0.
WARNING: [RTGEN 206-101] Setting dangling out port 'process_features_Pipeline_3/m_axi_gmem2_ARID' to 0.
WARNING: [RTGEN 206-101] Setting dangling out port 'process_features_Pipeline_3/m_axi_gmem2_ARLEN' to 0.
WARNING: [RTGEN 206-101] Setting dangling out port 'process_features_Pipeline_3/m_axi_gmem2_ARSIZE' to 0.
WARNING: [RTGEN 206-101] Setting dangling out port 'process_features_Pipeline_3/m_axi_gmem2_ARBURST' to 0.
WARNING: [RTGEN 206-101] Setting dangling out port 'process_features_Pipeline_3/m_axi_gmem2_ARLOCK' to 0.
WARNING: [RTGEN 206-101] Setting dangling out port 'process_features_Pipeline_3/m_axi_gmem2_ARCACHE' to 0.
WARNING: [RTGEN 206-101] Setting dangling out port 'process_features_Pipeline_3/m_axi_gmem2_ARPROT' to 0.
WARNING: [RTGEN 206-101] Setting dangling out port 'process_features_Pipeline_3/m_axi_gmem2_ARQOS' to 0.
WARNING: [RTGEN 206-101] Setting dangling out port 'process_features_Pipeline_3/m_axi_gmem2_ARREGION' to 0.
WARNING: [RTGEN 206-101] Setting dangling out port 'process_features_Pipeline_3/m_axi_gmem2_ARUSER' to 0.
INFO: [RTGEN 206-100] Finished creating RTL model for 'process_features_Pipeline_3'.
INFO: [HLS 200-111] Finished Creating RTL model: CPU user time: 0.08 seconds. CPU system time: 0 seconds. Elapsed time: 0.08 seconds; current allocated memory: 619.160 MB.
INFO: [HLS 200-10] ----------------------------------------------------------------
INFO: [HLS 200-10] -- Generating RTL for module 'process_features_Pipeline_conv_weights' 
INFO: [HLS 200-10] ----------------------------------------------------------------
INFO: [HLS 200-1030] Apply Unified Pipeline Control on module 'process_features_Pipeline_conv_weights' pipeline 'conv_weights' pipeline type 'loop pipeline'
INFO: [RTGEN 206-100] Finished creating RTL model for 'process_features_Pipeline_conv_weights'.
INFO: [HLS 200-111] Finished Creating RTL model: CPU user time: 0.03 seconds. CPU system time: 0 seconds. Elapsed time: 0.02 seconds; current allocated memory: 620.043 MB.
INFO: [HLS 200-10] ----------------------------------------------------------------
INFO: [HLS 200-10] -- Generating RTL for module 'calculate_single_value_Pipeline_1' 
INFO: [HLS 200-10] ----------------------------------------------------------------
INFO: [RTGEN 206-100] Finished creating RTL model for 'calculate_single_value_Pipeline_1'.
INFO: [HLS 200-111] Finished Creating RTL model: CPU user time: 0.02 seconds. CPU system time: 0 seconds. Elapsed time: 0.02 seconds; current allocated memory: 620.664 MB.
INFO: [HLS 200-10] ----------------------------------------------------------------
INFO: [HLS 200-10] -- Generating RTL for module 'calculate_single_value_Pipeline_conv_kernel_depth_256' 
INFO: [HLS 200-10] ----------------------------------------------------------------
INFO: [HLS 200-1030] Apply Unified Pipeline Control on module 'calculate_single_value_Pipeline_conv_kernel_depth_256' pipeline 'conv_kernel_depth_256' pipeline type 'loop pipeline'
INFO: [RTGEN 206-100] Generating core module 'mul_32s_32s_48_1_1': 17 instance(s).
INFO: [RTGEN 206-100] Generating core module 'mul_8ns_10ns_17_1_1': 1 instance(s).
INFO: [RTGEN 206-100] Generating core module 'sparsemux_65_6_32_1_1': 81 instance(s).
INFO: [RTGEN 206-100] Finished creating RTL model for 'calculate_single_value_Pipeline_conv_kernel_depth_256'.
INFO: [HLS 200-111] Finished Creating RTL model: CPU user time: 0.89 seconds. CPU system time: 0.02 seconds. Elapsed time: 0.91 seconds; current allocated memory: 678.355 MB.
INFO: [HLS 200-10] ----------------------------------------------------------------
INFO: [HLS 200-10] -- Generating RTL for module 'calculate_single_value_Pipeline_VITIS_LOOP_151_1_VITIS_LOOP_154_2' 
INFO: [HLS 200-10] ----------------------------------------------------------------
INFO: [RTGEN 206-100] Finished creating RTL model for 'calculate_single_value_Pipeline_VITIS_LOOP_151_1_VITIS_LOOP_154_2'.
INFO: [HLS 200-111] Finished Creating RTL model: CPU user time: 1.01 seconds. CPU system time: 0.1 seconds. Elapsed time: 1.13 seconds; current allocated memory: 801.562 MB.
INFO: [HLS 200-10] ----------------------------------------------------------------
INFO: [HLS 200-10] -- Generating RTL for module 'calculate_single_value' 
INFO: [HLS 200-10] ----------------------------------------------------------------
INFO: [RTGEN 206-100] Finished creating RTL model for 'calculate_single_value'.
INFO: [RTMG 210-278] Implementing memory 'process_features_calculate_single_value_partial_sums_RAM_AUTO_1R1W' using auto RAMs.
INFO: [HLS 200-111] Finished Creating RTL model: CPU user time: 0.1 seconds. CPU system time: 0 seconds. Elapsed time: 0.1 seconds; current allocated memory: 808.918 MB.
INFO: [HLS 200-10] ----------------------------------------------------------------
INFO: [HLS 200-10] -- Generating RTL for module 'process_features_Pipeline_5' 
INFO: [HLS 200-10] ----------------------------------------------------------------
INFO: [HLS 200-1030] Apply Unified Pipeline Control on module 'process_features_Pipeline_5' pipeline 'Loop 1' pipeline type 'loop pipeline'
INFO: [RTGEN 206-100] Finished creating RTL model for 'process_features_Pipeline_5'.
INFO: [HLS 200-111] Finished Creating RTL model: CPU user time: 0.16 seconds. CPU system time: 0 seconds. Elapsed time: 0.16 seconds; current allocated memory: 816.590 MB.
INFO: [HLS 200-10] ----------------------------------------------------------------
INFO: [HLS 200-10] -- Generating RTL for module 'process_features_Pipeline_6' 
INFO: [HLS 200-10] ----------------------------------------------------------------
INFO: [HLS 200-1030] Apply Unified Pipeline Control on module 'process_features_Pipeline_6' pipeline 'Loop 1' pipeline type 'loop pipeline'
INFO: [RTGEN 206-100] Finished creating RTL model for 'process_features_Pipeline_6'.
INFO: [HLS 200-111] Finished Creating RTL model: CPU user time: 0.03 seconds. CPU system time: 0 seconds. Elapsed time: 0.02 seconds; current allocated memory: 818.250 MB.
INFO: [HLS 200-10] ----------------------------------------------------------------
INFO: [HLS 200-10] -- Generating RTL for module 'process_features_Pipeline_VITIS_LOOP_231_1_VITIS_LOOP_233_2_VITIS_LOOP_235_3_VIT' 
INFO: [HLS 200-10] ----------------------------------------------------------------
INFO: [HLS 200-1030] Apply Unified Pipeline Control on module 'process_features_Pipeline_VITIS_LOOP_231_1_VITIS_LOOP_233_2_VITIS_LOOP_235_3_VIT' pipeline 'VITIS_LOOP_231_1_VITIS_LOOP_233_2_VITIS_LOOP_235_3_VITIS_LOOP_237_4' pipeline type 'loop pipeline'
INFO: [RTGEN 206-100] Finished creating RTL model for 'process_features_Pipeline_VITIS_LOOP_231_1_VITIS_LOOP_233_2_VITIS_LOOP_235_3_VIT'.
INFO: [HLS 200-111] Finished Creating RTL model: CPU user time: 0.03 seconds. CPU system time: 0 seconds. Elapsed time: 0.03 seconds; current allocated memory: 818.910 MB.
INFO: [HLS 200-10] ----------------------------------------------------------------
INFO: [HLS 200-10] -- Generating RTL for module 'process_features_Pipeline_8' 
INFO: [HLS 200-10] ----------------------------------------------------------------
INFO: [HLS 200-1030] Apply Unified Pipeline Control on module 'process_features_Pipeline_8' pipeline 'Loop 1' pipeline type 'loop pipeline'
INFO: [RTGEN 206-100] Finished creating RTL model for 'process_features_Pipeline_8'.
INFO: [HLS 200-111] Finished Creating RTL model: CPU user time: 0.05 seconds. CPU system time: 0 seconds. Elapsed time: 0.04 seconds; current allocated memory: 820.023 MB.
INFO: [HLS 200-10] ----------------------------------------------------------------
INFO: [HLS 200-10] -- Generating RTL for module 'squash_Pipeline_1' 
INFO: [HLS 200-10] ----------------------------------------------------------------
INFO: [RTGEN 206-100] Finished creating RTL model for 'squash_Pipeline_1'.
INFO: [HLS 200-111] Finished Creating RTL model: CPU user time: 0.02 seconds. CPU system time: 0.01 seconds. Elapsed time: 0.02 seconds; current allocated memory: 822.129 MB.
INFO: [HLS 200-10] ----------------------------------------------------------------
INFO: [HLS 200-10] -- Generating RTL for module 'squash_Pipeline_2' 
INFO: [HLS 200-10] ----------------------------------------------------------------
INFO: [HLS 200-1030] Apply Unified Pipeline Control on module 'squash_Pipeline_2' pipeline 'Loop 1' pipeline type 'loop pipeline'
INFO: [RTGEN 206-100] Finished creating RTL model for 'squash_Pipeline_2'.
INFO: [HLS 200-111] Finished Creating RTL model: CPU user time: 0.03 seconds. CPU system time: 0 seconds. Elapsed time: 0.03 seconds; current allocated memory: 822.703 MB.
INFO: [HLS 200-10] ----------------------------------------------------------------
INFO: [HLS 200-10] -- Generating RTL for module 'squash_Pipeline_VITIS_LOOP_268_1_VITIS_LOOP_270_2' 
INFO: [HLS 200-10] ----------------------------------------------------------------
INFO: [HLS 200-1030] Apply Unified Pipeline Control on module 'squash_Pipeline_VITIS_LOOP_268_1_VITIS_LOOP_270_2' pipeline 'VITIS_LOOP_268_1_VITIS_LOOP_270_2' pipeline type 'loop pipeline'
INFO: [RTGEN 206-100] Generating core module 'mul_32s_32s_48_1_1': 1 instance(s).
INFO: [RTGEN 206-100] Generating core module 'sparsemux_9_2_32_1_1': 1 instance(s).
INFO: [RTGEN 206-100] Finished creating RTL model for 'squash_Pipeline_VITIS_LOOP_268_1_VITIS_LOOP_270_2'.
INFO: [HLS 200-111] Finished Creating RTL model: CPU user time: 0.03 seconds. CPU system time: 0 seconds. Elapsed time: 0.04 seconds; current allocated memory: 823.430 MB.
INFO: [HLS 200-10] ----------------------------------------------------------------
INFO: [HLS 200-10] -- Generating RTL for module 'squash_Pipeline_VITIS_LOOP_278_3' 
INFO: [HLS 200-10] ----------------------------------------------------------------
INFO: [HLS 200-1030] Apply Unified Pipeline Control on module 'squash_Pipeline_VITIS_LOOP_278_3' pipeline 'VITIS_LOOP_278_3' pipeline type 'loop pipeline'
INFO: [RTGEN 206-104] Estimated max fanout for 'squash_Pipeline_VITIS_LOOP_278_3' is 9111 from HDL expression: (1'b0 == ap_block_pp0_stage0_11001)
INFO: [RTGEN 206-100] Generating core module 'fpext_32ns_64_2_no_dsp_1': 1 instance(s).
INFO: [RTGEN 206-100] Generating core module 'fsqrt_32ns_32ns_32_8_no_dsp_1': 1 instance(s).
INFO: [RTGEN 206-100] Generating core module 'sdiv_49s_33s_49_53_1': 1 instance(s).
INFO: [RTGEN 206-100] Generating core module 'sdiv_65ns_32s_32_69_1': 1 instance(s).
INFO: [RTGEN 206-100] Generating core module 'sparsemux_9_3_32_1_1': 1 instance(s).
INFO: [RTGEN 206-100] Finished creating RTL model for 'squash_Pipeline_VITIS_LOOP_278_3'.
INFO: [HLS 200-111] Finished Creating RTL model: CPU user time: 0.07 seconds. CPU system time: 0.01 seconds. Elapsed time: 0.08 seconds; current allocated memory: 826.656 MB.
INFO: [HLS 200-10] ----------------------------------------------------------------
INFO: [HLS 200-10] -- Generating RTL for module 'squash_Pipeline_VITIS_LOOP_289_5' 
INFO: [HLS 200-10] ----------------------------------------------------------------
INFO: [HLS 200-1030] Apply Unified Pipeline Control on module 'squash_Pipeline_VITIS_LOOP_289_5' pipeline 'VITIS_LOOP_289_5' pipeline type 'loop pipeline'
INFO: [RTGEN 206-100] Generating core module 'mul_32s_32s_48_1_1': 8 instance(s).
INFO: [RTGEN 206-100] Finished creating RTL model for 'squash_Pipeline_VITIS_LOOP_289_5'.
INFO: [HLS 200-111] Finished Creating RTL model: CPU user time: 0.08 seconds. CPU system time: 0 seconds. Elapsed time: 0.09 seconds; current allocated memory: 830.805 MB.
INFO: [HLS 200-10] ----------------------------------------------------------------
INFO: [HLS 200-10] -- Generating RTL for module 'squash_Pipeline_6' 
INFO: [HLS 200-10] ----------------------------------------------------------------
INFO: [HLS 200-1030] Apply Unified Pipeline Control on module 'squash_Pipeline_6' pipeline 'Loop 1' pipeline type 'loop pipeline'
WARNING: [RTGEN 206-101] Setting dangling out port 'squash_Pipeline_6/m_axi_gmem3_AWVALID' to 0.
WARNING: [RTGEN 206-101] Setting dangling out port 'squash_Pipeline_6/m_axi_gmem3_AWADDR' to 0.
WARNING: [RTGEN 206-101] Setting dangling out port 'squash_Pipeline_6/m_axi_gmem3_AWID' to 0.
WARNING: [RTGEN 206-101] Setting dangling out port 'squash_Pipeline_6/m_axi_gmem3_AWLEN' to 0.
WARNING: [RTGEN 206-101] Setting dangling out port 'squash_Pipeline_6/m_axi_gmem3_AWSIZE' to 0.
WARNING: [RTGEN 206-101] Setting dangling out port 'squash_Pipeline_6/m_axi_gmem3_AWBURST' to 0.
WARNING: [RTGEN 206-101] Setting dangling out port 'squash_Pipeline_6/m_axi_gmem3_AWLOCK' to 0.
WARNING: [RTGEN 206-101] Setting dangling out port 'squash_Pipeline_6/m_axi_gmem3_AWCACHE' to 0.
WARNING: [RTGEN 206-101] Setting dangling out port 'squash_Pipeline_6/m_axi_gmem3_AWPROT' to 0.
WARNING: [RTGEN 206-101] Setting dangling out port 'squash_Pipeline_6/m_axi_gmem3_AWQOS' to 0.
WARNING: [RTGEN 206-101] Setting dangling out port 'squash_Pipeline_6/m_axi_gmem3_AWREGION' to 0.
WARNING: [RTGEN 206-101] Setting dangling out port 'squash_Pipeline_6/m_axi_gmem3_AWUSER' to 0.
WARNING: [RTGEN 206-101] Setting dangling out port 'squash_Pipeline_6/m_axi_gmem3_BREADY' to 0.
INFO: [RTGEN 206-100] Generating core module 'sparsemux_9_2_32_1_1': 1 instance(s).
INFO: [RTGEN 206-100] Finished creating RTL model for 'squash_Pipeline_6'.
INFO: [HLS 200-111] Finished Creating RTL model: CPU user time: 0.06 seconds. CPU system time: 0 seconds. Elapsed time: 0.06 seconds; current allocated memory: 833.602 MB.
INFO: [HLS 200-10] ----------------------------------------------------------------
INFO: [HLS 200-10] -- Generating RTL for module 'squash' 
INFO: [HLS 200-10] ----------------------------------------------------------------
INFO: [RTGEN 206-100] Finished creating RTL model for 'squash'.
INFO: [RTMG 210-278] Implementing memory 'process_features_squash_input_buffer_RAM_AUTO_1R1W' using auto RAMs.
INFO: [RTMG 210-278] Implementing memory 'process_features_squash_output_buffer_RAM_AUTO_1R1W' using auto RAMs.
INFO: [RTMG 210-278] Implementing memory 'process_features_squash_squared_norm_RAM_AUTO_1R1W' using auto RAMs.
INFO: [RTMG 210-278] Implementing memory 'process_features_squash_scale_RAM_AUTO_1R1W' using auto RAMs.
INFO: [HLS 200-111] Finished Creating RTL model: CPU user time: 0.04 seconds. CPU system time: 0.01 seconds. Elapsed time: 0.06 seconds; current allocated memory: 835.926 MB.
INFO: [HLS 200-10] ----------------------------------------------------------------
INFO: [HLS 200-10] -- Generating RTL for module 'process_features' 
INFO: [HLS 200-10] ----------------------------------------------------------------
WARNING: [RTGEN 206-101] Design contains AXI ports. Reset is fixed to synchronous and active low.
INFO: [RTGEN 206-500] Setting interface mode on port 'process_features/gmem0' to 'm_axi'.
INFO: [RTGEN 206-500] Setting interface mode on port 'process_features/gmem1' to 'm_axi'.
INFO: [RTGEN 206-500] Setting interface mode on port 'process_features/gmem2' to 'm_axi'.
INFO: [RTGEN 206-500] Setting interface mode on port 'process_features/gmem3' to 'm_axi'.
INFO: [RTGEN 206-500] Setting interface mode on port 'process_features/input_r' to 's_axilite & ap_none'.
INFO: [RTGEN 206-500] Setting interface mode on port 'process_features/weights' to 's_axilite & ap_none'.
INFO: [RTGEN 206-500] Setting interface mode on port 'process_features/biases' to 's_axilite & ap_none'.
INFO: [RTGEN 206-500] Setting interface mode on port 'process_features/output_r' to 's_axilite & ap_none'.
INFO: [RTGEN 206-500] Setting interface mode on function 'process_features' to 's_axilite & ap_ctrl_chain'.
INFO: [RTGEN 206-100] Bundling port 'input_r', 'weights', 'biases', 'output_r' and 'return' to AXI-Lite port control.
INFO: [RTGEN 206-100] Finished creating RTL model for 'process_features'.
INFO: [RTMG 210-278] Implementing memory 'process_features_feature_collection_RAM_AUTO_1R1W' using auto RAMs.
INFO: [RTMG 210-278] Implementing memory 'process_features_input_buffer_RAM_1WNR_AUTO_1R1W' using auto RAMs.
INFO: [RTMG 210-278] Implementing memory 'process_features_input_buffer_4_RAM_1WNR_AUTO_1R1W' using auto RAMs.
INFO: [RTMG 210-278] Implementing memory 'process_features_output_buffer_4_RAM_1WNR_AUTO_1R1W' using auto RAMs.
INFO: [RTMG 210-278] Implementing memory 'process_features_weight_buffer_RAM_1WNR_AUTO_1R1W' using auto RAMs.
INFO: [RTMG 210-278] Implementing memory 'process_features_biases_buffer_RAM_1WNR_AUTO_1R1W' using auto RAMs.
INFO: [RTMG 210-285] Implementing FIFO 'weights_stream_U(process_features_fifo_w32_d2_S)' using Shift Registers.
INFO: [HLS 200-111] Finished Creating RTL model: CPU user time: 0.13 seconds. CPU system time: 0.01 seconds. Elapsed time: 0.14 seconds; current allocated memory: 847.699 MB.
INFO: [HLS 200-111] Finished Generating all RTL models: CPU user time: 0.33 seconds. CPU system time: 0.02 seconds. Elapsed time: 0.34 seconds; current allocated memory: 853.703 MB.
INFO: [HLS 200-1603] Design has inferred MAXI bursts, see Vitis HLS GUI synthesis summary report for detailed information.
INFO: [HLS 200-111] Finished Updating report files: CPU user time: 2.89 seconds. CPU system time: 0.01 seconds. Elapsed time: 2.92 seconds; current allocated memory: 880.961 MB.
INFO: [VHDL 208-304] Generating VHDL RTL for process_features.
INFO: [VLOG 209-307] Generating Verilog RTL for process_features.
INFO: [HLS 200-790] **** Loop Constraint Status: All loop constraints were satisfied.
INFO: [HLS 200-789] **** Estimated Fmax: 136.99 MHz
INFO: [HLS 200-112] Total CPU user time: 215.36 seconds. Total CPU system time: 1.46 seconds. Total elapsed time: 220.31 seconds; peak allocated memory: 880.961 MB.
INFO: [v++ 60-791] Total elapsed time: 0h 3m 43s
