INFO: [v++ 60-1548] Creating build summary session with primary output /home/jjos425/Documents/vivado_projects/project_1/primary_caps_accel/primary_caps_accel/primary_caps_accel.hlscompile_summary, at Wed Jul 31 16:02:28 2024
INFO: [v++ 82-31] Launching vitis_hls: vitis_hls -nolog -run csynth -work_dir /home/jjos425/Documents/vivado_projects/project_1/primary_caps_accel/primary_caps_accel -config /home/jjos425/Documents/vivado_projects/project_1/primary_caps_accel/hls_config.cfg -cmdlineconfig /home/jjos425/Documents/vivado_projects/project_1/primary_caps_accel/primary_caps_accel/hls/config.cmdline

****** Vitis HLS - High-Level Synthesis from C, C++ and OpenCL v2024.1 (64-bit)
  **** SW Build 5069499 on May 21 2024
  **** IP Build 5075265 on Wed May 22 21:45:21 MDT 2024
  **** SharedData Build 5076995 on Wed May 22 18:29:18 MDT 2024
  **** Start of session at: Wed Jul 31 16:02:29 2024
    ** Copyright 1986-2022 Xilinx, Inc. All Rights Reserved.
    ** Copyright 2022-2024 Advanced Micro Devices, Inc. All Rights Reserved.

source /home/jjos425/Desktop/P4P33-2024/Vitis_HLS/2024.1/scripts/vitis_hls/hls.tcl -notrace
INFO: [HLS 200-10] For user 'jjos425' on host 'en432999.uoa.auckland.ac.nz' (Linux_x86_64 version 5.15.0-113-generic) on Wed Jul 31 16:02:30 NZST 2024
INFO: [HLS 200-10] On os Ubuntu 20.04.5 LTS
INFO: [HLS 200-10] In directory '/home/jjos425/Documents/vivado_projects/project_1/primary_caps_accel'
INFO: [HLS 200-2005] Using work_dir /home/jjos425/Documents/vivado_projects/project_1/primary_caps_accel/primary_caps_accel 
INFO: [HLS 200-1505] Using default flow_target 'vivado'
Resolution: For help on HLS 200-1505 see docs.xilinx.com/access/sources/dita/topic?Doc_Version=2024.1%20English&url=ug1448-hls-guidance&resourceid=200-1505.html
INFO: [HLS 200-1465] Applying ini 'syn.file=/home/jjos425/Documents/vivado_projects/project_1/primary_caps_accel/constants.h' from /home/jjos425/Documents/vivado_projects/project_1/primary_caps_accel/hls_config.cfg(7)
INFO: [HLS 200-10] Adding design file '/home/jjos425/Documents/vivado_projects/project_1/primary_caps_accel/constants.h' to the project
INFO: [HLS 200-1465] Applying ini 'syn.file=/home/jjos425/Documents/vivado_projects/project_1/primary_caps_accel/PrimaryCaps.cpp' from /home/jjos425/Documents/vivado_projects/project_1/primary_caps_accel/hls_config.cfg(8)
INFO: [HLS 200-10] Adding design file '/home/jjos425/Documents/vivado_projects/project_1/primary_caps_accel/PrimaryCaps.cpp' to the project
INFO: [HLS 200-1465] Applying ini 'syn.file=/home/jjos425/Documents/vivado_projects/project_1/primary_caps_accel/PrimaryCaps.h' from /home/jjos425/Documents/vivado_projects/project_1/primary_caps_accel/hls_config.cfg(9)
INFO: [HLS 200-10] Adding design file '/home/jjos425/Documents/vivado_projects/project_1/primary_caps_accel/PrimaryCaps.h' to the project
INFO: [HLS 200-1465] Applying ini 'syn.file=/home/jjos425/Documents/vivado_projects/project_1/primary_caps_accel/testing_suite.h' from /home/jjos425/Documents/vivado_projects/project_1/primary_caps_accel/hls_config.cfg(10)
INFO: [HLS 200-10] Adding design file '/home/jjos425/Documents/vivado_projects/project_1/primary_caps_accel/testing_suite.h' to the project
INFO: [HLS 200-1465] Applying ini 'tb.file=PrimaryCapsTestbench.cpp' from /home/jjos425/Documents/vivado_projects/project_1/primary_caps_accel/hls_config.cfg(11)
INFO: [HLS 200-10] Adding test bench file '/home/jjos425/Documents/vivado_projects/project_1/primary_caps_accel/PrimaryCapsTestbench.cpp' to the project
INFO: [HLS 200-1465] Applying ini 'syn.top=process_features' from /home/jjos425/Documents/vivado_projects/project_1/primary_caps_accel/hls_config.cfg(12)
INFO: [HLS 200-1465] Applying ini 'flow_target=vitis' from /home/jjos425/Documents/vivado_projects/project_1/primary_caps_accel/hls_config.cfg(4)
INFO: [HLS 200-1505] Using flow_target 'vitis'
Resolution: For help on HLS 200-1505 see docs.xilinx.com/access/sources/dita/topic?Doc_Version=2024.1%20English&url=ug1448-hls-guidance&resourceid=200-1505.html
INFO: [HLS 200-435] Setting 'open_solution -flow_target vitis' configuration: config_interface -m_axi_latency=64
INFO: [HLS 200-435] Setting 'open_solution -flow_target vitis' configuration: config_interface -m_axi_alignment_byte_size=64
INFO: [HLS 200-435] Setting 'open_solution -flow_target vitis' configuration: config_interface -m_axi_max_widen_bitwidth=512
INFO: [HLS 200-435] Setting 'open_solution -flow_target vitis' configuration: config_rtl -register_reset_num=3
INFO: [HLS 200-1465] Applying ini 'part=xczu9eg-ffvb1156-2-e' from /home/jjos425/Documents/vivado_projects/project_1/primary_caps_accel/hls_config.cfg(1)
INFO: [HLS 200-1611] Setting target device to 'xczu9eg-ffvb1156-2-e'
INFO: [HLS 200-1465] Applying ini 'package.output.format=xo' from /home/jjos425/Documents/vivado_projects/project_1/primary_caps_accel/hls_config.cfg(5)
INFO: [HLS 200-111] Finished File checks and directory preparation: CPU user time: 1.31 seconds. CPU system time: 0.13 seconds. Elapsed time: 1.35 seconds; current allocated memory: 299.672 MB.
INFO: [HLS 200-10] Analyzing design file 'PrimaryCaps.cpp' ... 
INFO: [HLS 200-111] Finished Source Code Analysis and Preprocessing: CPU user time: 9.71 seconds. CPU system time: 0.67 seconds. Elapsed time: 10.38 seconds; current allocated memory: 305.684 MB.
INFO: [HLS 200-777] Using interface defaults for 'Vitis' flow target.
INFO: [HLS 200-1995] There were 444 instructions in the design after the 'Compile/Link' phase of compilation. See the Design Size Report for more details: /home/jjos425/Documents/vivado_projects/project_1/primary_caps_accel/primary_caps_accel/hls/syn/report/csynth_design_size.rpt
INFO: [HLS 200-1995] There were 383 instructions in the design after the 'Unroll/Inline (step 1)' phase of compilation. See the Design Size Report for more details: /home/jjos425/Documents/vivado_projects/project_1/primary_caps_accel/primary_caps_accel/hls/syn/report/csynth_design_size.rpt
INFO: [HLS 200-1995] There were 333 instructions in the design after the 'Unroll/Inline (step 2)' phase of compilation. See the Design Size Report for more details: /home/jjos425/Documents/vivado_projects/project_1/primary_caps_accel/primary_caps_accel/hls/syn/report/csynth_design_size.rpt
INFO: [HLS 200-1995] There were 349 instructions in the design after the 'Unroll/Inline (step 3)' phase of compilation. See the Design Size Report for more details: /home/jjos425/Documents/vivado_projects/project_1/primary_caps_accel/primary_caps_accel/hls/syn/report/csynth_design_size.rpt
INFO: [HLS 200-1995] There were 333 instructions in the design after the 'Unroll/Inline (step 4)' phase of compilation. See the Design Size Report for more details: /home/jjos425/Documents/vivado_projects/project_1/primary_caps_accel/primary_caps_accel/hls/syn/report/csynth_design_size.rpt
INFO: [HLS 200-1995] There were 360 instructions in the design after the 'Array/Struct (step 1)' phase of compilation. See the Design Size Report for more details: /home/jjos425/Documents/vivado_projects/project_1/primary_caps_accel/primary_caps_accel/hls/syn/report/csynth_design_size.rpt
INFO: [HLS 200-1995] There were 358 instructions in the design after the 'Array/Struct (step 2)' phase of compilation. See the Design Size Report for more details: /home/jjos425/Documents/vivado_projects/project_1/primary_caps_accel/primary_caps_accel/hls/syn/report/csynth_design_size.rpt
INFO: [HLS 200-1995] There were 358 instructions in the design after the 'Array/Struct (step 3)' phase of compilation. See the Design Size Report for more details: /home/jjos425/Documents/vivado_projects/project_1/primary_caps_accel/primary_caps_accel/hls/syn/report/csynth_design_size.rpt
INFO: [HLS 200-1995] There were 358 instructions in the design after the 'Array/Struct (step 4)' phase of compilation. See the Design Size Report for more details: /home/jjos425/Documents/vivado_projects/project_1/primary_caps_accel/primary_caps_accel/hls/syn/report/csynth_design_size.rpt
INFO: [HLS 200-1995] There were 408 instructions in the design after the 'Array/Struct (step 5)' phase of compilation. See the Design Size Report for more details: /home/jjos425/Documents/vivado_projects/project_1/primary_caps_accel/primary_caps_accel/hls/syn/report/csynth_design_size.rpt
INFO: [HLS 200-1995] There were 414 instructions in the design after the 'Performance (step 1)' phase of compilation. See the Design Size Report for more details: /home/jjos425/Documents/vivado_projects/project_1/primary_caps_accel/primary_caps_accel/hls/syn/report/csynth_design_size.rpt
INFO: [HLS 200-1995] There were 429 instructions in the design after the 'Performance (step 2)' phase of compilation. See the Design Size Report for more details: /home/jjos425/Documents/vivado_projects/project_1/primary_caps_accel/primary_caps_accel/hls/syn/report/csynth_design_size.rpt
INFO: [HLS 200-1995] There were 554 instructions in the design after the 'Performance (step 3)' phase of compilation. See the Design Size Report for more details: /home/jjos425/Documents/vivado_projects/project_1/primary_caps_accel/primary_caps_accel/hls/syn/report/csynth_design_size.rpt
INFO: [HLS 200-1995] There were 472 instructions in the design after the 'Performance (step 4)' phase of compilation. See the Design Size Report for more details: /home/jjos425/Documents/vivado_projects/project_1/primary_caps_accel/primary_caps_accel/hls/syn/report/csynth_design_size.rpt
INFO: [HLS 200-1995] There were 482 instructions in the design after the 'HW Transforms (step 1)' phase of compilation. See the Design Size Report for more details: /home/jjos425/Documents/vivado_projects/project_1/primary_caps_accel/primary_caps_accel/hls/syn/report/csynth_design_size.rpt
INFO: [HLS 200-1995] There were 528 instructions in the design after the 'HW Transforms (step 2)' phase of compilation. See the Design Size Report for more details: /home/jjos425/Documents/vivado_projects/project_1/primary_caps_accel/primary_caps_accel/hls/syn/report/csynth_design_size.rpt
WARNING: [HLS 214-386] A depth specification is required for MAXI interface port 'biases' for cosimulation. (PrimaryCaps.cpp:144:0)
WARNING: [HLS 214-386] A depth specification is required for MAXI interface port 'output' for cosimulation. (PrimaryCaps.cpp:144:0)
INFO: [HLS 214-178] Inlining function 'coalesce_partial_sums(float*, float*)' into 'conv_2d(float*, float*, float*, float*)' (PrimaryCaps.cpp:60:0)
INFO: [HLS 214-178] Inlining function 'reshape(float*, float*)' into 'process_features(float*, float*, float*, float*)' (PrimaryCaps.cpp:144:0)
INFO: [HLS 214-178] Inlining function 'squash(float*, float*)' into 'process_features(float*, float*, float*, float*)' (PrimaryCaps.cpp:144:0)
INFO: [HLS 214-248] Applying array_partition to 'input_buffer': Cyclic partitioning with factor 2 on dimension 1. (PrimaryCaps.cpp:61:10)
INFO: [HLS 214-376] automatically set the pipeline for Loop< unknown> at PrimaryCaps.cpp:77:2 
INFO: [HLS 214-376] automatically set the pipeline for Loop< unknown> at PrimaryCaps.cpp:78:4 
INFO: [HLS 214-376] automatically set the pipeline for Loop< VITIS_LOOP_131_2> at PrimaryCaps.cpp:131:21 
INFO: [HLS 214-376] automatically set the pipeline for Loop< VITIS_LOOP_109_6> at PrimaryCaps.cpp:109:43 
INFO: [HLS 214-376] automatically set the pipeline for Loop< unknown> at  
INFO: [HLS 214-376] automatically set the pipeline for Loop< unknown> at PrimaryCaps.cpp:93:8 
INFO: [HLS 214-376] automatically set the pipeline for Loop< unknown> at PrimaryCaps.cpp:123:4 
INFO: [HLS 214-376] automatically set the pipeline for Loop< unknown> at PrimaryCaps.cpp:187:4 
INFO: [HLS 214-376] automatically set the pipeline for Loop< VITIS_LOOP_205_4> at PrimaryCaps.cpp:205:34 
INFO: [HLS 214-376] automatically set the pipeline for Loop< unknown> at PrimaryCaps.cpp:217:4 
INFO: [HLS 214-376] automatically set the pipeline for Loop< unknown> at PrimaryCaps.cpp:232:4 
INFO: [HLS 214-376] automatically set the pipeline for Loop< VITIS_LOOP_238_2> at PrimaryCaps.cpp:238:26 
INFO: [HLS 214-376] automatically set the pipeline for Loop< VITIS_LOOP_246_3> at PrimaryCaps.cpp:246:22 
INFO: [HLS 214-376] automatically set the pipeline for Loop< VITIS_LOOP_259_6> at PrimaryCaps.cpp:259:26 
INFO: [HLS 214-376] automatically set the pipeline for Loop< unknown> at PrimaryCaps.cpp:266:4 
INFO: [HLS 214-291] Loop 'VITIS_LOOP_248_4' is marked as complete unroll implied by the pipeline pragma (PrimaryCaps.cpp:248:26)
INFO: [HLS 214-186] Unrolling loop 'VITIS_LOOP_248_4' (PrimaryCaps.cpp:248:26) in function 'process_features' completely with a factor of 8 (PrimaryCaps.cpp:144:0)
INFO: [HLS 214-270] Inferring pragma 'array_partition type=cyclic factor=4 dim=1' for array 'squared_input.i' due to pipeline pragma (PrimaryCaps.cpp:227:10)
INFO: [HLS 214-248] Applying array_partition to 'squared_input.i': Cyclic partitioning with factor 4 on dimension 1. (PrimaryCaps.cpp:227:10)
INFO: [HLS 214-115] Multiple burst reads of length 6400 and bit width 512 has been inferred on bundle 'gmem0'. These burst requests might be further partitioned into multiple requests during RTL generation, based on max_read_burst_length or max_write_burst_length settings. (PrimaryCaps.cpp:77:2)
INFO: [HLS 214-115] Multiple burst reads of length 16 and bit width 512 has been inferred on bundle 'gmem2'. These burst requests might be further partitioned into multiple requests during RTL generation, based on max_read_burst_length or max_write_burst_length settings. (PrimaryCaps.cpp:78:4)
INFO: [HLS 214-115] Multiple burst reads of length 331776 and bit width 512 has been inferred on bundle 'gmem1'. These burst requests might be further partitioned into multiple requests during RTL generation, based on max_read_burst_length or max_write_burst_length settings. (PrimaryCaps.cpp:91:21)
INFO: [HLS 214-115] Multiple burst writes of length 576 and bit width 512 has been inferred on bundle 'gmem3'. These burst requests might be further partitioned into multiple requests during RTL generation, based on max_read_burst_length or max_write_burst_length settings. (PrimaryCaps.cpp:266:4)
INFO: [HLS 200-111] Finished Compiling Optimization and Transform: CPU user time: 1.45 seconds. CPU system time: 0.27 seconds. Elapsed time: 6.46 seconds; current allocated memory: 306.645 MB.
INFO: [HLS 200-111] Finished Checking Pragmas: CPU user time: 0 seconds. CPU system time: 0 seconds. Elapsed time: 0 seconds; current allocated memory: 306.645 MB.
INFO: [HLS 200-10] Starting code transformations ...
INFO: [HLS 200-111] Finished Standard Transforms: CPU user time: 0.02 seconds. CPU system time: 0.01 seconds. Elapsed time: 0.02 seconds; current allocated memory: 307.027 MB.
INFO: [HLS 200-10] Checking synthesizability ...
INFO: [HLS 200-111] Finished Checking Synthesizability: CPU user time: 0.02 seconds. CPU system time: 0 seconds. Elapsed time: 0.02 seconds; current allocated memory: 307.891 MB.
INFO: [XFORM 203-11] Balancing expressions in function 'conv_2d' (PrimaryCaps.cpp:61:43)...3 expression(s) balanced.
INFO: [HLS 200-111] Finished Loop, function and other optimizations: CPU user time: 0.11 seconds. CPU system time: 0 seconds. Elapsed time: 0.11 seconds; current allocated memory: 331.570 MB.
INFO: [HLS 200-2061] Successfully converted nested loops 'VITIS_LOOP_203_3'(PrimaryCaps.cpp:203:30) and 'VITIS_LOOP_205_4'(PrimaryCaps.cpp:205:34) in function 'process_features' into perfectly nested loops.
INFO: [HLS 200-2061] Successfully converted nested loops 'VITIS_LOOP_201_2'(PrimaryCaps.cpp:201:26) and 'VITIS_LOOP_203_3'(PrimaryCaps.cpp:203:30) in function 'process_features' into perfectly nested loops.
INFO: [HLS 200-2061] Successfully converted nested loops 'VITIS_LOOP_199_1'(PrimaryCaps.cpp:199:22) and 'VITIS_LOOP_201_2'(PrimaryCaps.cpp:201:26) in function 'process_features' into perfectly nested loops.
INFO: [HLS 200-2061] Successfully converted nested loops 'VITIS_LOOP_236_1'(PrimaryCaps.cpp:236:22) and 'VITIS_LOOP_238_2'(PrimaryCaps.cpp:238:26) in function 'process_features' into perfectly nested loops.
INFO: [HLS 200-2061] Successfully converted nested loops 'VITIS_LOOP_257_5'(PrimaryCaps.cpp:257:22) and 'VITIS_LOOP_259_6'(PrimaryCaps.cpp:259:26) in function 'process_features' into perfectly nested loops.
INFO: [HLS 200-2061] Successfully converted nested loops 'VITIS_LOOP_107_5'(PrimaryCaps.cpp:107:38) and 'VITIS_LOOP_109_6'(PrimaryCaps.cpp:109:43) in function 'conv_2d' into perfectly nested loops.
INFO: [HLS 200-2061] Successfully converted nested loops 'VITIS_LOOP_102_4'(PrimaryCaps.cpp:102:34) and 'VITIS_LOOP_107_5'(PrimaryCaps.cpp:107:38) in function 'conv_2d' into perfectly nested loops.
INFO: [HLS 200-2061] Successfully converted nested loops 'VITIS_LOOP_129_1'(PrimaryCaps.cpp:129:20) and 'VITIS_LOOP_131_2'(PrimaryCaps.cpp:131:21) in function 'conv_2d' into perfectly nested loops.
INFO: [XFORM 203-541] Flattening a loop nest 'VITIS_LOOP_203_3' (PrimaryCaps.cpp:203:30) in function 'process_features'.
INFO: [XFORM 203-541] Flattening a loop nest 'VITIS_LOOP_201_2' (PrimaryCaps.cpp:201:26) in function 'process_features'.
INFO: [XFORM 203-541] Flattening a loop nest 'VITIS_LOOP_199_1' (PrimaryCaps.cpp:199:22) in function 'process_features'.
INFO: [XFORM 203-541] Flattening a loop nest 'VITIS_LOOP_236_1' (PrimaryCaps.cpp:236:22) in function 'process_features'.
INFO: [XFORM 203-541] Flattening a loop nest 'VITIS_LOOP_257_5' (PrimaryCaps.cpp:257:22) in function 'process_features'.
INFO: [XFORM 203-541] Flattening a loop nest 'VITIS_LOOP_107_5' (PrimaryCaps.cpp:107:38) in function 'conv_2d'.
INFO: [XFORM 203-541] Flattening a loop nest 'VITIS_LOOP_102_4' (PrimaryCaps.cpp:102:34) in function 'conv_2d'.
INFO: [XFORM 203-541] Flattening a loop nest 'VITIS_LOOP_129_1' (PrimaryCaps.cpp:129:20) in function 'conv_2d'.
INFO: [HLS 200-111] Finished Architecture Synthesis: CPU user time: 0.11 seconds. CPU system time: 0.03 seconds. Elapsed time: 0.14 seconds; current allocated memory: 485.895 MB.
INFO: [HLS 200-10] Starting hardware synthesis ...
INFO: [HLS 200-10] Synthesizing 'process_features' ...
INFO: [SYN 201-201] Setting up clock 'default' with a period of 10ns.
INFO: [HLS 200-10] ----------------------------------------------------------------
INFO: [HLS 200-42] -- Implementing module 'conv_2d_Pipeline_1' 
INFO: [HLS 200-10] ----------------------------------------------------------------
INFO: [SCHED 204-11] Starting scheduling ...
INFO: [SCHED 204-61] Pipelining loop 'Loop 1'.
INFO: [HLS 200-1470] Pipelining result : Target II = NA, Final II = 1, Depth = 3, loop 'Loop 1'
INFO: [SCHED 204-11] Finished scheduling.
INFO: [HLS 200-111] Finished Scheduling: CPU user time: 0.03 seconds. CPU system time: 0.02 seconds. Elapsed time: 0.05 seconds; current allocated memory: 486.988 MB.
INFO: [BIND 205-100] Starting micro-architecture generation ...
INFO: [BIND 205-101] Performing variable lifetime analysis.
INFO: [BIND 205-101] Exploring resource sharing.
INFO: [BIND 205-101] Binding ...
INFO: [BIND 205-100] Finished micro-architecture generation.
INFO: [HLS 200-111] Finished Binding: CPU user time: 0.01 seconds. CPU system time: 0 seconds. Elapsed time: 0.01 seconds; current allocated memory: 486.988 MB.
INFO: [HLS 200-10] ----------------------------------------------------------------
INFO: [HLS 200-42] -- Implementing module 'conv_2d_Pipeline_2' 
INFO: [HLS 200-10] ----------------------------------------------------------------
INFO: [SCHED 204-11] Starting scheduling ...
INFO: [SCHED 204-61] Pipelining loop 'Loop 1'.
INFO: [HLS 200-1470] Pipelining result : Target II = NA, Final II = 1, Depth = 3, loop 'Loop 1'
INFO: [SCHED 204-11] Finished scheduling.
INFO: [HLS 200-111] Finished Scheduling: CPU user time: 0.02 seconds. CPU system time: 0 seconds. Elapsed time: 0.02 seconds; current allocated memory: 486.988 MB.
INFO: [BIND 205-100] Starting micro-architecture generation ...
INFO: [BIND 205-101] Performing variable lifetime analysis.
INFO: [BIND 205-101] Exploring resource sharing.
INFO: [BIND 205-101] Binding ...
INFO: [BIND 205-100] Finished micro-architecture generation.
INFO: [HLS 200-111] Finished Binding: CPU user time: 0 seconds. CPU system time: 0 seconds. Elapsed time: 0.01 seconds; current allocated memory: 486.988 MB.
INFO: [HLS 200-10] ----------------------------------------------------------------
INFO: [HLS 200-42] -- Implementing module 'conv_2d_Pipeline_3' 
INFO: [HLS 200-10] ----------------------------------------------------------------
INFO: [SCHED 204-11] Starting scheduling ...
INFO: [SCHED 204-61] Pipelining loop 'Loop 1'.
INFO: [HLS 200-1470] Pipelining result : Target II = NA, Final II = 1, Depth = 3, loop 'Loop 1'
INFO: [SCHED 204-11] Finished scheduling.
INFO: [HLS 200-111] Finished Scheduling: CPU user time: 0.02 seconds. CPU system time: 0 seconds. Elapsed time: 0.02 seconds; current allocated memory: 486.988 MB.
INFO: [BIND 205-100] Starting micro-architecture generation ...
INFO: [BIND 205-101] Performing variable lifetime analysis.
INFO: [BIND 205-101] Exploring resource sharing.
INFO: [BIND 205-101] Binding ...
INFO: [BIND 205-100] Finished micro-architecture generation.
INFO: [HLS 200-111] Finished Binding: CPU user time: 0.01 seconds. CPU system time: 0 seconds. Elapsed time: 0.01 seconds; current allocated memory: 486.988 MB.
INFO: [HLS 200-10] ----------------------------------------------------------------
INFO: [HLS 200-42] -- Implementing module 'conv_2d_Pipeline_4' 
INFO: [HLS 200-10] ----------------------------------------------------------------
INFO: [SCHED 204-11] Starting scheduling ...
INFO: [SCHED 204-61] Pipelining loop 'Loop 1'.
INFO: [HLS 200-1470] Pipelining result : Target II = NA, Final II = 1, Depth = 1, loop 'Loop 1'
INFO: [SCHED 204-11] Finished scheduling.
INFO: [HLS 200-111] Finished Scheduling: CPU user time: 0.02 seconds. CPU system time: 0 seconds. Elapsed time: 0.02 seconds; current allocated memory: 486.988 MB.
INFO: [BIND 205-100] Starting micro-architecture generation ...
INFO: [BIND 205-101] Performing variable lifetime analysis.
INFO: [BIND 205-101] Exploring resource sharing.
INFO: [BIND 205-101] Binding ...
INFO: [BIND 205-100] Finished micro-architecture generation.
INFO: [HLS 200-111] Finished Binding: CPU user time: 0 seconds. CPU system time: 0 seconds. Elapsed time: 0 seconds; current allocated memory: 486.988 MB.
INFO: [HLS 200-10] ----------------------------------------------------------------
INFO: [HLS 200-42] -- Implementing module 'conv_2d_Pipeline_VITIS_LOOP_102_4_VITIS_LOOP_107_5_VITIS_LOOP_109_6' 
INFO: [HLS 200-10] ----------------------------------------------------------------
INFO: [SCHED 204-11] Starting scheduling ...
INFO: [HLS 200-486] Changing DSP latency (root=add_ln112_1) to 3 in order to utilize available DSP registers.
INFO: [SCHED 204-61] Pipelining loop 'VITIS_LOOP_102_4_VITIS_LOOP_107_5_VITIS_LOOP_109_6'.
INFO: [HLS 200-1470] Pipelining result : Target II = NA, Final II = 1, Depth = 14, loop 'VITIS_LOOP_102_4_VITIS_LOOP_107_5_VITIS_LOOP_109_6'
INFO: [SCHED 204-11] Finished scheduling.
INFO: [HLS 200-111] Finished Scheduling: CPU user time: 0.05 seconds. CPU system time: 0 seconds. Elapsed time: 0.05 seconds; current allocated memory: 487.352 MB.
INFO: [BIND 205-100] Starting micro-architecture generation ...
INFO: [BIND 205-101] Performing variable lifetime analysis.
INFO: [BIND 205-101] Exploring resource sharing.
INFO: [BIND 205-101] Binding ...
INFO: [BIND 205-100] Finished micro-architecture generation.
INFO: [HLS 200-111] Finished Binding: CPU user time: 0.01 seconds. CPU system time: 0 seconds. Elapsed time: 0 seconds; current allocated memory: 487.352 MB.
INFO: [HLS 200-10] ----------------------------------------------------------------
INFO: [HLS 200-42] -- Implementing module 'conv_2d_Pipeline_VITIS_LOOP_129_1_VITIS_LOOP_131_2' 
INFO: [HLS 200-10] ----------------------------------------------------------------
INFO: [SCHED 204-11] Starting scheduling ...
INFO: [SCHED 204-61] Pipelining loop 'VITIS_LOOP_129_1_VITIS_LOOP_131_2'.
WARNING: [HLS 200-880] The II Violation in module 'conv_2d_Pipeline_VITIS_LOOP_129_1_VITIS_LOOP_131_2' (loop 'VITIS_LOOP_129_1_VITIS_LOOP_131_2'): Unable to enforce a carried dependence constraint (II = 1, distance = 1, offset = 0) between 'store' operation 0 bit ('result_1_write_ln128', PrimaryCaps.cpp:128->PrimaryCaps.cpp:118) of variable 'result', PrimaryCaps.cpp:133->PrimaryCaps.cpp:118 on local variable 'result', PrimaryCaps.cpp:128->PrimaryCaps.cpp:118 and 'load' operation 32 bit ('result_1_load', PrimaryCaps.cpp:133->PrimaryCaps.cpp:118) on local variable 'result', PrimaryCaps.cpp:128->PrimaryCaps.cpp:118.
Resolution: For help on HLS 200-880 see docs.xilinx.com/access/sources/dita/topic?Doc_Version=2024.1%20English&url=ug1448-hls-guidance&resourceid=200-880.html
WARNING: [HLS 200-880] The II Violation in module 'conv_2d_Pipeline_VITIS_LOOP_129_1_VITIS_LOOP_131_2' (loop 'VITIS_LOOP_129_1_VITIS_LOOP_131_2'): Unable to enforce a carried dependence constraint (II = 2, distance = 1, offset = 0) between 'store' operation 0 bit ('result_1_write_ln128', PrimaryCaps.cpp:128->PrimaryCaps.cpp:118) of variable 'result', PrimaryCaps.cpp:133->PrimaryCaps.cpp:118 on local variable 'result', PrimaryCaps.cpp:128->PrimaryCaps.cpp:118 and 'load' operation 32 bit ('result_1_load', PrimaryCaps.cpp:133->PrimaryCaps.cpp:118) on local variable 'result', PrimaryCaps.cpp:128->PrimaryCaps.cpp:118.
Resolution: For help on HLS 200-880 see docs.xilinx.com/access/sources/dita/topic?Doc_Version=2024.1%20English&url=ug1448-hls-guidance&resourceid=200-880.html
INFO: [HLS 200-1470] Pipelining result : Target II = NA, Final II = 3, Depth = 6, loop 'VITIS_LOOP_129_1_VITIS_LOOP_131_2'
INFO: [SCHED 204-11] Finished scheduling.
INFO: [HLS 200-111] Finished Scheduling: CPU user time: 0.02 seconds. CPU system time: 0 seconds. Elapsed time: 0.02 seconds; current allocated memory: 487.934 MB.
INFO: [BIND 205-100] Starting micro-architecture generation ...
INFO: [BIND 205-101] Performing variable lifetime analysis.
INFO: [BIND 205-101] Exploring resource sharing.
INFO: [BIND 205-101] Binding ...
INFO: [BIND 205-100] Finished micro-architecture generation.
INFO: [HLS 200-111] Finished Binding: CPU user time: 0.01 seconds. CPU system time: 0 seconds. Elapsed time: 0.01 seconds; current allocated memory: 487.934 MB.
INFO: [HLS 200-10] ----------------------------------------------------------------
INFO: [HLS 200-42] -- Implementing module 'conv_2d_Pipeline_7' 
INFO: [HLS 200-10] ----------------------------------------------------------------
INFO: [SCHED 204-11] Starting scheduling ...
INFO: [SCHED 204-61] Pipelining loop 'Loop 1'.
INFO: [HLS 200-1470] Pipelining result : Target II = NA, Final II = 1, Depth = 2, loop 'Loop 1'
INFO: [SCHED 204-11] Finished scheduling.
INFO: [HLS 200-111] Finished Scheduling: CPU user time: 0.01 seconds. CPU system time: 0 seconds. Elapsed time: 0.02 seconds; current allocated memory: 488.211 MB.
INFO: [BIND 205-100] Starting micro-architecture generation ...
INFO: [BIND 205-101] Performing variable lifetime analysis.
INFO: [BIND 205-101] Exploring resource sharing.
INFO: [BIND 205-101] Binding ...
INFO: [BIND 205-100] Finished micro-architecture generation.
INFO: [HLS 200-111] Finished Binding: CPU user time: 0.01 seconds. CPU system time: 0 seconds. Elapsed time: 0.01 seconds; current allocated memory: 488.211 MB.
INFO: [HLS 200-10] ----------------------------------------------------------------
INFO: [HLS 200-42] -- Implementing module 'conv_2d' 
INFO: [HLS 200-10] ----------------------------------------------------------------
INFO: [SCHED 204-11] Starting scheduling ...
INFO: [SCHED 204-11] Finished scheduling.
INFO: [HLS 200-111] Finished Scheduling: CPU user time: 0.04 seconds. CPU system time: 0 seconds. Elapsed time: 0.03 seconds; current allocated memory: 488.664 MB.
INFO: [BIND 205-100] Starting micro-architecture generation ...
INFO: [BIND 205-101] Performing variable lifetime analysis.
INFO: [BIND 205-101] Exploring resource sharing.
WARNING: [BIND 205-102] The specified resource core for memory 'biases_buffer' will be ignored if a simpler one can be used.
WARNING: [BIND 205-102] The specified resource core for memory 'output_buffer' will be ignored if a simpler one can be used.
INFO: [BIND 205-101] Binding ...
INFO: [BIND 205-100] Finished micro-architecture generation.
INFO: [HLS 200-111] Finished Binding: CPU user time: 0.02 seconds. CPU system time: 0 seconds. Elapsed time: 0.03 seconds; current allocated memory: 488.816 MB.
INFO: [HLS 200-10] ----------------------------------------------------------------
INFO: [HLS 200-42] -- Implementing module 'process_features_Pipeline_1' 
INFO: [HLS 200-10] ----------------------------------------------------------------
INFO: [SCHED 204-11] Starting scheduling ...
INFO: [SCHED 204-61] Pipelining loop 'Loop 1'.
INFO: [HLS 200-1470] Pipelining result : Target II = NA, Final II = 1, Depth = 2, loop 'Loop 1'
INFO: [SCHED 204-11] Finished scheduling.
INFO: [HLS 200-111] Finished Scheduling: CPU user time: 0.03 seconds. CPU system time: 0.01 seconds. Elapsed time: 0.03 seconds; current allocated memory: 489.895 MB.
INFO: [BIND 205-100] Starting micro-architecture generation ...
INFO: [BIND 205-101] Performing variable lifetime analysis.
INFO: [BIND 205-101] Exploring resource sharing.
INFO: [BIND 205-101] Binding ...
INFO: [BIND 205-100] Finished micro-architecture generation.
INFO: [HLS 200-111] Finished Binding: CPU user time: 0.01 seconds. CPU system time: 0 seconds. Elapsed time: 0.01 seconds; current allocated memory: 489.895 MB.
INFO: [HLS 200-10] ----------------------------------------------------------------
INFO: [HLS 200-42] -- Implementing module 'process_features_Pipeline_VITIS_LOOP_199_1_VITIS_LOOP_201_2_VITIS_LOOP_203_3_VIT' 
INFO: [HLS 200-10] ----------------------------------------------------------------
INFO: [SCHED 204-11] Starting scheduling ...
INFO: [SCHED 204-61] Pipelining loop 'VITIS_LOOP_199_1_VITIS_LOOP_201_2_VITIS_LOOP_203_3_VITIS_LOOP_205_4'.
INFO: [HLS 200-1470] Pipelining result : Target II = NA, Final II = 1, Depth = 3, loop 'VITIS_LOOP_199_1_VITIS_LOOP_201_2_VITIS_LOOP_203_3_VITIS_LOOP_205_4'
INFO: [SCHED 204-11] Finished scheduling.
INFO: [HLS 200-111] Finished Scheduling: CPU user time: 0.04 seconds. CPU system time: 0 seconds. Elapsed time: 0.04 seconds; current allocated memory: 490.398 MB.
INFO: [BIND 205-100] Starting micro-architecture generation ...
INFO: [BIND 205-101] Performing variable lifetime analysis.
INFO: [BIND 205-101] Exploring resource sharing.
INFO: [BIND 205-101] Binding ...
INFO: [BIND 205-100] Finished micro-architecture generation.
INFO: [HLS 200-111] Finished Binding: CPU user time: 0.01 seconds. CPU system time: 0 seconds. Elapsed time: 0.01 seconds; current allocated memory: 490.398 MB.
INFO: [HLS 200-10] ----------------------------------------------------------------
INFO: [HLS 200-42] -- Implementing module 'process_features_Pipeline_3' 
INFO: [HLS 200-10] ----------------------------------------------------------------
INFO: [SCHED 204-11] Starting scheduling ...
INFO: [SCHED 204-61] Pipelining loop 'Loop 1'.
INFO: [HLS 200-1470] Pipelining result : Target II = NA, Final II = 1, Depth = 2, loop 'Loop 1'
INFO: [SCHED 204-11] Finished scheduling.
INFO: [HLS 200-111] Finished Scheduling: CPU user time: 0.01 seconds. CPU system time: 0 seconds. Elapsed time: 0.02 seconds; current allocated memory: 490.902 MB.
INFO: [BIND 205-100] Starting micro-architecture generation ...
INFO: [BIND 205-101] Performing variable lifetime analysis.
INFO: [BIND 205-101] Exploring resource sharing.
INFO: [BIND 205-101] Binding ...
INFO: [BIND 205-100] Finished micro-architecture generation.
INFO: [HLS 200-111] Finished Binding: CPU user time: 0.01 seconds. CPU system time: 0 seconds. Elapsed time: 0.01 seconds; current allocated memory: 490.902 MB.
INFO: [HLS 200-10] ----------------------------------------------------------------
INFO: [HLS 200-42] -- Implementing module 'process_features_Pipeline_4' 
INFO: [HLS 200-10] ----------------------------------------------------------------
INFO: [SCHED 204-11] Starting scheduling ...
INFO: [SCHED 204-61] Pipelining loop 'Loop 1'.
INFO: [HLS 200-1470] Pipelining result : Target II = NA, Final II = 1, Depth = 1, loop 'Loop 1'
INFO: [SCHED 204-11] Finished scheduling.
INFO: [HLS 200-111] Finished Scheduling: CPU user time: 0.02 seconds. CPU system time: 0 seconds. Elapsed time: 0.02 seconds; current allocated memory: 491.160 MB.
INFO: [BIND 205-100] Starting micro-architecture generation ...
INFO: [BIND 205-101] Performing variable lifetime analysis.
INFO: [BIND 205-101] Exploring resource sharing.
INFO: [BIND 205-101] Binding ...
INFO: [BIND 205-100] Finished micro-architecture generation.
INFO: [HLS 200-111] Finished Binding: CPU user time: 0.01 seconds. CPU system time: 0 seconds. Elapsed time: 0.01 seconds; current allocated memory: 491.160 MB.
INFO: [HLS 200-10] ----------------------------------------------------------------
INFO: [HLS 200-42] -- Implementing module 'process_features_Pipeline_5' 
INFO: [HLS 200-10] ----------------------------------------------------------------
INFO: [SCHED 204-11] Starting scheduling ...
INFO: [SCHED 204-61] Pipelining loop 'Loop 1'.
INFO: [HLS 200-1470] Pipelining result : Target II = NA, Final II = 1, Depth = 2, loop 'Loop 1'
INFO: [SCHED 204-11] Finished scheduling.
INFO: [HLS 200-111] Finished Scheduling: CPU user time: 0.02 seconds. CPU system time: 0 seconds. Elapsed time: 0.02 seconds; current allocated memory: 491.379 MB.
INFO: [BIND 205-100] Starting micro-architecture generation ...
INFO: [BIND 205-101] Performing variable lifetime analysis.
INFO: [BIND 205-101] Exploring resource sharing.
INFO: [BIND 205-101] Binding ...
INFO: [BIND 205-100] Finished micro-architecture generation.
INFO: [HLS 200-111] Finished Binding: CPU user time: 0.01 seconds. CPU system time: 0 seconds. Elapsed time: 0.01 seconds; current allocated memory: 491.379 MB.
INFO: [HLS 200-10] ----------------------------------------------------------------
INFO: [HLS 200-42] -- Implementing module 'process_features_Pipeline_VITIS_LOOP_236_1_VITIS_LOOP_238_2' 
INFO: [HLS 200-10] ----------------------------------------------------------------
INFO: [SCHED 204-11] Starting scheduling ...
INFO: [SCHED 204-61] Pipelining loop 'VITIS_LOOP_236_1_VITIS_LOOP_238_2'.
INFO: [HLS 200-1470] Pipelining result : Target II = NA, Final II = 1, Depth = 6, loop 'VITIS_LOOP_236_1_VITIS_LOOP_238_2'
INFO: [SCHED 204-11] Finished scheduling.
INFO: [HLS 200-111] Finished Scheduling: CPU user time: 0.03 seconds. CPU system time: 0 seconds. Elapsed time: 0.03 seconds; current allocated memory: 491.812 MB.
INFO: [BIND 205-100] Starting micro-architecture generation ...
INFO: [BIND 205-101] Performing variable lifetime analysis.
INFO: [BIND 205-101] Exploring resource sharing.
INFO: [BIND 205-101] Binding ...
INFO: [BIND 205-100] Finished micro-architecture generation.
INFO: [HLS 200-111] Finished Binding: CPU user time: 0.01 seconds. CPU system time: 0 seconds. Elapsed time: 0.01 seconds; current allocated memory: 491.812 MB.
INFO: [HLS 200-10] ----------------------------------------------------------------
INFO: [HLS 200-42] -- Implementing module 'process_features_Pipeline_VITIS_LOOP_246_3' 
INFO: [HLS 200-10] ----------------------------------------------------------------
INFO: [SCHED 204-11] Starting scheduling ...
INFO: [SCHED 204-61] Pipelining loop 'VITIS_LOOP_246_3'.
INFO: [HLS 200-1470] Pipelining result : Target II = NA, Final II = 1, Depth = 61, loop 'VITIS_LOOP_246_3'
INFO: [SCHED 204-11] Finished scheduling.
INFO: [HLS 200-111] Finished Scheduling: CPU user time: 0.04 seconds. CPU system time: 0 seconds. Elapsed time: 0.04 seconds; current allocated memory: 492.316 MB.
INFO: [BIND 205-100] Starting micro-architecture generation ...
INFO: [BIND 205-101] Performing variable lifetime analysis.
INFO: [BIND 205-101] Exploring resource sharing.
INFO: [BIND 205-101] Binding ...
INFO: [BIND 205-100] Finished micro-architecture generation.
INFO: [HLS 200-111] Finished Binding: CPU user time: 0.01 seconds. CPU system time: 0 seconds. Elapsed time: 0.01 seconds; current allocated memory: 492.316 MB.
INFO: [HLS 200-10] ----------------------------------------------------------------
INFO: [HLS 200-42] -- Implementing module 'process_features_Pipeline_VITIS_LOOP_257_5_VITIS_LOOP_259_6' 
INFO: [HLS 200-10] ----------------------------------------------------------------
INFO: [SCHED 204-11] Starting scheduling ...
INFO: [SCHED 204-61] Pipelining loop 'VITIS_LOOP_257_5_VITIS_LOOP_259_6'.
INFO: [HLS 200-1470] Pipelining result : Target II = NA, Final II = 1, Depth = 6, loop 'VITIS_LOOP_257_5_VITIS_LOOP_259_6'
INFO: [SCHED 204-11] Finished scheduling.
INFO: [HLS 200-111] Finished Scheduling: CPU user time: 0.03 seconds. CPU system time: 0 seconds. Elapsed time: 0.02 seconds; current allocated memory: 493.117 MB.
INFO: [BIND 205-100] Starting micro-architecture generation ...
INFO: [BIND 205-101] Performing variable lifetime analysis.
INFO: [BIND 205-101] Exploring resource sharing.
INFO: [BIND 205-101] Binding ...
INFO: [BIND 205-100] Finished micro-architecture generation.
INFO: [HLS 200-111] Finished Binding: CPU user time: 0.01 seconds. CPU system time: 0 seconds. Elapsed time: 0.02 seconds; current allocated memory: 493.117 MB.
INFO: [HLS 200-10] ----------------------------------------------------------------
INFO: [HLS 200-42] -- Implementing module 'process_features_Pipeline_9' 
INFO: [HLS 200-10] ----------------------------------------------------------------
INFO: [SCHED 204-11] Starting scheduling ...
INFO: [SCHED 204-61] Pipelining loop 'Loop 1'.
INFO: [HLS 200-1470] Pipelining result : Target II = NA, Final II = 1, Depth = 3, loop 'Loop 1'
INFO: [SCHED 204-11] Finished scheduling.
INFO: [HLS 200-111] Finished Scheduling: CPU user time: 0.02 seconds. CPU system time: 0 seconds. Elapsed time: 0.02 seconds; current allocated memory: 493.504 MB.
INFO: [BIND 205-100] Starting micro-architecture generation ...
INFO: [BIND 205-101] Performing variable lifetime analysis.
INFO: [BIND 205-101] Exploring resource sharing.
INFO: [BIND 205-101] Binding ...
INFO: [BIND 205-100] Finished micro-architecture generation.
INFO: [HLS 200-111] Finished Binding: CPU user time: 0.01 seconds. CPU system time: 0 seconds. Elapsed time: 0.01 seconds; current allocated memory: 493.504 MB.
INFO: [HLS 200-10] ----------------------------------------------------------------
INFO: [HLS 200-42] -- Implementing module 'process_features' 
INFO: [HLS 200-10] ----------------------------------------------------------------
INFO: [SCHED 204-11] Starting scheduling ...
INFO: [SCHED 204-11] Finished scheduling.
INFO: [HLS 200-111] Finished Scheduling: CPU user time: 0.02 seconds. CPU system time: 0 seconds. Elapsed time: 0.02 seconds; current allocated memory: 493.883 MB.
INFO: [BIND 205-100] Starting micro-architecture generation ...
INFO: [BIND 205-101] Performing variable lifetime analysis.
INFO: [BIND 205-101] Exploring resource sharing.
INFO: [BIND 205-101] Binding ...
INFO: [BIND 205-100] Finished micro-architecture generation.
INFO: [HLS 200-111] Finished Binding: CPU user time: 0.02 seconds. CPU system time: 0 seconds. Elapsed time: 0.02 seconds; current allocated memory: 493.883 MB.
INFO: [HLS 200-10] ----------------------------------------------------------------
INFO: [HLS 200-10] -- Generating RTL for module 'conv_2d_Pipeline_1' 
INFO: [HLS 200-10] ----------------------------------------------------------------
INFO: [HLS 200-1030] Apply Unified Pipeline Control on module 'conv_2d_Pipeline_1' pipeline 'Loop 1' pipeline type 'loop pipeline'
WARNING: [RTGEN 206-101] Setting dangling out port 'conv_2d_Pipeline_1/m_axi_gmem0_ARVALID' to 0.
WARNING: [RTGEN 206-101] Setting dangling out port 'conv_2d_Pipeline_1/m_axi_gmem0_ARADDR' to 0.
WARNING: [RTGEN 206-101] Setting dangling out port 'conv_2d_Pipeline_1/m_axi_gmem0_ARID' to 0.
WARNING: [RTGEN 206-101] Setting dangling out port 'conv_2d_Pipeline_1/m_axi_gmem0_ARLEN' to 0.
WARNING: [RTGEN 206-101] Setting dangling out port 'conv_2d_Pipeline_1/m_axi_gmem0_ARSIZE' to 0.
WARNING: [RTGEN 206-101] Setting dangling out port 'conv_2d_Pipeline_1/m_axi_gmem0_ARBURST' to 0.
WARNING: [RTGEN 206-101] Setting dangling out port 'conv_2d_Pipeline_1/m_axi_gmem0_ARLOCK' to 0.
WARNING: [RTGEN 206-101] Setting dangling out port 'conv_2d_Pipeline_1/m_axi_gmem0_ARCACHE' to 0.
WARNING: [RTGEN 206-101] Setting dangling out port 'conv_2d_Pipeline_1/m_axi_gmem0_ARPROT' to 0.
WARNING: [RTGEN 206-101] Setting dangling out port 'conv_2d_Pipeline_1/m_axi_gmem0_ARQOS' to 0.
WARNING: [RTGEN 206-101] Setting dangling out port 'conv_2d_Pipeline_1/m_axi_gmem0_ARREGION' to 0.
WARNING: [RTGEN 206-101] Setting dangling out port 'conv_2d_Pipeline_1/m_axi_gmem0_ARUSER' to 0.
INFO: [RTGEN 206-100] Finished creating RTL model for 'conv_2d_Pipeline_1'.
INFO: [HLS 200-111] Finished Creating RTL model: CPU user time: 0.04 seconds. CPU system time: 0 seconds. Elapsed time: 0.04 seconds; current allocated memory: 494.445 MB.
INFO: [HLS 200-10] ----------------------------------------------------------------
INFO: [HLS 200-10] -- Generating RTL for module 'conv_2d_Pipeline_2' 
INFO: [HLS 200-10] ----------------------------------------------------------------
INFO: [HLS 200-1030] Apply Unified Pipeline Control on module 'conv_2d_Pipeline_2' pipeline 'Loop 1' pipeline type 'loop pipeline'
WARNING: [RTGEN 206-101] Setting dangling out port 'conv_2d_Pipeline_2/m_axi_gmem2_ARVALID' to 0.
WARNING: [RTGEN 206-101] Setting dangling out port 'conv_2d_Pipeline_2/m_axi_gmem2_ARADDR' to 0.
WARNING: [RTGEN 206-101] Setting dangling out port 'conv_2d_Pipeline_2/m_axi_gmem2_ARID' to 0.
WARNING: [RTGEN 206-101] Setting dangling out port 'conv_2d_Pipeline_2/m_axi_gmem2_ARLEN' to 0.
WARNING: [RTGEN 206-101] Setting dangling out port 'conv_2d_Pipeline_2/m_axi_gmem2_ARSIZE' to 0.
WARNING: [RTGEN 206-101] Setting dangling out port 'conv_2d_Pipeline_2/m_axi_gmem2_ARBURST' to 0.
WARNING: [RTGEN 206-101] Setting dangling out port 'conv_2d_Pipeline_2/m_axi_gmem2_ARLOCK' to 0.
WARNING: [RTGEN 206-101] Setting dangling out port 'conv_2d_Pipeline_2/m_axi_gmem2_ARCACHE' to 0.
WARNING: [RTGEN 206-101] Setting dangling out port 'conv_2d_Pipeline_2/m_axi_gmem2_ARPROT' to 0.
WARNING: [RTGEN 206-101] Setting dangling out port 'conv_2d_Pipeline_2/m_axi_gmem2_ARQOS' to 0.
WARNING: [RTGEN 206-101] Setting dangling out port 'conv_2d_Pipeline_2/m_axi_gmem2_ARREGION' to 0.
WARNING: [RTGEN 206-101] Setting dangling out port 'conv_2d_Pipeline_2/m_axi_gmem2_ARUSER' to 0.
INFO: [RTGEN 206-100] Finished creating RTL model for 'conv_2d_Pipeline_2'.
INFO: [HLS 200-111] Finished Creating RTL model: CPU user time: 0.04 seconds. CPU system time: 0.01 seconds. Elapsed time: 0.05 seconds; current allocated memory: 495.742 MB.
INFO: [HLS 200-10] ----------------------------------------------------------------
INFO: [HLS 200-10] -- Generating RTL for module 'conv_2d_Pipeline_3' 
INFO: [HLS 200-10] ----------------------------------------------------------------
INFO: [HLS 200-1030] Apply Unified Pipeline Control on module 'conv_2d_Pipeline_3' pipeline 'Loop 1' pipeline type 'loop pipeline'
WARNING: [RTGEN 206-101] Setting dangling out port 'conv_2d_Pipeline_3/m_axi_gmem1_ARVALID' to 0.
WARNING: [RTGEN 206-101] Setting dangling out port 'conv_2d_Pipeline_3/m_axi_gmem1_ARADDR' to 0.
WARNING: [RTGEN 206-101] Setting dangling out port 'conv_2d_Pipeline_3/m_axi_gmem1_ARID' to 0.
WARNING: [RTGEN 206-101] Setting dangling out port 'conv_2d_Pipeline_3/m_axi_gmem1_ARLEN' to 0.
WARNING: [RTGEN 206-101] Setting dangling out port 'conv_2d_Pipeline_3/m_axi_gmem1_ARSIZE' to 0.
WARNING: [RTGEN 206-101] Setting dangling out port 'conv_2d_Pipeline_3/m_axi_gmem1_ARBURST' to 0.
WARNING: [RTGEN 206-101] Setting dangling out port 'conv_2d_Pipeline_3/m_axi_gmem1_ARLOCK' to 0.
WARNING: [RTGEN 206-101] Setting dangling out port 'conv_2d_Pipeline_3/m_axi_gmem1_ARCACHE' to 0.
WARNING: [RTGEN 206-101] Setting dangling out port 'conv_2d_Pipeline_3/m_axi_gmem1_ARPROT' to 0.
WARNING: [RTGEN 206-101] Setting dangling out port 'conv_2d_Pipeline_3/m_axi_gmem1_ARQOS' to 0.
WARNING: [RTGEN 206-101] Setting dangling out port 'conv_2d_Pipeline_3/m_axi_gmem1_ARREGION' to 0.
WARNING: [RTGEN 206-101] Setting dangling out port 'conv_2d_Pipeline_3/m_axi_gmem1_ARUSER' to 0.
INFO: [RTGEN 206-100] Finished creating RTL model for 'conv_2d_Pipeline_3'.
INFO: [HLS 200-111] Finished Creating RTL model: CPU user time: 0.04 seconds. CPU system time: 0 seconds. Elapsed time: 0.04 seconds; current allocated memory: 496.895 MB.
INFO: [HLS 200-10] ----------------------------------------------------------------
INFO: [HLS 200-10] -- Generating RTL for module 'conv_2d_Pipeline_4' 
INFO: [HLS 200-10] ----------------------------------------------------------------
INFO: [RTGEN 206-100] Finished creating RTL model for 'conv_2d_Pipeline_4'.
INFO: [HLS 200-111] Finished Creating RTL model: CPU user time: 0.02 seconds. CPU system time: 0 seconds. Elapsed time: 0.03 seconds; current allocated memory: 497.754 MB.
INFO: [HLS 200-10] ----------------------------------------------------------------
INFO: [HLS 200-10] -- Generating RTL for module 'conv_2d_Pipeline_VITIS_LOOP_102_4_VITIS_LOOP_107_5_VITIS_LOOP_109_6' 
INFO: [HLS 200-10] ----------------------------------------------------------------
INFO: [HLS 200-1030] Apply Unified Pipeline Control on module 'conv_2d_Pipeline_VITIS_LOOP_102_4_VITIS_LOOP_107_5_VITIS_LOOP_109_6' pipeline 'VITIS_LOOP_102_4_VITIS_LOOP_107_5_VITIS_LOOP_109_6' pipeline type 'loop pipeline'
INFO: [RTGEN 206-100] Generating core module 'fadd_32ns_32ns_32_4_full_dsp_1': 1 instance(s).
INFO: [RTGEN 206-100] Generating core module 'fmul_32ns_32ns_32_3_max_dsp_1': 1 instance(s).
INFO: [RTGEN 206-100] Generating core module 'mac_muladd_9ns_7ns_4ns_15_4_1': 1 instance(s).
INFO: [RTGEN 206-100] Generating core module 'mul_9ns_9ns_16_1_1': 1 instance(s).
INFO: [RTGEN 206-100] Finished creating RTL model for 'conv_2d_Pipeline_VITIS_LOOP_102_4_VITIS_LOOP_107_5_VITIS_LOOP_109_6'.
INFO: [HLS 200-111] Finished Creating RTL model: CPU user time: 0.03 seconds. CPU system time: 0 seconds. Elapsed time: 0.03 seconds; current allocated memory: 499.031 MB.
INFO: [HLS 200-10] ----------------------------------------------------------------
INFO: [HLS 200-10] -- Generating RTL for module 'conv_2d_Pipeline_VITIS_LOOP_129_1_VITIS_LOOP_131_2' 
INFO: [HLS 200-10] ----------------------------------------------------------------
INFO: [HLS 200-1030] Apply Unified Pipeline Control on module 'conv_2d_Pipeline_VITIS_LOOP_129_1_VITIS_LOOP_131_2' pipeline 'VITIS_LOOP_129_1_VITIS_LOOP_131_2' pipeline type 'loop pipeline'
INFO: [RTGEN 206-100] Generating core module 'fadd_32ns_32ns_32_4_full_dsp_1': 1 instance(s).
INFO: [RTGEN 206-100] Finished creating RTL model for 'conv_2d_Pipeline_VITIS_LOOP_129_1_VITIS_LOOP_131_2'.
INFO: [HLS 200-111] Finished Creating RTL model: CPU user time: 0.04 seconds. CPU system time: 0 seconds. Elapsed time: 0.05 seconds; current allocated memory: 501.109 MB.
INFO: [HLS 200-10] ----------------------------------------------------------------
INFO: [HLS 200-10] -- Generating RTL for module 'conv_2d_Pipeline_7' 
INFO: [HLS 200-10] ----------------------------------------------------------------
INFO: [HLS 200-1030] Apply Unified Pipeline Control on module 'conv_2d_Pipeline_7' pipeline 'Loop 1' pipeline type 'loop pipeline'
INFO: [RTGEN 206-100] Finished creating RTL model for 'conv_2d_Pipeline_7'.
INFO: [HLS 200-111] Finished Creating RTL model: CPU user time: 0.02 seconds. CPU system time: 0 seconds. Elapsed time: 0.03 seconds; current allocated memory: 502.152 MB.
INFO: [HLS 200-10] ----------------------------------------------------------------
INFO: [HLS 200-10] -- Generating RTL for module 'conv_2d' 
INFO: [HLS 200-10] ----------------------------------------------------------------
INFO: [RTGEN 206-100] Generating core module 'fadd_32ns_32ns_32_4_full_dsp_1': 1 instance(s).
INFO: [RTGEN 206-100] Generating core module 'fmul_32ns_32ns_32_3_max_dsp_1': 1 instance(s).
INFO: [RTGEN 206-100] Finished creating RTL model for 'conv_2d'.
INFO: [RTMG 210-278] Implementing memory 'process_features_conv_2d_input_buffer_RAM_1WNR_AUTO_1R1W' using auto RAMs.
INFO: [RTMG 210-278] Implementing memory 'process_features_conv_2d_output_buffer_RAM_1WNR_AUTO_1R1W' using auto RAMs.
INFO: [RTMG 210-278] Implementing memory 'process_features_conv_2d_weight_buffer_RAM_1WNR_AUTO_1R1W' using auto RAMs.
INFO: [RTMG 210-278] Implementing memory 'process_features_conv_2d_biases_buffer_RAM_1WNR_AUTO_1R1W' using auto RAMs.
INFO: [RTMG 210-278] Implementing memory 'process_features_conv_2d_partial_sums_RAM_AUTO_1R1W' using auto RAMs.
INFO: [HLS 200-111] Finished Creating RTL model: CPU user time: 0.04 seconds. CPU system time: 0 seconds. Elapsed time: 0.05 seconds; current allocated memory: 505.406 MB.
INFO: [HLS 200-10] ----------------------------------------------------------------
INFO: [HLS 200-10] -- Generating RTL for module 'process_features_Pipeline_1' 
INFO: [HLS 200-10] ----------------------------------------------------------------
INFO: [HLS 200-1030] Apply Unified Pipeline Control on module 'process_features_Pipeline_1' pipeline 'Loop 1' pipeline type 'loop pipeline'
INFO: [RTGEN 206-100] Finished creating RTL model for 'process_features_Pipeline_1'.
INFO: [HLS 200-111] Finished Creating RTL model: CPU user time: 0.06 seconds. CPU system time: 0 seconds. Elapsed time: 0.06 seconds; current allocated memory: 507.738 MB.
INFO: [HLS 200-10] ----------------------------------------------------------------
INFO: [HLS 200-10] -- Generating RTL for module 'process_features_Pipeline_VITIS_LOOP_199_1_VITIS_LOOP_201_2_VITIS_LOOP_203_3_VIT' 
INFO: [HLS 200-10] ----------------------------------------------------------------
INFO: [HLS 200-1030] Apply Unified Pipeline Control on module 'process_features_Pipeline_VITIS_LOOP_199_1_VITIS_LOOP_201_2_VITIS_LOOP_203_3_VIT' pipeline 'VITIS_LOOP_199_1_VITIS_LOOP_201_2_VITIS_LOOP_203_3_VITIS_LOOP_205_4' pipeline type 'loop pipeline'
INFO: [RTGEN 206-100] Finished creating RTL model for 'process_features_Pipeline_VITIS_LOOP_199_1_VITIS_LOOP_201_2_VITIS_LOOP_203_3_VIT'.
INFO: [HLS 200-111] Finished Creating RTL model: CPU user time: 0.03 seconds. CPU system time: 0 seconds. Elapsed time: 0.02 seconds; current allocated memory: 508.789 MB.
INFO: [HLS 200-10] ----------------------------------------------------------------
INFO: [HLS 200-10] -- Generating RTL for module 'process_features_Pipeline_3' 
INFO: [HLS 200-10] ----------------------------------------------------------------
INFO: [HLS 200-1030] Apply Unified Pipeline Control on module 'process_features_Pipeline_3' pipeline 'Loop 1' pipeline type 'loop pipeline'
INFO: [RTGEN 206-100] Finished creating RTL model for 'process_features_Pipeline_3'.
INFO: [HLS 200-111] Finished Creating RTL model: CPU user time: 0.04 seconds. CPU system time: 0 seconds. Elapsed time: 0.03 seconds; current allocated memory: 510.734 MB.
INFO: [HLS 200-10] ----------------------------------------------------------------
INFO: [HLS 200-10] -- Generating RTL for module 'process_features_Pipeline_4' 
INFO: [HLS 200-10] ----------------------------------------------------------------
INFO: [RTGEN 206-100] Finished creating RTL model for 'process_features_Pipeline_4'.
INFO: [HLS 200-111] Finished Creating RTL model: CPU user time: 0.02 seconds. CPU system time: 0 seconds. Elapsed time: 0.02 seconds; current allocated memory: 511.406 MB.
INFO: [HLS 200-10] ----------------------------------------------------------------
INFO: [HLS 200-10] -- Generating RTL for module 'process_features_Pipeline_5' 
INFO: [HLS 200-10] ----------------------------------------------------------------
INFO: [HLS 200-1030] Apply Unified Pipeline Control on module 'process_features_Pipeline_5' pipeline 'Loop 1' pipeline type 'loop pipeline'
INFO: [RTGEN 206-100] Finished creating RTL model for 'process_features_Pipeline_5'.
INFO: [HLS 200-111] Finished Creating RTL model: CPU user time: 0.03 seconds. CPU system time: 0 seconds. Elapsed time: 0.03 seconds; current allocated memory: 511.973 MB.
INFO: [HLS 200-10] ----------------------------------------------------------------
INFO: [HLS 200-10] -- Generating RTL for module 'process_features_Pipeline_VITIS_LOOP_236_1_VITIS_LOOP_238_2' 
INFO: [HLS 200-10] ----------------------------------------------------------------
INFO: [HLS 200-1030] Apply Unified Pipeline Control on module 'process_features_Pipeline_VITIS_LOOP_236_1_VITIS_LOOP_238_2' pipeline 'VITIS_LOOP_236_1_VITIS_LOOP_238_2' pipeline type 'loop pipeline'
INFO: [RTGEN 206-100] Generating core module 'fmul_32ns_32ns_32_3_max_dsp_1': 1 instance(s).
INFO: [RTGEN 206-100] Finished creating RTL model for 'process_features_Pipeline_VITIS_LOOP_236_1_VITIS_LOOP_238_2'.
INFO: [HLS 200-111] Finished Creating RTL model: CPU user time: 0.02 seconds. CPU system time: 0 seconds. Elapsed time: 0.03 seconds; current allocated memory: 512.949 MB.
INFO: [HLS 200-10] ----------------------------------------------------------------
INFO: [HLS 200-10] -- Generating RTL for module 'process_features_Pipeline_VITIS_LOOP_246_3' 
INFO: [HLS 200-10] ----------------------------------------------------------------
INFO: [HLS 200-1030] Apply Unified Pipeline Control on module 'process_features_Pipeline_VITIS_LOOP_246_3' pipeline 'VITIS_LOOP_246_3' pipeline type 'loop pipeline'
INFO: [RTGEN 206-104] Estimated max fanout for 'process_features_Pipeline_VITIS_LOOP_246_3' is 6483 from HDL expression: (1'b0 == ap_block_pp0_stage0_11001)
INFO: [RTGEN 206-100] Generating core module 'dadd_64ns_64ns_64_5_full_dsp_1': 1 instance(s).
INFO: [RTGEN 206-100] Generating core module 'fadd_32ns_32ns_32_4_full_dsp_1': 9 instance(s).
INFO: [RTGEN 206-100] Generating core module 'fdiv_32ns_32ns_32_9_no_dsp_1': 2 instance(s).
INFO: [RTGEN 206-100] Generating core module 'fpext_32ns_64_2_no_dsp_1': 1 instance(s).
INFO: [RTGEN 206-100] Generating core module 'fptrunc_64ns_32_2_no_dsp_1': 1 instance(s).
INFO: [RTGEN 206-100] Generating core module 'fsqrt_32ns_32ns_32_8_no_dsp_1': 1 instance(s).
INFO: [RTGEN 206-100] Finished creating RTL model for 'process_features_Pipeline_VITIS_LOOP_246_3'.
INFO: [HLS 200-111] Finished Creating RTL model: CPU user time: 0.05 seconds. CPU system time: 0.01 seconds. Elapsed time: 0.06 seconds; current allocated memory: 515.844 MB.
INFO: [HLS 200-10] ----------------------------------------------------------------
INFO: [HLS 200-10] -- Generating RTL for module 'process_features_Pipeline_VITIS_LOOP_257_5_VITIS_LOOP_259_6' 
INFO: [HLS 200-10] ----------------------------------------------------------------
INFO: [HLS 200-1030] Apply Unified Pipeline Control on module 'process_features_Pipeline_VITIS_LOOP_257_5_VITIS_LOOP_259_6' pipeline 'VITIS_LOOP_257_5_VITIS_LOOP_259_6' pipeline type 'loop pipeline'
INFO: [RTGEN 206-100] Generating core module 'fmul_32ns_32ns_32_3_max_dsp_1': 1 instance(s).
INFO: [RTGEN 206-100] Finished creating RTL model for 'process_features_Pipeline_VITIS_LOOP_257_5_VITIS_LOOP_259_6'.
INFO: [HLS 200-111] Finished Creating RTL model: CPU user time: 0.05 seconds. CPU system time: 0 seconds. Elapsed time: 0.05 seconds; current allocated memory: 517.875 MB.
INFO: [HLS 200-10] ----------------------------------------------------------------
INFO: [HLS 200-10] -- Generating RTL for module 'process_features_Pipeline_9' 
INFO: [HLS 200-10] ----------------------------------------------------------------
INFO: [HLS 200-1030] Apply Unified Pipeline Control on module 'process_features_Pipeline_9' pipeline 'Loop 1' pipeline type 'loop pipeline'
WARNING: [RTGEN 206-101] Setting dangling out port 'process_features_Pipeline_9/m_axi_gmem3_AWVALID' to 0.
WARNING: [RTGEN 206-101] Setting dangling out port 'process_features_Pipeline_9/m_axi_gmem3_AWADDR' to 0.
WARNING: [RTGEN 206-101] Setting dangling out port 'process_features_Pipeline_9/m_axi_gmem3_AWID' to 0.
WARNING: [RTGEN 206-101] Setting dangling out port 'process_features_Pipeline_9/m_axi_gmem3_AWLEN' to 0.
WARNING: [RTGEN 206-101] Setting dangling out port 'process_features_Pipeline_9/m_axi_gmem3_AWSIZE' to 0.
WARNING: [RTGEN 206-101] Setting dangling out port 'process_features_Pipeline_9/m_axi_gmem3_AWBURST' to 0.
WARNING: [RTGEN 206-101] Setting dangling out port 'process_features_Pipeline_9/m_axi_gmem3_AWLOCK' to 0.
WARNING: [RTGEN 206-101] Setting dangling out port 'process_features_Pipeline_9/m_axi_gmem3_AWCACHE' to 0.
WARNING: [RTGEN 206-101] Setting dangling out port 'process_features_Pipeline_9/m_axi_gmem3_AWPROT' to 0.
WARNING: [RTGEN 206-101] Setting dangling out port 'process_features_Pipeline_9/m_axi_gmem3_AWQOS' to 0.
WARNING: [RTGEN 206-101] Setting dangling out port 'process_features_Pipeline_9/m_axi_gmem3_AWREGION' to 0.
WARNING: [RTGEN 206-101] Setting dangling out port 'process_features_Pipeline_9/m_axi_gmem3_AWUSER' to 0.
WARNING: [RTGEN 206-101] Setting dangling out port 'process_features_Pipeline_9/m_axi_gmem3_BREADY' to 0.
INFO: [RTGEN 206-100] Finished creating RTL model for 'process_features_Pipeline_9'.
INFO: [HLS 200-111] Finished Creating RTL model: CPU user time: 0.05 seconds. CPU system time: 0 seconds. Elapsed time: 0.05 seconds; current allocated memory: 519.125 MB.
INFO: [HLS 200-10] ----------------------------------------------------------------
INFO: [HLS 200-10] -- Generating RTL for module 'process_features' 
INFO: [HLS 200-10] ----------------------------------------------------------------
WARNING: [RTGEN 206-101] Design contains AXI ports. Reset is fixed to synchronous and active low.
INFO: [RTGEN 206-500] Setting interface mode on port 'process_features/gmem0' to 'm_axi'.
INFO: [RTGEN 206-500] Setting interface mode on port 'process_features/gmem1' to 'm_axi'.
INFO: [RTGEN 206-500] Setting interface mode on port 'process_features/gmem2' to 'm_axi'.
INFO: [RTGEN 206-500] Setting interface mode on port 'process_features/gmem3' to 'm_axi'.
INFO: [RTGEN 206-500] Setting interface mode on port 'process_features/input_r' to 's_axilite & ap_none'.
INFO: [RTGEN 206-500] Setting interface mode on port 'process_features/weights' to 's_axilite & ap_none'.
INFO: [RTGEN 206-500] Setting interface mode on port 'process_features/biases' to 's_axilite & ap_none'.
INFO: [RTGEN 206-500] Setting interface mode on port 'process_features/output_r' to 's_axilite & ap_none'.
INFO: [RTGEN 206-500] Setting interface mode on function 'process_features' to 's_axilite & ap_ctrl_chain'.
INFO: [RTGEN 206-100] Bundling port 'input_r', 'weights', 'biases', 'output_r' and 'return' to AXI-Lite port control.
INFO: [RTGEN 206-100] Generating core module 'fadd_32ns_32ns_32_4_full_dsp_1': 1 instance(s).
INFO: [RTGEN 206-100] Generating core module 'fmul_32ns_32ns_32_3_max_dsp_1': 1 instance(s).
INFO: [RTGEN 206-100] Finished creating RTL model for 'process_features'.
INFO: [RTMG 210-278] Implementing memory 'process_features_input_buffer_RAM_AUTO_1R1W' using auto RAMs.
INFO: [RTMG 210-278] Implementing memory 'process_features_squared_input_RAM_AUTO_1R1W' using auto RAMs.
INFO: [RTMG 210-278] Implementing memory 'process_features_squared_norm_RAM_AUTO_1R1W' using auto RAMs.
INFO: [RTMG 210-278] Implementing memory 'process_features_scale_RAM_AUTO_1R1W' using auto RAMs.
INFO: [HLS 200-111] Finished Creating RTL model: CPU user time: 0.07 seconds. CPU system time: 0 seconds. Elapsed time: 0.08 seconds; current allocated memory: 523.832 MB.
INFO: [HLS 200-111] Finished Generating all RTL models: CPU user time: 0.15 seconds. CPU system time: 0.02 seconds. Elapsed time: 0.17 seconds; current allocated memory: 526.887 MB.
INFO: [HLS 200-1603] Design has inferred MAXI bursts, see Vitis HLS GUI synthesis summary report for detailed information.
INFO: [HLS 200-111] Finished Updating report files: CPU user time: 1.38 seconds. CPU system time: 0.01 seconds. Elapsed time: 1.39 seconds; current allocated memory: 541.082 MB.
INFO: [VHDL 208-304] Generating VHDL RTL for process_features.
INFO: [VLOG 209-307] Generating Verilog RTL for process_features.
INFO: [HLS 200-790] **** Loop Constraint Status: All loop constraints were NOT satisfied.
INFO: [HLS 200-789] **** Estimated Fmax: 136.99 MHz
INFO: [HLS 200-112] Total CPU user time: 15.7 seconds. Total CPU system time: 1.22 seconds. Total elapsed time: 21.56 seconds; peak allocated memory: 541.281 MB.
INFO: [v++ 60-791] Total elapsed time: 0h 0m 24s
