INFO: [v++ 60-1548] Creating build summary session with primary output /home/jjos425/Documents/vivado_projects/project_1/primary_caps_accel/primary_caps_accel/primary_caps_accel.hlscompile_summary, at Thu Aug  1 13:32:33 2024
INFO: [v++ 82-31] Launching vitis_hls: vitis_hls -nolog -run csynth -work_dir /home/jjos425/Documents/vivado_projects/project_1/primary_caps_accel/primary_caps_accel -config /home/jjos425/Documents/vivado_projects/project_1/primary_caps_accel/hls_config.cfg -cmdlineconfig /home/jjos425/Documents/vivado_projects/project_1/primary_caps_accel/primary_caps_accel/hls/config.cmdline

****** Vitis HLS - High-Level Synthesis from C, C++ and OpenCL v2024.1 (64-bit)
  **** SW Build 5069499 on May 21 2024
  **** IP Build 5075265 on Wed May 22 21:45:21 MDT 2024
  **** SharedData Build 5076995 on Wed May 22 18:29:18 MDT 2024
  **** Start of session at: Thu Aug  1 13:32:34 2024
    ** Copyright 1986-2022 Xilinx, Inc. All Rights Reserved.
    ** Copyright 2022-2024 Advanced Micro Devices, Inc. All Rights Reserved.

source /home/jjos425/Desktop/P4P33-2024/Vitis_HLS/2024.1/scripts/vitis_hls/hls.tcl -notrace
INFO: [HLS 200-10] For user 'jjos425' on host 'en432999.uoa.auckland.ac.nz' (Linux_x86_64 version 5.15.0-113-generic) on Thu Aug 01 13:32:35 NZST 2024
INFO: [HLS 200-10] On os Ubuntu 20.04.5 LTS
INFO: [HLS 200-10] In directory '/home/jjos425/Documents/vivado_projects/project_1/primary_caps_accel'
INFO: [HLS 200-2005] Using work_dir /home/jjos425/Documents/vivado_projects/project_1/primary_caps_accel/primary_caps_accel 
INFO: [HLS 200-1505] Using default flow_target 'vivado'
Resolution: For help on HLS 200-1505 see docs.xilinx.com/access/sources/dita/topic?Doc_Version=2024.1%20English&url=ug1448-hls-guidance&resourceid=200-1505.html
INFO: [HLS 200-1465] Applying ini 'syn.file=/home/jjos425/Documents/vivado_projects/project_1/primary_caps_accel/constants.h' from /home/jjos425/Documents/vivado_projects/project_1/primary_caps_accel/hls_config.cfg(7)
INFO: [HLS 200-10] Adding design file '/home/jjos425/Documents/vivado_projects/project_1/primary_caps_accel/constants.h' to the project
INFO: [HLS 200-1465] Applying ini 'syn.file=/home/jjos425/Documents/vivado_projects/project_1/primary_caps_accel/PrimaryCaps.cpp' from /home/jjos425/Documents/vivado_projects/project_1/primary_caps_accel/hls_config.cfg(8)
INFO: [HLS 200-10] Adding design file '/home/jjos425/Documents/vivado_projects/project_1/primary_caps_accel/PrimaryCaps.cpp' to the project
INFO: [HLS 200-1465] Applying ini 'syn.file=/home/jjos425/Documents/vivado_projects/project_1/primary_caps_accel/PrimaryCaps.h' from /home/jjos425/Documents/vivado_projects/project_1/primary_caps_accel/hls_config.cfg(9)
INFO: [HLS 200-10] Adding design file '/home/jjos425/Documents/vivado_projects/project_1/primary_caps_accel/PrimaryCaps.h' to the project
INFO: [HLS 200-1465] Applying ini 'syn.file=/home/jjos425/Documents/vivado_projects/project_1/primary_caps_accel/testing_suite.h' from /home/jjos425/Documents/vivado_projects/project_1/primary_caps_accel/hls_config.cfg(10)
INFO: [HLS 200-10] Adding design file '/home/jjos425/Documents/vivado_projects/project_1/primary_caps_accel/testing_suite.h' to the project
INFO: [HLS 200-1465] Applying ini 'tb.file=PrimaryCapsTestbench.cpp' from /home/jjos425/Documents/vivado_projects/project_1/primary_caps_accel/hls_config.cfg(11)
INFO: [HLS 200-10] Adding test bench file '/home/jjos425/Documents/vivado_projects/project_1/primary_caps_accel/PrimaryCapsTestbench.cpp' to the project
INFO: [HLS 200-1465] Applying ini 'syn.top=process_features' from /home/jjos425/Documents/vivado_projects/project_1/primary_caps_accel/hls_config.cfg(12)
INFO: [HLS 200-1465] Applying ini 'flow_target=vitis' from /home/jjos425/Documents/vivado_projects/project_1/primary_caps_accel/hls_config.cfg(4)
INFO: [HLS 200-1505] Using flow_target 'vitis'
Resolution: For help on HLS 200-1505 see docs.xilinx.com/access/sources/dita/topic?Doc_Version=2024.1%20English&url=ug1448-hls-guidance&resourceid=200-1505.html
INFO: [HLS 200-435] Setting 'open_solution -flow_target vitis' configuration: config_interface -m_axi_latency=64
INFO: [HLS 200-435] Setting 'open_solution -flow_target vitis' configuration: config_interface -m_axi_alignment_byte_size=64
INFO: [HLS 200-435] Setting 'open_solution -flow_target vitis' configuration: config_interface -m_axi_max_widen_bitwidth=512
INFO: [HLS 200-435] Setting 'open_solution -flow_target vitis' configuration: config_rtl -register_reset_num=3
INFO: [HLS 200-1465] Applying ini 'part=xczu9eg-ffvb1156-2-e' from /home/jjos425/Documents/vivado_projects/project_1/primary_caps_accel/hls_config.cfg(1)
INFO: [HLS 200-1611] Setting target device to 'xczu9eg-ffvb1156-2-e'
INFO: [HLS 200-1465] Applying ini 'package.output.format=xo' from /home/jjos425/Documents/vivado_projects/project_1/primary_caps_accel/hls_config.cfg(5)
INFO: [HLS 200-111] Finished File checks and directory preparation: CPU user time: 1.3 seconds. CPU system time: 0.14 seconds. Elapsed time: 1.33 seconds; current allocated memory: 299.672 MB.
INFO: [HLS 200-10] Analyzing design file 'PrimaryCaps.cpp' ... 
WARNING: [HLS 207-5579] Unknown pragma bind_op variable value 'output', please check that the variable exists in the same scope as the pragma. (PrimaryCaps.cpp:146:9)
INFO: [HLS 200-111] Finished Source Code Analysis and Preprocessing: CPU user time: 9.77 seconds. CPU system time: 0.67 seconds. Elapsed time: 10.45 seconds; current allocated memory: 305.770 MB.
INFO: [HLS 200-777] Using interface defaults for 'Vitis' flow target.
INFO: [HLS 200-1995] There were 466 instructions in the design after the 'Compile/Link' phase of compilation. See the Design Size Report for more details: /home/jjos425/Documents/vivado_projects/project_1/primary_caps_accel/primary_caps_accel/hls/syn/report/csynth_design_size.rpt
INFO: [HLS 200-1995] There were 1,507 instructions in the design after the 'Unroll/Inline (step 1)' phase of compilation. See the Design Size Report for more details: /home/jjos425/Documents/vivado_projects/project_1/primary_caps_accel/primary_caps_accel/hls/syn/report/csynth_design_size.rpt
INFO: [HLS 200-1995] There were 1,385 instructions in the design after the 'Unroll/Inline (step 2)' phase of compilation. See the Design Size Report for more details: /home/jjos425/Documents/vivado_projects/project_1/primary_caps_accel/primary_caps_accel/hls/syn/report/csynth_design_size.rpt
INFO: [HLS 200-1995] There were 1,323 instructions in the design after the 'Unroll/Inline (step 3)' phase of compilation. See the Design Size Report for more details: /home/jjos425/Documents/vivado_projects/project_1/primary_caps_accel/primary_caps_accel/hls/syn/report/csynth_design_size.rpt
INFO: [HLS 200-1995] There were 1,315 instructions in the design after the 'Unroll/Inline (step 4)' phase of compilation. See the Design Size Report for more details: /home/jjos425/Documents/vivado_projects/project_1/primary_caps_accel/primary_caps_accel/hls/syn/report/csynth_design_size.rpt
INFO: [HLS 200-1995] There were 1,318 instructions in the design after the 'Array/Struct (step 1)' phase of compilation. See the Design Size Report for more details: /home/jjos425/Documents/vivado_projects/project_1/primary_caps_accel/primary_caps_accel/hls/syn/report/csynth_design_size.rpt
INFO: [HLS 200-1995] There were 1,318 instructions in the design after the 'Array/Struct (step 2)' phase of compilation. See the Design Size Report for more details: /home/jjos425/Documents/vivado_projects/project_1/primary_caps_accel/primary_caps_accel/hls/syn/report/csynth_design_size.rpt
INFO: [HLS 200-1995] There were 1,318 instructions in the design after the 'Array/Struct (step 3)' phase of compilation. See the Design Size Report for more details: /home/jjos425/Documents/vivado_projects/project_1/primary_caps_accel/primary_caps_accel/hls/syn/report/csynth_design_size.rpt
INFO: [HLS 200-1995] There were 1,318 instructions in the design after the 'Array/Struct (step 4)' phase of compilation. See the Design Size Report for more details: /home/jjos425/Documents/vivado_projects/project_1/primary_caps_accel/primary_caps_accel/hls/syn/report/csynth_design_size.rpt
INFO: [HLS 200-1995] There were 1,436 instructions in the design after the 'Array/Struct (step 5)' phase of compilation. See the Design Size Report for more details: /home/jjos425/Documents/vivado_projects/project_1/primary_caps_accel/primary_caps_accel/hls/syn/report/csynth_design_size.rpt
INFO: [HLS 200-1995] There were 1,441 instructions in the design after the 'Performance (step 1)' phase of compilation. See the Design Size Report for more details: /home/jjos425/Documents/vivado_projects/project_1/primary_caps_accel/primary_caps_accel/hls/syn/report/csynth_design_size.rpt
INFO: [HLS 200-1995] There were 1,377 instructions in the design after the 'Performance (step 2)' phase of compilation. See the Design Size Report for more details: /home/jjos425/Documents/vivado_projects/project_1/primary_caps_accel/primary_caps_accel/hls/syn/report/csynth_design_size.rpt
INFO: [HLS 200-1995] There were 4,257 instructions in the design after the 'Performance (step 3)' phase of compilation. See the Design Size Report for more details: /home/jjos425/Documents/vivado_projects/project_1/primary_caps_accel/primary_caps_accel/hls/syn/report/csynth_design_size.rpt
INFO: [HLS 200-1995] There were 2,810 instructions in the design after the 'Performance (step 4)' phase of compilation. See the Design Size Report for more details: /home/jjos425/Documents/vivado_projects/project_1/primary_caps_accel/primary_caps_accel/hls/syn/report/csynth_design_size.rpt
INFO: [HLS 200-1995] There were 2,822 instructions in the design after the 'HW Transforms (step 1)' phase of compilation. See the Design Size Report for more details: /home/jjos425/Documents/vivado_projects/project_1/primary_caps_accel/primary_caps_accel/hls/syn/report/csynth_design_size.rpt
INFO: [HLS 200-1995] There were 2,858 instructions in the design after the 'HW Transforms (step 2)' phase of compilation. See the Design Size Report for more details: /home/jjos425/Documents/vivado_projects/project_1/primary_caps_accel/primary_caps_accel/hls/syn/report/csynth_design_size.rpt
WARNING: [HLS 214-386] A depth specification is required for MAXI interface port 'biases' for cosimulation. (PrimaryCaps.cpp:156:0)
WARNING: [HLS 214-386] A depth specification is required for MAXI interface port 'output' for cosimulation. (PrimaryCaps.cpp:156:0)
INFO: [HLS 214-186] Unrolling loop 'VITIS_LOOP_115_6' (PrimaryCaps.cpp:115:38) in function 'conv_2d' completely with a factor of 9 (PrimaryCaps.cpp:62:0)
INFO: [HLS 214-186] Unrolling loop 'VITIS_LOOP_118_7' (PrimaryCaps.cpp:118:20) in function 'conv_2d' completely with a factor of 9 (PrimaryCaps.cpp:62:0)
INFO: [HLS 214-178] Inlining function 'coalesce_partial_sums(float*, float*)' into 'conv_2d(float*, hls::stream<float, 0>&, float*, float*)' (PrimaryCaps.cpp:62:0)
INFO: [HLS 214-178] Inlining function 'reshape(float*, float*)' into 'process_features(float*, float*, float*, float*)' (PrimaryCaps.cpp:156:0)
INFO: [HLS 214-178] Inlining function 'squash(float*, float*)' into 'process_features(float*, float*, float*, float*)' (PrimaryCaps.cpp:156:0)
INFO: [HLS 214-376] automatically set the pipeline for Loop< unknown> at PrimaryCaps.cpp:81:2 
INFO: [HLS 214-376] automatically set the pipeline for Loop< unknown> at PrimaryCaps.cpp:82:4 
INFO: [HLS 214-376] automatically set the pipeline for Loop< VITIS_LOOP_109_5> at PrimaryCaps.cpp:109:34 
INFO: [HLS 214-376] automatically set the pipeline for Loop< unknown> at  
INFO: [HLS 214-376] automatically set the pipeline for Loop< VITIS_LOOP_98_2> at PrimaryCaps.cpp:98:26 
INFO: [HLS 214-376] automatically set the pipeline for Loop< unknown> at PrimaryCaps.cpp:133:4 
INFO: [HLS 214-376] automatically set the pipeline for Loop< unknown> at PrimaryCaps.cpp:205:4 
INFO: [HLS 214-376] automatically set the pipeline for Loop< VITIS_LOOP_223_4> at PrimaryCaps.cpp:223:34 
INFO: [HLS 214-376] automatically set the pipeline for Loop< unknown> at PrimaryCaps.cpp:235:4 
INFO: [HLS 214-376] automatically set the pipeline for Loop< unknown> at PrimaryCaps.cpp:250:4 
INFO: [HLS 214-376] automatically set the pipeline for Loop< VITIS_LOOP_256_2> at PrimaryCaps.cpp:256:26 
INFO: [HLS 214-376] automatically set the pipeline for Loop< VITIS_LOOP_264_3> at PrimaryCaps.cpp:264:22 
INFO: [HLS 214-376] automatically set the pipeline for Loop< VITIS_LOOP_277_6> at PrimaryCaps.cpp:277:26 
INFO: [HLS 214-376] automatically set the pipeline for Loop< unknown> at PrimaryCaps.cpp:284:4 
INFO: [HLS 214-291] Loop 'VITIS_LOOP_266_4' is marked as complete unroll implied by the pipeline pragma (PrimaryCaps.cpp:266:26)
INFO: [HLS 214-186] Unrolling loop 'VITIS_LOOP_266_4' (PrimaryCaps.cpp:266:26) in function 'process_features' completely with a factor of 8 (PrimaryCaps.cpp:156:0)
INFO: [HLS 214-270] Inferring pragma 'array_partition type=cyclic factor=6 dim=1' for array 'input_buffer' due to pipeline pragma (PrimaryCaps.cpp:63:10)
INFO: [HLS 214-270] Inferring pragma 'array_partition type=cyclic factor=6 dim=1' for array 'weight_buffer' due to pipeline pragma (PrimaryCaps.cpp:72:8)
INFO: [HLS 214-270] Inferring pragma 'array_partition type=cyclic factor=4 dim=1' for array 'squared_input.i' due to pipeline pragma (PrimaryCaps.cpp:245:10)
INFO: [HLS 214-248] Applying array_partition to 'input_buffer': Cyclic partitioning with factor 6 on dimension 1. (PrimaryCaps.cpp:63:10)
INFO: [HLS 214-248] Applying array_partition to 'weight_buffer': Cyclic partitioning with factor 6 on dimension 1. (PrimaryCaps.cpp:72:8)
INFO: [HLS 214-248] Applying array_partition to 'squared_input.i': Cyclic partitioning with factor 4 on dimension 1. (PrimaryCaps.cpp:245:10)
INFO: [HLS 214-115] Multiple burst reads of length 6400 and bit width 512 has been inferred on bundle 'gmem0'. These burst requests might be further partitioned into multiple requests during RTL generation, based on max_read_burst_length or max_write_burst_length settings. (PrimaryCaps.cpp:81:2)
INFO: [HLS 214-115] Multiple burst reads of length 16 and bit width 512 has been inferred on bundle 'gmem2'. These burst requests might be further partitioned into multiple requests during RTL generation, based on max_read_burst_length or max_write_burst_length settings. (PrimaryCaps.cpp:82:4)
INFO: [HLS 214-115] Multiple burst writes of length 576 and bit width 512 has been inferred on bundle 'gmem3'. These burst requests might be further partitioned into multiple requests during RTL generation, based on max_read_burst_length or max_write_burst_length settings. (PrimaryCaps.cpp:284:4)
INFO: [HLS 200-111] Finished Compiling Optimization and Transform: CPU user time: 3.92 seconds. CPU system time: 0.29 seconds. Elapsed time: 6.49 seconds; current allocated memory: 306.695 MB.
INFO: [HLS 200-111] Finished Checking Pragmas: CPU user time: 0 seconds. CPU system time: 0 seconds. Elapsed time: 0 seconds; current allocated memory: 306.695 MB.
INFO: [HLS 200-10] Starting code transformations ...
INFO: [HLS 200-111] Finished Standard Transforms: CPU user time: 0.25 seconds. CPU system time: 0 seconds. Elapsed time: 0.25 seconds; current allocated memory: 310.547 MB.
INFO: [HLS 200-10] Checking synthesizability ...
INFO: [HLS 200-111] Finished Checking Synthesizability: CPU user time: 0.09 seconds. CPU system time: 0 seconds. Elapsed time: 0.1 seconds; current allocated memory: 312.246 MB.
WARNING: [XFORM 203-731] Internal stream variable 'weights_stream' (PrimaryCaps.cpp:172) is invalid: it has no data producer
INFO: [HLS 200-111] Finished Loop, function and other optimizations: CPU user time: 0.93 seconds. CPU system time: 0.01 seconds. Elapsed time: 0.95 seconds; current allocated memory: 343.098 MB.
INFO: [HLS 200-2061] Successfully converted nested loops 'VITIS_LOOP_221_3'(PrimaryCaps.cpp:221:30) and 'VITIS_LOOP_223_4'(PrimaryCaps.cpp:223:34) in function 'process_features' into perfectly nested loops.
INFO: [HLS 200-2061] Successfully converted nested loops 'VITIS_LOOP_219_2'(PrimaryCaps.cpp:219:26) and 'VITIS_LOOP_221_3'(PrimaryCaps.cpp:221:30) in function 'process_features' into perfectly nested loops.
INFO: [HLS 200-2061] Successfully converted nested loops 'VITIS_LOOP_217_1'(PrimaryCaps.cpp:217:22) and 'VITIS_LOOP_219_2'(PrimaryCaps.cpp:219:26) in function 'process_features' into perfectly nested loops.
INFO: [HLS 200-2061] Successfully converted nested loops 'VITIS_LOOP_254_1'(PrimaryCaps.cpp:254:22) and 'VITIS_LOOP_256_2'(PrimaryCaps.cpp:256:26) in function 'process_features' into perfectly nested loops.
INFO: [HLS 200-2061] Successfully converted nested loops 'VITIS_LOOP_275_5'(PrimaryCaps.cpp:275:22) and 'VITIS_LOOP_277_6'(PrimaryCaps.cpp:277:26) in function 'process_features' into perfectly nested loops.
INFO: [HLS 200-2061] Successfully converted nested loops 'VITIS_LOOP_138_1'(PrimaryCaps.cpp:138:20) and 'VITIS_LOOP_140_2'(PrimaryCaps.cpp:140:21) in function 'conv_2d' into perfectly nested loops.
INFO: [XFORM 203-541] Flattening a loop nest 'VITIS_LOOP_221_3' (PrimaryCaps.cpp:221:30) in function 'process_features'.
INFO: [XFORM 203-541] Flattening a loop nest 'VITIS_LOOP_219_2' (PrimaryCaps.cpp:219:26) in function 'process_features'.
INFO: [XFORM 203-541] Flattening a loop nest 'VITIS_LOOP_217_1' (PrimaryCaps.cpp:217:22) in function 'process_features'.
INFO: [XFORM 203-541] Flattening a loop nest 'VITIS_LOOP_254_1' (PrimaryCaps.cpp:254:22) in function 'process_features'.
INFO: [XFORM 203-541] Flattening a loop nest 'VITIS_LOOP_275_5' (PrimaryCaps.cpp:275:22) in function 'process_features'.
INFO: [XFORM 203-541] Flattening a loop nest 'VITIS_LOOP_138_1' (PrimaryCaps.cpp:138:20) in function 'conv_2d'.
INFO: [ANALYSIS 214-51] Found intra dependency for variable 'sum' (PrimaryCaps.cpp:127).
INFO: [ANALYSIS 214-51] Found intra dependency for variable 'sum' (PrimaryCaps.cpp:127).
INFO: [HLS 200-111] Finished Architecture Synthesis: CPU user time: 0.75 seconds. CPU system time: 0.03 seconds. Elapsed time: 0.78 seconds; current allocated memory: 507.082 MB.
INFO: [HLS 200-10] Starting hardware synthesis ...
INFO: [HLS 200-10] Synthesizing 'process_features' ...
INFO: [SYN 201-201] Setting up clock 'default' with a period of 10ns.
INFO: [HLS 200-10] ----------------------------------------------------------------
INFO: [HLS 200-42] -- Implementing module 'conv_2d_Pipeline_1' 
INFO: [HLS 200-10] ----------------------------------------------------------------
INFO: [SCHED 204-11] Starting scheduling ...
INFO: [SCHED 204-61] Pipelining loop 'Loop 1'.
INFO: [HLS 200-1470] Pipelining result : Target II = NA, Final II = 1, Depth = 4, loop 'Loop 1'
INFO: [SCHED 204-11] Finished scheduling.
INFO: [HLS 200-111] Finished Scheduling: CPU user time: 0.15 seconds. CPU system time: 0.02 seconds. Elapsed time: 0.18 seconds; current allocated memory: 507.082 MB.
INFO: [BIND 205-100] Starting micro-architecture generation ...
INFO: [BIND 205-101] Performing variable lifetime analysis.
INFO: [BIND 205-101] Exploring resource sharing.
INFO: [BIND 205-101] Binding ...
INFO: [BIND 205-100] Finished micro-architecture generation.
INFO: [HLS 200-111] Finished Binding: CPU user time: 0.01 seconds. CPU system time: 0 seconds. Elapsed time: 0.01 seconds; current allocated memory: 507.082 MB.
INFO: [HLS 200-10] ----------------------------------------------------------------
INFO: [HLS 200-42] -- Implementing module 'conv_2d_Pipeline_2' 
INFO: [HLS 200-10] ----------------------------------------------------------------
INFO: [SCHED 204-11] Starting scheduling ...
INFO: [SCHED 204-61] Pipelining loop 'Loop 1'.
INFO: [HLS 200-1470] Pipelining result : Target II = NA, Final II = 1, Depth = 3, loop 'Loop 1'
INFO: [SCHED 204-11] Finished scheduling.
INFO: [HLS 200-111] Finished Scheduling: CPU user time: 0.02 seconds. CPU system time: 0 seconds. Elapsed time: 0.02 seconds; current allocated memory: 507.082 MB.
INFO: [BIND 205-100] Starting micro-architecture generation ...
INFO: [BIND 205-101] Performing variable lifetime analysis.
INFO: [BIND 205-101] Exploring resource sharing.
INFO: [BIND 205-101] Binding ...
INFO: [BIND 205-100] Finished micro-architecture generation.
INFO: [HLS 200-111] Finished Binding: CPU user time: 0.01 seconds. CPU system time: 0 seconds. Elapsed time: 0.01 seconds; current allocated memory: 507.082 MB.
INFO: [HLS 200-10] ----------------------------------------------------------------
INFO: [HLS 200-42] -- Implementing module 'conv_2d_Pipeline_VITIS_LOOP_98_2' 
INFO: [HLS 200-10] ----------------------------------------------------------------
INFO: [SCHED 204-11] Starting scheduling ...
INFO: [SCHED 204-61] Pipelining loop 'VITIS_LOOP_98_2'.
INFO: [HLS 200-1470] Pipelining result : Target II = NA, Final II = 1, Depth = 2, loop 'VITIS_LOOP_98_2'
INFO: [SCHED 204-11] Finished scheduling.
INFO: [HLS 200-111] Finished Scheduling: CPU user time: 0.03 seconds. CPU system time: 0 seconds. Elapsed time: 0.03 seconds; current allocated memory: 507.082 MB.
INFO: [BIND 205-100] Starting micro-architecture generation ...
INFO: [BIND 205-101] Performing variable lifetime analysis.
INFO: [BIND 205-101] Exploring resource sharing.
INFO: [BIND 205-101] Binding ...
INFO: [BIND 205-100] Finished micro-architecture generation.
INFO: [HLS 200-111] Finished Binding: CPU user time: 0.01 seconds. CPU system time: 0 seconds. Elapsed time: 0.01 seconds; current allocated memory: 507.082 MB.
INFO: [HLS 200-10] ----------------------------------------------------------------
INFO: [HLS 200-42] -- Implementing module 'conv_2d_Pipeline_4' 
INFO: [HLS 200-10] ----------------------------------------------------------------
INFO: [SCHED 204-11] Starting scheduling ...
INFO: [SCHED 204-61] Pipelining loop 'Loop 1'.
INFO: [HLS 200-1470] Pipelining result : Target II = NA, Final II = 1, Depth = 1, loop 'Loop 1'
INFO: [SCHED 204-11] Finished scheduling.
INFO: [HLS 200-111] Finished Scheduling: CPU user time: 0.02 seconds. CPU system time: 0 seconds. Elapsed time: 0.02 seconds; current allocated memory: 507.234 MB.
INFO: [BIND 205-100] Starting micro-architecture generation ...
INFO: [BIND 205-101] Performing variable lifetime analysis.
INFO: [BIND 205-101] Exploring resource sharing.
INFO: [BIND 205-101] Binding ...
INFO: [BIND 205-100] Finished micro-architecture generation.
INFO: [HLS 200-111] Finished Binding: CPU user time: 0.01 seconds. CPU system time: 0 seconds. Elapsed time: 0.01 seconds; current allocated memory: 507.234 MB.
INFO: [HLS 200-10] ----------------------------------------------------------------
INFO: [HLS 200-42] -- Implementing module 'conv_2d_Pipeline_VITIS_LOOP_109_5' 
INFO: [HLS 200-10] ----------------------------------------------------------------
INFO: [SCHED 204-11] Starting scheduling ...
INFO: [SCHED 204-61] Pipelining loop 'VITIS_LOOP_109_5'.
WARNING: [HLS 200-880] The II Violation in module 'conv_2d_Pipeline_VITIS_LOOP_109_5' (loop 'VITIS_LOOP_109_5'): Unable to enforce a carried dependence constraint (II = 1, distance = 1, offset = 0) between 'store' operation 0 bit ('empty_write_ln123', PrimaryCaps.cpp:123) of variable 'add', PrimaryCaps.cpp:123 on local variable 'empty' and 'load' operation 32 bit ('p_load', PrimaryCaps.cpp:123) on local variable 'empty'.
Resolution: For help on HLS 200-880 see docs.xilinx.com/access/sources/dita/topic?Doc_Version=2024.1%20English&url=ug1448-hls-guidance&resourceid=200-880.html
WARNING: [HLS 200-880] The II Violation in module 'conv_2d_Pipeline_VITIS_LOOP_109_5' (loop 'VITIS_LOOP_109_5'): Unable to enforce a carried dependence constraint (II = 2, distance = 1, offset = 0) between 'store' operation 0 bit ('empty_write_ln123', PrimaryCaps.cpp:123) of variable 'add', PrimaryCaps.cpp:123 on local variable 'empty' and 'load' operation 32 bit ('p_load', PrimaryCaps.cpp:123) on local variable 'empty'.
Resolution: For help on HLS 200-880 see docs.xilinx.com/access/sources/dita/topic?Doc_Version=2024.1%20English&url=ug1448-hls-guidance&resourceid=200-880.html
INFO: [HLS 200-1470] Pipelining result : Target II = NA, Final II = 3, Depth = 33, loop 'VITIS_LOOP_109_5'
INFO: [SCHED 204-11] Finished scheduling.
INFO: [HLS 200-111] Finished Scheduling: CPU user time: 3.68 seconds. CPU system time: 0.01 seconds. Elapsed time: 3.7 seconds; current allocated memory: 535.340 MB.
INFO: [BIND 205-100] Starting micro-architecture generation ...
INFO: [BIND 205-101] Performing variable lifetime analysis.
INFO: [BIND 205-101] Exploring resource sharing.
INFO: [BIND 205-101] Binding ...
INFO: [BIND 205-100] Finished micro-architecture generation.
INFO: [HLS 200-111] Finished Binding: CPU user time: 0.55 seconds. CPU system time: 0 seconds. Elapsed time: 0.55 seconds; current allocated memory: 535.340 MB.
INFO: [HLS 200-10] ----------------------------------------------------------------
INFO: [HLS 200-42] -- Implementing module 'conv_2d_Pipeline_VITIS_LOOP_138_1_VITIS_LOOP_140_2' 
INFO: [HLS 200-10] ----------------------------------------------------------------
INFO: [SCHED 204-11] Starting scheduling ...
INFO: [SCHED 204-61] Pipelining loop 'VITIS_LOOP_138_1_VITIS_LOOP_140_2'.
WARNING: [HLS 200-880] The II Violation in module 'conv_2d_Pipeline_VITIS_LOOP_138_1_VITIS_LOOP_140_2' (loop 'VITIS_LOOP_138_1_VITIS_LOOP_140_2'): Unable to enforce a carried dependence constraint (II = 1, distance = 1, offset = 0) between 'store' operation 0 bit ('sum_write_ln145', PrimaryCaps.cpp:145->PrimaryCaps.cpp:128) of variable 'sum', PrimaryCaps.cpp:145->PrimaryCaps.cpp:128 on local variable 'sum', PrimaryCaps.cpp:127 and 'load' operation 32 bit ('sum_load_1', PrimaryCaps.cpp:145->PrimaryCaps.cpp:128) on local variable 'sum', PrimaryCaps.cpp:127.
Resolution: For help on HLS 200-880 see docs.xilinx.com/access/sources/dita/topic?Doc_Version=2024.1%20English&url=ug1448-hls-guidance&resourceid=200-880.html
WARNING: [HLS 200-880] The II Violation in module 'conv_2d_Pipeline_VITIS_LOOP_138_1_VITIS_LOOP_140_2' (loop 'VITIS_LOOP_138_1_VITIS_LOOP_140_2'): Unable to enforce a carried dependence constraint (II = 2, distance = 1, offset = 0) between 'store' operation 0 bit ('sum_write_ln145', PrimaryCaps.cpp:145->PrimaryCaps.cpp:128) of variable 'sum', PrimaryCaps.cpp:145->PrimaryCaps.cpp:128 on local variable 'sum', PrimaryCaps.cpp:127 and 'load' operation 32 bit ('sum_load_1', PrimaryCaps.cpp:145->PrimaryCaps.cpp:128) on local variable 'sum', PrimaryCaps.cpp:127.
Resolution: For help on HLS 200-880 see docs.xilinx.com/access/sources/dita/topic?Doc_Version=2024.1%20English&url=ug1448-hls-guidance&resourceid=200-880.html
INFO: [HLS 200-1470] Pipelining result : Target II = NA, Final II = 3, Depth = 6, loop 'VITIS_LOOP_138_1_VITIS_LOOP_140_2'
INFO: [SCHED 204-11] Finished scheduling.
INFO: [HLS 200-111] Finished Scheduling: CPU user time: 0.14 seconds. CPU system time: 0.01 seconds. Elapsed time: 0.16 seconds; current allocated memory: 535.340 MB.
INFO: [BIND 205-100] Starting micro-architecture generation ...
INFO: [BIND 205-101] Performing variable lifetime analysis.
INFO: [BIND 205-101] Exploring resource sharing.
INFO: [BIND 205-101] Binding ...
INFO: [BIND 205-100] Finished micro-architecture generation.
INFO: [HLS 200-111] Finished Binding: CPU user time: 0.01 seconds. CPU system time: 0 seconds. Elapsed time: 0.01 seconds; current allocated memory: 535.340 MB.
INFO: [HLS 200-10] ----------------------------------------------------------------
INFO: [HLS 200-42] -- Implementing module 'conv_2d_Pipeline_7' 
INFO: [HLS 200-10] ----------------------------------------------------------------
INFO: [SCHED 204-11] Starting scheduling ...
INFO: [SCHED 204-61] Pipelining loop 'Loop 1'.
INFO: [HLS 200-1470] Pipelining result : Target II = NA, Final II = 1, Depth = 2, loop 'Loop 1'
INFO: [SCHED 204-11] Finished scheduling.
INFO: [HLS 200-111] Finished Scheduling: CPU user time: 0.01 seconds. CPU system time: 0 seconds. Elapsed time: 0.02 seconds; current allocated memory: 535.340 MB.
INFO: [BIND 205-100] Starting micro-architecture generation ...
INFO: [BIND 205-101] Performing variable lifetime analysis.
INFO: [BIND 205-101] Exploring resource sharing.
INFO: [BIND 205-101] Binding ...
INFO: [BIND 205-100] Finished micro-architecture generation.
INFO: [HLS 200-111] Finished Binding: CPU user time: 0.01 seconds. CPU system time: 0 seconds. Elapsed time: 0.01 seconds; current allocated memory: 535.340 MB.
INFO: [HLS 200-10] ----------------------------------------------------------------
INFO: [HLS 200-42] -- Implementing module 'conv_2d' 
INFO: [HLS 200-10] ----------------------------------------------------------------
INFO: [SCHED 204-11] Starting scheduling ...
INFO: [SCHED 204-11] Finished scheduling.
INFO: [HLS 200-111] Finished Scheduling: CPU user time: 0.16 seconds. CPU system time: 0 seconds. Elapsed time: 0.15 seconds; current allocated memory: 535.340 MB.
INFO: [BIND 205-100] Starting micro-architecture generation ...
INFO: [BIND 205-101] Performing variable lifetime analysis.
INFO: [BIND 205-101] Exploring resource sharing.
WARNING: [BIND 205-102] The specified resource core for memory 'biases_buffer' will be ignored if a simpler one can be used.
WARNING: [BIND 205-102] The specified resource core for memory 'output_buffer' will be ignored if a simpler one can be used.
INFO: [BIND 205-101] Binding ...
INFO: [BIND 205-100] Finished micro-architecture generation.
INFO: [HLS 200-111] Finished Binding: CPU user time: 0.05 seconds. CPU system time: 0 seconds. Elapsed time: 0.05 seconds; current allocated memory: 535.340 MB.
INFO: [HLS 200-10] ----------------------------------------------------------------
INFO: [HLS 200-42] -- Implementing module 'process_features_Pipeline_1' 
INFO: [HLS 200-10] ----------------------------------------------------------------
INFO: [SCHED 204-11] Starting scheduling ...
INFO: [SCHED 204-61] Pipelining loop 'Loop 1'.
INFO: [HLS 200-1470] Pipelining result : Target II = NA, Final II = 1, Depth = 2, loop 'Loop 1'
INFO: [SCHED 204-11] Finished scheduling.
INFO: [HLS 200-111] Finished Scheduling: CPU user time: 0.06 seconds. CPU system time: 0 seconds. Elapsed time: 0.06 seconds; current allocated memory: 535.340 MB.
INFO: [BIND 205-100] Starting micro-architecture generation ...
INFO: [BIND 205-101] Performing variable lifetime analysis.
INFO: [BIND 205-101] Exploring resource sharing.
INFO: [BIND 205-101] Binding ...
INFO: [BIND 205-100] Finished micro-architecture generation.
INFO: [HLS 200-111] Finished Binding: CPU user time: 0.01 seconds. CPU system time: 0 seconds. Elapsed time: 0.01 seconds; current allocated memory: 535.340 MB.
INFO: [HLS 200-10] ----------------------------------------------------------------
INFO: [HLS 200-42] -- Implementing module 'process_features_Pipeline_VITIS_LOOP_217_1_VITIS_LOOP_219_2_VITIS_LOOP_221_3_VIT' 
INFO: [HLS 200-10] ----------------------------------------------------------------
INFO: [SCHED 204-11] Starting scheduling ...
INFO: [SCHED 204-61] Pipelining loop 'VITIS_LOOP_217_1_VITIS_LOOP_219_2_VITIS_LOOP_221_3_VITIS_LOOP_223_4'.
INFO: [HLS 200-1470] Pipelining result : Target II = NA, Final II = 1, Depth = 3, loop 'VITIS_LOOP_217_1_VITIS_LOOP_219_2_VITIS_LOOP_221_3_VITIS_LOOP_223_4'
INFO: [SCHED 204-11] Finished scheduling.
INFO: [HLS 200-111] Finished Scheduling: CPU user time: 0.04 seconds. CPU system time: 0 seconds. Elapsed time: 0.04 seconds; current allocated memory: 535.340 MB.
INFO: [BIND 205-100] Starting micro-architecture generation ...
INFO: [BIND 205-101] Performing variable lifetime analysis.
INFO: [BIND 205-101] Exploring resource sharing.
INFO: [BIND 205-101] Binding ...
INFO: [BIND 205-100] Finished micro-architecture generation.
INFO: [HLS 200-111] Finished Binding: CPU user time: 0.01 seconds. CPU system time: 0 seconds. Elapsed time: 0.01 seconds; current allocated memory: 535.340 MB.
INFO: [HLS 200-10] ----------------------------------------------------------------
INFO: [HLS 200-42] -- Implementing module 'process_features_Pipeline_3' 
INFO: [HLS 200-10] ----------------------------------------------------------------
INFO: [SCHED 204-11] Starting scheduling ...
INFO: [SCHED 204-61] Pipelining loop 'Loop 1'.
INFO: [HLS 200-1470] Pipelining result : Target II = NA, Final II = 1, Depth = 2, loop 'Loop 1'
INFO: [SCHED 204-11] Finished scheduling.
INFO: [HLS 200-111] Finished Scheduling: CPU user time: 0.02 seconds. CPU system time: 0 seconds. Elapsed time: 0.02 seconds; current allocated memory: 535.668 MB.
INFO: [BIND 205-100] Starting micro-architecture generation ...
INFO: [BIND 205-101] Performing variable lifetime analysis.
INFO: [BIND 205-101] Exploring resource sharing.
INFO: [BIND 205-101] Binding ...
INFO: [BIND 205-100] Finished micro-architecture generation.
INFO: [HLS 200-111] Finished Binding: CPU user time: 0.01 seconds. CPU system time: 0 seconds. Elapsed time: 0.01 seconds; current allocated memory: 535.668 MB.
INFO: [HLS 200-10] ----------------------------------------------------------------
INFO: [HLS 200-42] -- Implementing module 'process_features_Pipeline_4' 
INFO: [HLS 200-10] ----------------------------------------------------------------
INFO: [SCHED 204-11] Starting scheduling ...
INFO: [SCHED 204-61] Pipelining loop 'Loop 1'.
INFO: [HLS 200-1470] Pipelining result : Target II = NA, Final II = 1, Depth = 1, loop 'Loop 1'
INFO: [SCHED 204-11] Finished scheduling.
INFO: [HLS 200-111] Finished Scheduling: CPU user time: 0.02 seconds. CPU system time: 0 seconds. Elapsed time: 0.02 seconds; current allocated memory: 535.977 MB.
INFO: [BIND 205-100] Starting micro-architecture generation ...
INFO: [BIND 205-101] Performing variable lifetime analysis.
INFO: [BIND 205-101] Exploring resource sharing.
INFO: [BIND 205-101] Binding ...
INFO: [BIND 205-100] Finished micro-architecture generation.
INFO: [HLS 200-111] Finished Binding: CPU user time: 0.01 seconds. CPU system time: 0 seconds. Elapsed time: 0.01 seconds; current allocated memory: 535.977 MB.
INFO: [HLS 200-10] ----------------------------------------------------------------
INFO: [HLS 200-42] -- Implementing module 'process_features_Pipeline_5' 
INFO: [HLS 200-10] ----------------------------------------------------------------
INFO: [SCHED 204-11] Starting scheduling ...
INFO: [SCHED 204-61] Pipelining loop 'Loop 1'.
INFO: [HLS 200-1470] Pipelining result : Target II = NA, Final II = 1, Depth = 2, loop 'Loop 1'
INFO: [SCHED 204-11] Finished scheduling.
INFO: [HLS 200-111] Finished Scheduling: CPU user time: 0.01 seconds. CPU system time: 0 seconds. Elapsed time: 0.02 seconds; current allocated memory: 536.137 MB.
INFO: [BIND 205-100] Starting micro-architecture generation ...
INFO: [BIND 205-101] Performing variable lifetime analysis.
INFO: [BIND 205-101] Exploring resource sharing.
INFO: [BIND 205-101] Binding ...
INFO: [BIND 205-100] Finished micro-architecture generation.
INFO: [HLS 200-111] Finished Binding: CPU user time: 0.01 seconds. CPU system time: 0 seconds. Elapsed time: 0.01 seconds; current allocated memory: 536.137 MB.
INFO: [HLS 200-10] ----------------------------------------------------------------
INFO: [HLS 200-42] -- Implementing module 'process_features_Pipeline_VITIS_LOOP_254_1_VITIS_LOOP_256_2' 
INFO: [HLS 200-10] ----------------------------------------------------------------
INFO: [SCHED 204-11] Starting scheduling ...
INFO: [SCHED 204-61] Pipelining loop 'VITIS_LOOP_254_1_VITIS_LOOP_256_2'.
INFO: [HLS 200-1470] Pipelining result : Target II = NA, Final II = 1, Depth = 6, loop 'VITIS_LOOP_254_1_VITIS_LOOP_256_2'
INFO: [SCHED 204-11] Finished scheduling.
INFO: [HLS 200-111] Finished Scheduling: CPU user time: 0.02 seconds. CPU system time: 0.01 seconds. Elapsed time: 0.02 seconds; current allocated memory: 536.516 MB.
INFO: [BIND 205-100] Starting micro-architecture generation ...
INFO: [BIND 205-101] Performing variable lifetime analysis.
INFO: [BIND 205-101] Exploring resource sharing.
INFO: [BIND 205-101] Binding ...
INFO: [BIND 205-100] Finished micro-architecture generation.
INFO: [HLS 200-111] Finished Binding: CPU user time: 0.01 seconds. CPU system time: 0 seconds. Elapsed time: 0.02 seconds; current allocated memory: 536.516 MB.
INFO: [HLS 200-10] ----------------------------------------------------------------
INFO: [HLS 200-42] -- Implementing module 'process_features_Pipeline_VITIS_LOOP_264_3' 
INFO: [HLS 200-10] ----------------------------------------------------------------
INFO: [SCHED 204-11] Starting scheduling ...
INFO: [SCHED 204-61] Pipelining loop 'VITIS_LOOP_264_3'.
INFO: [HLS 200-1470] Pipelining result : Target II = NA, Final II = 1, Depth = 61, loop 'VITIS_LOOP_264_3'
INFO: [SCHED 204-11] Finished scheduling.
INFO: [HLS 200-111] Finished Scheduling: CPU user time: 0.04 seconds. CPU system time: 0 seconds. Elapsed time: 0.04 seconds; current allocated memory: 537.004 MB.
INFO: [BIND 205-100] Starting micro-architecture generation ...
INFO: [BIND 205-101] Performing variable lifetime analysis.
INFO: [BIND 205-101] Exploring resource sharing.
INFO: [BIND 205-101] Binding ...
INFO: [BIND 205-100] Finished micro-architecture generation.
INFO: [HLS 200-111] Finished Binding: CPU user time: 0.01 seconds. CPU system time: 0 seconds. Elapsed time: 0.01 seconds; current allocated memory: 537.004 MB.
INFO: [HLS 200-10] ----------------------------------------------------------------
INFO: [HLS 200-42] -- Implementing module 'process_features_Pipeline_VITIS_LOOP_275_5_VITIS_LOOP_277_6' 
INFO: [HLS 200-10] ----------------------------------------------------------------
INFO: [SCHED 204-11] Starting scheduling ...
INFO: [SCHED 204-61] Pipelining loop 'VITIS_LOOP_275_5_VITIS_LOOP_277_6'.
INFO: [HLS 200-1470] Pipelining result : Target II = NA, Final II = 1, Depth = 6, loop 'VITIS_LOOP_275_5_VITIS_LOOP_277_6'
INFO: [SCHED 204-11] Finished scheduling.
INFO: [HLS 200-111] Finished Scheduling: CPU user time: 0.02 seconds. CPU system time: 0 seconds. Elapsed time: 0.02 seconds; current allocated memory: 537.805 MB.
INFO: [BIND 205-100] Starting micro-architecture generation ...
INFO: [BIND 205-101] Performing variable lifetime analysis.
INFO: [BIND 205-101] Exploring resource sharing.
INFO: [BIND 205-101] Binding ...
INFO: [BIND 205-100] Finished micro-architecture generation.
INFO: [HLS 200-111] Finished Binding: CPU user time: 0.01 seconds. CPU system time: 0 seconds. Elapsed time: 0.01 seconds; current allocated memory: 537.805 MB.
INFO: [HLS 200-10] ----------------------------------------------------------------
INFO: [HLS 200-42] -- Implementing module 'process_features_Pipeline_9' 
INFO: [HLS 200-10] ----------------------------------------------------------------
INFO: [SCHED 204-11] Starting scheduling ...
INFO: [SCHED 204-61] Pipelining loop 'Loop 1'.
INFO: [HLS 200-1470] Pipelining result : Target II = NA, Final II = 1, Depth = 3, loop 'Loop 1'
INFO: [SCHED 204-11] Finished scheduling.
INFO: [HLS 200-111] Finished Scheduling: CPU user time: 0.02 seconds. CPU system time: 0 seconds. Elapsed time: 0.02 seconds; current allocated memory: 538.227 MB.
INFO: [BIND 205-100] Starting micro-architecture generation ...
INFO: [BIND 205-101] Performing variable lifetime analysis.
INFO: [BIND 205-101] Exploring resource sharing.
INFO: [BIND 205-101] Binding ...
INFO: [BIND 205-100] Finished micro-architecture generation.
INFO: [HLS 200-111] Finished Binding: CPU user time: 0.01 seconds. CPU system time: 0 seconds. Elapsed time: 0.01 seconds; current allocated memory: 538.227 MB.
INFO: [HLS 200-10] ----------------------------------------------------------------
INFO: [HLS 200-42] -- Implementing module 'process_features' 
INFO: [HLS 200-10] ----------------------------------------------------------------
INFO: [SCHED 204-11] Starting scheduling ...
INFO: [SCHED 204-11] Finished scheduling.
INFO: [HLS 200-111] Finished Scheduling: CPU user time: 0.01 seconds. CPU system time: 0.01 seconds. Elapsed time: 0.02 seconds; current allocated memory: 538.602 MB.
INFO: [BIND 205-100] Starting micro-architecture generation ...
INFO: [BIND 205-101] Performing variable lifetime analysis.
INFO: [BIND 205-101] Exploring resource sharing.
INFO: [BIND 205-101] Binding ...
INFO: [BIND 205-100] Finished micro-architecture generation.
INFO: [HLS 200-111] Finished Binding: CPU user time: 0.02 seconds. CPU system time: 0 seconds. Elapsed time: 0.03 seconds; current allocated memory: 538.602 MB.
INFO: [HLS 200-10] ----------------------------------------------------------------
INFO: [HLS 200-10] -- Generating RTL for module 'conv_2d_Pipeline_1' 
INFO: [HLS 200-10] ----------------------------------------------------------------
INFO: [HLS 200-1030] Apply Unified Pipeline Control on module 'conv_2d_Pipeline_1' pipeline 'Loop 1' pipeline type 'loop pipeline'
WARNING: [RTGEN 206-101] Setting dangling out port 'conv_2d_Pipeline_1/m_axi_gmem0_ARVALID' to 0.
WARNING: [RTGEN 206-101] Setting dangling out port 'conv_2d_Pipeline_1/m_axi_gmem0_ARADDR' to 0.
WARNING: [RTGEN 206-101] Setting dangling out port 'conv_2d_Pipeline_1/m_axi_gmem0_ARID' to 0.
WARNING: [RTGEN 206-101] Setting dangling out port 'conv_2d_Pipeline_1/m_axi_gmem0_ARLEN' to 0.
WARNING: [RTGEN 206-101] Setting dangling out port 'conv_2d_Pipeline_1/m_axi_gmem0_ARSIZE' to 0.
WARNING: [RTGEN 206-101] Setting dangling out port 'conv_2d_Pipeline_1/m_axi_gmem0_ARBURST' to 0.
WARNING: [RTGEN 206-101] Setting dangling out port 'conv_2d_Pipeline_1/m_axi_gmem0_ARLOCK' to 0.
WARNING: [RTGEN 206-101] Setting dangling out port 'conv_2d_Pipeline_1/m_axi_gmem0_ARCACHE' to 0.
WARNING: [RTGEN 206-101] Setting dangling out port 'conv_2d_Pipeline_1/m_axi_gmem0_ARPROT' to 0.
WARNING: [RTGEN 206-101] Setting dangling out port 'conv_2d_Pipeline_1/m_axi_gmem0_ARQOS' to 0.
WARNING: [RTGEN 206-101] Setting dangling out port 'conv_2d_Pipeline_1/m_axi_gmem0_ARREGION' to 0.
WARNING: [RTGEN 206-101] Setting dangling out port 'conv_2d_Pipeline_1/m_axi_gmem0_ARUSER' to 0.
INFO: [RTGEN 206-100] Finished creating RTL model for 'conv_2d_Pipeline_1'.
INFO: [HLS 200-111] Finished Creating RTL model: CPU user time: 0.06 seconds. CPU system time: 0.01 seconds. Elapsed time: 0.07 seconds; current allocated memory: 539.406 MB.
INFO: [HLS 200-10] ----------------------------------------------------------------
INFO: [HLS 200-10] -- Generating RTL for module 'conv_2d_Pipeline_2' 
INFO: [HLS 200-10] ----------------------------------------------------------------
INFO: [HLS 200-1030] Apply Unified Pipeline Control on module 'conv_2d_Pipeline_2' pipeline 'Loop 1' pipeline type 'loop pipeline'
WARNING: [RTGEN 206-101] Setting dangling out port 'conv_2d_Pipeline_2/m_axi_gmem2_ARVALID' to 0.
WARNING: [RTGEN 206-101] Setting dangling out port 'conv_2d_Pipeline_2/m_axi_gmem2_ARADDR' to 0.
WARNING: [RTGEN 206-101] Setting dangling out port 'conv_2d_Pipeline_2/m_axi_gmem2_ARID' to 0.
WARNING: [RTGEN 206-101] Setting dangling out port 'conv_2d_Pipeline_2/m_axi_gmem2_ARLEN' to 0.
WARNING: [RTGEN 206-101] Setting dangling out port 'conv_2d_Pipeline_2/m_axi_gmem2_ARSIZE' to 0.
WARNING: [RTGEN 206-101] Setting dangling out port 'conv_2d_Pipeline_2/m_axi_gmem2_ARBURST' to 0.
WARNING: [RTGEN 206-101] Setting dangling out port 'conv_2d_Pipeline_2/m_axi_gmem2_ARLOCK' to 0.
WARNING: [RTGEN 206-101] Setting dangling out port 'conv_2d_Pipeline_2/m_axi_gmem2_ARCACHE' to 0.
WARNING: [RTGEN 206-101] Setting dangling out port 'conv_2d_Pipeline_2/m_axi_gmem2_ARPROT' to 0.
WARNING: [RTGEN 206-101] Setting dangling out port 'conv_2d_Pipeline_2/m_axi_gmem2_ARQOS' to 0.
WARNING: [RTGEN 206-101] Setting dangling out port 'conv_2d_Pipeline_2/m_axi_gmem2_ARREGION' to 0.
WARNING: [RTGEN 206-101] Setting dangling out port 'conv_2d_Pipeline_2/m_axi_gmem2_ARUSER' to 0.
INFO: [RTGEN 206-100] Finished creating RTL model for 'conv_2d_Pipeline_2'.
INFO: [HLS 200-111] Finished Creating RTL model: CPU user time: 0.05 seconds. CPU system time: 0 seconds. Elapsed time: 0.05 seconds; current allocated memory: 541.070 MB.
INFO: [HLS 200-10] ----------------------------------------------------------------
INFO: [HLS 200-10] -- Generating RTL for module 'conv_2d_Pipeline_VITIS_LOOP_98_2' 
INFO: [HLS 200-10] ----------------------------------------------------------------
INFO: [HLS 200-1030] Apply Unified Pipeline Control on module 'conv_2d_Pipeline_VITIS_LOOP_98_2' pipeline 'VITIS_LOOP_98_2' pipeline type 'loop pipeline'
INFO: [RTGEN 206-100] Finished creating RTL model for 'conv_2d_Pipeline_VITIS_LOOP_98_2'.
INFO: [HLS 200-111] Finished Creating RTL model: CPU user time: 0.03 seconds. CPU system time: 0 seconds. Elapsed time: 0.03 seconds; current allocated memory: 542.285 MB.
INFO: [HLS 200-10] ----------------------------------------------------------------
INFO: [HLS 200-10] -- Generating RTL for module 'conv_2d_Pipeline_4' 
INFO: [HLS 200-10] ----------------------------------------------------------------
INFO: [RTGEN 206-100] Finished creating RTL model for 'conv_2d_Pipeline_4'.
INFO: [HLS 200-111] Finished Creating RTL model: CPU user time: 0.03 seconds. CPU system time: 0 seconds. Elapsed time: 0.03 seconds; current allocated memory: 543.438 MB.
INFO: [HLS 200-10] ----------------------------------------------------------------
INFO: [HLS 200-10] -- Generating RTL for module 'conv_2d_Pipeline_VITIS_LOOP_109_5' 
INFO: [HLS 200-10] ----------------------------------------------------------------
INFO: [HLS 200-1030] Apply Unified Pipeline Control on module 'conv_2d_Pipeline_VITIS_LOOP_109_5' pipeline 'VITIS_LOOP_109_5' pipeline type 'loop pipeline'
INFO: [RTGEN 206-104] Estimated max fanout for 'conv_2d_Pipeline_VITIS_LOOP_109_5' is 12470 from HDL expression: ((1'b0 == ap_block_pp0_stage2_11001) & (1'b1 == ap_CS_fsm_pp0_stage2))
INFO: [RTGEN 206-100] Generating core module 'fadd_32ns_32ns_32_4_full_dsp_1': 27 instance(s).
INFO: [RTGEN 206-100] Generating core module 'fmul_32ns_32ns_32_3_max_dsp_1': 27 instance(s).
INFO: [RTGEN 206-100] Generating core module 'mul_15ns_17ns_31_1_1': 67 instance(s).
INFO: [RTGEN 206-100] Generating core module 'mul_17ns_19ns_35_1_1': 81 instance(s).
INFO: [RTGEN 206-100] Generating core module 'sparsemux_13_3_32_1_1': 81 instance(s).
INFO: [RTGEN 206-100] Generating core module 'urem_17ns_4ns_3_21_1': 1 instance(s).
INFO: [RTGEN 206-100] Finished creating RTL model for 'conv_2d_Pipeline_VITIS_LOOP_109_5'.
INFO: [HLS 200-111] Finished Creating RTL model: CPU user time: 0.42 seconds. CPU system time: 0 seconds. Elapsed time: 0.43 seconds; current allocated memory: 571.188 MB.
INFO: [HLS 200-10] ----------------------------------------------------------------
INFO: [HLS 200-10] -- Generating RTL for module 'conv_2d_Pipeline_VITIS_LOOP_138_1_VITIS_LOOP_140_2' 
INFO: [HLS 200-10] ----------------------------------------------------------------
INFO: [HLS 200-1030] Apply Unified Pipeline Control on module 'conv_2d_Pipeline_VITIS_LOOP_138_1_VITIS_LOOP_140_2' pipeline 'VITIS_LOOP_138_1_VITIS_LOOP_140_2' pipeline type 'loop pipeline'
INFO: [RTGEN 206-100] Generating core module 'fadd_32ns_32ns_32_4_full_dsp_1': 1 instance(s).
INFO: [RTGEN 206-100] Finished creating RTL model for 'conv_2d_Pipeline_VITIS_LOOP_138_1_VITIS_LOOP_140_2'.
INFO: [HLS 200-111] Finished Creating RTL model: CPU user time: 0.63 seconds. CPU system time: 0.03 seconds. Elapsed time: 0.67 seconds; current allocated memory: 616.156 MB.
INFO: [HLS 200-10] ----------------------------------------------------------------
INFO: [HLS 200-10] -- Generating RTL for module 'conv_2d_Pipeline_7' 
INFO: [HLS 200-10] ----------------------------------------------------------------
INFO: [HLS 200-1030] Apply Unified Pipeline Control on module 'conv_2d_Pipeline_7' pipeline 'Loop 1' pipeline type 'loop pipeline'
INFO: [RTGEN 206-100] Finished creating RTL model for 'conv_2d_Pipeline_7'.
INFO: [HLS 200-111] Finished Creating RTL model: CPU user time: 0.04 seconds. CPU system time: 0 seconds. Elapsed time: 0.03 seconds; current allocated memory: 619.590 MB.
INFO: [HLS 200-10] ----------------------------------------------------------------
INFO: [HLS 200-10] -- Generating RTL for module 'conv_2d' 
INFO: [HLS 200-10] ----------------------------------------------------------------
WARNING: [RTGEN 206-101] Setting dangling out port 'conv_2d/grp_fu_321_p_opcode' to 0.
WARNING: [RTGEN 206-101] Setting dangling out port 'conv_2d/grp_fu_325_p_opcode' to 0.
WARNING: [RTGEN 206-101] Setting dangling out port 'conv_2d/grp_fu_329_p_opcode' to 0.
WARNING: [RTGEN 206-101] Setting dangling out port 'conv_2d/grp_fu_333_p_opcode' to 0.
WARNING: [RTGEN 206-101] Setting dangling out port 'conv_2d/grp_fu_337_p_opcode' to 0.
WARNING: [RTGEN 206-101] Setting dangling out port 'conv_2d/grp_fu_341_p_opcode' to 0.
WARNING: [RTGEN 206-101] Setting dangling out port 'conv_2d/grp_fu_345_p_opcode' to 0.
WARNING: [RTGEN 206-101] Setting dangling out port 'conv_2d/grp_fu_349_p_opcode' to 0.
INFO: [RTGEN 206-100] Generating core module 'fadd_32ns_32ns_32_4_full_dsp_1': 9 instance(s).
INFO: [RTGEN 206-100] Generating core module 'fmul_32ns_32ns_32_3_max_dsp_1': 1 instance(s).
INFO: [RTGEN 206-100] Finished creating RTL model for 'conv_2d'.
INFO: [RTMG 210-278] Implementing memory 'process_features_conv_2d_input_buffer_RAM_1WNR_AUTO_1R1W' using auto RAMs.
INFO: [RTMG 210-278] Implementing memory 'process_features_conv_2d_output_buffer_RAM_1WNR_AUTO_1R1W' using auto RAMs.
INFO: [RTMG 210-278] Implementing memory 'process_features_conv_2d_weight_buffer_RAM_1WNR_AUTO_1R1W' using auto RAMs.
INFO: [RTMG 210-278] Implementing memory 'process_features_conv_2d_biases_buffer_RAM_1WNR_AUTO_1R1W' using auto RAMs.
INFO: [RTMG 210-278] Implementing memory 'process_features_conv_2d_partial_sums_RAM_AUTO_1R1W' using auto RAMs.
INFO: [HLS 200-111] Finished Creating RTL model: CPU user time: 0.12 seconds. CPU system time: 0.01 seconds. Elapsed time: 0.12 seconds; current allocated memory: 626.977 MB.
INFO: [HLS 200-10] ----------------------------------------------------------------
INFO: [HLS 200-10] -- Generating RTL for module 'process_features_Pipeline_1' 
INFO: [HLS 200-10] ----------------------------------------------------------------
INFO: [HLS 200-1030] Apply Unified Pipeline Control on module 'process_features_Pipeline_1' pipeline 'Loop 1' pipeline type 'loop pipeline'
INFO: [RTGEN 206-100] Finished creating RTL model for 'process_features_Pipeline_1'.
INFO: [HLS 200-111] Finished Creating RTL model: CPU user time: 0.15 seconds. CPU system time: 0 seconds. Elapsed time: 0.16 seconds; current allocated memory: 636.312 MB.
INFO: [HLS 200-10] ----------------------------------------------------------------
INFO: [HLS 200-10] -- Generating RTL for module 'process_features_Pipeline_VITIS_LOOP_217_1_VITIS_LOOP_219_2_VITIS_LOOP_221_3_VIT' 
INFO: [HLS 200-10] ----------------------------------------------------------------
INFO: [HLS 200-1030] Apply Unified Pipeline Control on module 'process_features_Pipeline_VITIS_LOOP_217_1_VITIS_LOOP_219_2_VITIS_LOOP_221_3_VIT' pipeline 'VITIS_LOOP_217_1_VITIS_LOOP_219_2_VITIS_LOOP_221_3_VITIS_LOOP_223_4' pipeline type 'loop pipeline'
INFO: [RTGEN 206-100] Finished creating RTL model for 'process_features_Pipeline_VITIS_LOOP_217_1_VITIS_LOOP_219_2_VITIS_LOOP_221_3_VIT'.
INFO: [HLS 200-111] Finished Creating RTL model: CPU user time: 0.03 seconds. CPU system time: 0 seconds. Elapsed time: 0.04 seconds; current allocated memory: 639.578 MB.
INFO: [HLS 200-10] ----------------------------------------------------------------
INFO: [HLS 200-10] -- Generating RTL for module 'process_features_Pipeline_3' 
INFO: [HLS 200-10] ----------------------------------------------------------------
INFO: [HLS 200-1030] Apply Unified Pipeline Control on module 'process_features_Pipeline_3' pipeline 'Loop 1' pipeline type 'loop pipeline'
INFO: [RTGEN 206-100] Finished creating RTL model for 'process_features_Pipeline_3'.
INFO: [HLS 200-111] Finished Creating RTL model: CPU user time: 0.05 seconds. CPU system time: 0 seconds. Elapsed time: 0.04 seconds; current allocated memory: 640.656 MB.
INFO: [HLS 200-10] ----------------------------------------------------------------
INFO: [HLS 200-10] -- Generating RTL for module 'process_features_Pipeline_4' 
INFO: [HLS 200-10] ----------------------------------------------------------------
INFO: [RTGEN 206-100] Finished creating RTL model for 'process_features_Pipeline_4'.
INFO: [HLS 200-111] Finished Creating RTL model: CPU user time: 0.02 seconds. CPU system time: 0.01 seconds. Elapsed time: 0.03 seconds; current allocated memory: 642.824 MB.
INFO: [HLS 200-10] ----------------------------------------------------------------
INFO: [HLS 200-10] -- Generating RTL for module 'process_features_Pipeline_5' 
INFO: [HLS 200-10] ----------------------------------------------------------------
INFO: [HLS 200-1030] Apply Unified Pipeline Control on module 'process_features_Pipeline_5' pipeline 'Loop 1' pipeline type 'loop pipeline'
INFO: [RTGEN 206-100] Finished creating RTL model for 'process_features_Pipeline_5'.
INFO: [HLS 200-111] Finished Creating RTL model: CPU user time: 0.03 seconds. CPU system time: 0 seconds. Elapsed time: 0.03 seconds; current allocated memory: 643.375 MB.
INFO: [HLS 200-10] ----------------------------------------------------------------
INFO: [HLS 200-10] -- Generating RTL for module 'process_features_Pipeline_VITIS_LOOP_254_1_VITIS_LOOP_256_2' 
INFO: [HLS 200-10] ----------------------------------------------------------------
INFO: [HLS 200-1030] Apply Unified Pipeline Control on module 'process_features_Pipeline_VITIS_LOOP_254_1_VITIS_LOOP_256_2' pipeline 'VITIS_LOOP_254_1_VITIS_LOOP_256_2' pipeline type 'loop pipeline'
INFO: [RTGEN 206-100] Generating core module 'fmul_32ns_32ns_32_3_max_dsp_1': 1 instance(s).
INFO: [RTGEN 206-100] Finished creating RTL model for 'process_features_Pipeline_VITIS_LOOP_254_1_VITIS_LOOP_256_2'.
INFO: [HLS 200-111] Finished Creating RTL model: CPU user time: 0.04 seconds. CPU system time: 0 seconds. Elapsed time: 0.04 seconds; current allocated memory: 643.973 MB.
INFO: [HLS 200-10] ----------------------------------------------------------------
INFO: [HLS 200-10] -- Generating RTL for module 'process_features_Pipeline_VITIS_LOOP_264_3' 
INFO: [HLS 200-10] ----------------------------------------------------------------
INFO: [HLS 200-1030] Apply Unified Pipeline Control on module 'process_features_Pipeline_VITIS_LOOP_264_3' pipeline 'VITIS_LOOP_264_3' pipeline type 'loop pipeline'
INFO: [RTGEN 206-104] Estimated max fanout for 'process_features_Pipeline_VITIS_LOOP_264_3' is 6483 from HDL expression: (1'b0 == ap_block_pp0_stage0_11001)
INFO: [RTGEN 206-100] Generating core module 'dadd_64ns_64ns_64_5_full_dsp_1': 1 instance(s).
INFO: [RTGEN 206-100] Generating core module 'fadd_32ns_32ns_32_4_full_dsp_1': 9 instance(s).
INFO: [RTGEN 206-100] Generating core module 'fdiv_32ns_32ns_32_9_no_dsp_1': 2 instance(s).
INFO: [RTGEN 206-100] Generating core module 'fpext_32ns_64_2_no_dsp_1': 1 instance(s).
INFO: [RTGEN 206-100] Generating core module 'fptrunc_64ns_32_2_no_dsp_1': 1 instance(s).
INFO: [RTGEN 206-100] Generating core module 'fsqrt_32ns_32ns_32_8_no_dsp_1': 1 instance(s).
INFO: [RTGEN 206-100] Finished creating RTL model for 'process_features_Pipeline_VITIS_LOOP_264_3'.
INFO: [HLS 200-111] Finished Creating RTL model: CPU user time: 0.06 seconds. CPU system time: 0.01 seconds. Elapsed time: 0.06 seconds; current allocated memory: 644.918 MB.
INFO: [HLS 200-10] ----------------------------------------------------------------
INFO: [HLS 200-10] -- Generating RTL for module 'process_features_Pipeline_VITIS_LOOP_275_5_VITIS_LOOP_277_6' 
INFO: [HLS 200-10] ----------------------------------------------------------------
INFO: [HLS 200-1030] Apply Unified Pipeline Control on module 'process_features_Pipeline_VITIS_LOOP_275_5_VITIS_LOOP_277_6' pipeline 'VITIS_LOOP_275_5_VITIS_LOOP_277_6' pipeline type 'loop pipeline'
INFO: [RTGEN 206-100] Generating core module 'fmul_32ns_32ns_32_3_max_dsp_1': 1 instance(s).
INFO: [RTGEN 206-100] Finished creating RTL model for 'process_features_Pipeline_VITIS_LOOP_275_5_VITIS_LOOP_277_6'.
INFO: [HLS 200-111] Finished Creating RTL model: CPU user time: 0.05 seconds. CPU system time: 0 seconds. Elapsed time: 0.06 seconds; current allocated memory: 647.848 MB.
INFO: [HLS 200-10] ----------------------------------------------------------------
INFO: [HLS 200-10] -- Generating RTL for module 'process_features_Pipeline_9' 
INFO: [HLS 200-10] ----------------------------------------------------------------
INFO: [HLS 200-1030] Apply Unified Pipeline Control on module 'process_features_Pipeline_9' pipeline 'Loop 1' pipeline type 'loop pipeline'
WARNING: [RTGEN 206-101] Setting dangling out port 'process_features_Pipeline_9/m_axi_gmem3_AWVALID' to 0.
WARNING: [RTGEN 206-101] Setting dangling out port 'process_features_Pipeline_9/m_axi_gmem3_AWADDR' to 0.
WARNING: [RTGEN 206-101] Setting dangling out port 'process_features_Pipeline_9/m_axi_gmem3_AWID' to 0.
WARNING: [RTGEN 206-101] Setting dangling out port 'process_features_Pipeline_9/m_axi_gmem3_AWLEN' to 0.
WARNING: [RTGEN 206-101] Setting dangling out port 'process_features_Pipeline_9/m_axi_gmem3_AWSIZE' to 0.
WARNING: [RTGEN 206-101] Setting dangling out port 'process_features_Pipeline_9/m_axi_gmem3_AWBURST' to 0.
WARNING: [RTGEN 206-101] Setting dangling out port 'process_features_Pipeline_9/m_axi_gmem3_AWLOCK' to 0.
WARNING: [RTGEN 206-101] Setting dangling out port 'process_features_Pipeline_9/m_axi_gmem3_AWCACHE' to 0.
WARNING: [RTGEN 206-101] Setting dangling out port 'process_features_Pipeline_9/m_axi_gmem3_AWPROT' to 0.
WARNING: [RTGEN 206-101] Setting dangling out port 'process_features_Pipeline_9/m_axi_gmem3_AWQOS' to 0.
WARNING: [RTGEN 206-101] Setting dangling out port 'process_features_Pipeline_9/m_axi_gmem3_AWREGION' to 0.
WARNING: [RTGEN 206-101] Setting dangling out port 'process_features_Pipeline_9/m_axi_gmem3_AWUSER' to 0.
WARNING: [RTGEN 206-101] Setting dangling out port 'process_features_Pipeline_9/m_axi_gmem3_BREADY' to 0.
INFO: [RTGEN 206-100] Finished creating RTL model for 'process_features_Pipeline_9'.
INFO: [HLS 200-111] Finished Creating RTL model: CPU user time: 0.05 seconds. CPU system time: 0.01 seconds. Elapsed time: 0.06 seconds; current allocated memory: 649.852 MB.
INFO: [HLS 200-10] ----------------------------------------------------------------
INFO: [HLS 200-10] -- Generating RTL for module 'process_features' 
INFO: [HLS 200-10] ----------------------------------------------------------------
WARNING: [RTGEN 206-101] Design contains AXI ports. Reset is fixed to synchronous and active low.
ERROR: [RTGEN 206-102] Illegal connection is found on FIFO pin 'process_features|weights_stream' connecting to 'call_ln179'('conv_2d|weights_stream').
INFO: [HLS 200-1993] This is most likely due to a stream that is either never read or never written
INFO: [RTGEN 206-500] Setting interface mode on port 'process_features/gmem0' to 'm_axi'.
INFO: [RTGEN 206-500] Setting interface mode on port 'process_features/gmem1' to 'm_axi'.
INFO: [RTGEN 206-500] Setting interface mode on port 'process_features/gmem2' to 'm_axi'.
INFO: [RTGEN 206-500] Setting interface mode on port 'process_features/gmem3' to 'm_axi'.
INFO: [RTGEN 206-500] Setting interface mode on port 'process_features/input_r' to 's_axilite & ap_none'.
INFO: [RTGEN 206-500] Setting interface mode on port 'process_features/weights' to 's_axilite & ap_none'.
INFO: [RTGEN 206-500] Setting interface mode on port 'process_features/biases' to 's_axilite & ap_none'.
INFO: [RTGEN 206-500] Setting interface mode on port 'process_features/output_r' to 's_axilite & ap_none'.
INFO: [RTGEN 206-500] Setting interface mode on function 'process_features' to 's_axilite & ap_ctrl_chain'.
INFO: [RTGEN 206-100] Bundling port 'input_r', 'weights', 'biases', 'output_r' and 'return' to AXI-Lite port control.
WARNING: [RTGEN 206-101] Port 'process_features/m_axi_gmem1_AWVALID' has no fanin or fanout and is left dangling.
               Please use C simulation to confirm this function argument can be read from or written to.
WARNING: [RTGEN 206-101] Setting dangling out port 'process_features/m_axi_gmem1_AWVALID' to 0.
WARNING: [RTGEN 206-101] Port 'process_features/m_axi_gmem1_AWREADY' has no fanin or fanout and is left dangling.
               Please use C simulation to confirm this function argument can be read from or written to.
WARNING: [RTGEN 206-101] Port 'process_features/m_axi_gmem1_AWADDR' has no fanin or fanout and is left dangling.
               Please use C simulation to confirm this function argument can be read from or written to.
WARNING: [RTGEN 206-101] Setting dangling out port 'process_features/m_axi_gmem1_AWADDR' to 0.
WARNING: [RTGEN 206-101] Port 'process_features/m_axi_gmem1_AWID' has no fanin or fanout and is left dangling.
               Please use C simulation to confirm this function argument can be read from or written to.
WARNING: [RTGEN 206-101] Setting dangling out port 'process_features/m_axi_gmem1_AWID' to 0.
WARNING: [RTGEN 206-101] Port 'process_features/m_axi_gmem1_AWLEN' has no fanin or fanout and is left dangling.
               Please use C simulation to confirm this function argument can be read from or written to.
WARNING: [RTGEN 206-101] Setting dangling out port 'process_features/m_axi_gmem1_AWLEN' to 0.
WARNING: [RTGEN 206-101] Port 'process_features/m_axi_gmem1_AWSIZE' has no fanin or fanout and is left dangling.
               Please use C simulation to confirm this function argument can be read from or written to.
WARNING: [RTGEN 206-101] Setting dangling out port 'process_features/m_axi_gmem1_AWSIZE' to 0.
WARNING: [RTGEN 206-101] Port 'process_features/m_axi_gmem1_AWBURST' has no fanin or fanout and is left dangling.
               Please use C simulation to confirm this function argument can be read from or written to.
WARNING: [RTGEN 206-101] Setting dangling out port 'process_features/m_axi_gmem1_AWBURST' to 0.
WARNING: [RTGEN 206-101] Port 'process_features/m_axi_gmem1_AWLOCK' has no fanin or fanout and is left dangling.
               Please use C simulation to confirm this function argument can be read from or written to.
WARNING: [RTGEN 206-101] Setting dangling out port 'process_features/m_axi_gmem1_AWLOCK' to 0.
WARNING: [RTGEN 206-101] Port 'process_features/m_axi_gmem1_AWCACHE' has no fanin or fanout and is left dangling.
               Please use C simulation to confirm this function argument can be read from or written to.
WARNING: [RTGEN 206-101] Setting dangling out port 'process_features/m_axi_gmem1_AWCACHE' to 0.
WARNING: [RTGEN 206-101] Port 'process_features/m_axi_gmem1_AWPROT' has no fanin or fanout and is left dangling.
               Please use C simulation to confirm this function argument can be read from or written to.
WARNING: [RTGEN 206-101] Setting dangling out port 'process_features/m_axi_gmem1_AWPROT' to 0.
WARNING: [RTGEN 206-101] Port 'process_features/m_axi_gmem1_AWQOS' has no fanin or fanout and is left dangling.
               Please use C simulation to confirm this function argument can be read from or written to.
WARNING: [RTGEN 206-101] Setting dangling out port 'process_features/m_axi_gmem1_AWQOS' to 0.
WARNING: [RTGEN 206-101] Port 'process_features/m_axi_gmem1_AWREGION' has no fanin or fanout and is left dangling.
               Please use C simulation to confirm this function argument can be read from or written to.
WARNING: [RTGEN 206-101] Setting dangling out port 'process_features/m_axi_gmem1_AWREGION' to 0.
WARNING: [RTGEN 206-101] Port 'process_features/m_axi_gmem1_AWUSER' has no fanin or fanout and is left dangling.
               Please use C simulation to confirm this function argument can be read from or written to.
WARNING: [RTGEN 206-101] Setting dangling out port 'process_features/m_axi_gmem1_AWUSER' to 0.
WARNING: [RTGEN 206-101] Port 'process_features/m_axi_gmem1_WVALID' has no fanin or fanout and is left dangling.
               Please use C simulation to confirm this function argument can be read from or written to.
WARNING: [RTGEN 206-101] Setting dangling out port 'process_features/m_axi_gmem1_WVALID' to 0.
WARNING: [RTGEN 206-101] Port 'process_features/m_axi_gmem1_WREADY' has no fanin or fanout and is left dangling.
               Please use C simulation to confirm this function argument can be read from or written to.
WARNING: [RTGEN 206-101] Port 'process_features/m_axi_gmem1_WDATA' has no fanin or fanout and is left dangling.
               Please use C simulation to confirm this function argument can be read from or written to.
WARNING: [RTGEN 206-101] Setting dangling out port 'process_features/m_axi_gmem1_WDATA' to 0.
WARNING: [RTGEN 206-101] Port 'process_features/m_axi_gmem1_WSTRB' has no fanin or fanout and is left dangling.
               Please use C simulation to confirm this function argument can be read from or written to.
WARNING: [RTGEN 206-101] Setting dangling out port 'process_features/m_axi_gmem1_WSTRB' to 0.
WARNING: [RTGEN 206-101] Port 'process_features/m_axi_gmem1_WLAST' has no fanin or fanout and is left dangling.
               Please use C simulation to confirm this function argument can be read from or written to.
WARNING: [RTGEN 206-101] Setting dangling out port 'process_features/m_axi_gmem1_WLAST' to 0.
WARNING: [RTGEN 206-101] Port 'process_features/m_axi_gmem1_WID' has no fanin or fanout and is left dangling.
               Please use C simulation to confirm this function argument can be read from or written to.
WARNING: [RTGEN 206-101] Setting dangling out port 'process_features/m_axi_gmem1_WID' to 0.
WARNING: [RTGEN 206-101] Port 'process_features/m_axi_gmem1_WUSER' has no fanin or fanout and is left dangling.
               Please use C simulation to confirm this function argument can be read from or written to.
WARNING: [RTGEN 206-101] Setting dangling out port 'process_features/m_axi_gmem1_WUSER' to 0.
WARNING: [RTGEN 206-101] Port 'process_features/m_axi_gmem1_ARVALID' has no fanin or fanout and is left dangling.
               Please use C simulation to confirm this function argument can be read from or written to.
WARNING: [RTGEN 206-101] Setting dangling out port 'process_features/m_axi_gmem1_ARVALID' to 0.
WARNING: [RTGEN 206-101] Port 'process_features/m_axi_gmem1_ARREADY' has no fanin or fanout and is left dangling.
               Please use C simulation to confirm this function argument can be read from or written to.
WARNING: [RTGEN 206-101] Port 'process_features/m_axi_gmem1_ARADDR' has no fanin or fanout and is left dangling.
               Please use C simulation to confirm this function argument can be read from or written to.
WARNING: [RTGEN 206-101] Setting dangling out port 'process_features/m_axi_gmem1_ARADDR' to 0.
WARNING: [RTGEN 206-101] Port 'process_features/m_axi_gmem1_ARID' has no fanin or fanout and is left dangling.
               Please use C simulation to confirm this function argument can be read from or written to.
WARNING: [RTGEN 206-101] Setting dangling out port 'process_features/m_axi_gmem1_ARID' to 0.
WARNING: [RTGEN 206-101] Port 'process_features/m_axi_gmem1_ARLEN' has no fanin or fanout and is left dangling.
               Please use C simulation to confirm this function argument can be read from or written to.
WARNING: [RTGEN 206-101] Setting dangling out port 'process_features/m_axi_gmem1_ARLEN' to 0.
WARNING: [RTGEN 206-101] Port 'process_features/m_axi_gmem1_ARSIZE' has no fanin or fanout and is left dangling.
               Please use C simulation to confirm this function argument can be read from or written to.
WARNING: [RTGEN 206-101] Setting dangling out port 'process_features/m_axi_gmem1_ARSIZE' to 0.
WARNING: [RTGEN 206-101] Port 'process_features/m_axi_gmem1_ARBURST' has no fanin or fanout and is left dangling.
               Please use C simulation to confirm this function argument can be read from or written to.
WARNING: [RTGEN 206-101] Setting dangling out port 'process_features/m_axi_gmem1_ARBURST' to 0.
WARNING: [RTGEN 206-101] Port 'process_features/m_axi_gmem1_ARLOCK' has no fanin or fanout and is left dangling.
               Please use C simulation to confirm this function argument can be read from or written to.
WARNING: [RTGEN 206-101] Setting dangling out port 'process_features/m_axi_gmem1_ARLOCK' to 0.
WARNING: [RTGEN 206-101] Port 'process_features/m_axi_gmem1_ARCACHE' has no fanin or fanout and is left dangling.
               Please use C simulation to confirm this function argument can be read from or written to.
WARNING: [RTGEN 206-101] Setting dangling out port 'process_features/m_axi_gmem1_ARCACHE' to 0.
WARNING: [RTGEN 206-101] Port 'process_features/m_axi_gmem1_ARPROT' has no fanin or fanout and is left dangling.
               Please use C simulation to confirm this function argument can be read from or written to.
WARNING: [RTGEN 206-101] Setting dangling out port 'process_features/m_axi_gmem1_ARPROT' to 0.
WARNING: [RTGEN 206-101] Port 'process_features/m_axi_gmem1_ARQOS' has no fanin or fanout and is left dangling.
               Please use C simulation to confirm this function argument can be read from or written to.
WARNING: [RTGEN 206-101] Setting dangling out port 'process_features/m_axi_gmem1_ARQOS' to 0.
WARNING: [RTGEN 206-101] Port 'process_features/m_axi_gmem1_ARREGION' has no fanin or fanout and is left dangling.
               Please use C simulation to confirm this function argument can be read from or written to.
WARNING: [RTGEN 206-101] Setting dangling out port 'process_features/m_axi_gmem1_ARREGION' to 0.
WARNING: [RTGEN 206-101] Port 'process_features/m_axi_gmem1_ARUSER' has no fanin or fanout and is left dangling.
               Please use C simulation to confirm this function argument can be read from or written to.
WARNING: [RTGEN 206-101] Setting dangling out port 'process_features/m_axi_gmem1_ARUSER' to 0.
WARNING: [RTGEN 206-101] Port 'process_features/m_axi_gmem1_RVALID' has no fanin or fanout and is left dangling.
               Please use C simulation to confirm this function argument can be read from or written to.
WARNING: [RTGEN 206-101] Port 'process_features/m_axi_gmem1_RREADY' has no fanin or fanout and is left dangling.
               Please use C simulation to confirm this function argument can be read from or written to.
WARNING: [RTGEN 206-101] Setting dangling out port 'process_features/m_axi_gmem1_RREADY' to 0.
WARNING: [RTGEN 206-101] Port 'process_features/m_axi_gmem1_RDATA' has no fanin or fanout and is left dangling.
               Please use C simulation to confirm this function argument can be read from or written to.
WARNING: [RTGEN 206-101] Port 'process_features/m_axi_gmem1_RLAST' has no fanin or fanout and is left dangling.
               Please use C simulation to confirm this function argument can be read from or written to.
WARNING: [RTGEN 206-101] Port 'process_features/m_axi_gmem1_RID' has no fanin or fanout and is left dangling.
               Please use C simulation to confirm this function argument can be read from or written to.
WARNING: [RTGEN 206-101] Port 'process_features/m_axi_gmem1_RUSER' has no fanin or fanout and is left dangling.
               Please use C simulation to confirm this function argument can be read from or written to.
WARNING: [RTGEN 206-101] Port 'process_features/m_axi_gmem1_RRESP' has no fanin or fanout and is left dangling.
               Please use C simulation to confirm this function argument can be read from or written to.
WARNING: [RTGEN 206-101] Port 'process_features/m_axi_gmem1_BVALID' has no fanin or fanout and is left dangling.
               Please use C simulation to confirm this function argument can be read from or written to.
WARNING: [RTGEN 206-101] Port 'process_features/m_axi_gmem1_BREADY' has no fanin or fanout and is left dangling.
               Please use C simulation to confirm this function argument can be read from or written to.
WARNING: [RTGEN 206-101] Setting dangling out port 'process_features/m_axi_gmem1_BREADY' to 0.
WARNING: [RTGEN 206-101] Port 'process_features/m_axi_gmem1_BRESP' has no fanin or fanout and is left dangling.
               Please use C simulation to confirm this function argument can be read from or written to.
WARNING: [RTGEN 206-101] Port 'process_features/m_axi_gmem1_BID' has no fanin or fanout and is left dangling.
               Please use C simulation to confirm this function argument can be read from or written to.
WARNING: [RTGEN 206-101] Port 'process_features/m_axi_gmem1_BUSER' has no fanin or fanout and is left dangling.
               Please use C simulation to confirm this function argument can be read from or written to.
INFO: [RTGEN 206-100] Generating core module 'fadd_32ns_32ns_32_4_full_dsp_1': 9 instance(s).
INFO: [RTGEN 206-100] Generating core module 'fmul_32ns_32ns_32_3_max_dsp_1': 1 instance(s).
INFO: [RTGEN 206-100] Finished creating RTL model for 'process_features'.
ERROR: [HLS 200-103] RTL generation terminated by exceptions!
ERROR: Synthesis failed.
INFO: [HLS 200-112] Total CPU user time: 24.42 seconds. Total CPU system time: 1.3 seconds. Total elapsed time: 27.98 seconds; peak allocated memory: 651.934 MB.
