INFO: [v++ 60-1548] Creating build summary session with primary output /home/jjos425/Documents/vivado_projects/project_1/primary_caps_accel/primary_caps_accel/primary_caps_accel.hlscompile_summary, at Wed Aug 14 15:21:48 2024
INFO: [v++ 82-31] Launching vitis_hls: vitis_hls -nolog -run csynth -work_dir /home/jjos425/Documents/vivado_projects/project_1/primary_caps_accel/primary_caps_accel -config /home/jjos425/Documents/vivado_projects/project_1/primary_caps_accel/hls_config.cfg -cmdlineconfig /home/jjos425/Documents/vivado_projects/project_1/primary_caps_accel/primary_caps_accel/hls/config.cmdline
INFO: [HLS 200-10] For user 'jjos425' on host 'en432999.uoa.auckland.ac.nz' (Linux_x86_64 version 5.15.0-117-generic) on Wed Aug 14 15:21:49 NZST 2024
INFO: [HLS 200-10] On os Ubuntu 20.04.5 LTS
INFO: [HLS 200-10] In directory '/home/jjos425/Documents/vivado_projects/project_1/primary_caps_accel'
INFO: [HLS 200-2005] Using work_dir /home/jjos425/Documents/vivado_projects/project_1/primary_caps_accel/primary_caps_accel 
INFO: [HLS 200-1505] Using default flow_target 'vivado'
Resolution: For help on HLS 200-1505 see docs.xilinx.com/access/sources/dita/topic?Doc_Version=2024.1%20English&url=ug1448-hls-guidance&resourceid=200-1505.html
INFO: [HLS 200-1465] Applying ini 'syn.file=/home/jjos425/Documents/vivado_projects/project_1/primary_caps_accel/constants.h' from /home/jjos425/Documents/vivado_projects/project_1/primary_caps_accel/hls_config.cfg(7)
INFO: [HLS 200-10] Adding design file '/home/jjos425/Documents/vivado_projects/project_1/primary_caps_accel/constants.h' to the project
INFO: [HLS 200-1465] Applying ini 'syn.file=/home/jjos425/Documents/vivado_projects/project_1/primary_caps_accel/PrimaryCaps.cpp' from /home/jjos425/Documents/vivado_projects/project_1/primary_caps_accel/hls_config.cfg(8)
INFO: [HLS 200-10] Adding design file '/home/jjos425/Documents/vivado_projects/project_1/primary_caps_accel/PrimaryCaps.cpp' to the project
INFO: [HLS 200-1465] Applying ini 'syn.file=/home/jjos425/Documents/vivado_projects/project_1/primary_caps_accel/PrimaryCaps.h' from /home/jjos425/Documents/vivado_projects/project_1/primary_caps_accel/hls_config.cfg(9)
INFO: [HLS 200-10] Adding design file '/home/jjos425/Documents/vivado_projects/project_1/primary_caps_accel/PrimaryCaps.h' to the project
INFO: [HLS 200-1465] Applying ini 'syn.file=/home/jjos425/Documents/vivado_projects/project_1/primary_caps_accel/testing_suite.h' from /home/jjos425/Documents/vivado_projects/project_1/primary_caps_accel/hls_config.cfg(10)
INFO: [HLS 200-10] Adding design file '/home/jjos425/Documents/vivado_projects/project_1/primary_caps_accel/testing_suite.h' to the project
INFO: [HLS 200-1465] Applying ini 'tb.file=PrimaryCapsTestbench.cpp' from /home/jjos425/Documents/vivado_projects/project_1/primary_caps_accel/hls_config.cfg(11)
INFO: [HLS 200-10] Adding test bench file '/home/jjos425/Documents/vivado_projects/project_1/primary_caps_accel/PrimaryCapsTestbench.cpp' to the project
INFO: [HLS 200-1465] Applying ini 'syn.top=process_features' from /home/jjos425/Documents/vivado_projects/project_1/primary_caps_accel/hls_config.cfg(12)
INFO: [HLS 200-1465] Applying ini 'flow_target=vitis' from /home/jjos425/Documents/vivado_projects/project_1/primary_caps_accel/hls_config.cfg(4)
INFO: [HLS 200-1505] Using flow_target 'vitis'
Resolution: For help on HLS 200-1505 see docs.xilinx.com/access/sources/dita/topic?Doc_Version=2024.1%20English&url=ug1448-hls-guidance&resourceid=200-1505.html
INFO: [HLS 200-435] Setting 'open_solution -flow_target vitis' configuration: config_interface -m_axi_latency=64
INFO: [HLS 200-435] Setting 'open_solution -flow_target vitis' configuration: config_interface -m_axi_alignment_byte_size=64
INFO: [HLS 200-435] Setting 'open_solution -flow_target vitis' configuration: config_interface -m_axi_max_widen_bitwidth=512
INFO: [HLS 200-435] Setting 'open_solution -flow_target vitis' configuration: config_rtl -register_reset_num=3
INFO: [HLS 200-1465] Applying ini 'part=xczu9eg-ffvb1156-2-e' from /home/jjos425/Documents/vivado_projects/project_1/primary_caps_accel/hls_config.cfg(1)
INFO: [HLS 200-1611] Setting target device to 'xczu9eg-ffvb1156-2-e'
INFO: [HLS 200-1465] Applying ini 'package.output.format=xo' from /home/jjos425/Documents/vivado_projects/project_1/primary_caps_accel/hls_config.cfg(5)
INFO: [HLS 200-111] Finished File checks and directory preparation: CPU user time: 1.28 seconds. CPU system time: 0.17 seconds. Elapsed time: 1.37 seconds; current allocated memory: 281.867 MB.
INFO: [HLS 200-10] Analyzing design file 'PrimaryCaps.cpp' ... 
ERROR: [HLS 207-3325] use of overloaded operator '+' is ambiguous (with operand types 'fixed_t' (aka 'ap_fixed<32, 16>') and 'double') (PrimaryCaps.cpp:283:117)
INFO: [HLS 207-4372] candidate function [with _AP_W = 32, _AP_I = 16, _AP_S = true, _AP_Q = AP_TRN, _AP_O = AP_WRAP, _AP_N = 0] (/home/jjos425/Desktop/P4P33-2024/Vitis_HLS/2024.1/common/technology/autopilot/etc/ap_fixed_base.h:2372:239)
INFO: [HLS 207-4372] candidate function [with _AP_W = 32, _AP_I = 16, _AP_S = true, _AP_Q = AP_TRN, _AP_O = AP_WRAP, _AP_N = 0] (/home/jjos425/Desktop/P4P33-2024/Vitis_HLS/2024.1/common/technology/autopilot/etc/ap_fixed_base.h:2373:248)
INFO: [HLS 207-4372] candidate function [with _AP_W = 32, _AP_I = 16, _AP_S = true, _AP_Q = AP_TRN, _AP_O = AP_WRAP, _AP_N = 0] (/home/jjos425/Desktop/P4P33-2024/Vitis_HLS/2024.1/common/technology/autopilot/etc/ap_fixed_base.h:2374:238)
INFO: [HLS 207-4372] candidate function [with _AP_W = 32, _AP_I = 16, _AP_S = true, _AP_Q = AP_TRN, _AP_O = AP_WRAP, _AP_N = 0] (/home/jjos425/Desktop/P4P33-2024/Vitis_HLS/2024.1/common/technology/autopilot/etc/ap_fixed_base.h:2375:239)
INFO: [HLS 207-4372] candidate function [with _AP_W = 32, _AP_I = 16, _AP_S = true, _AP_Q = AP_TRN, _AP_O = AP_WRAP, _AP_N = 0] (/home/jjos425/Desktop/P4P33-2024/Vitis_HLS/2024.1/common/technology/autopilot/etc/ap_fixed_base.h:2376:264)
INFO: [HLS 207-4372] candidate function [with _AP_W = 32, _AP_I = 16, _AP_S = true, _AP_Q = AP_TRN, _AP_O = AP_WRAP, _AP_N = 0] (/home/jjos425/Desktop/P4P33-2024/Vitis_HLS/2024.1/common/technology/autopilot/etc/ap_fixed_base.h:2377:265)
INFO: [HLS 207-4372] candidate function [with _AP_W = 32, _AP_I = 16, _AP_S = true, _AP_Q = AP_TRN, _AP_O = AP_WRAP, _AP_N = 0] (/home/jjos425/Desktop/P4P33-2024/Vitis_HLS/2024.1/common/technology/autopilot/etc/ap_fixed_base.h:2378:260)
INFO: [HLS 207-4372] candidate function [with _AP_W = 32, _AP_I = 16, _AP_S = true, _AP_Q = AP_TRN, _AP_O = AP_WRAP, _AP_N = 0] (/home/jjos425/Desktop/P4P33-2024/Vitis_HLS/2024.1/common/technology/autopilot/etc/ap_fixed_base.h:2379:261)
INFO: [HLS 207-4372] candidate function [with _AP_W = 32, _AP_I = 16, _AP_S = true, _AP_Q = AP_TRN, _AP_O = AP_WRAP, _AP_N = 0] (/home/jjos425/Desktop/P4P33-2024/Vitis_HLS/2024.1/common/technology/autopilot/etc/ap_fixed_base.h:2380:262)
INFO: [HLS 207-4372] candidate function [with _AP_W = 32, _AP_I = 16, _AP_S = true, _AP_Q = AP_TRN, _AP_O = AP_WRAP, _AP_N = 0] (/home/jjos425/Desktop/P4P33-2024/Vitis_HLS/2024.1/common/technology/autopilot/etc/ap_fixed_base.h:2381:263)
INFO: [HLS 207-4372] candidate function [with _AP_W = 32, _AP_I = 16, _AP_S = true, _AP_Q = AP_TRN, _AP_O = AP_WRAP, _AP_N = 0] (/home/jjos425/Desktop/P4P33-2024/Vitis_HLS/2024.1/common/technology/autopilot/etc/ap_fixed_base.h:2382:270)
INFO: [HLS 207-4372] candidate function [with _AP_W = 32, _AP_I = 16, _AP_S = true, _AP_Q = AP_TRN, _AP_O = AP_WRAP, _AP_N = 0] (/home/jjos425/Desktop/P4P33-2024/Vitis_HLS/2024.1/common/technology/autopilot/etc/ap_fixed_base.h:2383:271)
INFO: [HLS 207-4370] built-in candidate operator+(float, double) (PrimaryCaps.cpp:283:117)
INFO: [HLS 207-4370] built-in candidate operator+(double, double) (PrimaryCaps.cpp:283:117)
INFO: [HLS 207-4370] built-in candidate operator+(long double, double) (PrimaryCaps.cpp:283:117)
INFO: [HLS 207-4370] built-in candidate operator+(__float128, double) (PrimaryCaps.cpp:283:117)
INFO: [HLS 207-4370] built-in candidate operator+(int, double) (PrimaryCaps.cpp:283:117)
INFO: [HLS 207-4370] built-in candidate operator+(long, double) (PrimaryCaps.cpp:283:117)
INFO: [HLS 207-4370] built-in candidate operator+(long long, double) (PrimaryCaps.cpp:283:117)
INFO: [HLS 207-4370] built-in candidate operator+(__int128, double) (PrimaryCaps.cpp:283:117)
INFO: [HLS 207-4370] built-in candidate operator+(unsigned int, double) (PrimaryCaps.cpp:283:117)
INFO: [HLS 207-4370] built-in candidate operator+(unsigned long, double) (PrimaryCaps.cpp:283:117)
INFO: [HLS 207-4370] built-in candidate operator+(unsigned long long, double) (PrimaryCaps.cpp:283:117)
INFO: [HLS 207-4370] built-in candidate operator+(unsigned __int128, double) (PrimaryCaps.cpp:283:117)
INFO: [HLS 207-4370] built-in candidate operator+(float, float) (PrimaryCaps.cpp:283:117)
INFO: [HLS 207-4370] built-in candidate operator+(float, long double) (PrimaryCaps.cpp:283:117)
INFO: [HLS 207-4370] built-in candidate operator+(float, __float128) (PrimaryCaps.cpp:283:117)
INFO: [HLS 207-4370] built-in candidate operator+(float, int) (PrimaryCaps.cpp:283:117)
INFO: [HLS 207-4370] built-in candidate operator+(float, long) (PrimaryCaps.cpp:283:117)
INFO: [HLS 207-4370] built-in candidate operator+(float, long long) (PrimaryCaps.cpp:283:117)
INFO: [HLS 207-4370] built-in candidate operator+(float, __int128) (PrimaryCaps.cpp:283:117)
INFO: [HLS 207-4370] built-in candidate operator+(float, unsigned int) (PrimaryCaps.cpp:283:117)
INFO: [HLS 207-4370] built-in candidate operator+(float, unsigned long) (PrimaryCaps.cpp:283:117)
INFO: [HLS 207-4370] built-in candidate operator+(float, unsigned long long) (PrimaryCaps.cpp:283:117)
INFO: [HLS 207-4370] built-in candidate operator+(float, unsigned __int128) (PrimaryCaps.cpp:283:117)
INFO: [HLS 207-4370] built-in candidate operator+(double, float) (PrimaryCaps.cpp:283:117)
INFO: [HLS 207-4370] built-in candidate operator+(double, long double) (PrimaryCaps.cpp:283:117)
INFO: [HLS 207-4370] built-in candidate operator+(double, __float128) (PrimaryCaps.cpp:283:117)
INFO: [HLS 207-4370] built-in candidate operator+(double, int) (PrimaryCaps.cpp:283:117)
INFO: [HLS 207-4370] built-in candidate operator+(double, long) (PrimaryCaps.cpp:283:117)
INFO: [HLS 207-4370] built-in candidate operator+(double, long long) (PrimaryCaps.cpp:283:117)
INFO: [HLS 207-4370] built-in candidate operator+(double, __int128) (PrimaryCaps.cpp:283:117)
INFO: [HLS 207-4370] built-in candidate operator+(double, unsigned int) (PrimaryCaps.cpp:283:117)
INFO: [HLS 207-4370] built-in candidate operator+(double, unsigned long) (PrimaryCaps.cpp:283:117)
INFO: [HLS 207-4370] built-in candidate operator+(double, unsigned long long) (PrimaryCaps.cpp:283:117)
INFO: [HLS 207-4370] built-in candidate operator+(double, unsigned __int128) (PrimaryCaps.cpp:283:117)
INFO: [HLS 207-4370] built-in candidate operator+(long double, float) (PrimaryCaps.cpp:283:117)
INFO: [HLS 207-4370] built-in candidate operator+(long double, long double) (PrimaryCaps.cpp:283:117)
INFO: [HLS 207-4370] built-in candidate operator+(long double, __float128) (PrimaryCaps.cpp:283:117)
INFO: [HLS 207-4370] built-in candidate operator+(long double, int) (PrimaryCaps.cpp:283:117)
INFO: [HLS 207-4370] built-in candidate operator+(long double, long) (PrimaryCaps.cpp:283:117)
INFO: [HLS 207-4370] built-in candidate operator+(long double, long long) (PrimaryCaps.cpp:283:117)
INFO: [HLS 207-4370] built-in candidate operator+(long double, __int128) (PrimaryCaps.cpp:283:117)
INFO: [HLS 207-4370] built-in candidate operator+(long double, unsigned int) (PrimaryCaps.cpp:283:117)
INFO: [HLS 207-4370] built-in candidate operator+(long double, unsigned long) (PrimaryCaps.cpp:283:117)
INFO: [HLS 207-4370] built-in candidate operator+(long double, unsigned long long) (PrimaryCaps.cpp:283:117)
INFO: [HLS 207-4370] built-in candidate operator+(long double, unsigned __int128) (PrimaryCaps.cpp:283:117)
INFO: [HLS 207-4370] built-in candidate operator+(__float128, float) (PrimaryCaps.cpp:283:117)
INFO: [HLS 207-4370] built-in candidate operator+(__float128, long double) (PrimaryCaps.cpp:283:117)
INFO: [HLS 207-4370] built-in candidate operator+(__float128, __float128) (PrimaryCaps.cpp:283:117)
INFO: [HLS 207-4370] built-in candidate operator+(__float128, int) (PrimaryCaps.cpp:283:117)
INFO: [HLS 207-4370] built-in candidate operator+(__float128, long) (PrimaryCaps.cpp:283:117)
INFO: [HLS 207-4370] built-in candidate operator+(__float128, long long) (PrimaryCaps.cpp:283:117)
INFO: [HLS 207-4370] built-in candidate operator+(__float128, __int128) (PrimaryCaps.cpp:283:117)
INFO: [HLS 207-4370] built-in candidate operator+(__float128, unsigned int) (PrimaryCaps.cpp:283:117)
INFO: [HLS 207-4370] built-in candidate operator+(__float128, unsigned long) (PrimaryCaps.cpp:283:117)
INFO: [HLS 207-4370] built-in candidate operator+(__float128, unsigned long long) (PrimaryCaps.cpp:283:117)
INFO: [HLS 207-4370] built-in candidate operator+(__float128, unsigned __int128) (PrimaryCaps.cpp:283:117)
INFO: [HLS 207-4370] built-in candidate operator+(int, float) (PrimaryCaps.cpp:283:117)
INFO: [HLS 207-4370] built-in candidate operator+(int, long double) (PrimaryCaps.cpp:283:117)
INFO: [HLS 207-4370] built-in candidate operator+(int, __float128) (PrimaryCaps.cpp:283:117)
INFO: [HLS 207-4370] built-in candidate operator+(int, int) (PrimaryCaps.cpp:283:117)
INFO: [HLS 207-4370] built-in candidate operator+(int, long) (PrimaryCaps.cpp:283:117)
INFO: [HLS 207-4370] built-in candidate operator+(int, long long) (PrimaryCaps.cpp:283:117)
INFO: [HLS 207-4370] built-in candidate operator+(int, __int128) (PrimaryCaps.cpp:283:117)
INFO: [HLS 207-4370] built-in candidate operator+(int, unsigned int) (PrimaryCaps.cpp:283:117)
INFO: [HLS 207-4370] built-in candidate operator+(int, unsigned long) (PrimaryCaps.cpp:283:117)
INFO: [HLS 207-4370] built-in candidate operator+(int, unsigned long long) (PrimaryCaps.cpp:283:117)
INFO: [HLS 207-4370] built-in candidate operator+(int, unsigned __int128) (PrimaryCaps.cpp:283:117)
INFO: [HLS 207-4370] built-in candidate operator+(long, float) (PrimaryCaps.cpp:283:117)
INFO: [HLS 207-4370] built-in candidate operator+(long, long double) (PrimaryCaps.cpp:283:117)
INFO: [HLS 207-4370] built-in candidate operator+(long, __float128) (PrimaryCaps.cpp:283:117)
INFO: [HLS 207-4370] built-in candidate operator+(long, int) (PrimaryCaps.cpp:283:117)
INFO: [HLS 207-4370] built-in candidate operator+(long, long) (PrimaryCaps.cpp:283:117)
INFO: [HLS 207-4370] built-in candidate operator+(long, long long) (PrimaryCaps.cpp:283:117)
INFO: [HLS 207-4370] built-in candidate operator+(long, __int128) (PrimaryCaps.cpp:283:117)
INFO: [HLS 207-4370] built-in candidate operator+(long, unsigned int) (PrimaryCaps.cpp:283:117)
INFO: [HLS 207-4370] built-in candidate operator+(long, unsigned long) (PrimaryCaps.cpp:283:117)
INFO: [HLS 207-4370] built-in candidate operator+(long, unsigned long long) (PrimaryCaps.cpp:283:117)
INFO: [HLS 207-4370] built-in candidate operator+(long, unsigned __int128) (PrimaryCaps.cpp:283:117)
INFO: [HLS 207-4370] built-in candidate operator+(long long, float) (PrimaryCaps.cpp:283:117)
INFO: [HLS 207-4370] built-in candidate operator+(long long, long double) (PrimaryCaps.cpp:283:117)
INFO: [HLS 207-4370] built-in candidate operator+(long long, __float128) (PrimaryCaps.cpp:283:117)
INFO: [HLS 207-4370] built-in candidate operator+(long long, int) (PrimaryCaps.cpp:283:117)
INFO: [HLS 207-4370] built-in candidate operator+(long long, long) (PrimaryCaps.cpp:283:117)
INFO: [HLS 207-4370] built-in candidate operator+(long long, long long) (PrimaryCaps.cpp:283:117)
INFO: [HLS 207-4370] built-in candidate operator+(long long, __int128) (PrimaryCaps.cpp:283:117)
INFO: [HLS 207-4370] built-in candidate operator+(long long, unsigned int) (PrimaryCaps.cpp:283:117)
INFO: [HLS 207-4370] built-in candidate operator+(long long, unsigned long) (PrimaryCaps.cpp:283:117)
INFO: [HLS 207-4370] built-in candidate operator+(long long, unsigned long long) (PrimaryCaps.cpp:283:117)
INFO: [HLS 207-4370] built-in candidate operator+(long long, unsigned __int128) (PrimaryCaps.cpp:283:117)
INFO: [HLS 207-4370] built-in candidate operator+(__int128, float) (PrimaryCaps.cpp:283:117)
INFO: [HLS 207-4370] built-in candidate operator+(__int128, long double) (PrimaryCaps.cpp:283:117)
INFO: [HLS 207-4370] built-in candidate operator+(__int128, __float128) (PrimaryCaps.cpp:283:117)
INFO: [HLS 207-4370] built-in candidate operator+(__int128, int) (PrimaryCaps.cpp:283:117)
INFO: [HLS 207-4370] built-in candidate operator+(__int128, long) (PrimaryCaps.cpp:283:117)
INFO: [HLS 207-4370] built-in candidate operator+(__int128, long long) (PrimaryCaps.cpp:283:117)
INFO: [HLS 207-4370] built-in candidate operator+(__int128, __int128) (PrimaryCaps.cpp:283:117)
INFO: [HLS 207-4370] built-in candidate operator+(__int128, unsigned int) (PrimaryCaps.cpp:283:117)
INFO: [HLS 207-4370] built-in candidate operator+(__int128, unsigned long) (PrimaryCaps.cpp:283:117)
INFO: [HLS 207-4370] built-in candidate operator+(__int128, unsigned long long) (PrimaryCaps.cpp:283:117)
INFO: [HLS 207-4370] built-in candidate operator+(__int128, unsigned __int128) (PrimaryCaps.cpp:283:117)
INFO: [HLS 207-4370] built-in candidate operator+(unsigned int, float) (PrimaryCaps.cpp:283:117)
INFO: [HLS 207-4370] built-in candidate operator+(unsigned int, long double) (PrimaryCaps.cpp:283:117)
INFO: [HLS 207-4370] built-in candidate operator+(unsigned int, __float128) (PrimaryCaps.cpp:283:117)
INFO: [HLS 207-4370] built-in candidate operator+(unsigned int, int) (PrimaryCaps.cpp:283:117)
INFO: [HLS 207-4370] built-in candidate operator+(unsigned int, long) (PrimaryCaps.cpp:283:117)
INFO: [HLS 207-4370] built-in candidate operator+(unsigned int, long long) (PrimaryCaps.cpp:283:117)
INFO: [HLS 207-4370] built-in candidate operator+(unsigned int, __int128) (PrimaryCaps.cpp:283:117)
INFO: [HLS 207-4370] built-in candidate operator+(unsigned int, unsigned int) (PrimaryCaps.cpp:283:117)
INFO: [HLS 207-4370] built-in candidate operator+(unsigned int, unsigned long) (PrimaryCaps.cpp:283:117)
INFO: [HLS 207-4370] built-in candidate operator+(unsigned int, unsigned long long) (PrimaryCaps.cpp:283:117)
INFO: [HLS 207-4370] built-in candidate operator+(unsigned int, unsigned __int128) (PrimaryCaps.cpp:283:117)
INFO: [HLS 207-4370] built-in candidate operator+(unsigned long, float) (PrimaryCaps.cpp:283:117)
INFO: [HLS 207-4370] built-in candidate operator+(unsigned long, long double) (PrimaryCaps.cpp:283:117)
INFO: [HLS 207-4370] built-in candidate operator+(unsigned long, __float128) (PrimaryCaps.cpp:283:117)
INFO: [HLS 207-4370] built-in candidate operator+(unsigned long, int) (PrimaryCaps.cpp:283:117)
INFO: [HLS 207-4370] built-in candidate operator+(unsigned long, long) (PrimaryCaps.cpp:283:117)
INFO: [HLS 207-4370] built-in candidate operator+(unsigned long, long long) (PrimaryCaps.cpp:283:117)
INFO: [HLS 207-4370] built-in candidate operator+(unsigned long, __int128) (PrimaryCaps.cpp:283:117)
INFO: [HLS 207-4370] built-in candidate operator+(unsigned long, unsigned int) (PrimaryCaps.cpp:283:117)
INFO: [HLS 207-4370] built-in candidate operator+(unsigned long, unsigned long) (PrimaryCaps.cpp:283:117)
INFO: [HLS 207-4370] built-in candidate operator+(unsigned long, unsigned long long) (PrimaryCaps.cpp:283:117)
INFO: [HLS 207-4370] built-in candidate operator+(unsigned long, unsigned __int128) (PrimaryCaps.cpp:283:117)
INFO: [HLS 207-4370] built-in candidate operator+(unsigned long long, float) (PrimaryCaps.cpp:283:117)
INFO: [HLS 207-4370] built-in candidate operator+(unsigned long long, long double) (PrimaryCaps.cpp:283:117)
INFO: [HLS 207-4370] built-in candidate operator+(unsigned long long, __float128) (PrimaryCaps.cpp:283:117)
INFO: [HLS 207-4370] built-in candidate operator+(unsigned long long, int) (PrimaryCaps.cpp:283:117)
INFO: [HLS 207-4370] built-in candidate operator+(unsigned long long, long) (PrimaryCaps.cpp:283:117)
INFO: [HLS 207-4370] built-in candidate operator+(unsigned long long, long long) (PrimaryCaps.cpp:283:117)
INFO: [HLS 207-4370] built-in candidate operator+(unsigned long long, __int128) (PrimaryCaps.cpp:283:117)
INFO: [HLS 207-4370] built-in candidate operator+(unsigned long long, unsigned int) (PrimaryCaps.cpp:283:117)
INFO: [HLS 207-4370] built-in candidate operator+(unsigned long long, unsigned long) (PrimaryCaps.cpp:283:117)
INFO: [HLS 207-4370] built-in candidate operator+(unsigned long long, unsigned long long) (PrimaryCaps.cpp:283:117)
INFO: [HLS 207-4370] built-in candidate operator+(unsigned long long, unsigned __int128) (PrimaryCaps.cpp:283:117)
INFO: [HLS 207-4370] built-in candidate operator+(unsigned __int128, float) (PrimaryCaps.cpp:283:117)
INFO: [HLS 207-4370] built-in candidate operator+(unsigned __int128, long double) (PrimaryCaps.cpp:283:117)
INFO: [HLS 207-4370] built-in candidate operator+(unsigned __int128, __float128) (PrimaryCaps.cpp:283:117)
INFO: [HLS 207-4370] built-in candidate operator+(unsigned __int128, int) (PrimaryCaps.cpp:283:117)
INFO: [HLS 207-4370] built-in candidate operator+(unsigned __int128, long) (PrimaryCaps.cpp:283:117)
INFO: [HLS 207-4370] built-in candidate operator+(unsigned __int128, long long) (PrimaryCaps.cpp:283:117)
INFO: [HLS 207-4370] built-in candidate operator+(unsigned __int128, __int128) (PrimaryCaps.cpp:283:117)
INFO: [HLS 207-4370] built-in candidate operator+(unsigned __int128, unsigned int) (PrimaryCaps.cpp:283:117)
INFO: [HLS 207-4370] built-in candidate operator+(unsigned __int128, unsigned long) (PrimaryCaps.cpp:283:117)
INFO: [HLS 207-4370] built-in candidate operator+(unsigned __int128, unsigned long long) (PrimaryCaps.cpp:283:117)
INFO: [HLS 207-4370] built-in candidate operator+(unsigned __int128, unsigned __int128) (PrimaryCaps.cpp:283:117)
ERROR:  
INFO: [HLS 200-112] Total CPU user time: 2.92 seconds. Total CPU system time: 0.32 seconds. Total elapsed time: 3.17 seconds; peak allocated memory: 285.121 MB.
