INFO: [v++ 60-1548] Creating build summary session with primary output /home/jjos425/Documents/vivado_projects/project_1/primary_caps_accel/primary_caps_accel/primary_caps_accel.hlscompile_summary, at Sat Jul 13 13:25:48 2024
INFO: [v++ 82-31] Launching vitis_hls: vitis_hls -nolog -run csynth -work_dir /home/jjos425/Documents/vivado_projects/project_1/primary_caps_accel/primary_caps_accel -config /home/jjos425/Documents/vivado_projects/project_1/primary_caps_accel/hls_config.cfg -cmdlineconfig /home/jjos425/Documents/vivado_projects/project_1/primary_caps_accel/primary_caps_accel/hls/config.cmdline

****** Vitis HLS - High-Level Synthesis from C, C++ and OpenCL v2024.1 (64-bit)
  **** SW Build 5069499 on May 21 2024
  **** IP Build 5075265 on Wed May 22 21:45:21 MDT 2024
  **** SharedData Build 5076995 on Wed May 22 18:29:18 MDT 2024
  **** Start of session at: Sat Jul 13 13:25:49 2024
    ** Copyright 1986-2022 Xilinx, Inc. All Rights Reserved.
    ** Copyright 2022-2024 Advanced Micro Devices, Inc. All Rights Reserved.

source /home/jjos425/Desktop/P4P33-2024/Vitis_HLS/2024.1/scripts/vitis_hls/hls.tcl -notrace
INFO: [HLS 200-10] For user 'jjos425' on host 'en432999.uoa.auckland.ac.nz' (Linux_x86_64 version 5.15.0-113-generic) on Sat Jul 13 13:25:50 NZST 2024
INFO: [HLS 200-10] On os Ubuntu 20.04.5 LTS
INFO: [HLS 200-10] In directory '/home/jjos425/Documents/vivado_projects/project_1/primary_caps_accel'
INFO: [HLS 200-2005] Using work_dir /home/jjos425/Documents/vivado_projects/project_1/primary_caps_accel/primary_caps_accel 
INFO: [HLS 200-1505] Using default flow_target 'vivado'
Resolution: For help on HLS 200-1505 see docs.xilinx.com/access/sources/dita/topic?Doc_Version=2024.1%20English&url=ug1448-hls-guidance&resourceid=200-1505.html
INFO: [HLS 200-1465] Applying ini 'syn.file=/home/jjos425/Documents/vivado_projects/project_1/primary_caps_accel/constants.h' from /home/jjos425/Documents/vivado_projects/project_1/primary_caps_accel/hls_config.cfg(7)
INFO: [HLS 200-10] Adding design file '/home/jjos425/Documents/vivado_projects/project_1/primary_caps_accel/constants.h' to the project
INFO: [HLS 200-1465] Applying ini 'syn.file=/home/jjos425/Documents/vivado_projects/project_1/primary_caps_accel/PrimaryCaps.cpp' from /home/jjos425/Documents/vivado_projects/project_1/primary_caps_accel/hls_config.cfg(8)
INFO: [HLS 200-10] Adding design file '/home/jjos425/Documents/vivado_projects/project_1/primary_caps_accel/PrimaryCaps.cpp' to the project
INFO: [HLS 200-1465] Applying ini 'syn.file=/home/jjos425/Documents/vivado_projects/project_1/primary_caps_accel/PrimaryCaps.h' from /home/jjos425/Documents/vivado_projects/project_1/primary_caps_accel/hls_config.cfg(9)
INFO: [HLS 200-10] Adding design file '/home/jjos425/Documents/vivado_projects/project_1/primary_caps_accel/PrimaryCaps.h' to the project
INFO: [HLS 200-1465] Applying ini 'syn.file=/home/jjos425/Documents/vivado_projects/project_1/primary_caps_accel/testing_suite.h' from /home/jjos425/Documents/vivado_projects/project_1/primary_caps_accel/hls_config.cfg(10)
INFO: [HLS 200-10] Adding design file '/home/jjos425/Documents/vivado_projects/project_1/primary_caps_accel/testing_suite.h' to the project
INFO: [HLS 200-1465] Applying ini 'tb.file=PrimaryCapsTestbench.cpp' from /home/jjos425/Documents/vivado_projects/project_1/primary_caps_accel/hls_config.cfg(11)
INFO: [HLS 200-10] Adding test bench file '/home/jjos425/Documents/vivado_projects/project_1/primary_caps_accel/PrimaryCapsTestbench.cpp' to the project
INFO: [HLS 200-1465] Applying ini 'syn.top=process_features' from /home/jjos425/Documents/vivado_projects/project_1/primary_caps_accel/hls_config.cfg(12)
INFO: [HLS 200-1465] Applying ini 'flow_target=vitis' from /home/jjos425/Documents/vivado_projects/project_1/primary_caps_accel/hls_config.cfg(4)
INFO: [HLS 200-1505] Using flow_target 'vitis'
Resolution: For help on HLS 200-1505 see docs.xilinx.com/access/sources/dita/topic?Doc_Version=2024.1%20English&url=ug1448-hls-guidance&resourceid=200-1505.html
INFO: [HLS 200-435] Setting 'open_solution -flow_target vitis' configuration: config_interface -m_axi_latency=64
INFO: [HLS 200-435] Setting 'open_solution -flow_target vitis' configuration: config_interface -m_axi_alignment_byte_size=64
INFO: [HLS 200-435] Setting 'open_solution -flow_target vitis' configuration: config_interface -m_axi_max_widen_bitwidth=512
INFO: [HLS 200-435] Setting 'open_solution -flow_target vitis' configuration: config_rtl -register_reset_num=3
INFO: [HLS 200-1465] Applying ini 'part=xczu9eg-ffvb1156-2-e' from /home/jjos425/Documents/vivado_projects/project_1/primary_caps_accel/hls_config.cfg(1)
INFO: [HLS 200-1611] Setting target device to 'xczu9eg-ffvb1156-2-e'
INFO: [HLS 200-1465] Applying ini 'package.output.format=xo' from /home/jjos425/Documents/vivado_projects/project_1/primary_caps_accel/hls_config.cfg(5)
INFO: [HLS 200-111] Finished File checks and directory preparation: CPU user time: 1.32 seconds. CPU system time: 0.14 seconds. Elapsed time: 1.35 seconds; current allocated memory: 299.672 MB.
INFO: [HLS 200-10] Analyzing design file 'PrimaryCaps.cpp' ... 
ERROR: [HLS 207-3430] redefinition of 'sum_0' (PrimaryCaps.cpp:91:23)
INFO: [HLS 207-71] previous definition is here (PrimaryCaps.cpp:88:11)
ERROR: [HLS 207-3430] redefinition of 'sum_1' (PrimaryCaps.cpp:92:11)
INFO: [HLS 207-71] previous definition is here (PrimaryCaps.cpp:89:11)
ERROR: [HLS 207-3430] redefinition of 'sum_2' (PrimaryCaps.cpp:93:11)
INFO: [HLS 207-71] previous definition is here (PrimaryCaps.cpp:90:11)
ERROR: [HLS 207-3430] redefinition of 'sum_0' (PrimaryCaps.cpp:94:23)
ERROR: [HLS 207-3430] redefinition of 'sum_1' (PrimaryCaps.cpp:95:11)
ERROR: [HLS 207-3430] redefinition of 'sum_2' (PrimaryCaps.cpp:96:11)
ERROR: [HLS 207-3776] use of undeclared identifier 'sum_3' (PrimaryCaps.cpp:110:30)
WARNING: [HLS 207-5556] invalid variable expr  (PrimaryCaps.cpp:110:30)
ERROR: [HLS 207-3776] use of undeclared identifier 'sum_4' (PrimaryCaps.cpp:111:30)
WARNING: [HLS 207-5556] invalid variable expr  (PrimaryCaps.cpp:111:30)
ERROR: [HLS 207-3776] use of undeclared identifier 'sum_5' (PrimaryCaps.cpp:112:30)
WARNING: [HLS 207-5556] invalid variable expr  (PrimaryCaps.cpp:112:30)
ERROR: [HLS 207-3776] use of undeclared identifier 'sum_6' (PrimaryCaps.cpp:113:30)
WARNING: [HLS 207-5556] invalid variable expr  (PrimaryCaps.cpp:113:30)
ERROR: [HLS 207-3776] use of undeclared identifier 'sum_7' (PrimaryCaps.cpp:114:30)
WARNING: [HLS 207-5556] invalid variable expr  (PrimaryCaps.cpp:114:30)
ERROR: [HLS 207-3776] use of undeclared identifier 'sum_8' (PrimaryCaps.cpp:115:30)
WARNING: [HLS 207-5556] invalid variable expr  (PrimaryCaps.cpp:115:30)
ERROR: [HLS 207-3776] use of undeclared identifier 'sum_3' (PrimaryCaps.cpp:131:8)
ERROR: [HLS 207-3776] use of undeclared identifier 'sum_4' (PrimaryCaps.cpp:135:8)
ERROR: [HLS 207-3776] use of undeclared identifier 'sum_5' (PrimaryCaps.cpp:139:8)
ERROR: [HLS 207-3776] use of undeclared identifier 'sum_6' (PrimaryCaps.cpp:143:8)
ERROR: [HLS 207-3776] use of undeclared identifier 'sum_7' (PrimaryCaps.cpp:147:8)
ERROR: [HLS 207-3776] use of undeclared identifier 'sum_8' (PrimaryCaps.cpp:151:8)
ERROR: [HLS 207-3777] use of undeclared identifier 'sum_3'; did you mean 'sum_0'? (PrimaryCaps.cpp:154:136)
INFO: [HLS 207-4436] 'sum_0' declared here (PrimaryCaps.cpp:88:11)
ERROR: [HLS 207-59] too many errors emitted, stopping now
ERROR:  
INFO: [HLS 200-112] Total CPU user time: 2.9 seconds. Total CPU system time: 0.31 seconds. Total elapsed time: 3.12 seconds; peak allocated memory: 301.504 MB.
