INFO: [v++ 60-1548] Creating build summary session with primary output /home/jjos425/Documents/vivado_projects/project_1/digit_caps_accel/digit_caps_accel/digit_caps_accel.hlscompile_summary, at Wed Aug  7 12:43:37 2024
INFO: [v++ 82-31] Launching vitis_hls: vitis_hls -nolog -run csynth -work_dir /home/jjos425/Documents/vivado_projects/project_1/digit_caps_accel/digit_caps_accel -config /home/jjos425/Documents/vivado_projects/project_1/digit_caps_accel/hls_config.cfg -cmdlineconfig /home/jjos425/Documents/vivado_projects/project_1/digit_caps_accel/digit_caps_accel/hls/config.cmdline

****** Vitis HLS - High-Level Synthesis from C, C++ and OpenCL v2024.1 (64-bit)
  **** SW Build 5069499 on May 21 2024
  **** IP Build 5075265 on Wed May 22 21:45:21 MDT 2024
  **** SharedData Build 5076995 on Wed May 22 18:29:18 MDT 2024
  **** Start of session at: Wed Aug  7 12:43:38 2024
    ** Copyright 1986-2022 Xilinx, Inc. All Rights Reserved.
    ** Copyright 2022-2024 Advanced Micro Devices, Inc. All Rights Reserved.

source /home/jjos425/Desktop/P4P33-2024/Vitis_HLS/2024.1/scripts/vitis_hls/hls.tcl -notrace
INFO: [HLS 200-10] For user 'jjos425' on host 'en432999.uoa.auckland.ac.nz' (Linux_x86_64 version 5.15.0-113-generic) on Wed Aug 07 12:43:39 NZST 2024
INFO: [HLS 200-10] On os Ubuntu 20.04.5 LTS
INFO: [HLS 200-10] In directory '/home/jjos425/Documents/vivado_projects/project_1/digit_caps_accel'
INFO: [HLS 200-2005] Using work_dir /home/jjos425/Documents/vivado_projects/project_1/digit_caps_accel/digit_caps_accel 
INFO: [HLS 200-1505] Using default flow_target 'vivado'
Resolution: For help on HLS 200-1505 see docs.xilinx.com/access/sources/dita/topic?Doc_Version=2024.1%20English&url=ug1448-hls-guidance&resourceid=200-1505.html
INFO: [HLS 200-1465] Applying ini 'syn.file=/home/jjos425/Documents/vivado_projects/project_1/digit_caps_accel/constants.h' from /home/jjos425/Documents/vivado_projects/project_1/digit_caps_accel/hls_config.cfg(7)
INFO: [HLS 200-10] Adding design file '/home/jjos425/Documents/vivado_projects/project_1/digit_caps_accel/constants.h' to the project
INFO: [HLS 200-1465] Applying ini 'syn.file=/home/jjos425/Documents/vivado_projects/project_1/digit_caps_accel/DigitCaps.cpp' from /home/jjos425/Documents/vivado_projects/project_1/digit_caps_accel/hls_config.cfg(8)
INFO: [HLS 200-10] Adding design file '/home/jjos425/Documents/vivado_projects/project_1/digit_caps_accel/DigitCaps.cpp' to the project
INFO: [HLS 200-1465] Applying ini 'syn.file=/home/jjos425/Documents/vivado_projects/project_1/digit_caps_accel/DigitCaps.h' from /home/jjos425/Documents/vivado_projects/project_1/digit_caps_accel/hls_config.cfg(9)
INFO: [HLS 200-10] Adding design file '/home/jjos425/Documents/vivado_projects/project_1/digit_caps_accel/DigitCaps.h' to the project
INFO: [HLS 200-1465] Applying ini 'syn.file=/home/jjos425/Documents/vivado_projects/project_1/digit_caps_accel/testing_suite.h' from /home/jjos425/Documents/vivado_projects/project_1/digit_caps_accel/hls_config.cfg(10)
INFO: [HLS 200-10] Adding design file '/home/jjos425/Documents/vivado_projects/project_1/digit_caps_accel/testing_suite.h' to the project
INFO: [HLS 200-1465] Applying ini 'syn.top=dynamic_routing' from /home/jjos425/Documents/vivado_projects/project_1/digit_caps_accel/hls_config.cfg(11)
INFO: [HLS 200-1465] Applying ini 'flow_target=vitis' from /home/jjos425/Documents/vivado_projects/project_1/digit_caps_accel/hls_config.cfg(4)
INFO: [HLS 200-1505] Using flow_target 'vitis'
Resolution: For help on HLS 200-1505 see docs.xilinx.com/access/sources/dita/topic?Doc_Version=2024.1%20English&url=ug1448-hls-guidance&resourceid=200-1505.html
INFO: [HLS 200-435] Setting 'open_solution -flow_target vitis' configuration: config_interface -m_axi_latency=64
INFO: [HLS 200-435] Setting 'open_solution -flow_target vitis' configuration: config_interface -m_axi_alignment_byte_size=64
INFO: [HLS 200-435] Setting 'open_solution -flow_target vitis' configuration: config_interface -m_axi_max_widen_bitwidth=512
INFO: [HLS 200-435] Setting 'open_solution -flow_target vitis' configuration: config_rtl -register_reset_num=3
INFO: [HLS 200-1465] Applying ini 'part=xczu9eg-ffvb1156-2-e' from /home/jjos425/Documents/vivado_projects/project_1/digit_caps_accel/hls_config.cfg(1)
INFO: [HLS 200-1611] Setting target device to 'xczu9eg-ffvb1156-2-e'
INFO: [HLS 200-1465] Applying ini 'package.output.format=xo' from /home/jjos425/Documents/vivado_projects/project_1/digit_caps_accel/hls_config.cfg(5)
INFO: [HLS 200-111] Finished File checks and directory preparation: CPU user time: 1.28 seconds. CPU system time: 0.16 seconds. Elapsed time: 1.34 seconds; current allocated memory: 281.855 MB.
INFO: [HLS 200-10] Analyzing design file 'DigitCaps.cpp' ... 
ERROR: [HLS 207-3776] use of undeclared identifier 'fixed_weights_t' (DigitCaps.cpp:105:87)
ERROR: [HLS 207-3325] use of overloaded operator '+' is ambiguous (with operand types 'fixed_t' (aka 'ap_fixed<32, 16>') and 'double') (DigitCaps.cpp:153:32)
INFO: [HLS 207-4372] candidate function [with _AP_W = 32, _AP_I = 16, _AP_S = true, _AP_Q = AP_TRN, _AP_O = AP_WRAP, _AP_N = 0] (/home/jjos425/Desktop/P4P33-2024/Vitis_HLS/2024.1/common/technology/autopilot/etc/ap_fixed_base.h:2372:239)
INFO: [HLS 207-4372] candidate function [with _AP_W = 32, _AP_I = 16, _AP_S = true, _AP_Q = AP_TRN, _AP_O = AP_WRAP, _AP_N = 0] (/home/jjos425/Desktop/P4P33-2024/Vitis_HLS/2024.1/common/technology/autopilot/etc/ap_fixed_base.h:2373:248)
INFO: [HLS 207-4372] candidate function [with _AP_W = 32, _AP_I = 16, _AP_S = true, _AP_Q = AP_TRN, _AP_O = AP_WRAP, _AP_N = 0] (/home/jjos425/Desktop/P4P33-2024/Vitis_HLS/2024.1/common/technology/autopilot/etc/ap_fixed_base.h:2374:238)
INFO: [HLS 207-4372] candidate function [with _AP_W = 32, _AP_I = 16, _AP_S = true, _AP_Q = AP_TRN, _AP_O = AP_WRAP, _AP_N = 0] (/home/jjos425/Desktop/P4P33-2024/Vitis_HLS/2024.1/common/technology/autopilot/etc/ap_fixed_base.h:2375:239)
INFO: [HLS 207-4372] candidate function [with _AP_W = 32, _AP_I = 16, _AP_S = true, _AP_Q = AP_TRN, _AP_O = AP_WRAP, _AP_N = 0] (/home/jjos425/Desktop/P4P33-2024/Vitis_HLS/2024.1/common/technology/autopilot/etc/ap_fixed_base.h:2376:264)
INFO: [HLS 207-4372] candidate function [with _AP_W = 32, _AP_I = 16, _AP_S = true, _AP_Q = AP_TRN, _AP_O = AP_WRAP, _AP_N = 0] (/home/jjos425/Desktop/P4P33-2024/Vitis_HLS/2024.1/common/technology/autopilot/etc/ap_fixed_base.h:2377:265)
INFO: [HLS 207-4372] candidate function [with _AP_W = 32, _AP_I = 16, _AP_S = true, _AP_Q = AP_TRN, _AP_O = AP_WRAP, _AP_N = 0] (/home/jjos425/Desktop/P4P33-2024/Vitis_HLS/2024.1/common/technology/autopilot/etc/ap_fixed_base.h:2378:260)
INFO: [HLS 207-4372] candidate function [with _AP_W = 32, _AP_I = 16, _AP_S = true, _AP_Q = AP_TRN, _AP_O = AP_WRAP, _AP_N = 0] (/home/jjos425/Desktop/P4P33-2024/Vitis_HLS/2024.1/common/technology/autopilot/etc/ap_fixed_base.h:2379:261)
INFO: [HLS 207-4372] candidate function [with _AP_W = 32, _AP_I = 16, _AP_S = true, _AP_Q = AP_TRN, _AP_O = AP_WRAP, _AP_N = 0] (/home/jjos425/Desktop/P4P33-2024/Vitis_HLS/2024.1/common/technology/autopilot/etc/ap_fixed_base.h:2380:262)
INFO: [HLS 207-4372] candidate function [with _AP_W = 32, _AP_I = 16, _AP_S = true, _AP_Q = AP_TRN, _AP_O = AP_WRAP, _AP_N = 0] (/home/jjos425/Desktop/P4P33-2024/Vitis_HLS/2024.1/common/technology/autopilot/etc/ap_fixed_base.h:2381:263)
INFO: [HLS 207-4372] candidate function [with _AP_W = 32, _AP_I = 16, _AP_S = true, _AP_Q = AP_TRN, _AP_O = AP_WRAP, _AP_N = 0] (/home/jjos425/Desktop/P4P33-2024/Vitis_HLS/2024.1/common/technology/autopilot/etc/ap_fixed_base.h:2382:270)
INFO: [HLS 207-4372] candidate function [with _AP_W = 32, _AP_I = 16, _AP_S = true, _AP_Q = AP_TRN, _AP_O = AP_WRAP, _AP_N = 0] (/home/jjos425/Desktop/P4P33-2024/Vitis_HLS/2024.1/common/technology/autopilot/etc/ap_fixed_base.h:2383:271)
INFO: [HLS 207-4370] built-in candidate operator+(float, double) (DigitCaps.cpp:153:32)
INFO: [HLS 207-4370] built-in candidate operator+(double, double) (DigitCaps.cpp:153:32)
INFO: [HLS 207-4370] built-in candidate operator+(long double, double) (DigitCaps.cpp:153:32)
INFO: [HLS 207-4370] built-in candidate operator+(__float128, double) (DigitCaps.cpp:153:32)
INFO: [HLS 207-4370] built-in candidate operator+(int, double) (DigitCaps.cpp:153:32)
INFO: [HLS 207-4370] built-in candidate operator+(long, double) (DigitCaps.cpp:153:32)
INFO: [HLS 207-4370] built-in candidate operator+(long long, double) (DigitCaps.cpp:153:32)
INFO: [HLS 207-4370] built-in candidate operator+(__int128, double) (DigitCaps.cpp:153:32)
INFO: [HLS 207-4370] built-in candidate operator+(unsigned int, double) (DigitCaps.cpp:153:32)
INFO: [HLS 207-4370] built-in candidate operator+(unsigned long, double) (DigitCaps.cpp:153:32)
INFO: [HLS 207-4370] built-in candidate operator+(unsigned long long, double) (DigitCaps.cpp:153:32)
INFO: [HLS 207-4370] built-in candidate operator+(unsigned __int128, double) (DigitCaps.cpp:153:32)
INFO: [HLS 207-4370] built-in candidate operator+(float, float) (DigitCaps.cpp:153:32)
INFO: [HLS 207-4370] built-in candidate operator+(float, long double) (DigitCaps.cpp:153:32)
INFO: [HLS 207-4370] built-in candidate operator+(float, __float128) (DigitCaps.cpp:153:32)
INFO: [HLS 207-4370] built-in candidate operator+(float, int) (DigitCaps.cpp:153:32)
INFO: [HLS 207-4370] built-in candidate operator+(float, long) (DigitCaps.cpp:153:32)
INFO: [HLS 207-4370] built-in candidate operator+(float, long long) (DigitCaps.cpp:153:32)
INFO: [HLS 207-4370] built-in candidate operator+(float, __int128) (DigitCaps.cpp:153:32)
INFO: [HLS 207-4370] built-in candidate operator+(float, unsigned int) (DigitCaps.cpp:153:32)
INFO: [HLS 207-4370] built-in candidate operator+(float, unsigned long) (DigitCaps.cpp:153:32)
INFO: [HLS 207-4370] built-in candidate operator+(float, unsigned long long) (DigitCaps.cpp:153:32)
INFO: [HLS 207-4370] built-in candidate operator+(float, unsigned __int128) (DigitCaps.cpp:153:32)
INFO: [HLS 207-4370] built-in candidate operator+(double, float) (DigitCaps.cpp:153:32)
INFO: [HLS 207-4370] built-in candidate operator+(double, long double) (DigitCaps.cpp:153:32)
INFO: [HLS 207-4370] built-in candidate operator+(double, __float128) (DigitCaps.cpp:153:32)
INFO: [HLS 207-4370] built-in candidate operator+(double, int) (DigitCaps.cpp:153:32)
INFO: [HLS 207-4370] built-in candidate operator+(double, long) (DigitCaps.cpp:153:32)
INFO: [HLS 207-4370] built-in candidate operator+(double, long long) (DigitCaps.cpp:153:32)
INFO: [HLS 207-4370] built-in candidate operator+(double, __int128) (DigitCaps.cpp:153:32)
INFO: [HLS 207-4370] built-in candidate operator+(double, unsigned int) (DigitCaps.cpp:153:32)
INFO: [HLS 207-4370] built-in candidate operator+(double, unsigned long) (DigitCaps.cpp:153:32)
INFO: [HLS 207-4370] built-in candidate operator+(double, unsigned long long) (DigitCaps.cpp:153:32)
INFO: [HLS 207-4370] built-in candidate operator+(double, unsigned __int128) (DigitCaps.cpp:153:32)
INFO: [HLS 207-4370] built-in candidate operator+(long double, float) (DigitCaps.cpp:153:32)
INFO: [HLS 207-4370] built-in candidate operator+(long double, long double) (DigitCaps.cpp:153:32)
INFO: [HLS 207-4370] built-in candidate operator+(long double, __float128) (DigitCaps.cpp:153:32)
INFO: [HLS 207-4370] built-in candidate operator+(long double, int) (DigitCaps.cpp:153:32)
INFO: [HLS 207-4370] built-in candidate operator+(long double, long) (DigitCaps.cpp:153:32)
INFO: [HLS 207-4370] built-in candidate operator+(long double, long long) (DigitCaps.cpp:153:32)
INFO: [HLS 207-4370] built-in candidate operator+(long double, __int128) (DigitCaps.cpp:153:32)
INFO: [HLS 207-4370] built-in candidate operator+(long double, unsigned int) (DigitCaps.cpp:153:32)
INFO: [HLS 207-4370] built-in candidate operator+(long double, unsigned long) (DigitCaps.cpp:153:32)
INFO: [HLS 207-4370] built-in candidate operator+(long double, unsigned long long) (DigitCaps.cpp:153:32)
INFO: [HLS 207-4370] built-in candidate operator+(long double, unsigned __int128) (DigitCaps.cpp:153:32)
INFO: [HLS 207-4370] built-in candidate operator+(__float128, float) (DigitCaps.cpp:153:32)
INFO: [HLS 207-4370] built-in candidate operator+(__float128, long double) (DigitCaps.cpp:153:32)
INFO: [HLS 207-4370] built-in candidate operator+(__float128, __float128) (DigitCaps.cpp:153:32)
INFO: [HLS 207-4370] built-in candidate operator+(__float128, int) (DigitCaps.cpp:153:32)
INFO: [HLS 207-4370] built-in candidate operator+(__float128, long) (DigitCaps.cpp:153:32)
INFO: [HLS 207-4370] built-in candidate operator+(__float128, long long) (DigitCaps.cpp:153:32)
INFO: [HLS 207-4370] built-in candidate operator+(__float128, __int128) (DigitCaps.cpp:153:32)
INFO: [HLS 207-4370] built-in candidate operator+(__float128, unsigned int) (DigitCaps.cpp:153:32)
INFO: [HLS 207-4370] built-in candidate operator+(__float128, unsigned long) (DigitCaps.cpp:153:32)
INFO: [HLS 207-4370] built-in candidate operator+(__float128, unsigned long long) (DigitCaps.cpp:153:32)
INFO: [HLS 207-4370] built-in candidate operator+(__float128, unsigned __int128) (DigitCaps.cpp:153:32)
INFO: [HLS 207-4370] built-in candidate operator+(int, float) (DigitCaps.cpp:153:32)
INFO: [HLS 207-4370] built-in candidate operator+(int, long double) (DigitCaps.cpp:153:32)
INFO: [HLS 207-4370] built-in candidate operator+(int, __float128) (DigitCaps.cpp:153:32)
INFO: [HLS 207-4370] built-in candidate operator+(int, int) (DigitCaps.cpp:153:32)
INFO: [HLS 207-4370] built-in candidate operator+(int, long) (DigitCaps.cpp:153:32)
INFO: [HLS 207-4370] built-in candidate operator+(int, long long) (DigitCaps.cpp:153:32)
INFO: [HLS 207-4370] built-in candidate operator+(int, __int128) (DigitCaps.cpp:153:32)
INFO: [HLS 207-4370] built-in candidate operator+(int, unsigned int) (DigitCaps.cpp:153:32)
INFO: [HLS 207-4370] built-in candidate operator+(int, unsigned long) (DigitCaps.cpp:153:32)
INFO: [HLS 207-4370] built-in candidate operator+(int, unsigned long long) (DigitCaps.cpp:153:32)
INFO: [HLS 207-4370] built-in candidate operator+(int, unsigned __int128) (DigitCaps.cpp:153:32)
INFO: [HLS 207-4370] built-in candidate operator+(long, float) (DigitCaps.cpp:153:32)
INFO: [HLS 207-4370] built-in candidate operator+(long, long double) (DigitCaps.cpp:153:32)
INFO: [HLS 207-4370] built-in candidate operator+(long, __float128) (DigitCaps.cpp:153:32)
INFO: [HLS 207-4370] built-in candidate operator+(long, int) (DigitCaps.cpp:153:32)
INFO: [HLS 207-4370] built-in candidate operator+(long, long) (DigitCaps.cpp:153:32)
INFO: [HLS 207-4370] built-in candidate operator+(long, long long) (DigitCaps.cpp:153:32)
INFO: [HLS 207-4370] built-in candidate operator+(long, __int128) (DigitCaps.cpp:153:32)
INFO: [HLS 207-4370] built-in candidate operator+(long, unsigned int) (DigitCaps.cpp:153:32)
INFO: [HLS 207-4370] built-in candidate operator+(long, unsigned long) (DigitCaps.cpp:153:32)
INFO: [HLS 207-4370] built-in candidate operator+(long, unsigned long long) (DigitCaps.cpp:153:32)
INFO: [HLS 207-4370] built-in candidate operator+(long, unsigned __int128) (DigitCaps.cpp:153:32)
INFO: [HLS 207-4370] built-in candidate operator+(long long, float) (DigitCaps.cpp:153:32)
INFO: [HLS 207-4370] built-in candidate operator+(long long, long double) (DigitCaps.cpp:153:32)
INFO: [HLS 207-4370] built-in candidate operator+(long long, __float128) (DigitCaps.cpp:153:32)
INFO: [HLS 207-4370] built-in candidate operator+(long long, int) (DigitCaps.cpp:153:32)
INFO: [HLS 207-4370] built-in candidate operator+(long long, long) (DigitCaps.cpp:153:32)
INFO: [HLS 207-4370] built-in candidate operator+(long long, long long) (DigitCaps.cpp:153:32)
INFO: [HLS 207-4370] built-in candidate operator+(long long, __int128) (DigitCaps.cpp:153:32)
INFO: [HLS 207-4370] built-in candidate operator+(long long, unsigned int) (DigitCaps.cpp:153:32)
INFO: [HLS 207-4370] built-in candidate operator+(long long, unsigned long) (DigitCaps.cpp:153:32)
INFO: [HLS 207-4370] built-in candidate operator+(long long, unsigned long long) (DigitCaps.cpp:153:32)
INFO: [HLS 207-4370] built-in candidate operator+(long long, unsigned __int128) (DigitCaps.cpp:153:32)
INFO: [HLS 207-4370] built-in candidate operator+(__int128, float) (DigitCaps.cpp:153:32)
INFO: [HLS 207-4370] built-in candidate operator+(__int128, long double) (DigitCaps.cpp:153:32)
INFO: [HLS 207-4370] built-in candidate operator+(__int128, __float128) (DigitCaps.cpp:153:32)
INFO: [HLS 207-4370] built-in candidate operator+(__int128, int) (DigitCaps.cpp:153:32)
INFO: [HLS 207-4370] built-in candidate operator+(__int128, long) (DigitCaps.cpp:153:32)
INFO: [HLS 207-4370] built-in candidate operator+(__int128, long long) (DigitCaps.cpp:153:32)
INFO: [HLS 207-4370] built-in candidate operator+(__int128, __int128) (DigitCaps.cpp:153:32)
INFO: [HLS 207-4370] built-in candidate operator+(__int128, unsigned int) (DigitCaps.cpp:153:32)
INFO: [HLS 207-4370] built-in candidate operator+(__int128, unsigned long) (DigitCaps.cpp:153:32)
INFO: [HLS 207-4370] built-in candidate operator+(__int128, unsigned long long) (DigitCaps.cpp:153:32)
INFO: [HLS 207-4370] built-in candidate operator+(__int128, unsigned __int128) (DigitCaps.cpp:153:32)
INFO: [HLS 207-4370] built-in candidate operator+(unsigned int, float) (DigitCaps.cpp:153:32)
INFO: [HLS 207-4370] built-in candidate operator+(unsigned int, long double) (DigitCaps.cpp:153:32)
INFO: [HLS 207-4370] built-in candidate operator+(unsigned int, __float128) (DigitCaps.cpp:153:32)
INFO: [HLS 207-4370] built-in candidate operator+(unsigned int, int) (DigitCaps.cpp:153:32)
INFO: [HLS 207-4370] built-in candidate operator+(unsigned int, long) (DigitCaps.cpp:153:32)
INFO: [HLS 207-4370] built-in candidate operator+(unsigned int, long long) (DigitCaps.cpp:153:32)
INFO: [HLS 207-4370] built-in candidate operator+(unsigned int, __int128) (DigitCaps.cpp:153:32)
INFO: [HLS 207-4370] built-in candidate operator+(unsigned int, unsigned int) (DigitCaps.cpp:153:32)
INFO: [HLS 207-4370] built-in candidate operator+(unsigned int, unsigned long) (DigitCaps.cpp:153:32)
INFO: [HLS 207-4370] built-in candidate operator+(unsigned int, unsigned long long) (DigitCaps.cpp:153:32)
INFO: [HLS 207-4370] built-in candidate operator+(unsigned int, unsigned __int128) (DigitCaps.cpp:153:32)
INFO: [HLS 207-4370] built-in candidate operator+(unsigned long, float) (DigitCaps.cpp:153:32)
INFO: [HLS 207-4370] built-in candidate operator+(unsigned long, long double) (DigitCaps.cpp:153:32)
INFO: [HLS 207-4370] built-in candidate operator+(unsigned long, __float128) (DigitCaps.cpp:153:32)
INFO: [HLS 207-4370] built-in candidate operator+(unsigned long, int) (DigitCaps.cpp:153:32)
INFO: [HLS 207-4370] built-in candidate operator+(unsigned long, long) (DigitCaps.cpp:153:32)
INFO: [HLS 207-4370] built-in candidate operator+(unsigned long, long long) (DigitCaps.cpp:153:32)
INFO: [HLS 207-4370] built-in candidate operator+(unsigned long, __int128) (DigitCaps.cpp:153:32)
INFO: [HLS 207-4370] built-in candidate operator+(unsigned long, unsigned int) (DigitCaps.cpp:153:32)
INFO: [HLS 207-4370] built-in candidate operator+(unsigned long, unsigned long) (DigitCaps.cpp:153:32)
INFO: [HLS 207-4370] built-in candidate operator+(unsigned long, unsigned long long) (DigitCaps.cpp:153:32)
INFO: [HLS 207-4370] built-in candidate operator+(unsigned long, unsigned __int128) (DigitCaps.cpp:153:32)
INFO: [HLS 207-4370] built-in candidate operator+(unsigned long long, float) (DigitCaps.cpp:153:32)
INFO: [HLS 207-4370] built-in candidate operator+(unsigned long long, long double) (DigitCaps.cpp:153:32)
INFO: [HLS 207-4370] built-in candidate operator+(unsigned long long, __float128) (DigitCaps.cpp:153:32)
INFO: [HLS 207-4370] built-in candidate operator+(unsigned long long, int) (DigitCaps.cpp:153:32)
INFO: [HLS 207-4370] built-in candidate operator+(unsigned long long, long) (DigitCaps.cpp:153:32)
INFO: [HLS 207-4370] built-in candidate operator+(unsigned long long, long long) (DigitCaps.cpp:153:32)
INFO: [HLS 207-4370] built-in candidate operator+(unsigned long long, __int128) (DigitCaps.cpp:153:32)
INFO: [HLS 207-4370] built-in candidate operator+(unsigned long long, unsigned int) (DigitCaps.cpp:153:32)
INFO: [HLS 207-4370] built-in candidate operator+(unsigned long long, unsigned long) (DigitCaps.cpp:153:32)
INFO: [HLS 207-4370] built-in candidate operator+(unsigned long long, unsigned long long) (DigitCaps.cpp:153:32)
INFO: [HLS 207-4370] built-in candidate operator+(unsigned long long, unsigned __int128) (DigitCaps.cpp:153:32)
INFO: [HLS 207-4370] built-in candidate operator+(unsigned __int128, float) (DigitCaps.cpp:153:32)
INFO: [HLS 207-4370] built-in candidate operator+(unsigned __int128, long double) (DigitCaps.cpp:153:32)
INFO: [HLS 207-4370] built-in candidate operator+(unsigned __int128, __float128) (DigitCaps.cpp:153:32)
INFO: [HLS 207-4370] built-in candidate operator+(unsigned __int128, int) (DigitCaps.cpp:153:32)
INFO: [HLS 207-4370] built-in candidate operator+(unsigned __int128, long) (DigitCaps.cpp:153:32)
INFO: [HLS 207-4370] built-in candidate operator+(unsigned __int128, long long) (DigitCaps.cpp:153:32)
INFO: [HLS 207-4370] built-in candidate operator+(unsigned __int128, __int128) (DigitCaps.cpp:153:32)
INFO: [HLS 207-4370] built-in candidate operator+(unsigned __int128, unsigned int) (DigitCaps.cpp:153:32)
INFO: [HLS 207-4370] built-in candidate operator+(unsigned __int128, unsigned long) (DigitCaps.cpp:153:32)
INFO: [HLS 207-4370] built-in candidate operator+(unsigned __int128, unsigned long long) (DigitCaps.cpp:153:32)
INFO: [HLS 207-4370] built-in candidate operator+(unsigned __int128, unsigned __int128) (DigitCaps.cpp:153:32)
ERROR: [HLS 207-3325] use of overloaded operator '+' is ambiguous (with operand types 'double' and 'fixed_t' (aka 'ap_fixed<32, 16>')) (DigitCaps.cpp:208:31)
INFO: [HLS 207-4372] candidate function [with _AP_W = 32, _AP_I = 16, _AP_S = true, _AP_Q = AP_TRN, _AP_O = AP_WRAP, _AP_N = 0] (/home/jjos425/Desktop/P4P33-2024/Vitis_HLS/2024.1/common/technology/autopilot/etc/ap_fixed_base.h:2372:633)
INFO: [HLS 207-4372] candidate function [with _AP_W = 32, _AP_I = 16, _AP_S = true, _AP_Q = AP_TRN, _AP_O = AP_WRAP, _AP_N = 0] (/home/jjos425/Desktop/P4P33-2024/Vitis_HLS/2024.1/common/technology/autopilot/etc/ap_fixed_base.h:2373:660)
INFO: [HLS 207-4372] candidate function [with _AP_W = 32, _AP_I = 16, _AP_S = true, _AP_Q = AP_TRN, _AP_O = AP_WRAP, _AP_N = 0] (/home/jjos425/Desktop/P4P33-2024/Vitis_HLS/2024.1/common/technology/autopilot/etc/ap_fixed_base.h:2374:637)
INFO: [HLS 207-4372] candidate function [with _AP_W = 32, _AP_I = 16, _AP_S = true, _AP_Q = AP_TRN, _AP_O = AP_WRAP, _AP_N = 0] (/home/jjos425/Desktop/P4P33-2024/Vitis_HLS/2024.1/common/technology/autopilot/etc/ap_fixed_base.h:2375:642)
INFO: [HLS 207-4372] candidate function [with _AP_W = 32, _AP_I = 16, _AP_S = true, _AP_Q = AP_TRN, _AP_O = AP_WRAP, _AP_N = 0] (/home/jjos425/Desktop/P4P33-2024/Vitis_HLS/2024.1/common/technology/autopilot/etc/ap_fixed_base.h:2376:709)
INFO: [HLS 207-4372] candidate function [with _AP_W = 32, _AP_I = 16, _AP_S = true, _AP_Q = AP_TRN, _AP_O = AP_WRAP, _AP_N = 0] (/home/jjos425/Desktop/P4P33-2024/Vitis_HLS/2024.1/common/technology/autopilot/etc/ap_fixed_base.h:2377:721)
INFO: [HLS 207-4372] candidate function [with _AP_W = 32, _AP_I = 16, _AP_S = true, _AP_Q = AP_TRN, _AP_O = AP_WRAP, _AP_N = 0] (/home/jjos425/Desktop/P4P33-2024/Vitis_HLS/2024.1/common/technology/autopilot/etc/ap_fixed_base.h:2378:695)
INFO: [HLS 207-4372] candidate function [with _AP_W = 32, _AP_I = 16, _AP_S = true, _AP_Q = AP_TRN, _AP_O = AP_WRAP, _AP_N = 0] (/home/jjos425/Desktop/P4P33-2024/Vitis_HLS/2024.1/common/technology/autopilot/etc/ap_fixed_base.h:2379:707)
INFO: [HLS 207-4372] candidate function [with _AP_W = 32, _AP_I = 16, _AP_S = true, _AP_Q = AP_TRN, _AP_O = AP_WRAP, _AP_N = 0] (/home/jjos425/Desktop/P4P33-2024/Vitis_HLS/2024.1/common/technology/autopilot/etc/ap_fixed_base.h:2380:702)
INFO: [HLS 207-4372] candidate function [with _AP_W = 32, _AP_I = 16, _AP_S = true, _AP_Q = AP_TRN, _AP_O = AP_WRAP, _AP_N = 0] (/home/jjos425/Desktop/P4P33-2024/Vitis_HLS/2024.1/common/technology/autopilot/etc/ap_fixed_base.h:2381:714)
INFO: [HLS 207-4372] candidate function [with _AP_W = 32, _AP_I = 16, _AP_S = true, _AP_Q = AP_TRN, _AP_O = AP_WRAP, _AP_N = 0] (/home/jjos425/Desktop/P4P33-2024/Vitis_HLS/2024.1/common/technology/autopilot/etc/ap_fixed_base.h:2382:730)
INFO: [HLS 207-4372] candidate function [with _AP_W = 32, _AP_I = 16, _AP_S = true, _AP_Q = AP_TRN, _AP_O = AP_WRAP, _AP_N = 0] (/home/jjos425/Desktop/P4P33-2024/Vitis_HLS/2024.1/common/technology/autopilot/etc/ap_fixed_base.h:2383:733)
INFO: [HLS 207-4370] built-in candidate operator+(double, float) (DigitCaps.cpp:208:31)
INFO: [HLS 207-4370] built-in candidate operator+(double, double) (DigitCaps.cpp:208:31)
INFO: [HLS 207-4370] built-in candidate operator+(double, long double) (DigitCaps.cpp:208:31)
INFO: [HLS 207-4370] built-in candidate operator+(double, __float128) (DigitCaps.cpp:208:31)
INFO: [HLS 207-4370] built-in candidate operator+(double, int) (DigitCaps.cpp:208:31)
INFO: [HLS 207-4370] built-in candidate operator+(double, long) (DigitCaps.cpp:208:31)
INFO: [HLS 207-4370] built-in candidate operator+(double, long long) (DigitCaps.cpp:208:31)
INFO: [HLS 207-4370] built-in candidate operator+(double, __int128) (DigitCaps.cpp:208:31)
INFO: [HLS 207-4370] built-in candidate operator+(double, unsigned int) (DigitCaps.cpp:208:31)
INFO: [HLS 207-4370] built-in candidate operator+(double, unsigned long) (DigitCaps.cpp:208:31)
INFO: [HLS 207-4370] built-in candidate operator+(double, unsigned long long) (DigitCaps.cpp:208:31)
INFO: [HLS 207-4370] built-in candidate operator+(double, unsigned __int128) (DigitCaps.cpp:208:31)
INFO: [HLS 207-4370] built-in candidate operator+(float, float) (DigitCaps.cpp:208:31)
INFO: [HLS 207-4370] built-in candidate operator+(float, double) (DigitCaps.cpp:208:31)
INFO: [HLS 207-4370] built-in candidate operator+(float, long double) (DigitCaps.cpp:208:31)
INFO: [HLS 207-4370] built-in candidate operator+(float, __float128) (DigitCaps.cpp:208:31)
INFO: [HLS 207-4370] built-in candidate operator+(float, int) (DigitCaps.cpp:208:31)
INFO: [HLS 207-4370] built-in candidate operator+(float, long) (DigitCaps.cpp:208:31)
INFO: [HLS 207-4370] built-in candidate operator+(float, long long) (DigitCaps.cpp:208:31)
INFO: [HLS 207-4370] built-in candidate operator+(float, __int128) (DigitCaps.cpp:208:31)
INFO: [HLS 207-4370] built-in candidate operator+(float, unsigned int) (DigitCaps.cpp:208:31)
INFO: [HLS 207-4370] built-in candidate operator+(float, unsigned long) (DigitCaps.cpp:208:31)
INFO: [HLS 207-4370] built-in candidate operator+(float, unsigned long long) (DigitCaps.cpp:208:31)
INFO: [HLS 207-4370] built-in candidate operator+(float, unsigned __int128) (DigitCaps.cpp:208:31)
INFO: [HLS 207-4370] built-in candidate operator+(long double, float) (DigitCaps.cpp:208:31)
INFO: [HLS 207-4370] built-in candidate operator+(long double, double) (DigitCaps.cpp:208:31)
INFO: [HLS 207-4370] built-in candidate operator+(long double, long double) (DigitCaps.cpp:208:31)
INFO: [HLS 207-4370] built-in candidate operator+(long double, __float128) (DigitCaps.cpp:208:31)
INFO: [HLS 207-4370] built-in candidate operator+(long double, int) (DigitCaps.cpp:208:31)
INFO: [HLS 207-4370] built-in candidate operator+(long double, long) (DigitCaps.cpp:208:31)
INFO: [HLS 207-4370] built-in candidate operator+(long double, long long) (DigitCaps.cpp:208:31)
INFO: [HLS 207-4370] built-in candidate operator+(long double, __int128) (DigitCaps.cpp:208:31)
INFO: [HLS 207-4370] built-in candidate operator+(long double, unsigned int) (DigitCaps.cpp:208:31)
INFO: [HLS 207-4370] built-in candidate operator+(long double, unsigned long) (DigitCaps.cpp:208:31)
INFO: [HLS 207-4370] built-in candidate operator+(long double, unsigned long long) (DigitCaps.cpp:208:31)
INFO: [HLS 207-4370] built-in candidate operator+(long double, unsigned __int128) (DigitCaps.cpp:208:31)
INFO: [HLS 207-4370] built-in candidate operator+(__float128, float) (DigitCaps.cpp:208:31)
INFO: [HLS 207-4370] built-in candidate operator+(__float128, double) (DigitCaps.cpp:208:31)
INFO: [HLS 207-4370] built-in candidate operator+(__float128, long double) (DigitCaps.cpp:208:31)
INFO: [HLS 207-4370] built-in candidate operator+(__float128, __float128) (DigitCaps.cpp:208:31)
INFO: [HLS 207-4370] built-in candidate operator+(__float128, int) (DigitCaps.cpp:208:31)
INFO: [HLS 207-4370] built-in candidate operator+(__float128, long) (DigitCaps.cpp:208:31)
INFO: [HLS 207-4370] built-in candidate operator+(__float128, long long) (DigitCaps.cpp:208:31)
INFO: [HLS 207-4370] built-in candidate operator+(__float128, __int128) (DigitCaps.cpp:208:31)
INFO: [HLS 207-4370] built-in candidate operator+(__float128, unsigned int) (DigitCaps.cpp:208:31)
INFO: [HLS 207-4370] built-in candidate operator+(__float128, unsigned long) (DigitCaps.cpp:208:31)
INFO: [HLS 207-4370] built-in candidate operator+(__float128, unsigned long long) (DigitCaps.cpp:208:31)
INFO: [HLS 207-4370] built-in candidate operator+(__float128, unsigned __int128) (DigitCaps.cpp:208:31)
INFO: [HLS 207-4370] built-in candidate operator+(int, float) (DigitCaps.cpp:208:31)
INFO: [HLS 207-4370] built-in candidate operator+(int, double) (DigitCaps.cpp:208:31)
INFO: [HLS 207-4370] built-in candidate operator+(int, long double) (DigitCaps.cpp:208:31)
INFO: [HLS 207-4370] built-in candidate operator+(int, __float128) (DigitCaps.cpp:208:31)
INFO: [HLS 207-4370] built-in candidate operator+(int, int) (DigitCaps.cpp:208:31)
INFO: [HLS 207-4370] built-in candidate operator+(int, long) (DigitCaps.cpp:208:31)
INFO: [HLS 207-4370] built-in candidate operator+(int, long long) (DigitCaps.cpp:208:31)
INFO: [HLS 207-4370] built-in candidate operator+(int, __int128) (DigitCaps.cpp:208:31)
INFO: [HLS 207-4370] built-in candidate operator+(int, unsigned int) (DigitCaps.cpp:208:31)
INFO: [HLS 207-4370] built-in candidate operator+(int, unsigned long) (DigitCaps.cpp:208:31)
INFO: [HLS 207-4370] built-in candidate operator+(int, unsigned long long) (DigitCaps.cpp:208:31)
INFO: [HLS 207-4370] built-in candidate operator+(int, unsigned __int128) (DigitCaps.cpp:208:31)
INFO: [HLS 207-4370] built-in candidate operator+(long, float) (DigitCaps.cpp:208:31)
INFO: [HLS 207-4370] built-in candidate operator+(long, double) (DigitCaps.cpp:208:31)
INFO: [HLS 207-4370] built-in candidate operator+(long, long double) (DigitCaps.cpp:208:31)
INFO: [HLS 207-4370] built-in candidate operator+(long, __float128) (DigitCaps.cpp:208:31)
INFO: [HLS 207-4370] built-in candidate operator+(long, int) (DigitCaps.cpp:208:31)
INFO: [HLS 207-4370] built-in candidate operator+(long, long) (DigitCaps.cpp:208:31)
INFO: [HLS 207-4370] built-in candidate operator+(long, long long) (DigitCaps.cpp:208:31)
INFO: [HLS 207-4370] built-in candidate operator+(long, __int128) (DigitCaps.cpp:208:31)
INFO: [HLS 207-4370] built-in candidate operator+(long, unsigned int) (DigitCaps.cpp:208:31)
INFO: [HLS 207-4370] built-in candidate operator+(long, unsigned long) (DigitCaps.cpp:208:31)
INFO: [HLS 207-4370] built-in candidate operator+(long, unsigned long long) (DigitCaps.cpp:208:31)
INFO: [HLS 207-4370] built-in candidate operator+(long, unsigned __int128) (DigitCaps.cpp:208:31)
INFO: [HLS 207-4370] built-in candidate operator+(long long, float) (DigitCaps.cpp:208:31)
INFO: [HLS 207-4370] built-in candidate operator+(long long, double) (DigitCaps.cpp:208:31)
INFO: [HLS 207-4370] built-in candidate operator+(long long, long double) (DigitCaps.cpp:208:31)
INFO: [HLS 207-4370] built-in candidate operator+(long long, __float128) (DigitCaps.cpp:208:31)
INFO: [HLS 207-4370] built-in candidate operator+(long long, int) (DigitCaps.cpp:208:31)
INFO: [HLS 207-4370] built-in candidate operator+(long long, long) (DigitCaps.cpp:208:31)
INFO: [HLS 207-4370] built-in candidate operator+(long long, long long) (DigitCaps.cpp:208:31)
INFO: [HLS 207-4370] built-in candidate operator+(long long, __int128) (DigitCaps.cpp:208:31)
INFO: [HLS 207-4370] built-in candidate operator+(long long, unsigned int) (DigitCaps.cpp:208:31)
INFO: [HLS 207-4370] built-in candidate operator+(long long, unsigned long) (DigitCaps.cpp:208:31)
INFO: [HLS 207-4370] built-in candidate operator+(long long, unsigned long long) (DigitCaps.cpp:208:31)
INFO: [HLS 207-4370] built-in candidate operator+(long long, unsigned __int128) (DigitCaps.cpp:208:31)
INFO: [HLS 207-4370] built-in candidate operator+(__int128, float) (DigitCaps.cpp:208:31)
INFO: [HLS 207-4370] built-in candidate operator+(__int128, double) (DigitCaps.cpp:208:31)
INFO: [HLS 207-4370] built-in candidate operator+(__int128, long double) (DigitCaps.cpp:208:31)
INFO: [HLS 207-4370] built-in candidate operator+(__int128, __float128) (DigitCaps.cpp:208:31)
INFO: [HLS 207-4370] built-in candidate operator+(__int128, int) (DigitCaps.cpp:208:31)
INFO: [HLS 207-4370] built-in candidate operator+(__int128, long) (DigitCaps.cpp:208:31)
INFO: [HLS 207-4370] built-in candidate operator+(__int128, long long) (DigitCaps.cpp:208:31)
INFO: [HLS 207-4370] built-in candidate operator+(__int128, __int128) (DigitCaps.cpp:208:31)
INFO: [HLS 207-4370] built-in candidate operator+(__int128, unsigned int) (DigitCaps.cpp:208:31)
INFO: [HLS 207-4370] built-in candidate operator+(__int128, unsigned long) (DigitCaps.cpp:208:31)
INFO: [HLS 207-4370] built-in candidate operator+(__int128, unsigned long long) (DigitCaps.cpp:208:31)
INFO: [HLS 207-4370] built-in candidate operator+(__int128, unsigned __int128) (DigitCaps.cpp:208:31)
INFO: [HLS 207-4370] built-in candidate operator+(unsigned int, float) (DigitCaps.cpp:208:31)
INFO: [HLS 207-4370] built-in candidate operator+(unsigned int, double) (DigitCaps.cpp:208:31)
INFO: [HLS 207-4370] built-in candidate operator+(unsigned int, long double) (DigitCaps.cpp:208:31)
INFO: [HLS 207-4370] built-in candidate operator+(unsigned int, __float128) (DigitCaps.cpp:208:31)
INFO: [HLS 207-4370] built-in candidate operator+(unsigned int, int) (DigitCaps.cpp:208:31)
INFO: [HLS 207-4370] built-in candidate operator+(unsigned int, long) (DigitCaps.cpp:208:31)
INFO: [HLS 207-4370] built-in candidate operator+(unsigned int, long long) (DigitCaps.cpp:208:31)
INFO: [HLS 207-4370] built-in candidate operator+(unsigned int, __int128) (DigitCaps.cpp:208:31)
INFO: [HLS 207-4370] built-in candidate operator+(unsigned int, unsigned int) (DigitCaps.cpp:208:31)
INFO: [HLS 207-4370] built-in candidate operator+(unsigned int, unsigned long) (DigitCaps.cpp:208:31)
INFO: [HLS 207-4370] built-in candidate operator+(unsigned int, unsigned long long) (DigitCaps.cpp:208:31)
INFO: [HLS 207-4370] built-in candidate operator+(unsigned int, unsigned __int128) (DigitCaps.cpp:208:31)
INFO: [HLS 207-4370] built-in candidate operator+(unsigned long, float) (DigitCaps.cpp:208:31)
INFO: [HLS 207-4370] built-in candidate operator+(unsigned long, double) (DigitCaps.cpp:208:31)
INFO: [HLS 207-4370] built-in candidate operator+(unsigned long, long double) (DigitCaps.cpp:208:31)
INFO: [HLS 207-4370] built-in candidate operator+(unsigned long, __float128) (DigitCaps.cpp:208:31)
INFO: [HLS 207-4370] built-in candidate operator+(unsigned long, int) (DigitCaps.cpp:208:31)
INFO: [HLS 207-4370] built-in candidate operator+(unsigned long, long) (DigitCaps.cpp:208:31)
INFO: [HLS 207-4370] built-in candidate operator+(unsigned long, long long) (DigitCaps.cpp:208:31)
INFO: [HLS 207-4370] built-in candidate operator+(unsigned long, __int128) (DigitCaps.cpp:208:31)
INFO: [HLS 207-4370] built-in candidate operator+(unsigned long, unsigned int) (DigitCaps.cpp:208:31)
INFO: [HLS 207-4370] built-in candidate operator+(unsigned long, unsigned long) (DigitCaps.cpp:208:31)
INFO: [HLS 207-4370] built-in candidate operator+(unsigned long, unsigned long long) (DigitCaps.cpp:208:31)
INFO: [HLS 207-4370] built-in candidate operator+(unsigned long, unsigned __int128) (DigitCaps.cpp:208:31)
INFO: [HLS 207-4370] built-in candidate operator+(unsigned long long, float) (DigitCaps.cpp:208:31)
INFO: [HLS 207-4370] built-in candidate operator+(unsigned long long, double) (DigitCaps.cpp:208:31)
INFO: [HLS 207-4370] built-in candidate operator+(unsigned long long, long double) (DigitCaps.cpp:208:31)
INFO: [HLS 207-4370] built-in candidate operator+(unsigned long long, __float128) (DigitCaps.cpp:208:31)
INFO: [HLS 207-4370] built-in candidate operator+(unsigned long long, int) (DigitCaps.cpp:208:31)
INFO: [HLS 207-4370] built-in candidate operator+(unsigned long long, long) (DigitCaps.cpp:208:31)
INFO: [HLS 207-4370] built-in candidate operator+(unsigned long long, long long) (DigitCaps.cpp:208:31)
INFO: [HLS 207-4370] built-in candidate operator+(unsigned long long, __int128) (DigitCaps.cpp:208:31)
INFO: [HLS 207-4370] built-in candidate operator+(unsigned long long, unsigned int) (DigitCaps.cpp:208:31)
INFO: [HLS 207-4370] built-in candidate operator+(unsigned long long, unsigned long) (DigitCaps.cpp:208:31)
INFO: [HLS 207-4370] built-in candidate operator+(unsigned long long, unsigned long long) (DigitCaps.cpp:208:31)
INFO: [HLS 207-4370] built-in candidate operator+(unsigned long long, unsigned __int128) (DigitCaps.cpp:208:31)
INFO: [HLS 207-4370] built-in candidate operator+(unsigned __int128, float) (DigitCaps.cpp:208:31)
INFO: [HLS 207-4370] built-in candidate operator+(unsigned __int128, double) (DigitCaps.cpp:208:31)
INFO: [HLS 207-4370] built-in candidate operator+(unsigned __int128, long double) (DigitCaps.cpp:208:31)
INFO: [HLS 207-4370] built-in candidate operator+(unsigned __int128, __float128) (DigitCaps.cpp:208:31)
INFO: [HLS 207-4370] built-in candidate operator+(unsigned __int128, int) (DigitCaps.cpp:208:31)
INFO: [HLS 207-4370] built-in candidate operator+(unsigned __int128, long) (DigitCaps.cpp:208:31)
INFO: [HLS 207-4370] built-in candidate operator+(unsigned __int128, long long) (DigitCaps.cpp:208:31)
INFO: [HLS 207-4370] built-in candidate operator+(unsigned __int128, __int128) (DigitCaps.cpp:208:31)
INFO: [HLS 207-4370] built-in candidate operator+(unsigned __int128, unsigned int) (DigitCaps.cpp:208:31)
INFO: [HLS 207-4370] built-in candidate operator+(unsigned __int128, unsigned long) (DigitCaps.cpp:208:31)
INFO: [HLS 207-4370] built-in candidate operator+(unsigned __int128, unsigned long long) (DigitCaps.cpp:208:31)
INFO: [HLS 207-4370] built-in candidate operator+(unsigned __int128, unsigned __int128) (DigitCaps.cpp:208:31)
ERROR: [HLS 207-3325] use of overloaded operator '+' is ambiguous (with operand types 'fixed_t' (aka 'ap_fixed<32, 16>') and 'double') (DigitCaps.cpp:208:67)
INFO: [HLS 207-4370] built-in candidate operator+(float, double) (DigitCaps.cpp:208:67)
INFO: [HLS 207-4370] built-in candidate operator+(double, double) (DigitCaps.cpp:208:67)
INFO: [HLS 207-4370] built-in candidate operator+(long double, double) (DigitCaps.cpp:208:67)
INFO: [HLS 207-4370] built-in candidate operator+(__float128, double) (DigitCaps.cpp:208:67)
INFO: [HLS 207-4370] built-in candidate operator+(int, double) (DigitCaps.cpp:208:67)
INFO: [HLS 207-4370] built-in candidate operator+(long, double) (DigitCaps.cpp:208:67)
INFO: [HLS 207-4370] built-in candidate operator+(long long, double) (DigitCaps.cpp:208:67)
INFO: [HLS 207-4370] built-in candidate operator+(__int128, double) (DigitCaps.cpp:208:67)
INFO: [HLS 207-4370] built-in candidate operator+(unsigned int, double) (DigitCaps.cpp:208:67)
INFO: [HLS 207-4370] built-in candidate operator+(unsigned long, double) (DigitCaps.cpp:208:67)
INFO: [HLS 207-4370] built-in candidate operator+(unsigned long long, double) (DigitCaps.cpp:208:67)
INFO: [HLS 207-4370] built-in candidate operator+(unsigned __int128, double) (DigitCaps.cpp:208:67)
INFO: [HLS 207-4370] built-in candidate operator+(float, float) (DigitCaps.cpp:208:67)
INFO: [HLS 207-4370] built-in candidate operator+(float, long double) (DigitCaps.cpp:208:67)
INFO: [HLS 207-4370] built-in candidate operator+(float, __float128) (DigitCaps.cpp:208:67)
INFO: [HLS 207-4370] built-in candidate operator+(float, int) (DigitCaps.cpp:208:67)
INFO: [HLS 207-4370] built-in candidate operator+(float, long) (DigitCaps.cpp:208:67)
INFO: [HLS 207-4370] built-in candidate operator+(float, long long) (DigitCaps.cpp:208:67)
INFO: [HLS 207-4370] built-in candidate operator+(float, __int128) (DigitCaps.cpp:208:67)
INFO: [HLS 207-4370] built-in candidate operator+(float, unsigned int) (DigitCaps.cpp:208:67)
INFO: [HLS 207-4370] built-in candidate operator+(float, unsigned long) (DigitCaps.cpp:208:67)
INFO: [HLS 207-4370] built-in candidate operator+(float, unsigned long long) (DigitCaps.cpp:208:67)
INFO: [HLS 207-4370] built-in candidate operator+(float, unsigned __int128) (DigitCaps.cpp:208:67)
INFO: [HLS 207-4370] built-in candidate operator+(double, float) (DigitCaps.cpp:208:67)
INFO: [HLS 207-4370] built-in candidate operator+(double, long double) (DigitCaps.cpp:208:67)
INFO: [HLS 207-4370] built-in candidate operator+(double, __float128) (DigitCaps.cpp:208:67)
INFO: [HLS 207-4370] built-in candidate operator+(double, int) (DigitCaps.cpp:208:67)
INFO: [HLS 207-4370] built-in candidate operator+(double, long) (DigitCaps.cpp:208:67)
INFO: [HLS 207-4370] built-in candidate operator+(double, long long) (DigitCaps.cpp:208:67)
INFO: [HLS 207-4370] built-in candidate operator+(double, __int128) (DigitCaps.cpp:208:67)
INFO: [HLS 207-4370] built-in candidate operator+(double, unsigned int) (DigitCaps.cpp:208:67)
INFO: [HLS 207-4370] built-in candidate operator+(double, unsigned long) (DigitCaps.cpp:208:67)
INFO: [HLS 207-4370] built-in candidate operator+(double, unsigned long long) (DigitCaps.cpp:208:67)
INFO: [HLS 207-4370] built-in candidate operator+(double, unsigned __int128) (DigitCaps.cpp:208:67)
INFO: [HLS 207-4370] built-in candidate operator+(long double, float) (DigitCaps.cpp:208:67)
INFO: [HLS 207-4370] built-in candidate operator+(long double, long double) (DigitCaps.cpp:208:67)
INFO: [HLS 207-4370] built-in candidate operator+(long double, __float128) (DigitCaps.cpp:208:67)
INFO: [HLS 207-4370] built-in candidate operator+(long double, int) (DigitCaps.cpp:208:67)
INFO: [HLS 207-4370] built-in candidate operator+(long double, long) (DigitCaps.cpp:208:67)
INFO: [HLS 207-4370] built-in candidate operator+(long double, long long) (DigitCaps.cpp:208:67)
INFO: [HLS 207-4370] built-in candidate operator+(long double, __int128) (DigitCaps.cpp:208:67)
INFO: [HLS 207-4370] built-in candidate operator+(long double, unsigned int) (DigitCaps.cpp:208:67)
INFO: [HLS 207-4370] built-in candidate operator+(long double, unsigned long) (DigitCaps.cpp:208:67)
INFO: [HLS 207-4370] built-in candidate operator+(long double, unsigned long long) (DigitCaps.cpp:208:67)
INFO: [HLS 207-4370] built-in candidate operator+(long double, unsigned __int128) (DigitCaps.cpp:208:67)
INFO: [HLS 207-4370] built-in candidate operator+(__float128, float) (DigitCaps.cpp:208:67)
INFO: [HLS 207-4370] built-in candidate operator+(__float128, long double) (DigitCaps.cpp:208:67)
INFO: [HLS 207-4370] built-in candidate operator+(__float128, __float128) (DigitCaps.cpp:208:67)
INFO: [HLS 207-4370] built-in candidate operator+(__float128, int) (DigitCaps.cpp:208:67)
INFO: [HLS 207-4370] built-in candidate operator+(__float128, long) (DigitCaps.cpp:208:67)
INFO: [HLS 207-4370] built-in candidate operator+(__float128, long long) (DigitCaps.cpp:208:67)
INFO: [HLS 207-4370] built-in candidate operator+(__float128, __int128) (DigitCaps.cpp:208:67)
INFO: [HLS 207-4370] built-in candidate operator+(__float128, unsigned int) (DigitCaps.cpp:208:67)
INFO: [HLS 207-4370] built-in candidate operator+(__float128, unsigned long) (DigitCaps.cpp:208:67)
INFO: [HLS 207-4370] built-in candidate operator+(__float128, unsigned long long) (DigitCaps.cpp:208:67)
INFO: [HLS 207-4370] built-in candidate operator+(__float128, unsigned __int128) (DigitCaps.cpp:208:67)
INFO: [HLS 207-4370] built-in candidate operator+(int, float) (DigitCaps.cpp:208:67)
INFO: [HLS 207-4370] built-in candidate operator+(int, long double) (DigitCaps.cpp:208:67)
INFO: [HLS 207-4370] built-in candidate operator+(int, __float128) (DigitCaps.cpp:208:67)
INFO: [HLS 207-4370] built-in candidate operator+(int, int) (DigitCaps.cpp:208:67)
INFO: [HLS 207-4370] built-in candidate operator+(int, long) (DigitCaps.cpp:208:67)
INFO: [HLS 207-4370] built-in candidate operator+(int, long long) (DigitCaps.cpp:208:67)
INFO: [HLS 207-4370] built-in candidate operator+(int, __int128) (DigitCaps.cpp:208:67)
INFO: [HLS 207-4370] built-in candidate operator+(int, unsigned int) (DigitCaps.cpp:208:67)
INFO: [HLS 207-4370] built-in candidate operator+(int, unsigned long) (DigitCaps.cpp:208:67)
INFO: [HLS 207-4370] built-in candidate operator+(int, unsigned long long) (DigitCaps.cpp:208:67)
INFO: [HLS 207-4370] built-in candidate operator+(int, unsigned __int128) (DigitCaps.cpp:208:67)
INFO: [HLS 207-4370] built-in candidate operator+(long, float) (DigitCaps.cpp:208:67)
INFO: [HLS 207-4370] built-in candidate operator+(long, long double) (DigitCaps.cpp:208:67)
INFO: [HLS 207-4370] built-in candidate operator+(long, __float128) (DigitCaps.cpp:208:67)
INFO: [HLS 207-4370] built-in candidate operator+(long, int) (DigitCaps.cpp:208:67)
INFO: [HLS 207-4370] built-in candidate operator+(long, long) (DigitCaps.cpp:208:67)
INFO: [HLS 207-4370] built-in candidate operator+(long, long long) (DigitCaps.cpp:208:67)
INFO: [HLS 207-4370] built-in candidate operator+(long, __int128) (DigitCaps.cpp:208:67)
INFO: [HLS 207-4370] built-in candidate operator+(long, unsigned int) (DigitCaps.cpp:208:67)
INFO: [HLS 207-4370] built-in candidate operator+(long, unsigned long) (DigitCaps.cpp:208:67)
INFO: [HLS 207-4370] built-in candidate operator+(long, unsigned long long) (DigitCaps.cpp:208:67)
INFO: [HLS 207-4370] built-in candidate operator+(long, unsigned __int128) (DigitCaps.cpp:208:67)
INFO: [HLS 207-4370] built-in candidate operator+(long long, float) (DigitCaps.cpp:208:67)
INFO: [HLS 207-4370] built-in candidate operator+(long long, long double) (DigitCaps.cpp:208:67)
INFO: [HLS 207-4370] built-in candidate operator+(long long, __float128) (DigitCaps.cpp:208:67)
INFO: [HLS 207-4370] built-in candidate operator+(long long, int) (DigitCaps.cpp:208:67)
INFO: [HLS 207-4370] built-in candidate operator+(long long, long) (DigitCaps.cpp:208:67)
INFO: [HLS 207-4370] built-in candidate operator+(long long, long long) (DigitCaps.cpp:208:67)
INFO: [HLS 207-4370] built-in candidate operator+(long long, __int128) (DigitCaps.cpp:208:67)
INFO: [HLS 207-4370] built-in candidate operator+(long long, unsigned int) (DigitCaps.cpp:208:67)
INFO: [HLS 207-4370] built-in candidate operator+(long long, unsigned long) (DigitCaps.cpp:208:67)
INFO: [HLS 207-4370] built-in candidate operator+(long long, unsigned long long) (DigitCaps.cpp:208:67)
INFO: [HLS 207-4370] built-in candidate operator+(long long, unsigned __int128) (DigitCaps.cpp:208:67)
INFO: [HLS 207-4370] built-in candidate operator+(__int128, float) (DigitCaps.cpp:208:67)
INFO: [HLS 207-4370] built-in candidate operator+(__int128, long double) (DigitCaps.cpp:208:67)
INFO: [HLS 207-4370] built-in candidate operator+(__int128, __float128) (DigitCaps.cpp:208:67)
INFO: [HLS 207-4370] built-in candidate operator+(__int128, int) (DigitCaps.cpp:208:67)
INFO: [HLS 207-4370] built-in candidate operator+(__int128, long) (DigitCaps.cpp:208:67)
INFO: [HLS 207-4370] built-in candidate operator+(__int128, long long) (DigitCaps.cpp:208:67)
INFO: [HLS 207-4370] built-in candidate operator+(__int128, __int128) (DigitCaps.cpp:208:67)
INFO: [HLS 207-4370] built-in candidate operator+(__int128, unsigned int) (DigitCaps.cpp:208:67)
INFO: [HLS 207-4370] built-in candidate operator+(__int128, unsigned long) (DigitCaps.cpp:208:67)
INFO: [HLS 207-4370] built-in candidate operator+(__int128, unsigned long long) (DigitCaps.cpp:208:67)
INFO: [HLS 207-4370] built-in candidate operator+(__int128, unsigned __int128) (DigitCaps.cpp:208:67)
INFO: [HLS 207-4370] built-in candidate operator+(unsigned int, float) (DigitCaps.cpp:208:67)
INFO: [HLS 207-4370] built-in candidate operator+(unsigned int, long double) (DigitCaps.cpp:208:67)
INFO: [HLS 207-4370] built-in candidate operator+(unsigned int, __float128) (DigitCaps.cpp:208:67)
INFO: [HLS 207-4370] built-in candidate operator+(unsigned int, int) (DigitCaps.cpp:208:67)
INFO: [HLS 207-4370] built-in candidate operator+(unsigned int, long) (DigitCaps.cpp:208:67)
INFO: [HLS 207-4370] built-in candidate operator+(unsigned int, long long) (DigitCaps.cpp:208:67)
INFO: [HLS 207-4370] built-in candidate operator+(unsigned int, __int128) (DigitCaps.cpp:208:67)
INFO: [HLS 207-4370] built-in candidate operator+(unsigned int, unsigned int) (DigitCaps.cpp:208:67)
INFO: [HLS 207-4370] built-in candidate operator+(unsigned int, unsigned long) (DigitCaps.cpp:208:67)
INFO: [HLS 207-4370] built-in candidate operator+(unsigned int, unsigned long long) (DigitCaps.cpp:208:67)
INFO: [HLS 207-4370] built-in candidate operator+(unsigned int, unsigned __int128) (DigitCaps.cpp:208:67)
INFO: [HLS 207-4370] built-in candidate operator+(unsigned long, float) (DigitCaps.cpp:208:67)
INFO: [HLS 207-4370] built-in candidate operator+(unsigned long, long double) (DigitCaps.cpp:208:67)
INFO: [HLS 207-4370] built-in candidate operator+(unsigned long, __float128) (DigitCaps.cpp:208:67)
INFO: [HLS 207-4370] built-in candidate operator+(unsigned long, int) (DigitCaps.cpp:208:67)
INFO: [HLS 207-4370] built-in candidate operator+(unsigned long, long) (DigitCaps.cpp:208:67)
INFO: [HLS 207-4370] built-in candidate operator+(unsigned long, long long) (DigitCaps.cpp:208:67)
INFO: [HLS 207-4370] built-in candidate operator+(unsigned long, __int128) (DigitCaps.cpp:208:67)
INFO: [HLS 207-4370] built-in candidate operator+(unsigned long, unsigned int) (DigitCaps.cpp:208:67)
INFO: [HLS 207-4370] built-in candidate operator+(unsigned long, unsigned long) (DigitCaps.cpp:208:67)
INFO: [HLS 207-4370] built-in candidate operator+(unsigned long, unsigned long long) (DigitCaps.cpp:208:67)
INFO: [HLS 207-4370] built-in candidate operator+(unsigned long, unsigned __int128) (DigitCaps.cpp:208:67)
INFO: [HLS 207-4370] built-in candidate operator+(unsigned long long, float) (DigitCaps.cpp:208:67)
INFO: [HLS 207-4370] built-in candidate operator+(unsigned long long, long double) (DigitCaps.cpp:208:67)
INFO: [HLS 207-4370] built-in candidate operator+(unsigned long long, __float128) (DigitCaps.cpp:208:67)
INFO: [HLS 207-4370] built-in candidate operator+(unsigned long long, int) (DigitCaps.cpp:208:67)
INFO: [HLS 207-4370] built-in candidate operator+(unsigned long long, long) (DigitCaps.cpp:208:67)
INFO: [HLS 207-4370] built-in candidate operator+(unsigned long long, long long) (DigitCaps.cpp:208:67)
INFO: [HLS 207-4370] built-in candidate operator+(unsigned long long, __int128) (DigitCaps.cpp:208:67)
INFO: [HLS 207-4370] built-in candidate operator+(unsigned long long, unsigned int) (DigitCaps.cpp:208:67)
INFO: [HLS 207-4370] built-in candidate operator+(unsigned long long, unsigned long) (DigitCaps.cpp:208:67)
INFO: [HLS 207-4370] built-in candidate operator+(unsigned long long, unsigned long long) (DigitCaps.cpp:208:67)
INFO: [HLS 207-4370] built-in candidate operator+(unsigned long long, unsigned __int128) (DigitCaps.cpp:208:67)
INFO: [HLS 207-4370] built-in candidate operator+(unsigned __int128, float) (DigitCaps.cpp:208:67)
INFO: [HLS 207-4370] built-in candidate operator+(unsigned __int128, long double) (DigitCaps.cpp:208:67)
INFO: [HLS 207-4370] built-in candidate operator+(unsigned __int128, __float128) (DigitCaps.cpp:208:67)
INFO: [HLS 207-4370] built-in candidate operator+(unsigned __int128, int) (DigitCaps.cpp:208:67)
INFO: [HLS 207-4370] built-in candidate operator+(unsigned __int128, long) (DigitCaps.cpp:208:67)
INFO: [HLS 207-4370] built-in candidate operator+(unsigned __int128, long long) (DigitCaps.cpp:208:67)
INFO: [HLS 207-4370] built-in candidate operator+(unsigned __int128, __int128) (DigitCaps.cpp:208:67)
INFO: [HLS 207-4370] built-in candidate operator+(unsigned __int128, unsigned int) (DigitCaps.cpp:208:67)
INFO: [HLS 207-4370] built-in candidate operator+(unsigned __int128, unsigned long) (DigitCaps.cpp:208:67)
INFO: [HLS 207-4370] built-in candidate operator+(unsigned __int128, unsigned long long) (DigitCaps.cpp:208:67)
INFO: [HLS 207-4370] built-in candidate operator+(unsigned __int128, unsigned __int128) (DigitCaps.cpp:208:67)
ERROR:  
INFO: [HLS 200-112] Total CPU user time: 3.32 seconds. Total CPU system time: 0.35 seconds. Total elapsed time: 3.6 seconds; peak allocated memory: 289.324 MB.
