INFO: [v++ 60-1548] Creating build summary session with primary output /home/jjos425/Documents/vivado_projects/project_1/digit_caps_accel/digit_caps_accel/digit_caps_accel.hlscompile_summary, at Mon Sep 23 10:46:59 2024
INFO: [v++ 82-31] Launching vitis_hls: vitis_hls -nolog -run csynth -work_dir /home/jjos425/Documents/vivado_projects/project_1/digit_caps_accel/digit_caps_accel -config /home/jjos425/Documents/vivado_projects/project_1/digit_caps_accel/hls_config.cfg -cmdlineconfig /home/jjos425/Documents/vivado_projects/project_1/digit_caps_accel/digit_caps_accel/hls/config.cmdline

****** Vitis HLS - High-Level Synthesis from C, C++ and OpenCL v2024.1 (64-bit)
  **** SW Build 5069499 on May 21 2024
  **** IP Build 5075265 on Wed May 22 21:45:21 MDT 2024
  **** SharedData Build 5076995 on Wed May 22 18:29:18 MDT 2024
  **** Start of session at: Mon Sep 23 10:47:00 2024
    ** Copyright 1986-2022 Xilinx, Inc. All Rights Reserved.
    ** Copyright 2022-2024 Advanced Micro Devices, Inc. All Rights Reserved.

source /home/jjos425/Desktop/P4P33-2024/Vitis_HLS/2024.1/scripts/vitis_hls/hls.tcl -notrace
INFO: [HLS 200-10] For user 'jjos425' on host 'en432999.uoa.auckland.ac.nz' (Linux_x86_64 version 5.15.0-122-generic) on Mon Sep 23 10:47:01 NZST 2024
INFO: [HLS 200-10] On os Ubuntu 20.04.5 LTS
INFO: [HLS 200-10] In directory '/home/jjos425/Documents/vivado_projects/project_1/digit_caps_accel'
INFO: [HLS 200-2005] Using work_dir /home/jjos425/Documents/vivado_projects/project_1/digit_caps_accel/digit_caps_accel 
INFO: [HLS 200-1505] Using default flow_target 'vivado'
Resolution: For help on HLS 200-1505 see docs.xilinx.com/access/sources/dita/topic?Doc_Version=2024.1%20English&url=ug1448-hls-guidance&resourceid=200-1505.html
INFO: [HLS 200-1465] Applying ini 'syn.file=/home/jjos425/Documents/vivado_projects/project_1/digit_caps_accel/constants.h' from /home/jjos425/Documents/vivado_projects/project_1/digit_caps_accel/hls_config.cfg(8)
INFO: [HLS 200-10] Adding design file '/home/jjos425/Documents/vivado_projects/project_1/digit_caps_accel/constants.h' to the project
INFO: [HLS 200-1465] Applying ini 'syn.file=/home/jjos425/Documents/vivado_projects/project_1/digit_caps_accel/DigitCaps.cpp' from /home/jjos425/Documents/vivado_projects/project_1/digit_caps_accel/hls_config.cfg(9)
INFO: [HLS 200-10] Adding design file '/home/jjos425/Documents/vivado_projects/project_1/digit_caps_accel/DigitCaps.cpp' to the project
INFO: [HLS 200-1465] Applying ini 'syn.file=/home/jjos425/Documents/vivado_projects/project_1/digit_caps_accel/DigitCaps.h' from /home/jjos425/Documents/vivado_projects/project_1/digit_caps_accel/hls_config.cfg(10)
INFO: [HLS 200-10] Adding design file '/home/jjos425/Documents/vivado_projects/project_1/digit_caps_accel/DigitCaps.h' to the project
INFO: [HLS 200-1465] Applying ini 'syn.file=/home/jjos425/Documents/vivado_projects/project_1/digit_caps_accel/testing_suite.h' from /home/jjos425/Documents/vivado_projects/project_1/digit_caps_accel/hls_config.cfg(11)
INFO: [HLS 200-10] Adding design file '/home/jjos425/Documents/vivado_projects/project_1/digit_caps_accel/testing_suite.h' to the project
INFO: [HLS 200-1465] Applying ini 'syn.file=DigitTestBench.cpp' from /home/jjos425/Documents/vivado_projects/project_1/digit_caps_accel/hls_config.cfg(12)
INFO: [HLS 200-10] Adding design file '/home/jjos425/Documents/vivado_projects/project_1/digit_caps_accel/DigitTestBench.cpp' to the project
INFO: [HLS 200-1465] Applying ini 'tb.file=DigitTestBench.cpp' from /home/jjos425/Documents/vivado_projects/project_1/digit_caps_accel/hls_config.cfg(13)
INFO: [HLS 200-10] Adding test bench file '/home/jjos425/Documents/vivado_projects/project_1/digit_caps_accel/DigitTestBench.cpp' to the project
INFO: [HLS 200-1465] Applying ini 'syn.top=dynamic_routing' from /home/jjos425/Documents/vivado_projects/project_1/digit_caps_accel/hls_config.cfg(7)
INFO: [HLS 200-1465] Applying ini 'flow_target=vitis' from /home/jjos425/Documents/vivado_projects/project_1/digit_caps_accel/hls_config.cfg(4)
INFO: [HLS 200-1505] Using flow_target 'vitis'
Resolution: For help on HLS 200-1505 see docs.xilinx.com/access/sources/dita/topic?Doc_Version=2024.1%20English&url=ug1448-hls-guidance&resourceid=200-1505.html
INFO: [HLS 200-435] Setting 'open_solution -flow_target vitis' configuration: config_interface -m_axi_latency=64
INFO: [HLS 200-435] Setting 'open_solution -flow_target vitis' configuration: config_interface -m_axi_alignment_byte_size=64
INFO: [HLS 200-435] Setting 'open_solution -flow_target vitis' configuration: config_interface -m_axi_max_widen_bitwidth=512
INFO: [HLS 200-435] Setting 'open_solution -flow_target vitis' configuration: config_rtl -register_reset_num=3
INFO: [HLS 200-1465] Applying ini 'part=xczu9eg-ffvb1156-2-e' from /home/jjos425/Documents/vivado_projects/project_1/digit_caps_accel/hls_config.cfg(1)
INFO: [HLS 200-1611] Setting target device to 'xczu9eg-ffvb1156-2-e'
INFO: [HLS 200-1465] Applying ini 'package.output.format=xo' from /home/jjos425/Documents/vivado_projects/project_1/digit_caps_accel/hls_config.cfg(5)
INFO: [HLS 200-111] Finished File checks and directory preparation: CPU user time: 1.42 seconds. CPU system time: 0.17 seconds. Elapsed time: 1.48 seconds; current allocated memory: 318.273 MB.
INFO: [HLS 200-10] Analyzing design file 'DigitTestBench.cpp' ... 
INFO: [HLS 200-10] Analyzing design file 'DigitCaps.cpp' ... 
INFO: [HLS 200-111] Finished Source Code Analysis and Preprocessing: CPU user time: 10.41 seconds. CPU system time: 0.82 seconds. Elapsed time: 11.25 seconds; current allocated memory: 324.523 MB.
INFO: [HLS 200-777] Using interface defaults for 'Vitis' flow target.
INFO: [HLS 200-1995] There were 9,576 instructions in the design after the 'Compile/Link' phase of compilation. See the Design Size Report for more details: /home/jjos425/Documents/vivado_projects/project_1/digit_caps_accel/digit_caps_accel/hls/syn/report/csynth_design_size.rpt
INFO: [HLS 200-1995] There were 13,010 instructions in the design after the 'Unroll/Inline (step 1)' phase of compilation. See the Design Size Report for more details: /home/jjos425/Documents/vivado_projects/project_1/digit_caps_accel/digit_caps_accel/hls/syn/report/csynth_design_size.rpt
INFO: [HLS 200-1995] There were 6,467 instructions in the design after the 'Unroll/Inline (step 2)' phase of compilation. See the Design Size Report for more details: /home/jjos425/Documents/vivado_projects/project_1/digit_caps_accel/digit_caps_accel/hls/syn/report/csynth_design_size.rpt
INFO: [HLS 200-1995] There were 3,879 instructions in the design after the 'Unroll/Inline (step 3)' phase of compilation. See the Design Size Report for more details: /home/jjos425/Documents/vivado_projects/project_1/digit_caps_accel/digit_caps_accel/hls/syn/report/csynth_design_size.rpt
INFO: [HLS 200-1995] There were 3,528 instructions in the design after the 'Unroll/Inline (step 4)' phase of compilation. See the Design Size Report for more details: /home/jjos425/Documents/vivado_projects/project_1/digit_caps_accel/digit_caps_accel/hls/syn/report/csynth_design_size.rpt
INFO: [HLS 200-1995] There were 5,465 instructions in the design after the 'Array/Struct (step 1)' phase of compilation. See the Design Size Report for more details: /home/jjos425/Documents/vivado_projects/project_1/digit_caps_accel/digit_caps_accel/hls/syn/report/csynth_design_size.rpt
INFO: [HLS 200-1995] There were 4,441 instructions in the design after the 'Array/Struct (step 2)' phase of compilation. See the Design Size Report for more details: /home/jjos425/Documents/vivado_projects/project_1/digit_caps_accel/digit_caps_accel/hls/syn/report/csynth_design_size.rpt
INFO: [HLS 200-1995] There were 4,441 instructions in the design after the 'Array/Struct (step 3)' phase of compilation. See the Design Size Report for more details: /home/jjos425/Documents/vivado_projects/project_1/digit_caps_accel/digit_caps_accel/hls/syn/report/csynth_design_size.rpt
INFO: [HLS 200-1995] There were 4,439 instructions in the design after the 'Array/Struct (step 4)' phase of compilation. See the Design Size Report for more details: /home/jjos425/Documents/vivado_projects/project_1/digit_caps_accel/digit_caps_accel/hls/syn/report/csynth_design_size.rpt
INFO: [HLS 200-1995] There were 4,366 instructions in the design after the 'Array/Struct (step 5)' phase of compilation. See the Design Size Report for more details: /home/jjos425/Documents/vivado_projects/project_1/digit_caps_accel/digit_caps_accel/hls/syn/report/csynth_design_size.rpt
INFO: [HLS 200-1995] There were 4,368 instructions in the design after the 'Performance (step 1)' phase of compilation. See the Design Size Report for more details: /home/jjos425/Documents/vivado_projects/project_1/digit_caps_accel/digit_caps_accel/hls/syn/report/csynth_design_size.rpt
INFO: [HLS 200-1995] There were 4,610 instructions in the design after the 'Performance (step 2)' phase of compilation. See the Design Size Report for more details: /home/jjos425/Documents/vivado_projects/project_1/digit_caps_accel/digit_caps_accel/hls/syn/report/csynth_design_size.rpt
INFO: [HLS 200-1995] There were 5,163 instructions in the design after the 'Performance (step 3)' phase of compilation. See the Design Size Report for more details: /home/jjos425/Documents/vivado_projects/project_1/digit_caps_accel/digit_caps_accel/hls/syn/report/csynth_design_size.rpt
INFO: [HLS 200-1995] There were 4,660 instructions in the design after the 'Performance (step 4)' phase of compilation. See the Design Size Report for more details: /home/jjos425/Documents/vivado_projects/project_1/digit_caps_accel/digit_caps_accel/hls/syn/report/csynth_design_size.rpt
INFO: [HLS 200-1995] There were 4,379 instructions in the design after the 'HW Transforms (step 1)' phase of compilation. See the Design Size Report for more details: /home/jjos425/Documents/vivado_projects/project_1/digit_caps_accel/digit_caps_accel/hls/syn/report/csynth_design_size.rpt
INFO: [HLS 200-1995] There were 4,401 instructions in the design after the 'HW Transforms (step 2)' phase of compilation. See the Design Size Report for more details: /home/jjos425/Documents/vivado_projects/project_1/digit_caps_accel/digit_caps_accel/hls/syn/report/csynth_design_size.rpt
WARNING: [HLS 214-386] A depth specification is required for MAXI interface port 'prediction' for cosimulation. (DigitCaps.cpp:37:0)
INFO: [HLS 214-291] Loop 'VITIS_LOOP_202_2' is marked as complete unroll implied by the pipeline pragma (DigitCaps.cpp:202:21)
INFO: [HLS 214-291] Loop 'VITIS_LOOP_212_3' is marked as complete unroll implied by the pipeline pragma (DigitCaps.cpp:212:21)
INFO: [HLS 214-291] Loop 'anonymous' is marked as complete unroll implied by the pipeline pragma (DigitCaps.cpp:120:2)
INFO: [HLS 214-291] Loop 'VITIS_LOOP_125_3' is marked as complete unroll implied by the pipeline pragma (DigitCaps.cpp:125:22)
INFO: [HLS 214-291] Loop 'dot_product' is marked as complete unroll implied by the pipeline pragma (DigitCaps.cpp:138:17)
INFO: [HLS 214-186] Unrolling loop 'VITIS_LOOP_272_2' (DigitCaps.cpp:272:21) in function 'squash' completely with a factor of 16 (DigitCaps.cpp:261:0)
INFO: [HLS 214-186] Unrolling loop 'VITIS_LOOP_202_2' (DigitCaps.cpp:202:21) in function 'softmax' completely with a factor of 10 (DigitCaps.cpp:193:0)
INFO: [HLS 214-186] Unrolling loop 'VITIS_LOOP_212_3' (DigitCaps.cpp:212:21) in function 'softmax' completely with a factor of 10 (DigitCaps.cpp:193:0)
INFO: [HLS 214-186] Unrolling loop 'anonymous' (DigitCaps.cpp:120:2) in function 'apply_weights' completely with a factor of 128 (DigitCaps.cpp:104:0)
INFO: [HLS 214-186] Unrolling loop 'VITIS_LOOP_125_3' (DigitCaps.cpp:125:22) in function 'apply_weights' completely with a factor of 16 (DigitCaps.cpp:104:0)
INFO: [HLS 214-186] Unrolling loop 'dot_product' (DigitCaps.cpp:138:17) in function 'apply_weights' completely with a factor of 8 (DigitCaps.cpp:104:0)
INFO: [HLS 214-178] Inlining function 'sum_of_products(ap_fixed<32, 16, (ap_q_mode)5, (ap_o_mode)3, 0>*, ap_fixed<32, 16, (ap_q_mode)5, (ap_o_mode)3, 0>*, ap_fixed<32, 16, (ap_q_mode)5, (ap_o_mode)3, 0>*)' into 'dynamic_routing(ap_fixed<32, 16, (ap_q_mode)5, (ap_o_mode)3, 0>*, ap_fixed<32, 16, (ap_q_mode)5, (ap_o_mode)3, 0>*, ap_fixed<32, 16, (ap_q_mode)5, (ap_o_mode)3, 0>*)' (DigitCaps.cpp:37:0)
INFO: [HLS 214-178] Inlining function 'agreement(ap_fixed<32, 16, (ap_q_mode)5, (ap_o_mode)3, 0>*, ap_fixed<32, 16, (ap_q_mode)5, (ap_o_mode)3, 0>*, ap_fixed<32, 16, (ap_q_mode)5, (ap_o_mode)3, 0>*)' into 'dynamic_routing(ap_fixed<32, 16, (ap_q_mode)5, (ap_o_mode)3, 0>*, ap_fixed<32, 16, (ap_q_mode)5, (ap_o_mode)3, 0>*, ap_fixed<32, 16, (ap_q_mode)5, (ap_o_mode)3, 0>*)' (DigitCaps.cpp:37:0)
INFO: [HLS 214-178] Inlining function 'add(ap_fixed<32, 16, (ap_q_mode)5, (ap_o_mode)3, 0>*, ap_fixed<32, 16, (ap_q_mode)5, (ap_o_mode)3, 0>*)' into 'dynamic_routing(ap_fixed<32, 16, (ap_q_mode)5, (ap_o_mode)3, 0>*, ap_fixed<32, 16, (ap_q_mode)5, (ap_o_mode)3, 0>*, ap_fixed<32, 16, (ap_q_mode)5, (ap_o_mode)3, 0>*)' (DigitCaps.cpp:37:0)
INFO: [HLS 214-248] Applying array_partition to 'weight_buffer': Complete partitioning on dimension 1. (DigitCaps.cpp:117:10)
INFO: [HLS 214-248] Applying array_partition to 'weighted_input_u': Cyclic partitioning with factor 8 on dimension 1. (DigitCaps.cpp:52:10)
INFO: [HLS 214-248] Applying array_partition to 'coupling_c': Cyclic partitioning with factor 20 on dimension 1. (DigitCaps.cpp:57:10)
INFO: [HLS 214-376] automatically set the pipeline for Loop< VITIS_LOOP_268_1> at DigitCaps.cpp:268:20 
INFO: [HLS 214-376] automatically set the pipeline for Loop< unknown> at DigitCaps.cpp:50:2 
INFO: [HLS 214-376] automatically set the pipeline for Loop< VITIS_LOOP_295_2> at DigitCaps.cpp:295:21 
INFO: [HLS 214-376] automatically set the pipeline for Loop< unknown> at DigitCaps.cpp:100:2 
INFO: [HLS 214-291] Loop 'VITIS_LOOP_298_3' is marked as complete unroll implied by the pipeline pragma (DigitCaps.cpp:298:22)
INFO: [HLS 214-291] Loop 'VITIS_LOOP_282_3' is marked as complete unroll implied by the pipeline pragma (DigitCaps.cpp:282:21)
INFO: [HLS 214-186] Unrolling loop 'VITIS_LOOP_298_3' (DigitCaps.cpp:298:22) in function 'dynamic_routing' completely with a factor of 16 (DigitCaps.cpp:37:0)
INFO: [HLS 214-186] Unrolling loop 'VITIS_LOOP_282_3' (DigitCaps.cpp:282:21) in function 'squash' completely with a factor of 16 (DigitCaps.cpp:261:0)
INFO: [HLS 214-270] Inferring pragma 'array_partition type=cyclic factor=8 dim=1' for array 'squashed_v' due to pipeline pragma (DigitCaps.cpp:45:10)
INFO: [HLS 214-248] Applying array_partition to 'squashed_v': Cyclic partitioning with factor 8 on dimension 1. (DigitCaps.cpp:45:10)
INFO: [HLS 214-115] Multiple burst reads of length 92160 and bit width 512 in loop 'VITIS_LOOP_111_1'(DigitCaps.cpp:111:20) has been inferred on bundle 'gmem1'. These burst requests might be further partitioned into multiple requests during RTL generation, based on max_read_burst_length or max_write_burst_length settings. (DigitCaps.cpp:111:20)
INFO: [HLS 214-115] Multiple burst reads of length 576 and bit width 512 has been inferred on bundle 'gmem0'. These burst requests might be further partitioned into multiple requests during RTL generation, based on max_read_burst_length or max_write_burst_length settings. (DigitCaps.cpp:50:2)
INFO: [HLS 214-115] Multiple burst writes of length 10 and bit width 512 has been inferred on bundle 'gmem2'. These burst requests might be further partitioned into multiple requests during RTL generation, based on max_read_burst_length or max_write_burst_length settings. (DigitCaps.cpp:100:2)
INFO: [HLS 200-111] Finished Compiling Optimization and Transform: CPU user time: 4.74 seconds. CPU system time: 0.29 seconds. Elapsed time: 6.6 seconds; current allocated memory: 326.094 MB.
INFO: [HLS 200-111] Finished Checking Pragmas: CPU user time: 0 seconds. CPU system time: 0 seconds. Elapsed time: 0 seconds; current allocated memory: 326.094 MB.
INFO: [HLS 200-10] Starting code transformations ...
INFO: [HLS 200-111] Finished Standard Transforms: CPU user time: 0.12 seconds. CPU system time: 0 seconds. Elapsed time: 0.12 seconds; current allocated memory: 330.043 MB.
INFO: [HLS 200-10] Checking synthesizability ...
WARNING: [SYNCHK 200-23] DigitCaps.cpp:280: variable-indexed range selection may cause suboptimal QoR.
INFO: [SYNCHK 200-10] 0 error(s), 1 warning(s).
INFO: [HLS 200-111] Finished Checking Synthesizability: CPU user time: 0.12 seconds. CPU system time: 0 seconds. Elapsed time: 0.14 seconds; current allocated memory: 334.586 MB.
INFO: [XFORM 203-401] Performing if-conversion on hyperblock from (DigitCaps.cpp:268:34) to (DigitCaps.cpp:268:20) in function 'squash'... converting 16 basic blocks.
INFO: [XFORM 203-401] Performing if-conversion on hyperblock from (DigitCaps.cpp:197:9) to (DigitCaps.cpp:215:24) in function 'softmax'... converting 151 basic blocks.
INFO: [XFORM 203-11] Balancing expressions in function 'squash' (DigitCaps.cpp:268:20)...29 expression(s) balanced.
INFO: [XFORM 203-11] Balancing expressions in function 'softmax' (DigitCaps.cpp:195:20)...9 expression(s) balanced.
INFO: [XFORM 203-11] Balancing expressions in function 'apply_weights' (DigitCaps.cpp:111:10)...112 expression(s) balanced.
INFO: [HLS 200-111] Finished Loop, function and other optimizations: CPU user time: 0.66 seconds. CPU system time: 0 seconds. Elapsed time: 0.68 seconds; current allocated memory: 364.652 MB.
INFO: [HLS 200-2061] Successfully converted nested loops 'VITIS_LOOP_227_2'(DigitCaps.cpp:227:21) and 'VITIS_LOOP_232_3'(DigitCaps.cpp:232:22) in function 'dynamic_routing' into perfectly nested loops.
INFO: [HLS 200-2061] Successfully converted nested loops 'VITIS_LOOP_224_1'(DigitCaps.cpp:224:20) and 'VITIS_LOOP_227_2'(DigitCaps.cpp:227:21) in function 'dynamic_routing' into perfectly nested loops.
INFO: [HLS 200-2061] Successfully converted nested loops 'VITIS_LOOP_292_1'(DigitCaps.cpp:292:20) and 'VITIS_LOOP_295_2'(DigitCaps.cpp:295:21) in function 'dynamic_routing' into perfectly nested loops.
INFO: [HLS 200-2061] Successfully converted nested loops 'VITIS_LOOP_111_1'(DigitCaps.cpp:111:20) and 'VITIS_LOOP_113_2'(DigitCaps.cpp:113:21) in function 'apply_weights' into perfectly nested loops.
INFO: [XFORM 203-541] Flattening a loop nest 'VITIS_LOOP_227_2' (DigitCaps.cpp:227:21) in function 'dynamic_routing'.
INFO: [XFORM 203-541] Flattening a loop nest 'VITIS_LOOP_224_1' (DigitCaps.cpp:224:20) in function 'dynamic_routing'.
INFO: [XFORM 203-541] Flattening a loop nest 'VITIS_LOOP_292_1' (DigitCaps.cpp:292:20) in function 'dynamic_routing'.
INFO: [XFORM 203-541] Flattening a loop nest 'VITIS_LOOP_111_1' (DigitCaps.cpp:111:20) in function 'apply_weights'.
INFO: [HLS 200-111] Finished Architecture Synthesis: CPU user time: 0.67 seconds. CPU system time: 0.02 seconds. Elapsed time: 0.68 seconds; current allocated memory: 451.121 MB.
INFO: [HLS 200-10] Starting hardware synthesis ...
INFO: [HLS 200-10] Synthesizing 'dynamic_routing' ...
INFO: [SYN 201-201] Setting up clock 'default' with a period of 10ns.
INFO: [HLS 200-10] ----------------------------------------------------------------
INFO: [HLS 200-42] -- Implementing module 'dynamic_routing_Pipeline_1' 
INFO: [HLS 200-10] ----------------------------------------------------------------
INFO: [SCHED 204-11] Starting scheduling ...
INFO: [SCHED 204-61] Pipelining loop 'Loop 1'.
INFO: [HLS 200-1470] Pipelining result : Target II = NA, Final II = 1, Depth = 3, loop 'Loop 1'
INFO: [SCHED 204-11] Finished scheduling.
INFO: [HLS 200-111] Finished Scheduling: CPU user time: 0.57 seconds. CPU system time: 0.03 seconds. Elapsed time: 0.6 seconds; current allocated memory: 464.434 MB.
INFO: [BIND 205-100] Starting micro-architecture generation ...
INFO: [BIND 205-101] Performing variable lifetime analysis.
INFO: [BIND 205-101] Exploring resource sharing.
INFO: [BIND 205-101] Binding ...
INFO: [BIND 205-100] Finished micro-architecture generation.
INFO: [HLS 200-111] Finished Binding: CPU user time: 0.01 seconds. CPU system time: 0 seconds. Elapsed time: 0.01 seconds; current allocated memory: 464.434 MB.
INFO: [HLS 200-10] ----------------------------------------------------------------
INFO: [HLS 200-42] -- Implementing module 'apply_weights_Pipeline_VITIS_LOOP_111_1_VITIS_LOOP_113_2' 
INFO: [HLS 200-10] ----------------------------------------------------------------
INFO: [SCHED 204-11] Starting scheduling ...
INFO: [SCHED 204-61] Pipelining loop 'VITIS_LOOP_111_1_VITIS_LOOP_113_2'.
INFO: [HLS 200-1470] Pipelining result : Target II = 8, Final II = 8, Depth = 11, loop 'VITIS_LOOP_111_1_VITIS_LOOP_113_2'
INFO: [SCHED 204-11] Finished scheduling.
INFO: [HLS 200-111] Finished Scheduling: CPU user time: 0.38 seconds. CPU system time: 0 seconds. Elapsed time: 0.38 seconds; current allocated memory: 470.211 MB.
INFO: [BIND 205-100] Starting micro-architecture generation ...
INFO: [BIND 205-101] Performing variable lifetime analysis.
INFO: [BIND 205-101] Exploring resource sharing.
INFO: [BIND 205-101] Binding ...
INFO: [BIND 205-100] Finished micro-architecture generation.
INFO: [HLS 200-111] Finished Binding: CPU user time: 0.05 seconds. CPU system time: 0.01 seconds. Elapsed time: 0.06 seconds; current allocated memory: 470.211 MB.
INFO: [HLS 200-10] ----------------------------------------------------------------
INFO: [HLS 200-42] -- Implementing module 'apply_weights' 
INFO: [HLS 200-10] ----------------------------------------------------------------
INFO: [SCHED 204-11] Starting scheduling ...
INFO: [SCHED 204-11] Finished scheduling.
INFO: [HLS 200-111] Finished Scheduling: CPU user time: 0.03 seconds. CPU system time: 0 seconds. Elapsed time: 0.03 seconds; current allocated memory: 470.211 MB.
INFO: [BIND 205-100] Starting micro-architecture generation ...
INFO: [BIND 205-101] Performing variable lifetime analysis.
INFO: [BIND 205-101] Exploring resource sharing.
INFO: [BIND 205-101] Binding ...
INFO: [BIND 205-100] Finished micro-architecture generation.
INFO: [HLS 200-111] Finished Binding: CPU user time: 0.02 seconds. CPU system time: 0 seconds. Elapsed time: 0.02 seconds; current allocated memory: 470.211 MB.
INFO: [HLS 200-10] ----------------------------------------------------------------
INFO: [HLS 200-42] -- Implementing module 'softmax' 
INFO: [HLS 200-10] ----------------------------------------------------------------
INFO: [SCHED 204-11] Starting scheduling ...
INFO: [SCHED 204-61] Pipelining loop 'VITIS_LOOP_195_1'.
INFO: [HLS 200-1470] Pipelining result : Target II = 4, Final II = 4, Depth = 75, loop 'VITIS_LOOP_195_1'
INFO: [SCHED 204-11] Finished scheduling.
INFO: [HLS 200-111] Finished Scheduling: CPU user time: 1.14 seconds. CPU system time: 0.01 seconds. Elapsed time: 1.15 seconds; current allocated memory: 496.355 MB.
INFO: [BIND 205-100] Starting micro-architecture generation ...
INFO: [BIND 205-101] Performing variable lifetime analysis.
INFO: [BIND 205-101] Exploring resource sharing.
INFO: [BIND 205-101] Binding ...
INFO: [BIND 205-100] Finished micro-architecture generation.
INFO: [HLS 200-111] Finished Binding: CPU user time: 0.18 seconds. CPU system time: 0 seconds. Elapsed time: 0.18 seconds; current allocated memory: 512.355 MB.
INFO: [HLS 200-10] ----------------------------------------------------------------
INFO: [HLS 200-42] -- Implementing module 'dynamic_routing_Pipeline_VITIS_LOOP_224_1_VITIS_LOOP_227_2_VITIS_LOOP_232_3' 
INFO: [HLS 200-10] ----------------------------------------------------------------
INFO: [SCHED 204-11] Starting scheduling ...
INFO: [SCHED 204-61] Pipelining loop 'VITIS_LOOP_224_1_VITIS_LOOP_227_2_VITIS_LOOP_232_3'.
INFO: [HLS 200-1470] Pipelining result : Target II = 1, Final II = 1, Depth = 20, loop 'VITIS_LOOP_224_1_VITIS_LOOP_227_2_VITIS_LOOP_232_3'
INFO: [SCHED 204-11] Finished scheduling.
INFO: [HLS 200-111] Finished Scheduling: CPU user time: 0.16 seconds. CPU system time: 0 seconds. Elapsed time: 0.16 seconds; current allocated memory: 512.355 MB.
INFO: [BIND 205-100] Starting micro-architecture generation ...
INFO: [BIND 205-101] Performing variable lifetime analysis.
INFO: [BIND 205-101] Exploring resource sharing.
INFO: [BIND 205-101] Binding ...
INFO: [BIND 205-100] Finished micro-architecture generation.
INFO: [HLS 200-111] Finished Binding: CPU user time: 0.02 seconds. CPU system time: 0 seconds. Elapsed time: 0.02 seconds; current allocated memory: 512.355 MB.
INFO: [HLS 200-10] ----------------------------------------------------------------
INFO: [HLS 200-42] -- Implementing module 'squash' 
INFO: [HLS 200-10] ----------------------------------------------------------------
INFO: [SCHED 204-11] Starting scheduling ...
INFO: [SCHED 204-61] Pipelining loop 'VITIS_LOOP_268_1'.
WARNING: [HLS 200-885] The II Violation in module 'squash' (loop 'VITIS_LOOP_268_1'): Unable to schedule 'store' operation 0 bit ('squash_mat_0_addr_write_ln284', DigitCaps.cpp:284) of variable 'trunc_ln2', DigitCaps.cpp:284 on array 'squash_mat_0' due to limited memory ports (II = 1). Please consider using a memory core with more ports or partitioning the array 'squash_mat_0'.
Resolution: For help on HLS 200-885 see docs.xilinx.com/access/sources/dita/topic?Doc_Version=2024.1%20English&url=ug1448-hls-guidance&resourceid=200-885.html
INFO: [HLS 200-1470] Pipelining result : Target II = NA, Final II = 2, Depth = 123, loop 'VITIS_LOOP_268_1'
INFO: [SCHED 204-11] Finished scheduling.
INFO: [HLS 200-111] Finished Scheduling: CPU user time: 0.15 seconds. CPU system time: 0 seconds. Elapsed time: 0.15 seconds; current allocated memory: 512.355 MB.
INFO: [BIND 205-100] Starting micro-architecture generation ...
INFO: [BIND 205-101] Performing variable lifetime analysis.
INFO: [BIND 205-101] Exploring resource sharing.
INFO: [BIND 205-101] Binding ...
INFO: [BIND 205-100] Finished micro-architecture generation.
INFO: [HLS 200-111] Finished Binding: CPU user time: 0.02 seconds. CPU system time: 0 seconds. Elapsed time: 0.03 seconds; current allocated memory: 512.355 MB.
INFO: [HLS 200-10] ----------------------------------------------------------------
INFO: [HLS 200-42] -- Implementing module 'dynamic_routing_Pipeline_VITIS_LOOP_292_1_VITIS_LOOP_295_2' 
INFO: [HLS 200-10] ----------------------------------------------------------------
INFO: [SCHED 204-11] Starting scheduling ...
INFO: [SCHED 204-61] Pipelining loop 'VITIS_LOOP_292_1_VITIS_LOOP_295_2'.
INFO: [HLS 200-1470] Pipelining result : Target II = NA, Final II = 1, Depth = 5, loop 'VITIS_LOOP_292_1_VITIS_LOOP_295_2'
INFO: [SCHED 204-11] Finished scheduling.
INFO: [HLS 200-111] Finished Scheduling: CPU user time: 0.11 seconds. CPU system time: 0 seconds. Elapsed time: 0.1 seconds; current allocated memory: 512.355 MB.
INFO: [BIND 205-100] Starting micro-architecture generation ...
INFO: [BIND 205-101] Performing variable lifetime analysis.
INFO: [BIND 205-101] Exploring resource sharing.
INFO: [BIND 205-101] Binding ...
INFO: [BIND 205-100] Finished micro-architecture generation.
INFO: [HLS 200-111] Finished Binding: CPU user time: 0.01 seconds. CPU system time: 0.01 seconds. Elapsed time: 0.02 seconds; current allocated memory: 512.355 MB.
INFO: [HLS 200-10] ----------------------------------------------------------------
INFO: [HLS 200-42] -- Implementing module 'dynamic_routing_Pipeline_VITIS_LOOP_309_1' 
INFO: [HLS 200-10] ----------------------------------------------------------------
INFO: [SCHED 204-11] Starting scheduling ...
INFO: [SCHED 204-61] Pipelining loop 'VITIS_LOOP_309_1'.
INFO: [HLS 200-1470] Pipelining result : Target II = 2, Final II = 2, Depth = 2, loop 'VITIS_LOOP_309_1'
INFO: [SCHED 204-11] Finished scheduling.
INFO: [HLS 200-111] Finished Scheduling: CPU user time: 0.02 seconds. CPU system time: 0 seconds. Elapsed time: 0.02 seconds; current allocated memory: 512.355 MB.
INFO: [BIND 205-100] Starting micro-architecture generation ...
INFO: [BIND 205-101] Performing variable lifetime analysis.
INFO: [BIND 205-101] Exploring resource sharing.
INFO: [BIND 205-101] Binding ...
INFO: [BIND 205-100] Finished micro-architecture generation.
INFO: [HLS 200-111] Finished Binding: CPU user time: 0.01 seconds. CPU system time: 0 seconds. Elapsed time: 0.02 seconds; current allocated memory: 512.355 MB.
INFO: [HLS 200-10] ----------------------------------------------------------------
INFO: [HLS 200-42] -- Implementing module 'dynamic_routing_Pipeline_5' 
INFO: [HLS 200-10] ----------------------------------------------------------------
INFO: [SCHED 204-11] Starting scheduling ...
INFO: [SCHED 204-61] Pipelining loop 'Loop 1'.
INFO: [HLS 200-1470] Pipelining result : Target II = NA, Final II = 1, Depth = 3, loop 'Loop 1'
INFO: [SCHED 204-11] Finished scheduling.
INFO: [HLS 200-111] Finished Scheduling: CPU user time: 0.02 seconds. CPU system time: 0 seconds. Elapsed time: 0.02 seconds; current allocated memory: 512.355 MB.
INFO: [BIND 205-100] Starting micro-architecture generation ...
INFO: [BIND 205-101] Performing variable lifetime analysis.
INFO: [BIND 205-101] Exploring resource sharing.
INFO: [BIND 205-101] Binding ...
INFO: [BIND 205-100] Finished micro-architecture generation.
INFO: [HLS 200-111] Finished Binding: CPU user time: 0.01 seconds. CPU system time: 0 seconds. Elapsed time: 0.01 seconds; current allocated memory: 512.355 MB.
INFO: [HLS 200-10] ----------------------------------------------------------------
INFO: [HLS 200-42] -- Implementing module 'dynamic_routing' 
INFO: [HLS 200-10] ----------------------------------------------------------------
INFO: [SCHED 204-11] Starting scheduling ...
INFO: [SCHED 204-11] Finished scheduling.
INFO: [HLS 200-111] Finished Scheduling: CPU user time: 0.03 seconds. CPU system time: 0 seconds. Elapsed time: 0.03 seconds; current allocated memory: 512.355 MB.
INFO: [BIND 205-100] Starting micro-architecture generation ...
INFO: [BIND 205-101] Performing variable lifetime analysis.
INFO: [BIND 205-101] Exploring resource sharing.
INFO: [BIND 205-101] Binding ...
INFO: [BIND 205-100] Finished micro-architecture generation.
INFO: [HLS 200-111] Finished Binding: CPU user time: 0.03 seconds. CPU system time: 0 seconds. Elapsed time: 0.03 seconds; current allocated memory: 512.355 MB.
INFO: [HLS 200-10] ----------------------------------------------------------------
INFO: [HLS 200-10] -- Generating RTL for module 'dynamic_routing_Pipeline_1' 
INFO: [HLS 200-10] ----------------------------------------------------------------
INFO: [HLS 200-1030] Apply Unified Pipeline Control on module 'dynamic_routing_Pipeline_1' pipeline 'Loop 1' pipeline type 'loop pipeline'
WARNING: [RTGEN 206-101] Setting dangling out port 'dynamic_routing_Pipeline_1/m_axi_gmem0_ARVALID' to 0.
WARNING: [RTGEN 206-101] Setting dangling out port 'dynamic_routing_Pipeline_1/m_axi_gmem0_ARADDR' to 0.
WARNING: [RTGEN 206-101] Setting dangling out port 'dynamic_routing_Pipeline_1/m_axi_gmem0_ARID' to 0.
WARNING: [RTGEN 206-101] Setting dangling out port 'dynamic_routing_Pipeline_1/m_axi_gmem0_ARLEN' to 0.
WARNING: [RTGEN 206-101] Setting dangling out port 'dynamic_routing_Pipeline_1/m_axi_gmem0_ARSIZE' to 0.
WARNING: [RTGEN 206-101] Setting dangling out port 'dynamic_routing_Pipeline_1/m_axi_gmem0_ARBURST' to 0.
WARNING: [RTGEN 206-101] Setting dangling out port 'dynamic_routing_Pipeline_1/m_axi_gmem0_ARLOCK' to 0.
WARNING: [RTGEN 206-101] Setting dangling out port 'dynamic_routing_Pipeline_1/m_axi_gmem0_ARCACHE' to 0.
WARNING: [RTGEN 206-101] Setting dangling out port 'dynamic_routing_Pipeline_1/m_axi_gmem0_ARPROT' to 0.
WARNING: [RTGEN 206-101] Setting dangling out port 'dynamic_routing_Pipeline_1/m_axi_gmem0_ARQOS' to 0.
WARNING: [RTGEN 206-101] Setting dangling out port 'dynamic_routing_Pipeline_1/m_axi_gmem0_ARREGION' to 0.
WARNING: [RTGEN 206-101] Setting dangling out port 'dynamic_routing_Pipeline_1/m_axi_gmem0_ARUSER' to 0.
INFO: [RTGEN 206-100] Finished creating RTL model for 'dynamic_routing_Pipeline_1'.
INFO: [HLS 200-111] Finished Creating RTL model: CPU user time: 0.05 seconds. CPU system time: 0 seconds. Elapsed time: 0.06 seconds; current allocated memory: 512.355 MB.
INFO: [HLS 200-10] ----------------------------------------------------------------
INFO: [HLS 200-10] -- Generating RTL for module 'apply_weights_Pipeline_VITIS_LOOP_111_1_VITIS_LOOP_113_2' 
INFO: [HLS 200-10] ----------------------------------------------------------------
INFO: [HLS 200-1030] Apply Unified Pipeline Control on module 'apply_weights_Pipeline_VITIS_LOOP_111_1_VITIS_LOOP_113_2' pipeline 'VITIS_LOOP_111_1_VITIS_LOOP_113_2' pipeline type 'loop pipeline'
WARNING: [RTGEN 206-101] Setting dangling out port 'apply_weights_Pipeline_VITIS_LOOP_111_1_VITIS_LOOP_113_2/m_axi_gmem1_ARVALID' to 0.
WARNING: [RTGEN 206-101] Setting dangling out port 'apply_weights_Pipeline_VITIS_LOOP_111_1_VITIS_LOOP_113_2/m_axi_gmem1_ARADDR' to 0.
WARNING: [RTGEN 206-101] Setting dangling out port 'apply_weights_Pipeline_VITIS_LOOP_111_1_VITIS_LOOP_113_2/m_axi_gmem1_ARID' to 0.
WARNING: [RTGEN 206-101] Setting dangling out port 'apply_weights_Pipeline_VITIS_LOOP_111_1_VITIS_LOOP_113_2/m_axi_gmem1_ARLEN' to 0.
WARNING: [RTGEN 206-101] Setting dangling out port 'apply_weights_Pipeline_VITIS_LOOP_111_1_VITIS_LOOP_113_2/m_axi_gmem1_ARSIZE' to 0.
WARNING: [RTGEN 206-101] Setting dangling out port 'apply_weights_Pipeline_VITIS_LOOP_111_1_VITIS_LOOP_113_2/m_axi_gmem1_ARBURST' to 0.
WARNING: [RTGEN 206-101] Setting dangling out port 'apply_weights_Pipeline_VITIS_LOOP_111_1_VITIS_LOOP_113_2/m_axi_gmem1_ARLOCK' to 0.
WARNING: [RTGEN 206-101] Setting dangling out port 'apply_weights_Pipeline_VITIS_LOOP_111_1_VITIS_LOOP_113_2/m_axi_gmem1_ARCACHE' to 0.
WARNING: [RTGEN 206-101] Setting dangling out port 'apply_weights_Pipeline_VITIS_LOOP_111_1_VITIS_LOOP_113_2/m_axi_gmem1_ARPROT' to 0.
WARNING: [RTGEN 206-101] Setting dangling out port 'apply_weights_Pipeline_VITIS_LOOP_111_1_VITIS_LOOP_113_2/m_axi_gmem1_ARQOS' to 0.
WARNING: [RTGEN 206-101] Setting dangling out port 'apply_weights_Pipeline_VITIS_LOOP_111_1_VITIS_LOOP_113_2/m_axi_gmem1_ARREGION' to 0.
WARNING: [RTGEN 206-101] Setting dangling out port 'apply_weights_Pipeline_VITIS_LOOP_111_1_VITIS_LOOP_113_2/m_axi_gmem1_ARUSER' to 0.
INFO: [RTGEN 206-100] Generating core module 'mul_32s_32s_48_1_1': 16 instance(s).
INFO: [RTGEN 206-100] Finished creating RTL model for 'apply_weights_Pipeline_VITIS_LOOP_111_1_VITIS_LOOP_113_2'.
INFO: [HLS 200-111] Finished Creating RTL model: CPU user time: 0.09 seconds. CPU system time: 0 seconds. Elapsed time: 0.08 seconds; current allocated memory: 512.355 MB.
INFO: [HLS 200-10] ----------------------------------------------------------------
INFO: [HLS 200-10] -- Generating RTL for module 'apply_weights' 
INFO: [HLS 200-10] ----------------------------------------------------------------
INFO: [RTGEN 206-100] Finished creating RTL model for 'apply_weights'.
INFO: [HLS 200-111] Finished Creating RTL model: CPU user time: 0.13 seconds. CPU system time: 0.01 seconds. Elapsed time: 0.13 seconds; current allocated memory: 521.352 MB.
INFO: [HLS 200-10] ----------------------------------------------------------------
INFO: [HLS 200-10] -- Generating RTL for module 'softmax' 
INFO: [HLS 200-10] ----------------------------------------------------------------
INFO: [HLS 200-1030] Apply Unified Pipeline Control on module 'softmax' pipeline 'VITIS_LOOP_195_1' pipeline type 'loop pipeline'
INFO: [RTGEN 206-100] Generating core module 'dexp_64ns_64ns_64_13_full_dsp_1': 3 instance(s).
INFO: [RTGEN 206-100] Generating core module 'mul_12ns_14ns_25_1_1': 2 instance(s).
INFO: [RTGEN 206-100] Generating core module 'mul_13ns_15ns_27_1_1': 3 instance(s).
INFO: [RTGEN 206-100] Generating core module 'mul_14ns_16ns_29_1_1': 3 instance(s).
INFO: [RTGEN 206-100] Generating core module 'sdiv_48ns_32s_48_52_1': 10 instance(s).
INFO: [RTGEN 206-100] Generating core module 'sparsemux_9_3_32_1_1': 10 instance(s).
INFO: [RTGEN 206-100] Finished creating RTL model for 'softmax'.
INFO: [HLS 200-111] Finished Creating RTL model: CPU user time: 0.24 seconds. CPU system time: 0.02 seconds. Elapsed time: 0.25 seconds; current allocated memory: 537.336 MB.
INFO: [HLS 200-10] ----------------------------------------------------------------
INFO: [HLS 200-10] -- Generating RTL for module 'dynamic_routing_Pipeline_VITIS_LOOP_224_1_VITIS_LOOP_227_2_VITIS_LOOP_232_3' 
INFO: [HLS 200-10] ----------------------------------------------------------------
INFO: [HLS 200-1030] Apply Unified Pipeline Control on module 'dynamic_routing_Pipeline_VITIS_LOOP_224_1_VITIS_LOOP_227_2_VITIS_LOOP_232_3' pipeline 'VITIS_LOOP_224_1_VITIS_LOOP_227_2_VITIS_LOOP_232_3' pipeline type 'loop pipeline'
INFO: [RTGEN 206-100] Generating core module 'mul_14ns_16ns_29_1_1': 1 instance(s).
INFO: [RTGEN 206-100] Generating core module 'mul_32s_32s_48_1_1': 1 instance(s).
INFO: [RTGEN 206-100] Generating core module 'sparsemux_17_3_32_1_1': 1 instance(s).
INFO: [RTGEN 206-100] Generating core module 'sparsemux_41_5_32_1_1': 1 instance(s).
INFO: [RTGEN 206-100] Generating core module 'urem_14ns_6ns_5_18_1': 1 instance(s).
INFO: [RTGEN 206-100] Finished creating RTL model for 'dynamic_routing_Pipeline_VITIS_LOOP_224_1_VITIS_LOOP_227_2_VITIS_LOOP_232_3'.
INFO: [HLS 200-111] Finished Creating RTL model: CPU user time: 0.43 seconds. CPU system time: 0.02 seconds. Elapsed time: 0.46 seconds; current allocated memory: 577.070 MB.
INFO: [HLS 200-10] ----------------------------------------------------------------
INFO: [HLS 200-10] -- Generating RTL for module 'squash' 
INFO: [HLS 200-10] ----------------------------------------------------------------
INFO: [HLS 200-1030] Apply Unified Pipeline Control on module 'squash' pipeline 'VITIS_LOOP_268_1' pipeline type 'loop pipeline'
INFO: [RTGEN 206-104] Estimated max fanout for 'squash' is 23956 from HDL expression: ((1'b0 == ap_block_pp0_stage0_11001) & (1'b1 == ap_CS_fsm_pp0_stage0))
INFO: [RTGEN 206-100] Generating core module 'dsqrt_64ns_64ns_64_21_no_dsp_1': 1 instance(s).
INFO: [RTGEN 206-100] Generating core module 'mul_32s_32s_48_1_1': 16 instance(s).
INFO: [RTGEN 206-100] Generating core module 'sdiv_48ns_33s_48_52_1': 1 instance(s).
INFO: [RTGEN 206-100] Generating core module 'sdiv_64ns_32s_32_68_1': 1 instance(s).
INFO: [RTGEN 206-100] Generating core module 'sparsemux_9_3_32_1_1': 1 instance(s).
INFO: [RTGEN 206-100] Finished creating RTL model for 'squash'.
INFO: [HLS 200-111] Finished Creating RTL model: CPU user time: 0.14 seconds. CPU system time: 0.01 seconds. Elapsed time: 0.15 seconds; current allocated memory: 579.270 MB.
INFO: [HLS 200-10] ----------------------------------------------------------------
INFO: [HLS 200-10] -- Generating RTL for module 'dynamic_routing_Pipeline_VITIS_LOOP_292_1_VITIS_LOOP_295_2' 
INFO: [HLS 200-10] ----------------------------------------------------------------
INFO: [HLS 200-1030] Apply Unified Pipeline Control on module 'dynamic_routing_Pipeline_VITIS_LOOP_292_1_VITIS_LOOP_295_2' pipeline 'VITIS_LOOP_292_1_VITIS_LOOP_295_2' pipeline type 'loop pipeline'
INFO: [RTGEN 206-100] Generating core module 'mul_32s_32s_48_1_1': 16 instance(s).
INFO: [RTGEN 206-100] Finished creating RTL model for 'dynamic_routing_Pipeline_VITIS_LOOP_292_1_VITIS_LOOP_295_2'.
INFO: [HLS 200-111] Finished Creating RTL model: CPU user time: 0.13 seconds. CPU system time: 0.01 seconds. Elapsed time: 0.13 seconds; current allocated memory: 586.566 MB.
INFO: [HLS 200-10] ----------------------------------------------------------------
INFO: [HLS 200-10] -- Generating RTL for module 'dynamic_routing_Pipeline_VITIS_LOOP_309_1' 
INFO: [HLS 200-10] ----------------------------------------------------------------
INFO: [RTGEN 206-100] Finished creating RTL model for 'dynamic_routing_Pipeline_VITIS_LOOP_309_1'.
INFO: [HLS 200-111] Finished Creating RTL model: CPU user time: 0.05 seconds. CPU system time: 0 seconds. Elapsed time: 0.07 seconds; current allocated memory: 592.355 MB.
INFO: [HLS 200-10] ----------------------------------------------------------------
INFO: [HLS 200-10] -- Generating RTL for module 'dynamic_routing_Pipeline_5' 
INFO: [HLS 200-10] ----------------------------------------------------------------
INFO: [HLS 200-1030] Apply Unified Pipeline Control on module 'dynamic_routing_Pipeline_5' pipeline 'Loop 1' pipeline type 'loop pipeline'
WARNING: [RTGEN 206-101] Setting dangling out port 'dynamic_routing_Pipeline_5/m_axi_gmem2_AWVALID' to 0.
WARNING: [RTGEN 206-101] Setting dangling out port 'dynamic_routing_Pipeline_5/m_axi_gmem2_AWADDR' to 0.
WARNING: [RTGEN 206-101] Setting dangling out port 'dynamic_routing_Pipeline_5/m_axi_gmem2_AWID' to 0.
WARNING: [RTGEN 206-101] Setting dangling out port 'dynamic_routing_Pipeline_5/m_axi_gmem2_AWLEN' to 0.
WARNING: [RTGEN 206-101] Setting dangling out port 'dynamic_routing_Pipeline_5/m_axi_gmem2_AWSIZE' to 0.
WARNING: [RTGEN 206-101] Setting dangling out port 'dynamic_routing_Pipeline_5/m_axi_gmem2_AWBURST' to 0.
WARNING: [RTGEN 206-101] Setting dangling out port 'dynamic_routing_Pipeline_5/m_axi_gmem2_AWLOCK' to 0.
WARNING: [RTGEN 206-101] Setting dangling out port 'dynamic_routing_Pipeline_5/m_axi_gmem2_AWCACHE' to 0.
WARNING: [RTGEN 206-101] Setting dangling out port 'dynamic_routing_Pipeline_5/m_axi_gmem2_AWPROT' to 0.
WARNING: [RTGEN 206-101] Setting dangling out port 'dynamic_routing_Pipeline_5/m_axi_gmem2_AWQOS' to 0.
WARNING: [RTGEN 206-101] Setting dangling out port 'dynamic_routing_Pipeline_5/m_axi_gmem2_AWREGION' to 0.
WARNING: [RTGEN 206-101] Setting dangling out port 'dynamic_routing_Pipeline_5/m_axi_gmem2_AWUSER' to 0.
WARNING: [RTGEN 206-101] Setting dangling out port 'dynamic_routing_Pipeline_5/m_axi_gmem2_BREADY' to 0.
INFO: [RTGEN 206-100] Generating core module 'sparsemux_17_3_32_1_1': 1 instance(s).
INFO: [RTGEN 206-100] Finished creating RTL model for 'dynamic_routing_Pipeline_5'.
INFO: [HLS 200-111] Finished Creating RTL model: CPU user time: 0.04 seconds. CPU system time: 0.02 seconds. Elapsed time: 0.05 seconds; current allocated memory: 596.211 MB.
INFO: [HLS 200-10] ----------------------------------------------------------------
INFO: [HLS 200-10] -- Generating RTL for module 'dynamic_routing' 
INFO: [HLS 200-10] ----------------------------------------------------------------
WARNING: [RTGEN 206-101] Design contains AXI ports. Reset is fixed to synchronous and active low.
INFO: [RTGEN 206-500] Setting interface mode on port 'dynamic_routing/gmem0' to 'm_axi'.
INFO: [RTGEN 206-500] Setting interface mode on port 'dynamic_routing/gmem1' to 'm_axi'.
INFO: [RTGEN 206-500] Setting interface mode on port 'dynamic_routing/gmem2' to 'm_axi'.
INFO: [RTGEN 206-500] Setting interface mode on port 'dynamic_routing/input_r' to 's_axilite & ap_none'.
INFO: [RTGEN 206-500] Setting interface mode on port 'dynamic_routing/weights' to 's_axilite & ap_none'.
INFO: [RTGEN 206-500] Setting interface mode on port 'dynamic_routing/prediction' to 's_axilite & ap_none'.
INFO: [RTGEN 206-500] Setting interface mode on function 'dynamic_routing' to 's_axilite & ap_ctrl_chain'.
INFO: [RTGEN 206-100] Bundling port 'input_r', 'weights', 'prediction' and 'return' to AXI-Lite port control.
INFO: [RTGEN 206-100] Finished creating RTL model for 'dynamic_routing'.
INFO: [RTMG 210-278] Implementing memory 'dynamic_routing_primary_caps_RAM_1WNR_LUTRAM_1R1W' using distributed RAMs.
INFO: [RTMG 210-278] Implementing memory 'dynamic_routing_squashed_v_RAM_1WNR_LUTRAM_1R1W' using distributed RAMs.
INFO: [RTMG 210-278] Implementing memory 'dynamic_routing_weighted_input_u_RAM_AUTO_1R1W' using auto RAMs.
INFO: [RTMG 210-278] Implementing memory 'dynamic_routing_coupling_b_RAM_1WNR_LUTRAM_1R1W' using distributed RAMs.
INFO: [RTMG 210-278] Implementing memory 'dynamic_routing_coupling_c_RAM_1WNR_LUTRAM_1R1W' using distributed RAMs.
INFO: [RTMG 210-278] Implementing memory 'dynamic_routing_sum_of_products_s_RAM_1WNR_LUTRAM_1R1W' using distributed RAMs.
INFO: [RTMG 210-278] Implementing memory 'dynamic_routing_output_agreement_RAM_1WNR_LUTRAM_1R1W' using distributed RAMs.
INFO: [HLS 200-111] Finished Creating RTL model: CPU user time: 0.08 seconds. CPU system time: 0 seconds. Elapsed time: 0.08 seconds; current allocated memory: 599.176 MB.
INFO: [HLS 200-111] Finished Generating all RTL models: CPU user time: 0.22 seconds. CPU system time: 0.02 seconds. Elapsed time: 0.23 seconds; current allocated memory: 605.129 MB.
INFO: [HLS 200-1603] Design has inferred MAXI bursts and missed bursts, see Vitis HLS GUI synthesis summary report for detailed information.
INFO: [HLS 200-111] Finished Updating report files: CPU user time: 1.51 seconds. CPU system time: 0 seconds. Elapsed time: 1.52 seconds; current allocated memory: 632.523 MB.
INFO: [VHDL 208-304] Generating VHDL RTL for dynamic_routing.
INFO: [VLOG 209-307] Generating Verilog RTL for dynamic_routing.
INFO: [HLS 200-790] **** Loop Constraint Status: All loop constraints were NOT satisfied.
INFO: [HLS 200-789] **** Estimated Fmax: 136.99 MHz
INFO: [HLS 200-112] Total CPU user time: 24.34 seconds. Total CPU system time: 1.49 seconds. Total elapsed time: 27.35 seconds; peak allocated memory: 632.523 MB.
INFO: [v++ 60-791] Total elapsed time: 0h 0m 30s
