INFO: [v++ 60-1548] Creating build summary session with primary output /home/jjos425/Documents/vivado_projects/project_1/digit_caps_accel/digit_caps_accel/digit_caps_accel.hlscompile_summary, at Thu Aug 29 16:49:05 2024
INFO: [v++ 82-31] Launching vitis_hls: vitis_hls -nolog -run csynth -work_dir /home/jjos425/Documents/vivado_projects/project_1/digit_caps_accel/digit_caps_accel -config /home/jjos425/Documents/vivado_projects/project_1/digit_caps_accel/hls_config.cfg -cmdlineconfig /home/jjos425/Documents/vivado_projects/project_1/digit_caps_accel/digit_caps_accel/hls/config.cmdline

****** Vitis HLS - High-Level Synthesis from C, C++ and OpenCL v2024.1 (64-bit)
  **** SW Build 5069499 on May 21 2024
  **** IP Build 5075265 on Wed May 22 21:45:21 MDT 2024
  **** SharedData Build 5076995 on Wed May 22 18:29:18 MDT 2024
  **** Start of session at: Thu Aug 29 16:49:06 2024
    ** Copyright 1986-2022 Xilinx, Inc. All Rights Reserved.
    ** Copyright 2022-2024 Advanced Micro Devices, Inc. All Rights Reserved.

source /home/jjos425/Desktop/P4P33-2024/Vitis_HLS/2024.1/scripts/vitis_hls/hls.tcl -notrace
INFO: [HLS 200-10] For user 'jjos425' on host 'en432999.uoa.auckland.ac.nz' (Linux_x86_64 version 5.15.0-118-generic) on Thu Aug 29 16:49:07 NZST 2024
INFO: [HLS 200-10] On os Ubuntu 20.04.5 LTS
INFO: [HLS 200-10] In directory '/home/jjos425/Documents/vivado_projects/project_1/digit_caps_accel'
INFO: [HLS 200-2005] Using work_dir /home/jjos425/Documents/vivado_projects/project_1/digit_caps_accel/digit_caps_accel 
INFO: [HLS 200-1505] Using default flow_target 'vivado'
Resolution: For help on HLS 200-1505 see docs.xilinx.com/access/sources/dita/topic?Doc_Version=2024.1%20English&url=ug1448-hls-guidance&resourceid=200-1505.html
INFO: [HLS 200-1465] Applying ini 'syn.file=/home/jjos425/Documents/vivado_projects/project_1/digit_caps_accel/constants.h' from /home/jjos425/Documents/vivado_projects/project_1/digit_caps_accel/hls_config.cfg(8)
INFO: [HLS 200-10] Adding design file '/home/jjos425/Documents/vivado_projects/project_1/digit_caps_accel/constants.h' to the project
INFO: [HLS 200-1465] Applying ini 'syn.file=/home/jjos425/Documents/vivado_projects/project_1/digit_caps_accel/DigitCaps.cpp' from /home/jjos425/Documents/vivado_projects/project_1/digit_caps_accel/hls_config.cfg(9)
INFO: [HLS 200-10] Adding design file '/home/jjos425/Documents/vivado_projects/project_1/digit_caps_accel/DigitCaps.cpp' to the project
INFO: [HLS 200-1465] Applying ini 'syn.file=/home/jjos425/Documents/vivado_projects/project_1/digit_caps_accel/DigitCaps.h' from /home/jjos425/Documents/vivado_projects/project_1/digit_caps_accel/hls_config.cfg(10)
INFO: [HLS 200-10] Adding design file '/home/jjos425/Documents/vivado_projects/project_1/digit_caps_accel/DigitCaps.h' to the project
INFO: [HLS 200-1465] Applying ini 'syn.file=/home/jjos425/Documents/vivado_projects/project_1/digit_caps_accel/testing_suite.h' from /home/jjos425/Documents/vivado_projects/project_1/digit_caps_accel/hls_config.cfg(11)
INFO: [HLS 200-10] Adding design file '/home/jjos425/Documents/vivado_projects/project_1/digit_caps_accel/testing_suite.h' to the project
INFO: [HLS 200-1465] Applying ini 'syn.file=DigitTestBench.cpp' from /home/jjos425/Documents/vivado_projects/project_1/digit_caps_accel/hls_config.cfg(12)
INFO: [HLS 200-10] Adding design file '/home/jjos425/Documents/vivado_projects/project_1/digit_caps_accel/DigitTestBench.cpp' to the project
INFO: [HLS 200-1465] Applying ini 'tb.file=DigitTestBench.cpp' from /home/jjos425/Documents/vivado_projects/project_1/digit_caps_accel/hls_config.cfg(13)
INFO: [HLS 200-10] Adding test bench file '/home/jjos425/Documents/vivado_projects/project_1/digit_caps_accel/DigitTestBench.cpp' to the project
INFO: [HLS 200-1465] Applying ini 'syn.top=dynamic_routing' from /home/jjos425/Documents/vivado_projects/project_1/digit_caps_accel/hls_config.cfg(7)
INFO: [HLS 200-1465] Applying ini 'flow_target=vitis' from /home/jjos425/Documents/vivado_projects/project_1/digit_caps_accel/hls_config.cfg(4)
INFO: [HLS 200-1505] Using flow_target 'vitis'
Resolution: For help on HLS 200-1505 see docs.xilinx.com/access/sources/dita/topic?Doc_Version=2024.1%20English&url=ug1448-hls-guidance&resourceid=200-1505.html
INFO: [HLS 200-435] Setting 'open_solution -flow_target vitis' configuration: config_interface -m_axi_latency=64
INFO: [HLS 200-435] Setting 'open_solution -flow_target vitis' configuration: config_interface -m_axi_alignment_byte_size=64
INFO: [HLS 200-435] Setting 'open_solution -flow_target vitis' configuration: config_interface -m_axi_max_widen_bitwidth=512
INFO: [HLS 200-435] Setting 'open_solution -flow_target vitis' configuration: config_rtl -register_reset_num=3
INFO: [HLS 200-1465] Applying ini 'part=xczu9eg-ffvb1156-2-e' from /home/jjos425/Documents/vivado_projects/project_1/digit_caps_accel/hls_config.cfg(1)
INFO: [HLS 200-1611] Setting target device to 'xczu9eg-ffvb1156-2-e'
INFO: [HLS 200-1465] Applying ini 'package.output.format=xo' from /home/jjos425/Documents/vivado_projects/project_1/digit_caps_accel/hls_config.cfg(5)
INFO: [HLS 200-111] Finished File checks and directory preparation: CPU user time: 1.46 seconds. CPU system time: 0.15 seconds. Elapsed time: 1.53 seconds; current allocated memory: 318.340 MB.
INFO: [HLS 200-10] Analyzing design file 'DigitTestBench.cpp' ... 
INFO: [HLS 200-10] Analyzing design file 'DigitCaps.cpp' ... 
INFO: [HLS 200-111] Finished Source Code Analysis and Preprocessing: CPU user time: 10.38 seconds. CPU system time: 0.81 seconds. Elapsed time: 11.18 seconds; current allocated memory: 324.406 MB.
INFO: [HLS 200-777] Using interface defaults for 'Vitis' flow target.
INFO: [HLS 200-1995] There were 9,467 instructions in the design after the 'Compile/Link' phase of compilation. See the Design Size Report for more details: /home/jjos425/Documents/vivado_projects/project_1/digit_caps_accel/digit_caps_accel/hls/syn/report/csynth_design_size.rpt
INFO: [HLS 200-1995] There were 58,778 instructions in the design after the 'Unroll/Inline (step 1)' phase of compilation. See the Design Size Report for more details: /home/jjos425/Documents/vivado_projects/project_1/digit_caps_accel/digit_caps_accel/hls/syn/report/csynth_design_size.rpt
INFO: [HLS 200-1995] There were 22,362 instructions in the design after the 'Unroll/Inline (step 2)' phase of compilation. See the Design Size Report for more details: /home/jjos425/Documents/vivado_projects/project_1/digit_caps_accel/digit_caps_accel/hls/syn/report/csynth_design_size.rpt
INFO: [HLS 200-1995] There were 18,796 instructions in the design after the 'Unroll/Inline (step 3)' phase of compilation. See the Design Size Report for more details: /home/jjos425/Documents/vivado_projects/project_1/digit_caps_accel/digit_caps_accel/hls/syn/report/csynth_design_size.rpt
INFO: [HLS 200-1995] There were 18,585 instructions in the design after the 'Unroll/Inline (step 4)' phase of compilation. See the Design Size Report for more details: /home/jjos425/Documents/vivado_projects/project_1/digit_caps_accel/digit_caps_accel/hls/syn/report/csynth_design_size.rpt
INFO: [HLS 200-1995] There were 25,830 instructions in the design after the 'Array/Struct' phase of compilation. See the Design Size Report for more details: /home/jjos425/Documents/vivado_projects/project_1/digit_caps_accel/digit_caps_accel/hls/syn/report/csynth_design_size.rpt
INFO: [HLS 200-1995] There were 3,336 instructions in the design after the 'Array/Struct (step 2)' phase of compilation. See the Design Size Report for more details: /home/jjos425/Documents/vivado_projects/project_1/digit_caps_accel/digit_caps_accel/hls/syn/report/csynth_design_size.rpt
INFO: [HLS 200-1995] There were 3,336 instructions in the design after the 'Array/Struct (step 3)' phase of compilation. See the Design Size Report for more details: /home/jjos425/Documents/vivado_projects/project_1/digit_caps_accel/digit_caps_accel/hls/syn/report/csynth_design_size.rpt
INFO: [HLS 200-1995] There were 3,312 instructions in the design after the 'Array/Struct (step 4)' phase of compilation. See the Design Size Report for more details: /home/jjos425/Documents/vivado_projects/project_1/digit_caps_accel/digit_caps_accel/hls/syn/report/csynth_design_size.rpt
INFO: [HLS 200-1995] There were 3,247 instructions in the design after the 'Array/Struct (step 5)' phase of compilation. See the Design Size Report for more details: /home/jjos425/Documents/vivado_projects/project_1/digit_caps_accel/digit_caps_accel/hls/syn/report/csynth_design_size.rpt
INFO: [HLS 200-1995] There were 3,251 instructions in the design after the 'Performance' phase of compilation. See the Design Size Report for more details: /home/jjos425/Documents/vivado_projects/project_1/digit_caps_accel/digit_caps_accel/hls/syn/report/csynth_design_size.rpt
INFO: [HLS 200-1995] There were 4,593 instructions in the design after the 'Performance (step 2)' phase of compilation. See the Design Size Report for more details: /home/jjos425/Documents/vivado_projects/project_1/digit_caps_accel/digit_caps_accel/hls/syn/report/csynth_design_size.rpt
INFO: [HLS 200-1995] There were 7,167 instructions in the design after the 'Performance (step 3)' phase of compilation. See the Design Size Report for more details: /home/jjos425/Documents/vivado_projects/project_1/digit_caps_accel/digit_caps_accel/hls/syn/report/csynth_design_size.rpt
INFO: [HLS 200-1995] There were 5,790 instructions in the design after the 'Performance (step 4)' phase of compilation. See the Design Size Report for more details: /home/jjos425/Documents/vivado_projects/project_1/digit_caps_accel/digit_caps_accel/hls/syn/report/csynth_design_size.rpt
INFO: [HLS 200-1995] There were 5,504 instructions in the design after the 'HW Transforms (step 1)' phase of compilation. See the Design Size Report for more details: /home/jjos425/Documents/vivado_projects/project_1/digit_caps_accel/digit_caps_accel/hls/syn/report/csynth_design_size.rpt
INFO: [HLS 200-1995] There were 5,532 instructions in the design after the 'HW Transforms (step 2)' phase of compilation. See the Design Size Report for more details: /home/jjos425/Documents/vivado_projects/project_1/digit_caps_accel/digit_caps_accel/hls/syn/report/csynth_design_size.rpt
WARNING: [HLS 214-199] Ignoring dependence pragma on local scalar variable 'result'. (DigitCaps.cpp:250:9)
INFO: [HLS 214-291] Loop 'anonymous' is marked as complete unroll implied by the pipeline pragma (DigitCaps.cpp:105:2)
INFO: [HLS 214-291] Loop 'VITIS_LOOP_110_3' is marked as complete unroll implied by the pipeline pragma (DigitCaps.cpp:110:22)
INFO: [HLS 214-291] Loop 'dot_product' is marked as complete unroll implied by the pipeline pragma (DigitCaps.cpp:123:17)
INFO: [HLS 214-186] Unrolling loop 'VITIS_LOOP_233_6' (DigitCaps.cpp:233:20) in function 'sum_of_products' completely with a factor of 1152 (DigitCaps.cpp:205:0)
INFO: [HLS 214-186] Unrolling loop 'anonymous' (DigitCaps.cpp:105:2) in function 'apply_weights' completely with a factor of 128 (DigitCaps.cpp:89:0)
INFO: [HLS 214-186] Unrolling loop 'VITIS_LOOP_110_3' (DigitCaps.cpp:110:22) in function 'apply_weights' completely with a factor of 16 (DigitCaps.cpp:89:0)
INFO: [HLS 214-186] Unrolling loop 'dot_product' (DigitCaps.cpp:123:17) in function 'apply_weights' completely with a factor of 8 (DigitCaps.cpp:89:0)
WARNING: [HLS 214-366] Duplicating function 'ap_fixed_base<32, 16, true, (ap_q_mode)5, (ap_o_mode)3, 0>::ap_fixed_base(double)' as different function signatures were detected between this call site and other call site(s). This may impact the resources used in the design. (DigitCaps.cpp:230:43)
INFO: [HLS 214-178] Inlining function 'coalesce_partial_sums(ap_fixed<32, 16, (ap_q_mode)5, (ap_o_mode)3, 0>*, ap_fixed<32, 16, (ap_q_mode)5, (ap_o_mode)3, 0>*)' into 'sum_of_products(ap_fixed<32, 16, (ap_q_mode)5, (ap_o_mode)3, 0>*, ap_fixed<32, 16, (ap_q_mode)5, (ap_o_mode)3, 0>*, ap_fixed<32, 16, (ap_q_mode)5, (ap_o_mode)3, 0>*)' (DigitCaps.cpp:205:0)
INFO: [HLS 214-178] Inlining function 'agreement(ap_fixed<32, 16, (ap_q_mode)5, (ap_o_mode)3, 0>*, ap_fixed<32, 16, (ap_q_mode)5, (ap_o_mode)3, 0>*, ap_fixed<32, 16, (ap_q_mode)5, (ap_o_mode)3, 0>*)' into 'dynamic_routing(ap_fixed<32, 16, (ap_q_mode)5, (ap_o_mode)3, 0>*, ap_fixed<32, 16, (ap_q_mode)5, (ap_o_mode)3, 0>*, ap_fixed<32, 16, (ap_q_mode)5, (ap_o_mode)3, 0>*)' (DigitCaps.cpp:37:0)
INFO: [HLS 214-178] Inlining function 'add(ap_fixed<32, 16, (ap_q_mode)5, (ap_o_mode)3, 0>*, ap_fixed<32, 16, (ap_q_mode)5, (ap_o_mode)3, 0>*)' into 'dynamic_routing(ap_fixed<32, 16, (ap_q_mode)5, (ap_o_mode)3, 0>*, ap_fixed<32, 16, (ap_q_mode)5, (ap_o_mode)3, 0>*, ap_fixed<32, 16, (ap_q_mode)5, (ap_o_mode)3, 0>*)' (DigitCaps.cpp:37:0)
INFO: [HLS 214-248] Applying array_partition to 'weight_buffer': Complete partitioning on dimension 1. (DigitCaps.cpp:102:10)
INFO: [HLS 214-248] Applying array_partition to 'partial_sums': Complete partitioning on dimension 1. (DigitCaps.cpp:230:21)
INFO: [HLS 214-248] Applying array_partition to 'squashed_v': Complete partitioning on dimension 1. (DigitCaps.cpp:39:10)
INFO: [HLS 214-376] automatically set the pipeline for Loop< VITIS_LOOP_266_1> at DigitCaps.cpp:266:20 
INFO: [HLS 214-376] automatically set the pipeline for Loop< VITIS_LOOP_210_2> at DigitCaps.cpp:210:21 
INFO: [HLS 214-376] automatically set the pipeline for Loop< unknown> at DigitCaps.cpp:230:42 
INFO: [HLS 214-376] automatically set the pipeline for Loop< VITIS_LOOP_180_1> at DigitCaps.cpp:180:20 
INFO: [HLS 214-376] automatically set the pipeline for Loop< unknown> at DigitCaps.cpp:43:2 
INFO: [HLS 214-376] automatically set the pipeline for Loop< VITIS_LOOP_290_2> at DigitCaps.cpp:290:21 
INFO: [HLS 214-376] automatically set the pipeline for Loop< unknown> at DigitCaps.cpp:85:2 
INFO: [HLS 214-291] Loop 'VITIS_LOOP_293_3' is marked as complete unroll implied by the pipeline pragma (DigitCaps.cpp:293:22)
INFO: [HLS 214-291] Loop 'VITIS_LOOP_270_2' is marked as complete unroll implied by the pipeline pragma (DigitCaps.cpp:270:21)
INFO: [HLS 214-291] Loop 'VITIS_LOOP_277_3' is marked as complete unroll implied by the pipeline pragma (DigitCaps.cpp:277:21)
INFO: [HLS 214-291] Loop 'VITIS_LOOP_215_3' is marked as complete unroll implied by the pipeline pragma (DigitCaps.cpp:215:22)
INFO: [HLS 214-291] Loop 'VITIS_LOOP_186_2' is marked as complete unroll implied by the pipeline pragma (DigitCaps.cpp:186:21)
INFO: [HLS 214-291] Loop 'VITIS_LOOP_196_3' is marked as complete unroll implied by the pipeline pragma (DigitCaps.cpp:196:21)
INFO: [HLS 214-186] Unrolling loop 'VITIS_LOOP_293_3' (DigitCaps.cpp:293:22) in function 'dynamic_routing' completely with a factor of 16 (DigitCaps.cpp:37:0)
INFO: [HLS 214-186] Unrolling loop 'VITIS_LOOP_270_2' (DigitCaps.cpp:270:21) in function 'squash' completely with a factor of 16 (DigitCaps.cpp:260:0)
INFO: [HLS 214-186] Unrolling loop 'VITIS_LOOP_277_3' (DigitCaps.cpp:277:21) in function 'squash' completely with a factor of 16 (DigitCaps.cpp:260:0)
INFO: [HLS 214-186] Unrolling loop 'VITIS_LOOP_215_3' (DigitCaps.cpp:215:22) in function 'sum_of_products' completely with a factor of 16 (DigitCaps.cpp:205:0)
INFO: [HLS 214-186] Unrolling loop 'VITIS_LOOP_186_2' (DigitCaps.cpp:186:21) in function 'softmax' completely with a factor of 10 (DigitCaps.cpp:178:0)
INFO: [HLS 214-186] Unrolling loop 'VITIS_LOOP_196_3' (DigitCaps.cpp:196:21) in function 'softmax' completely with a factor of 10 (DigitCaps.cpp:178:0)
INFO: [HLS 214-270] Inferring pragma 'array_partition type=cyclic factor=8 dim=1' for array 'weighted_input_u' due to pipeline pragma (DigitCaps.cpp:45:10)
INFO: [HLS 214-270] Inferring pragma 'array_partition type=cyclic factor=11 dim=1' for array 'coupling_b' due to pipeline pragma (DigitCaps.cpp:48:10)
INFO: [HLS 214-270] Inferring pragma 'array_partition type=cyclic factor=11 dim=1' for array 'coupling_c' due to pipeline pragma (DigitCaps.cpp:49:10)
INFO: [HLS 214-270] Inferring pragma 'array_partition type=cyclic factor=8 dim=1' for array 'sum_of_products_s' due to pipeline pragma (DigitCaps.cpp:50:10)
INFO: [HLS 214-248] Applying array_partition to 'weighted_input_u': Cyclic partitioning with factor 8 on dimension 1. (DigitCaps.cpp:45:10)
INFO: [HLS 214-248] Applying array_partition to 'coupling_b': Cyclic partitioning with factor 11 on dimension 1. (DigitCaps.cpp:48:10)
INFO: [HLS 214-248] Applying array_partition to 'coupling_c': Cyclic partitioning with factor 11 on dimension 1. (DigitCaps.cpp:49:10)
INFO: [HLS 214-248] Applying array_partition to 'sum_of_products_s': Cyclic partitioning with factor 8 on dimension 1. (DigitCaps.cpp:50:10)
INFO: [HLS 214-115] Multiple burst reads of length 92160 and bit width 512 in loop 'VITIS_LOOP_96_1'(DigitCaps.cpp:96:19) has been inferred on bundle 'gmem'. These burst requests might be further partitioned into multiple requests during RTL generation, based on max_read_burst_length or max_write_burst_length settings. (DigitCaps.cpp:96:19)
INFO: [HLS 214-115] Multiple burst reads of length 576 and bit width 512 has been inferred on bundle 'gmem'. These burst requests might be further partitioned into multiple requests during RTL generation, based on max_read_burst_length or max_write_burst_length settings. (DigitCaps.cpp:43:2)
INFO: [HLS 214-115] Multiple burst writes of length 10 and bit width 512 has been inferred on bundle 'gmem'. These burst requests might be further partitioned into multiple requests during RTL generation, based on max_read_burst_length or max_write_burst_length settings. (DigitCaps.cpp:85:2)
INFO: [HLS 200-111] Finished Compiling Optimization and Transform: CPU user time: 529.88 seconds. CPU system time: 0.35 seconds. Elapsed time: 531.82 seconds; current allocated memory: 326.266 MB.
INFO: [HLS 200-111] Finished Checking Pragmas: CPU user time: 0 seconds. CPU system time: 0 seconds. Elapsed time: 0 seconds; current allocated memory: 326.266 MB.
INFO: [HLS 200-10] Starting code transformations ...
INFO: [HLS 200-111] Finished Standard Transforms: CPU user time: 0.23 seconds. CPU system time: 0 seconds. Elapsed time: 0.23 seconds; current allocated memory: 332.395 MB.
INFO: [HLS 200-10] Checking synthesizability ...
WARNING: [SYNCHK 200-120] DigitCaps.cpp:272: multiplication is assumed not to overflow by default, otherwise, please add option '-fwrapv'.
WARNING: [SYNCHK 200-23] DigitCaps.cpp:275: variable-indexed range selection may cause suboptimal QoR.
INFO: [SYNCHK 200-10] 0 error(s), 2 warning(s).
INFO: [HLS 200-111] Finished Checking Synthesizability: CPU user time: 0.2 seconds. CPU system time: 0 seconds. Elapsed time: 0.23 seconds; current allocated memory: 340.316 MB.
INFO: [XFORM 203-401] Performing if-conversion on hyperblock from (DigitCaps.cpp:266:34) to (DigitCaps.cpp:279:29) in function 'squash'... converting 16 basic blocks.
INFO: [XFORM 203-401] Performing if-conversion on hyperblock from (DigitCaps.cpp:180:34) to (DigitCaps.cpp:199:24) in function 'softmax'... converting 151 basic blocks.
INFO: [XFORM 203-11] Balancing expressions in function 'softmax' (DigitCaps.cpp:180:20)...9 expression(s) balanced.
INFO: [XFORM 203-11] Balancing expressions in function 'apply_weights' (DigitCaps.cpp:96:10)...112 expression(s) balanced.
INFO: [HLS 200-111] Finished Loop, function and other optimizations: CPU user time: 1.2 seconds. CPU system time: 0.02 seconds. Elapsed time: 1.21 seconds; current allocated memory: 379.996 MB.
INFO: [HLS 200-2061] Successfully converted nested loops 'VITIS_LOOP_207_1'(DigitCaps.cpp:207:20) and 'VITIS_LOOP_210_2'(DigitCaps.cpp:210:21) in function 'sum_of_products' into perfectly nested loops.
INFO: [HLS 200-2061] Successfully converted nested loops 'VITIS_LOOP_287_1'(DigitCaps.cpp:287:20) and 'VITIS_LOOP_290_2'(DigitCaps.cpp:290:21) in function 'dynamic_routing' into perfectly nested loops.
INFO: [HLS 200-2061] Successfully converted nested loops 'VITIS_LOOP_96_1'(DigitCaps.cpp:96:19) and 'VITIS_LOOP_98_2'(DigitCaps.cpp:98:20) in function 'apply_weights' into perfectly nested loops.
INFO: [XFORM 203-541] Flattening a loop nest 'VITIS_LOOP_207_1' (DigitCaps.cpp:207:20) in function 'sum_of_products'.
INFO: [XFORM 203-541] Flattening a loop nest 'VITIS_LOOP_287_1' (DigitCaps.cpp:287:20) in function 'dynamic_routing'.
INFO: [XFORM 203-541] Flattening a loop nest 'VITIS_LOOP_96_1' (DigitCaps.cpp:96:19) in function 'apply_weights'.
INFO: [HLS 200-111] Finished Architecture Synthesis: CPU user time: 61.47 seconds. CPU system time: 0.03 seconds. Elapsed time: 61.49 seconds; current allocated memory: 547.227 MB.
INFO: [HLS 200-10] Starting hardware synthesis ...
INFO: [HLS 200-10] Synthesizing 'dynamic_routing' ...
INFO: [SYN 201-201] Setting up clock 'default' with a period of 10ns.
INFO: [HLS 200-10] ----------------------------------------------------------------
INFO: [HLS 200-42] -- Implementing module 'dynamic_routing_Pipeline_1' 
INFO: [HLS 200-10] ----------------------------------------------------------------
INFO: [SCHED 204-11] Starting scheduling ...
INFO: [HLS 200-1457] Automatically inferring inferring RAM_1WNR storage type for array 'primary_caps'. Use bind_storage pragma to override this type.
INFO: [SCHED 204-61] Pipelining loop 'Loop 1'.
INFO: [HLS 200-1470] Pipelining result : Target II = NA, Final II = 1, Depth = 3, loop 'Loop 1'
INFO: [SCHED 204-11] Finished scheduling.
INFO: [HLS 200-111] Finished Scheduling: CPU user time: 0.28 seconds. CPU system time: 0.02 seconds. Elapsed time: 0.32 seconds; current allocated memory: 553.012 MB.
INFO: [BIND 205-100] Starting micro-architecture generation ...
INFO: [BIND 205-101] Performing variable lifetime analysis.
INFO: [BIND 205-101] Exploring resource sharing.
INFO: [BIND 205-101] Binding ...
INFO: [BIND 205-100] Finished micro-architecture generation.
INFO: [HLS 200-111] Finished Binding: CPU user time: 0.01 seconds. CPU system time: 0.01 seconds. Elapsed time: 0 seconds; current allocated memory: 553.012 MB.
INFO: [HLS 200-10] ----------------------------------------------------------------
INFO: [HLS 200-42] -- Implementing module 'apply_weights_Pipeline_VITIS_LOOP_96_1_VITIS_LOOP_98_2' 
INFO: [HLS 200-10] ----------------------------------------------------------------
INFO: [SCHED 204-11] Starting scheduling ...
INFO: [HLS 200-1457] Automatically inferring inferring RAM_1WNR storage type for array 'input_mat'. Use bind_storage pragma to override this type.
INFO: [SCHED 204-61] Pipelining loop 'VITIS_LOOP_96_1_VITIS_LOOP_98_2'.
INFO: [HLS 200-1470] Pipelining result : Target II = 8, Final II = 8, Depth = 11, loop 'VITIS_LOOP_96_1_VITIS_LOOP_98_2'
INFO: [SCHED 204-11] Finished scheduling.
INFO: [HLS 200-111] Finished Scheduling: CPU user time: 0.38 seconds. CPU system time: 0 seconds. Elapsed time: 0.39 seconds; current allocated memory: 558.852 MB.
INFO: [BIND 205-100] Starting micro-architecture generation ...
INFO: [BIND 205-101] Performing variable lifetime analysis.
INFO: [BIND 205-101] Exploring resource sharing.
INFO: [BIND 205-101] Binding ...
INFO: [BIND 205-100] Finished micro-architecture generation.
INFO: [HLS 200-111] Finished Binding: CPU user time: 0.06 seconds. CPU system time: 0 seconds. Elapsed time: 0.06 seconds; current allocated memory: 558.852 MB.
INFO: [HLS 200-10] ----------------------------------------------------------------
INFO: [HLS 200-42] -- Implementing module 'apply_weights' 
INFO: [HLS 200-10] ----------------------------------------------------------------
INFO: [SCHED 204-11] Starting scheduling ...
INFO: [SCHED 204-11] Finished scheduling.
INFO: [HLS 200-111] Finished Scheduling: CPU user time: 0.03 seconds. CPU system time: 0 seconds. Elapsed time: 0.03 seconds; current allocated memory: 558.852 MB.
INFO: [BIND 205-100] Starting micro-architecture generation ...
INFO: [BIND 205-101] Performing variable lifetime analysis.
INFO: [BIND 205-101] Exploring resource sharing.
INFO: [BIND 205-101] Binding ...
INFO: [BIND 205-100] Finished micro-architecture generation.
INFO: [HLS 200-111] Finished Binding: CPU user time: 0.01 seconds. CPU system time: 0 seconds. Elapsed time: 0.02 seconds; current allocated memory: 558.852 MB.
INFO: [HLS 200-10] ----------------------------------------------------------------
INFO: [HLS 200-42] -- Implementing module 'softmax' 
INFO: [HLS 200-10] ----------------------------------------------------------------
INFO: [SCHED 204-11] Starting scheduling ...
INFO: [HLS 200-486] Changing DSP latency (root=mul_ln188_6) to 3 in order to utilize available DSP registers.
INFO: [HLS 200-486] Changing DSP latency (root=mul_ln188_2) to 3 in order to utilize available DSP registers.
INFO: [HLS 200-486] Changing DSP latency (root=mul_ln188) to 3 in order to utilize available DSP registers.
INFO: [SCHED 204-61] Pipelining loop 'VITIS_LOOP_180_1'.
INFO: [HLS 200-1470] Pipelining result : Target II = NA, Final II = 1, Depth = 73, loop 'VITIS_LOOP_180_1'
INFO: [SCHED 204-11] Finished scheduling.
INFO: [HLS 200-111] Finished Scheduling: CPU user time: 0.84 seconds. CPU system time: 0.01 seconds. Elapsed time: 0.84 seconds; current allocated memory: 580.949 MB.
INFO: [BIND 205-100] Starting micro-architecture generation ...
INFO: [BIND 205-101] Performing variable lifetime analysis.
INFO: [BIND 205-101] Exploring resource sharing.
INFO: [BIND 205-101] Binding ...
INFO: [BIND 205-100] Finished micro-architecture generation.
INFO: [HLS 200-111] Finished Binding: CPU user time: 0.15 seconds. CPU system time: 0 seconds. Elapsed time: 0.17 seconds; current allocated memory: 594.824 MB.
INFO: [HLS 200-10] ----------------------------------------------------------------
INFO: [HLS 200-42] -- Implementing module 'sum_of_products_Pipeline_VITIS_LOOP_207_1_VITIS_LOOP_210_2' 
INFO: [HLS 200-10] ----------------------------------------------------------------
INFO: [SCHED 204-11] Starting scheduling ...
INFO: [SCHED 204-61] Pipelining loop 'VITIS_LOOP_207_1_VITIS_LOOP_210_2'.
INFO: [HLS 200-1470] Pipelining result : Target II = NA, Final II = 1, Depth = 18, loop 'VITIS_LOOP_207_1_VITIS_LOOP_210_2'
INFO: [SCHED 204-11] Finished scheduling.
INFO: [HLS 200-111] Finished Scheduling: CPU user time: 0.17 seconds. CPU system time: 0.01 seconds. Elapsed time: 0.17 seconds; current allocated memory: 594.824 MB.
INFO: [BIND 205-100] Starting micro-architecture generation ...
INFO: [BIND 205-101] Performing variable lifetime analysis.
INFO: [BIND 205-101] Exploring resource sharing.
INFO: [BIND 205-101] Binding ...
INFO: [BIND 205-100] Finished micro-architecture generation.
INFO: [HLS 200-111] Finished Binding: CPU user time: 0.02 seconds. CPU system time: 0 seconds. Elapsed time: 0.02 seconds; current allocated memory: 594.824 MB.
INFO: [HLS 200-10] ----------------------------------------------------------------
INFO: [HLS 200-42] -- Implementing module 'sum_of_products_Pipeline_2' 
INFO: [HLS 200-10] ----------------------------------------------------------------
INFO: [SCHED 204-11] Starting scheduling ...
INFO: [SCHED 204-61] Pipelining loop 'Loop 1'.
INFO: [HLS 200-1470] Pipelining result : Target II = NA, Final II = 1, Depth = 1, loop 'Loop 1'
INFO: [SCHED 204-11] Finished scheduling.
INFO: [HLS 200-111] Finished Scheduling: CPU user time: 2.08 seconds. CPU system time: 0.01 seconds. Elapsed time: 2.1 seconds; current allocated memory: 594.824 MB.
INFO: [BIND 205-100] Starting micro-architecture generation ...
INFO: [BIND 205-101] Performing variable lifetime analysis.
INFO: [BIND 205-101] Exploring resource sharing.
INFO: [BIND 205-101] Binding ...
INFO: [BIND 205-100] Finished micro-architecture generation.
INFO: [HLS 200-111] Finished Binding: CPU user time: 0.07 seconds. CPU system time: 0 seconds. Elapsed time: 0.07 seconds; current allocated memory: 610.824 MB.
INFO: [HLS 200-10] ----------------------------------------------------------------
INFO: [HLS 200-42] -- Implementing module 'sum_of_products_Pipeline_VITIS_LOOP_248_1' 
INFO: [HLS 200-10] ----------------------------------------------------------------
INFO: [SCHED 204-11] Starting scheduling ...
INFO: [SCHED 204-61] Pipelining loop 'VITIS_LOOP_248_1'.
INFO: [HLS 200-1470] Pipelining result : Target II = 3, Final II = 1, Depth = 1, loop 'VITIS_LOOP_248_1'
INFO: [SCHED 204-11] Finished scheduling.
INFO: [HLS 200-111] Finished Scheduling: CPU user time: 0.03 seconds. CPU system time: 0 seconds. Elapsed time: 0.04 seconds; current allocated memory: 610.824 MB.
INFO: [BIND 205-100] Starting micro-architecture generation ...
INFO: [BIND 205-101] Performing variable lifetime analysis.
INFO: [BIND 205-101] Exploring resource sharing.
INFO: [BIND 205-101] Binding ...
INFO: [BIND 205-100] Finished micro-architecture generation.
INFO: [HLS 200-111] Finished Binding: CPU user time: 0.01 seconds. CPU system time: 0.01 seconds. Elapsed time: 0 seconds; current allocated memory: 610.824 MB.
INFO: [HLS 200-10] ----------------------------------------------------------------
INFO: [HLS 200-42] -- Implementing module 'sum_of_products' 
INFO: [HLS 200-10] ----------------------------------------------------------------
INFO: [SCHED 204-11] Starting scheduling ...
INFO: [SCHED 204-11] Finished scheduling.
INFO: [HLS 200-111] Finished Scheduling: CPU user time: 0.08 seconds. CPU system time: 0 seconds. Elapsed time: 0.08 seconds; current allocated memory: 610.824 MB.
INFO: [BIND 205-100] Starting micro-architecture generation ...
INFO: [BIND 205-101] Performing variable lifetime analysis.
INFO: [BIND 205-101] Exploring resource sharing.
INFO: [BIND 205-101] Binding ...
INFO: [BIND 205-100] Finished micro-architecture generation.
INFO: [HLS 200-111] Finished Binding: CPU user time: 0.02 seconds. CPU system time: 0 seconds. Elapsed time: 0.03 seconds; current allocated memory: 610.824 MB.
INFO: [HLS 200-10] ----------------------------------------------------------------
INFO: [HLS 200-42] -- Implementing module 'squash' 
INFO: [HLS 200-10] ----------------------------------------------------------------
INFO: [SCHED 204-11] Starting scheduling ...
INFO: [SCHED 204-61] Pipelining loop 'VITIS_LOOP_266_1'.
INFO: [HLS 200-1470] Pipelining result : Target II = NA, Final II = 1, Depth = 123, loop 'VITIS_LOOP_266_1'
INFO: [SCHED 204-11] Finished scheduling.
INFO: [HLS 200-111] Finished Scheduling: CPU user time: 0.87 seconds. CPU system time: 0 seconds. Elapsed time: 0.87 seconds; current allocated memory: 622.832 MB.
INFO: [BIND 205-100] Starting micro-architecture generation ...
INFO: [BIND 205-101] Performing variable lifetime analysis.
INFO: [BIND 205-101] Exploring resource sharing.
INFO: [BIND 205-101] Binding ...
INFO: [BIND 205-100] Finished micro-architecture generation.
INFO: [HLS 200-111] Finished Binding: CPU user time: 0.05 seconds. CPU system time: 0.01 seconds. Elapsed time: 0.05 seconds; current allocated memory: 622.832 MB.
INFO: [HLS 200-10] ----------------------------------------------------------------
INFO: [HLS 200-42] -- Implementing module 'dynamic_routing_Pipeline_VITIS_LOOP_287_1_VITIS_LOOP_290_2' 
INFO: [HLS 200-10] ----------------------------------------------------------------
INFO: [SCHED 204-11] Starting scheduling ...
INFO: [SCHED 204-61] Pipelining loop 'VITIS_LOOP_287_1_VITIS_LOOP_290_2'.
INFO: [HLS 200-1470] Pipelining result : Target II = NA, Final II = 1, Depth = 5, loop 'VITIS_LOOP_287_1_VITIS_LOOP_290_2'
INFO: [SCHED 204-11] Finished scheduling.
INFO: [HLS 200-111] Finished Scheduling: CPU user time: 0.15 seconds. CPU system time: 0 seconds. Elapsed time: 0.16 seconds; current allocated memory: 623.844 MB.
INFO: [BIND 205-100] Starting micro-architecture generation ...
INFO: [BIND 205-101] Performing variable lifetime analysis.
INFO: [BIND 205-101] Exploring resource sharing.
INFO: [BIND 205-101] Binding ...
INFO: [BIND 205-100] Finished micro-architecture generation.
INFO: [HLS 200-111] Finished Binding: CPU user time: 0.02 seconds. CPU system time: 0 seconds. Elapsed time: 0.03 seconds; current allocated memory: 623.844 MB.
INFO: [HLS 200-10] ----------------------------------------------------------------
INFO: [HLS 200-42] -- Implementing module 'dynamic_routing_Pipeline_VITIS_LOOP_304_1' 
INFO: [HLS 200-10] ----------------------------------------------------------------
INFO: [SCHED 204-11] Starting scheduling ...
INFO: [SCHED 204-61] Pipelining loop 'VITIS_LOOP_304_1'.
INFO: [HLS 200-1470] Pipelining result : Target II = 2, Final II = 2, Depth = 4, loop 'VITIS_LOOP_304_1'
INFO: [SCHED 204-11] Finished scheduling.
INFO: [HLS 200-111] Finished Scheduling: CPU user time: 0.06 seconds. CPU system time: 0 seconds. Elapsed time: 0.06 seconds; current allocated memory: 623.844 MB.
INFO: [BIND 205-100] Starting micro-architecture generation ...
INFO: [BIND 205-101] Performing variable lifetime analysis.
INFO: [BIND 205-101] Exploring resource sharing.
INFO: [BIND 205-101] Binding ...
INFO: [BIND 205-100] Finished micro-architecture generation.
INFO: [HLS 200-111] Finished Binding: CPU user time: 0.01 seconds. CPU system time: 0 seconds. Elapsed time: 0.01 seconds; current allocated memory: 623.844 MB.
INFO: [HLS 200-10] ----------------------------------------------------------------
INFO: [HLS 200-42] -- Implementing module 'dynamic_routing_Pipeline_4' 
INFO: [HLS 200-10] ----------------------------------------------------------------
INFO: [SCHED 204-11] Starting scheduling ...
INFO: [SCHED 204-61] Pipelining loop 'Loop 1'.
INFO: [HLS 200-1470] Pipelining result : Target II = NA, Final II = 1, Depth = 2, loop 'Loop 1'
INFO: [SCHED 204-11] Finished scheduling.
INFO: [HLS 200-111] Finished Scheduling: CPU user time: 0.07 seconds. CPU system time: 0 seconds. Elapsed time: 0.07 seconds; current allocated memory: 623.844 MB.
INFO: [BIND 205-100] Starting micro-architecture generation ...
INFO: [BIND 205-101] Performing variable lifetime analysis.
INFO: [BIND 205-101] Exploring resource sharing.
INFO: [BIND 205-101] Binding ...
INFO: [BIND 205-100] Finished micro-architecture generation.
INFO: [HLS 200-111] Finished Binding: CPU user time: 0.02 seconds. CPU system time: 0.01 seconds. Elapsed time: 0.02 seconds; current allocated memory: 623.844 MB.
INFO: [HLS 200-10] ----------------------------------------------------------------
INFO: [HLS 200-42] -- Implementing module 'dynamic_routing' 
INFO: [HLS 200-10] ----------------------------------------------------------------
INFO: [SCHED 204-11] Starting scheduling ...
INFO: [SCHED 204-11] Finished scheduling.
INFO: [HLS 200-111] Finished Scheduling: CPU user time: 0.15 seconds. CPU system time: 0 seconds. Elapsed time: 0.15 seconds; current allocated memory: 623.844 MB.
INFO: [BIND 205-100] Starting micro-architecture generation ...
INFO: [BIND 205-101] Performing variable lifetime analysis.
INFO: [BIND 205-101] Exploring resource sharing.
INFO: [BIND 205-101] Binding ...
INFO: [BIND 205-100] Finished micro-architecture generation.
INFO: [HLS 200-111] Finished Binding: CPU user time: 0.06 seconds. CPU system time: 0 seconds. Elapsed time: 0.07 seconds; current allocated memory: 623.844 MB.
INFO: [HLS 200-10] ----------------------------------------------------------------
INFO: [HLS 200-10] -- Generating RTL for module 'dynamic_routing_Pipeline_1' 
INFO: [HLS 200-10] ----------------------------------------------------------------
INFO: [HLS 200-1030] Apply Unified Pipeline Control on module 'dynamic_routing_Pipeline_1' pipeline 'Loop 1' pipeline type 'loop pipeline'
WARNING: [RTGEN 206-101] Setting dangling out port 'dynamic_routing_Pipeline_1/m_axi_gmem_ARVALID' to 0.
WARNING: [RTGEN 206-101] Setting dangling out port 'dynamic_routing_Pipeline_1/m_axi_gmem_ARADDR' to 0.
WARNING: [RTGEN 206-101] Setting dangling out port 'dynamic_routing_Pipeline_1/m_axi_gmem_ARID' to 0.
WARNING: [RTGEN 206-101] Setting dangling out port 'dynamic_routing_Pipeline_1/m_axi_gmem_ARLEN' to 0.
WARNING: [RTGEN 206-101] Setting dangling out port 'dynamic_routing_Pipeline_1/m_axi_gmem_ARSIZE' to 0.
WARNING: [RTGEN 206-101] Setting dangling out port 'dynamic_routing_Pipeline_1/m_axi_gmem_ARBURST' to 0.
WARNING: [RTGEN 206-101] Setting dangling out port 'dynamic_routing_Pipeline_1/m_axi_gmem_ARLOCK' to 0.
WARNING: [RTGEN 206-101] Setting dangling out port 'dynamic_routing_Pipeline_1/m_axi_gmem_ARCACHE' to 0.
WARNING: [RTGEN 206-101] Setting dangling out port 'dynamic_routing_Pipeline_1/m_axi_gmem_ARPROT' to 0.
WARNING: [RTGEN 206-101] Setting dangling out port 'dynamic_routing_Pipeline_1/m_axi_gmem_ARQOS' to 0.
WARNING: [RTGEN 206-101] Setting dangling out port 'dynamic_routing_Pipeline_1/m_axi_gmem_ARREGION' to 0.
WARNING: [RTGEN 206-101] Setting dangling out port 'dynamic_routing_Pipeline_1/m_axi_gmem_ARUSER' to 0.
INFO: [RTGEN 206-100] Finished creating RTL model for 'dynamic_routing_Pipeline_1'.
INFO: [HLS 200-111] Finished Creating RTL model: CPU user time: 0.07 seconds. CPU system time: 0 seconds. Elapsed time: 0.07 seconds; current allocated memory: 624.348 MB.
INFO: [HLS 200-10] ----------------------------------------------------------------
INFO: [HLS 200-10] -- Generating RTL for module 'apply_weights_Pipeline_VITIS_LOOP_96_1_VITIS_LOOP_98_2' 
INFO: [HLS 200-10] ----------------------------------------------------------------
INFO: [HLS 200-1030] Apply Unified Pipeline Control on module 'apply_weights_Pipeline_VITIS_LOOP_96_1_VITIS_LOOP_98_2' pipeline 'VITIS_LOOP_96_1_VITIS_LOOP_98_2' pipeline type 'loop pipeline'
WARNING: [RTGEN 206-101] Setting dangling out port 'apply_weights_Pipeline_VITIS_LOOP_96_1_VITIS_LOOP_98_2/m_axi_gmem_ARVALID' to 0.
WARNING: [RTGEN 206-101] Setting dangling out port 'apply_weights_Pipeline_VITIS_LOOP_96_1_VITIS_LOOP_98_2/m_axi_gmem_ARADDR' to 0.
WARNING: [RTGEN 206-101] Setting dangling out port 'apply_weights_Pipeline_VITIS_LOOP_96_1_VITIS_LOOP_98_2/m_axi_gmem_ARID' to 0.
WARNING: [RTGEN 206-101] Setting dangling out port 'apply_weights_Pipeline_VITIS_LOOP_96_1_VITIS_LOOP_98_2/m_axi_gmem_ARLEN' to 0.
WARNING: [RTGEN 206-101] Setting dangling out port 'apply_weights_Pipeline_VITIS_LOOP_96_1_VITIS_LOOP_98_2/m_axi_gmem_ARSIZE' to 0.
WARNING: [RTGEN 206-101] Setting dangling out port 'apply_weights_Pipeline_VITIS_LOOP_96_1_VITIS_LOOP_98_2/m_axi_gmem_ARBURST' to 0.
WARNING: [RTGEN 206-101] Setting dangling out port 'apply_weights_Pipeline_VITIS_LOOP_96_1_VITIS_LOOP_98_2/m_axi_gmem_ARLOCK' to 0.
WARNING: [RTGEN 206-101] Setting dangling out port 'apply_weights_Pipeline_VITIS_LOOP_96_1_VITIS_LOOP_98_2/m_axi_gmem_ARCACHE' to 0.
WARNING: [RTGEN 206-101] Setting dangling out port 'apply_weights_Pipeline_VITIS_LOOP_96_1_VITIS_LOOP_98_2/m_axi_gmem_ARPROT' to 0.
WARNING: [RTGEN 206-101] Setting dangling out port 'apply_weights_Pipeline_VITIS_LOOP_96_1_VITIS_LOOP_98_2/m_axi_gmem_ARQOS' to 0.
WARNING: [RTGEN 206-101] Setting dangling out port 'apply_weights_Pipeline_VITIS_LOOP_96_1_VITIS_LOOP_98_2/m_axi_gmem_ARREGION' to 0.
WARNING: [RTGEN 206-101] Setting dangling out port 'apply_weights_Pipeline_VITIS_LOOP_96_1_VITIS_LOOP_98_2/m_axi_gmem_ARUSER' to 0.
INFO: [RTGEN 206-100] Generating core module 'mul_32s_32s_48_1_1': 16 instance(s).
INFO: [RTGEN 206-100] Finished creating RTL model for 'apply_weights_Pipeline_VITIS_LOOP_96_1_VITIS_LOOP_98_2'.
INFO: [HLS 200-111] Finished Creating RTL model: CPU user time: 0.08 seconds. CPU system time: 0.01 seconds. Elapsed time: 0.09 seconds; current allocated memory: 627.832 MB.
INFO: [HLS 200-10] ----------------------------------------------------------------
INFO: [HLS 200-10] -- Generating RTL for module 'apply_weights' 
INFO: [HLS 200-10] ----------------------------------------------------------------
INFO: [RTGEN 206-100] Finished creating RTL model for 'apply_weights'.
INFO: [HLS 200-111] Finished Creating RTL model: CPU user time: 0.13 seconds. CPU system time: 0.01 seconds. Elapsed time: 0.14 seconds; current allocated memory: 643.355 MB.
INFO: [HLS 200-10] ----------------------------------------------------------------
INFO: [HLS 200-10] -- Generating RTL for module 'softmax' 
INFO: [HLS 200-10] ----------------------------------------------------------------
INFO: [HLS 200-1030] Apply Unified Pipeline Control on module 'softmax' pipeline 'VITIS_LOOP_180_1' pipeline type 'loop pipeline'
INFO: [RTGEN 206-104] Estimated max fanout for 'softmax' is 47731 from HDL expression: (1'b0 == ap_block_pp0_stage0_11001)
INFO: [RTGEN 206-100] Generating core module 'am_addmul_11ns_11ns_13ns_25_4_1': 1 instance(s).
INFO: [RTGEN 206-100] Generating core module 'am_addmul_11ns_12ns_14ns_27_4_1': 1 instance(s).
INFO: [RTGEN 206-100] Generating core module 'am_addmul_11ns_13ns_15ns_29_4_1': 1 instance(s).
INFO: [RTGEN 206-100] Generating core module 'dexp_64ns_64ns_64_13_full_dsp_1': 10 instance(s).
INFO: [RTGEN 206-100] Generating core module 'mul_12ns_14ns_25_1_1': 1 instance(s).
INFO: [RTGEN 206-100] Generating core module 'mul_13ns_15ns_27_1_1': 3 instance(s).
INFO: [RTGEN 206-100] Generating core module 'mul_14ns_16ns_29_1_1': 2 instance(s).
INFO: [RTGEN 206-100] Generating core module 'sdiv_48ns_32s_48_52_1': 10 instance(s).
INFO: [RTGEN 206-100] Generating core module 'sparsemux_23_4_32_1_1': 10 instance(s).
INFO: [RTGEN 206-100] Generating core module 'sparsemux_9_3_32_1_1': 10 instance(s).
INFO: [RTGEN 206-100] Finished creating RTL model for 'softmax'.
INFO: [HLS 200-111] Finished Creating RTL model: CPU user time: 0.23 seconds. CPU system time: 0.02 seconds. Elapsed time: 0.26 seconds; current allocated memory: 660.895 MB.
INFO: [HLS 200-10] ----------------------------------------------------------------
INFO: [HLS 200-10] -- Generating RTL for module 'sum_of_products_Pipeline_VITIS_LOOP_207_1_VITIS_LOOP_210_2' 
INFO: [HLS 200-10] ----------------------------------------------------------------
INFO: [HLS 200-1030] Apply Unified Pipeline Control on module 'sum_of_products_Pipeline_VITIS_LOOP_207_1_VITIS_LOOP_210_2' pipeline 'VITIS_LOOP_207_1_VITIS_LOOP_210_2' pipeline type 'loop pipeline'
INFO: [RTGEN 206-100] Generating core module 'mul_14ns_16ns_29_1_1': 1 instance(s).
INFO: [RTGEN 206-100] Generating core module 'mul_32s_32s_48_1_1': 16 instance(s).
INFO: [RTGEN 206-100] Generating core module 'sparsemux_23_4_32_1_1': 1 instance(s).
INFO: [RTGEN 206-100] Generating core module 'urem_14ns_5ns_4_18_1': 1 instance(s).
INFO: [RTGEN 206-100] Finished creating RTL model for 'sum_of_products_Pipeline_VITIS_LOOP_207_1_VITIS_LOOP_210_2'.
INFO: [HLS 200-111] Finished Creating RTL model: CPU user time: 0.39 seconds. CPU system time: 0.02 seconds. Elapsed time: 0.42 seconds; current allocated memory: 696.328 MB.
INFO: [HLS 200-10] ----------------------------------------------------------------
INFO: [HLS 200-10] -- Generating RTL for module 'sum_of_products_Pipeline_2' 
INFO: [HLS 200-10] ----------------------------------------------------------------
INFO: [RTGEN 206-100] Finished creating RTL model for 'sum_of_products_Pipeline_2'.
INFO: [HLS 200-111] Finished Creating RTL model: CPU user time: 0.05 seconds. CPU system time: 0.02 seconds. Elapsed time: 0.07 seconds; current allocated memory: 696.328 MB.
INFO: [HLS 200-10] ----------------------------------------------------------------
INFO: [HLS 200-10] -- Generating RTL for module 'sum_of_products_Pipeline_VITIS_LOOP_248_1' 
INFO: [HLS 200-10] ----------------------------------------------------------------
INFO: [RTGEN 206-100] Generating core module 'sparsemux_19_4_32_1_1': 1 instance(s).
INFO: [RTGEN 206-100] Finished creating RTL model for 'sum_of_products_Pipeline_VITIS_LOOP_248_1'.
INFO: [HLS 200-111] Finished Creating RTL model: CPU user time: 0.08 seconds. CPU system time: 0 seconds. Elapsed time: 0.09 seconds; current allocated memory: 704.273 MB.
INFO: [HLS 200-10] ----------------------------------------------------------------
INFO: [HLS 200-10] -- Generating RTL for module 'sum_of_products' 
INFO: [HLS 200-10] ----------------------------------------------------------------
INFO: [RTGEN 206-100] Generating core module 'sparsemux_17_3_32_1_1': 2 instance(s).
INFO: [RTGEN 206-100] Finished creating RTL model for 'sum_of_products'.
INFO: [HLS 200-111] Finished Creating RTL model: CPU user time: 0.05 seconds. CPU system time: 0.01 seconds. Elapsed time: 0.06 seconds; current allocated memory: 708.328 MB.
INFO: [HLS 200-10] ----------------------------------------------------------------
INFO: [HLS 200-10] -- Generating RTL for module 'squash' 
INFO: [HLS 200-10] ----------------------------------------------------------------
INFO: [HLS 200-1030] Apply Unified Pipeline Control on module 'squash' pipeline 'VITIS_LOOP_266_1' pipeline type 'loop pipeline'
INFO: [RTGEN 206-104] Estimated max fanout for 'squash' is 93820 from HDL expression: (1'b0 == ap_block_pp0_stage0_11001)
INFO: [RTGEN 206-100] Generating core module 'dsqrt_64ns_64ns_64_21_no_dsp_1': 1 instance(s).
INFO: [RTGEN 206-100] Generating core module 'mul_32s_32s_48_1_1': 32 instance(s).
INFO: [RTGEN 206-100] Generating core module 'sdiv_48ns_33s_48_52_1': 1 instance(s).
INFO: [RTGEN 206-100] Generating core module 'sdiv_64ns_32s_32_68_1': 1 instance(s).
INFO: [RTGEN 206-100] Generating core module 'sparsemux_9_3_32_1_1': 1 instance(s).
INFO: [RTGEN 206-100] Finished creating RTL model for 'squash'.
INFO: [HLS 200-111] Finished Creating RTL model: CPU user time: 0.18 seconds. CPU system time: 0 seconds. Elapsed time: 0.18 seconds; current allocated memory: 720.125 MB.
INFO: [HLS 200-10] ----------------------------------------------------------------
INFO: [HLS 200-10] -- Generating RTL for module 'dynamic_routing_Pipeline_VITIS_LOOP_287_1_VITIS_LOOP_290_2' 
INFO: [HLS 200-10] ----------------------------------------------------------------
INFO: [HLS 200-1030] Apply Unified Pipeline Control on module 'dynamic_routing_Pipeline_VITIS_LOOP_287_1_VITIS_LOOP_290_2' pipeline 'VITIS_LOOP_287_1_VITIS_LOOP_290_2' pipeline type 'loop pipeline'
INFO: [RTGEN 206-100] Generating core module 'mul_32s_32s_48_1_1': 16 instance(s).
INFO: [RTGEN 206-100] Generating core module 'sparsemux_21_4_32_1_1': 16 instance(s).
INFO: [RTGEN 206-100] Finished creating RTL model for 'dynamic_routing_Pipeline_VITIS_LOOP_287_1_VITIS_LOOP_290_2'.
INFO: [HLS 200-111] Finished Creating RTL model: CPU user time: 0.25 seconds. CPU system time: 0 seconds. Elapsed time: 0.26 seconds; current allocated memory: 733.988 MB.
INFO: [HLS 200-10] ----------------------------------------------------------------
INFO: [HLS 200-10] -- Generating RTL for module 'dynamic_routing_Pipeline_VITIS_LOOP_304_1' 
INFO: [HLS 200-10] ----------------------------------------------------------------
INFO: [HLS 200-1030] Apply Unified Pipeline Control on module 'dynamic_routing_Pipeline_VITIS_LOOP_304_1' pipeline 'VITIS_LOOP_304_1' pipeline type 'loop pipeline'
INFO: [RTGEN 206-100] Generating core module 'sparsemux_23_4_32_1_1': 1 instance(s).
INFO: [RTGEN 206-100] Finished creating RTL model for 'dynamic_routing_Pipeline_VITIS_LOOP_304_1'.
INFO: [HLS 200-111] Finished Creating RTL model: CPU user time: 0.1 seconds. CPU system time: 0 seconds. Elapsed time: 0.1 seconds; current allocated memory: 741.016 MB.
INFO: [HLS 200-10] ----------------------------------------------------------------
INFO: [HLS 200-10] -- Generating RTL for module 'dynamic_routing_Pipeline_4' 
INFO: [HLS 200-10] ----------------------------------------------------------------
INFO: [HLS 200-1030] Apply Unified Pipeline Control on module 'dynamic_routing_Pipeline_4' pipeline 'Loop 1' pipeline type 'loop pipeline'
WARNING: [RTGEN 206-101] Setting dangling out port 'dynamic_routing_Pipeline_4/m_axi_gmem_AWVALID' to 0.
WARNING: [RTGEN 206-101] Setting dangling out port 'dynamic_routing_Pipeline_4/m_axi_gmem_AWADDR' to 0.
WARNING: [RTGEN 206-101] Setting dangling out port 'dynamic_routing_Pipeline_4/m_axi_gmem_AWID' to 0.
WARNING: [RTGEN 206-101] Setting dangling out port 'dynamic_routing_Pipeline_4/m_axi_gmem_AWLEN' to 0.
WARNING: [RTGEN 206-101] Setting dangling out port 'dynamic_routing_Pipeline_4/m_axi_gmem_AWSIZE' to 0.
WARNING: [RTGEN 206-101] Setting dangling out port 'dynamic_routing_Pipeline_4/m_axi_gmem_AWBURST' to 0.
WARNING: [RTGEN 206-101] Setting dangling out port 'dynamic_routing_Pipeline_4/m_axi_gmem_AWLOCK' to 0.
WARNING: [RTGEN 206-101] Setting dangling out port 'dynamic_routing_Pipeline_4/m_axi_gmem_AWCACHE' to 0.
WARNING: [RTGEN 206-101] Setting dangling out port 'dynamic_routing_Pipeline_4/m_axi_gmem_AWPROT' to 0.
WARNING: [RTGEN 206-101] Setting dangling out port 'dynamic_routing_Pipeline_4/m_axi_gmem_AWQOS' to 0.
WARNING: [RTGEN 206-101] Setting dangling out port 'dynamic_routing_Pipeline_4/m_axi_gmem_AWREGION' to 0.
WARNING: [RTGEN 206-101] Setting dangling out port 'dynamic_routing_Pipeline_4/m_axi_gmem_AWUSER' to 0.
WARNING: [RTGEN 206-101] Setting dangling out port 'dynamic_routing_Pipeline_4/m_axi_gmem_BREADY' to 0.
INFO: [RTGEN 206-100] Generating core module 'sparsemux_321_8_32_1_1': 1 instance(s).
INFO: [RTGEN 206-100] Finished creating RTL model for 'dynamic_routing_Pipeline_4'.
INFO: [HLS 200-111] Finished Creating RTL model: CPU user time: 0.12 seconds. CPU system time: 0 seconds. Elapsed time: 0.12 seconds; current allocated memory: 747.137 MB.
INFO: [HLS 200-10] ----------------------------------------------------------------
INFO: [HLS 200-10] -- Generating RTL for module 'dynamic_routing' 
INFO: [HLS 200-10] ----------------------------------------------------------------
WARNING: [RTGEN 206-101] Design contains AXI ports. Reset is fixed to synchronous and active low.
INFO: [RTGEN 206-500] Setting interface mode on port 'dynamic_routing/gmem' to 'm_axi'.
INFO: [RTGEN 206-500] Setting interface mode on port 'dynamic_routing/input_r' to 's_axilite & ap_none'.
INFO: [RTGEN 206-500] Setting interface mode on port 'dynamic_routing/weights' to 's_axilite & ap_none'.
INFO: [RTGEN 206-500] Setting interface mode on port 'dynamic_routing/prediction' to 's_axilite & ap_none'.
INFO: [RTGEN 206-500] Setting interface mode on function 'dynamic_routing' to 's_axilite & ap_ctrl_chain'.
INFO: [RTGEN 206-100] Bundling port 'input_r', 'weights', 'prediction' and 'return' to AXI-Lite port control.
INFO: [RTGEN 206-104] Estimated max fanout for 'dynamic_routing' is 5120 from HDL expression: ((1'b1 == ap_CS_fsm_state88) | (1'b1 == ap_CS_fsm_state83))
INFO: [RTGEN 206-100] Finished creating RTL model for 'dynamic_routing'.
INFO: [RTMG 210-278] Implementing memory 'dynamic_routing_primary_caps_RAM_1WNR_AUTO_1R1W' using auto RAMs.
INFO: [RTMG 210-278] Implementing memory 'dynamic_routing_weighted_input_u_RAM_AUTO_1R1W' using auto RAMs.
INFO: [RTMG 210-278] Implementing memory 'dynamic_routing_coupling_b_RAM_AUTO_1R1W' using auto RAMs.
INFO: [RTMG 210-278] Implementing memory 'dynamic_routing_coupling_c_RAM_AUTO_1R1W' using auto RAMs.
INFO: [RTMG 210-278] Implementing memory 'dynamic_routing_sum_of_products_s_RAM_AUTO_1R1W' using auto RAMs.
INFO: [RTMG 210-278] Implementing memory 'dynamic_routing_output_agreement_RAM_AUTO_1R1W' using auto RAMs.
INFO: [HLS 200-111] Finished Creating RTL model: CPU user time: 0.15 seconds. CPU system time: 0.01 seconds. Elapsed time: 0.15 seconds; current allocated memory: 759.848 MB.
INFO: [HLS 200-111] Finished Generating all RTL models: CPU user time: 0.32 seconds. CPU system time: 0.02 seconds. Elapsed time: 0.35 seconds; current allocated memory: 770.480 MB.
INFO: [HLS 200-1603] Design has inferred MAXI bursts and missed bursts, see Vitis HLS GUI synthesis summary report for detailed information.
INFO: [HLS 200-111] Finished Updating report files: CPU user time: 0.97 seconds. CPU system time: 0.02 seconds. Elapsed time: 0.99 seconds; current allocated memory: 799.496 MB.
INFO: [VHDL 208-304] Generating VHDL RTL for dynamic_routing.
INFO: [VLOG 209-307] Generating Verilog RTL for dynamic_routing.
INFO: [HLS 200-790] **** Loop Constraint Status: All loop constraints were NOT satisfied.
INFO: [HLS 200-789] **** Estimated Fmax: 136.99 MHz
INFO: [HLS 200-112] Total CPU user time: 613.85 seconds. Total CPU system time: 1.6 seconds. Total elapsed time: 617.03 seconds; peak allocated memory: 799.496 MB.
INFO: [v++ 60-791] Total elapsed time: 0h 10m 20s
