INFO: [v++ 60-1548] Creating build summary session with primary output /home/jjos425/Documents/vivado_projects/project_1/digit_caps_accel/digit_caps_accel/digit_caps_accel.hlscompile_summary, at Wed Aug 14 12:56:57 2024
INFO: [v++ 82-31] Launching vitis_hls: vitis_hls -nolog -run csynth -work_dir /home/jjos425/Documents/vivado_projects/project_1/digit_caps_accel/digit_caps_accel -config /home/jjos425/Documents/vivado_projects/project_1/digit_caps_accel/hls_config.cfg -cmdlineconfig /home/jjos425/Documents/vivado_projects/project_1/digit_caps_accel/digit_caps_accel/hls/config.cmdline
INFO: [HLS 200-10] For user 'jjos425' on host 'en432999.uoa.auckland.ac.nz' (Linux_x86_64 version 5.15.0-117-generic) on Wed Aug 14 12:56:59 NZST 2024
INFO: [HLS 200-10] On os Ubuntu 20.04.5 LTS
INFO: [HLS 200-10] In directory '/home/jjos425/Documents/vivado_projects/project_1/digit_caps_accel'
INFO: [HLS 200-2005] Using work_dir /home/jjos425/Documents/vivado_projects/project_1/digit_caps_accel/digit_caps_accel 
INFO: [HLS 200-1505] Using default flow_target 'vivado'
Resolution: For help on HLS 200-1505 see docs.xilinx.com/access/sources/dita/topic?Doc_Version=2024.1%20English&url=ug1448-hls-guidance&resourceid=200-1505.html
INFO: [HLS 200-1465] Applying ini 'syn.file=/home/jjos425/Documents/vivado_projects/project_1/digit_caps_accel/constants.h' from /home/jjos425/Documents/vivado_projects/project_1/digit_caps_accel/hls_config.cfg(7)
INFO: [HLS 200-10] Adding design file '/home/jjos425/Documents/vivado_projects/project_1/digit_caps_accel/constants.h' to the project
INFO: [HLS 200-1465] Applying ini 'syn.file=/home/jjos425/Documents/vivado_projects/project_1/digit_caps_accel/DigitCaps.cpp' from /home/jjos425/Documents/vivado_projects/project_1/digit_caps_accel/hls_config.cfg(8)
INFO: [HLS 200-10] Adding design file '/home/jjos425/Documents/vivado_projects/project_1/digit_caps_accel/DigitCaps.cpp' to the project
INFO: [HLS 200-1465] Applying ini 'syn.file=/home/jjos425/Documents/vivado_projects/project_1/digit_caps_accel/DigitCaps.h' from /home/jjos425/Documents/vivado_projects/project_1/digit_caps_accel/hls_config.cfg(9)
INFO: [HLS 200-10] Adding design file '/home/jjos425/Documents/vivado_projects/project_1/digit_caps_accel/DigitCaps.h' to the project
INFO: [HLS 200-1465] Applying ini 'syn.file=/home/jjos425/Documents/vivado_projects/project_1/digit_caps_accel/testing_suite.h' from /home/jjos425/Documents/vivado_projects/project_1/digit_caps_accel/hls_config.cfg(10)
INFO: [HLS 200-10] Adding design file '/home/jjos425/Documents/vivado_projects/project_1/digit_caps_accel/testing_suite.h' to the project
INFO: [HLS 200-1465] Applying ini 'syn.top=dynamic_routing' from /home/jjos425/Documents/vivado_projects/project_1/digit_caps_accel/hls_config.cfg(11)
INFO: [HLS 200-1465] Applying ini 'flow_target=vitis' from /home/jjos425/Documents/vivado_projects/project_1/digit_caps_accel/hls_config.cfg(4)
INFO: [HLS 200-1505] Using flow_target 'vitis'
Resolution: For help on HLS 200-1505 see docs.xilinx.com/access/sources/dita/topic?Doc_Version=2024.1%20English&url=ug1448-hls-guidance&resourceid=200-1505.html
INFO: [HLS 200-435] Setting 'open_solution -flow_target vitis' configuration: config_interface -m_axi_latency=64
INFO: [HLS 200-435] Setting 'open_solution -flow_target vitis' configuration: config_interface -m_axi_alignment_byte_size=64
INFO: [HLS 200-435] Setting 'open_solution -flow_target vitis' configuration: config_interface -m_axi_max_widen_bitwidth=512
INFO: [HLS 200-435] Setting 'open_solution -flow_target vitis' configuration: config_rtl -register_reset_num=3
INFO: [HLS 200-1465] Applying ini 'part=xczu9eg-ffvb1156-2-e' from /home/jjos425/Documents/vivado_projects/project_1/digit_caps_accel/hls_config.cfg(1)
INFO: [HLS 200-1611] Setting target device to 'xczu9eg-ffvb1156-2-e'
INFO: [HLS 200-1465] Applying ini 'package.output.format=xo' from /home/jjos425/Documents/vivado_projects/project_1/digit_caps_accel/hls_config.cfg(5)
INFO: [HLS 200-111] Finished File checks and directory preparation: CPU user time: 1.36 seconds. CPU system time: 0.14 seconds. Elapsed time: 1.41 seconds; current allocated memory: 281.844 MB.
INFO: [HLS 200-10] Analyzing design file 'DigitCaps.cpp' ... 
INFO: [HLS 200-111] Finished Source Code Analysis and Preprocessing: CPU user time: 10.69 seconds. CPU system time: 0.67 seconds. Elapsed time: 11.43 seconds; current allocated memory: 287.824 MB.
INFO: [HLS 200-777] Using interface defaults for 'Vitis' flow target.
INFO: [HLS 200-1995] There were 8,393 instructions in the design after the 'Compile/Link' phase of compilation. See the Design Size Report for more details: /home/jjos425/Documents/vivado_projects/project_1/digit_caps_accel/digit_caps_accel/hls/syn/report/csynth_design_size.rpt
INFO: [HLS 200-1995] There were 10,479 instructions in the design after the 'Unroll/Inline (step 1)' phase of compilation. See the Design Size Report for more details: /home/jjos425/Documents/vivado_projects/project_1/digit_caps_accel/digit_caps_accel/hls/syn/report/csynth_design_size.rpt
INFO: [HLS 200-1995] There were 5,225 instructions in the design after the 'Unroll/Inline (step 2)' phase of compilation. See the Design Size Report for more details: /home/jjos425/Documents/vivado_projects/project_1/digit_caps_accel/digit_caps_accel/hls/syn/report/csynth_design_size.rpt
INFO: [HLS 200-1995] There were 3,275 instructions in the design after the 'Unroll/Inline (step 3)' phase of compilation. See the Design Size Report for more details: /home/jjos425/Documents/vivado_projects/project_1/digit_caps_accel/digit_caps_accel/hls/syn/report/csynth_design_size.rpt
INFO: [HLS 200-1995] There were 3,030 instructions in the design after the 'Unroll/Inline (step 4)' phase of compilation. See the Design Size Report for more details: /home/jjos425/Documents/vivado_projects/project_1/digit_caps_accel/digit_caps_accel/hls/syn/report/csynth_design_size.rpt
INFO: [HLS 200-1995] There were 3,402 instructions in the design after the 'Array/Struct (step 1)' phase of compilation. See the Design Size Report for more details: /home/jjos425/Documents/vivado_projects/project_1/digit_caps_accel/digit_caps_accel/hls/syn/report/csynth_design_size.rpt
INFO: [HLS 200-1995] There were 2,679 instructions in the design after the 'Array/Struct (step 2)' phase of compilation. See the Design Size Report for more details: /home/jjos425/Documents/vivado_projects/project_1/digit_caps_accel/digit_caps_accel/hls/syn/report/csynth_design_size.rpt
INFO: [HLS 200-1995] There were 2,679 instructions in the design after the 'Array/Struct (step 3)' phase of compilation. See the Design Size Report for more details: /home/jjos425/Documents/vivado_projects/project_1/digit_caps_accel/digit_caps_accel/hls/syn/report/csynth_design_size.rpt
INFO: [HLS 200-1995] There were 2,679 instructions in the design after the 'Array/Struct (step 4)' phase of compilation. See the Design Size Report for more details: /home/jjos425/Documents/vivado_projects/project_1/digit_caps_accel/digit_caps_accel/hls/syn/report/csynth_design_size.rpt
INFO: [HLS 200-1995] There were 2,603 instructions in the design after the 'Array/Struct (step 5)' phase of compilation. See the Design Size Report for more details: /home/jjos425/Documents/vivado_projects/project_1/digit_caps_accel/digit_caps_accel/hls/syn/report/csynth_design_size.rpt
INFO: [HLS 200-1995] There were 2,607 instructions in the design after the 'Performance (step 1)' phase of compilation. See the Design Size Report for more details: /home/jjos425/Documents/vivado_projects/project_1/digit_caps_accel/digit_caps_accel/hls/syn/report/csynth_design_size.rpt
INFO: [HLS 200-1995] There were 3,923 instructions in the design after the 'Performance (step 2)' phase of compilation. See the Design Size Report for more details: /home/jjos425/Documents/vivado_projects/project_1/digit_caps_accel/digit_caps_accel/hls/syn/report/csynth_design_size.rpt
INFO: [HLS 200-1995] There were 6,457 instructions in the design after the 'Performance (step 3)' phase of compilation. See the Design Size Report for more details: /home/jjos425/Documents/vivado_projects/project_1/digit_caps_accel/digit_caps_accel/hls/syn/report/csynth_design_size.rpt
INFO: [HLS 200-1995] There were 5,082 instructions in the design after the 'Performance (step 4)' phase of compilation. See the Design Size Report for more details: /home/jjos425/Documents/vivado_projects/project_1/digit_caps_accel/digit_caps_accel/hls/syn/report/csynth_design_size.rpt
INFO: [HLS 200-1995] There were 5,024 instructions in the design after the 'HW Transforms (step 1)' phase of compilation. See the Design Size Report for more details: /home/jjos425/Documents/vivado_projects/project_1/digit_caps_accel/digit_caps_accel/hls/syn/report/csynth_design_size.rpt
INFO: [HLS 200-1995] There were 5,044 instructions in the design after the 'HW Transforms (step 2)' phase of compilation. See the Design Size Report for more details: /home/jjos425/Documents/vivado_projects/project_1/digit_caps_accel/digit_caps_accel/hls/syn/report/csynth_design_size.rpt
INFO: [HLS 214-291] Loop 'anonymous' is marked as complete unroll implied by the pipeline pragma (DigitCaps.cpp:99:2)
INFO: [HLS 214-291] Loop 'VITIS_LOOP_104_3' is marked as complete unroll implied by the pipeline pragma (DigitCaps.cpp:104:22)
INFO: [HLS 214-291] Loop 'dot_product' is marked as complete unroll implied by the pipeline pragma (DigitCaps.cpp:117:17)
INFO: [HLS 214-186] Unrolling loop 'anonymous' (DigitCaps.cpp:99:2) in function 'apply_weights' completely with a factor of 128 (DigitCaps.cpp:83:0)
INFO: [HLS 214-186] Unrolling loop 'VITIS_LOOP_104_3' (DigitCaps.cpp:104:22) in function 'apply_weights' completely with a factor of 16 (DigitCaps.cpp:83:0)
WARNING: [HLS 214-189] Pipeline directive for loop 'VITIS_LOOP_104_3' (DigitCaps.cpp:104:22) in function 'apply_weights' has been removed because the loop is unrolled completely (DigitCaps.cpp:83:0)
INFO: [HLS 214-186] Unrolling loop 'dot_product' (DigitCaps.cpp:117:17) in function 'apply_weights' completely with a factor of 8 (DigitCaps.cpp:83:0)
INFO: [HLS 214-178] Inlining function 'sum_of_products(ap_fixed<32, 16, (ap_q_mode)5, (ap_o_mode)3, 0>*, ap_fixed<32, 16, (ap_q_mode)5, (ap_o_mode)3, 0>*, ap_fixed<32, 16, (ap_q_mode)5, (ap_o_mode)3, 0>*)' into 'dynamic_routing(ap_fixed<32, 16, (ap_q_mode)5, (ap_o_mode)3, 0>*, ap_fixed<32, 16, (ap_q_mode)5, (ap_o_mode)3, 0>*, ap_fixed<32, 16, (ap_q_mode)5, (ap_o_mode)3, 0>*)' (DigitCaps.cpp:36:0)
INFO: [HLS 214-178] Inlining function 'add(ap_fixed<32, 16, (ap_q_mode)5, (ap_o_mode)3, 0>*, ap_fixed<32, 16, (ap_q_mode)5, (ap_o_mode)3, 0>*)' into 'dynamic_routing(ap_fixed<32, 16, (ap_q_mode)5, (ap_o_mode)3, 0>*, ap_fixed<32, 16, (ap_q_mode)5, (ap_o_mode)3, 0>*, ap_fixed<32, 16, (ap_q_mode)5, (ap_o_mode)3, 0>*)' (DigitCaps.cpp:36:0)
INFO: [HLS 214-248] Applying array_partition to 'weight_buffer': Complete partitioning on dimension 1. (DigitCaps.cpp:96:10)
INFO: [HLS 214-376] automatically set the pipeline for Loop< VITIS_LOOP_239_1> at DigitCaps.cpp:239:20 
INFO: [HLS 214-376] automatically set the pipeline for Loop< VITIS_LOOP_174_1> at DigitCaps.cpp:174:20 
INFO: [HLS 214-376] automatically set the pipeline for Loop< unknown> at DigitCaps.cpp:41:2 
INFO: [HLS 214-376] automatically set the pipeline for Loop< VITIS_LOOP_204_2> at DigitCaps.cpp:204:21 
INFO: [HLS 214-376] automatically set the pipeline for Loop< unknown> at DigitCaps.cpp:79:2 
INFO: [HLS 214-291] Loop 'VITIS_LOOP_209_3' is marked as complete unroll implied by the pipeline pragma (DigitCaps.cpp:209:22)
INFO: [HLS 214-291] Loop 'VITIS_LOOP_243_2' is marked as complete unroll implied by the pipeline pragma (DigitCaps.cpp:243:21)
INFO: [HLS 214-291] Loop 'VITIS_LOOP_250_3' is marked as complete unroll implied by the pipeline pragma (DigitCaps.cpp:250:21)
INFO: [HLS 214-291] Loop 'VITIS_LOOP_180_2' is marked as complete unroll implied by the pipeline pragma (DigitCaps.cpp:180:21)
INFO: [HLS 214-291] Loop 'VITIS_LOOP_190_3' is marked as complete unroll implied by the pipeline pragma (DigitCaps.cpp:190:21)
INFO: [HLS 214-186] Unrolling loop 'VITIS_LOOP_209_3' (DigitCaps.cpp:209:22) in function 'dynamic_routing' completely with a factor of 16 (DigitCaps.cpp:36:0)
INFO: [HLS 214-186] Unrolling loop 'VITIS_LOOP_243_2' (DigitCaps.cpp:243:21) in function 'squash' completely with a factor of 16 (DigitCaps.cpp:233:0)
INFO: [HLS 214-186] Unrolling loop 'VITIS_LOOP_250_3' (DigitCaps.cpp:250:21) in function 'squash' completely with a factor of 16 (DigitCaps.cpp:233:0)
INFO: [HLS 214-186] Unrolling loop 'VITIS_LOOP_180_2' (DigitCaps.cpp:180:21) in function 'softmax' completely with a factor of 10 (DigitCaps.cpp:172:0)
INFO: [HLS 214-186] Unrolling loop 'VITIS_LOOP_190_3' (DigitCaps.cpp:190:21) in function 'softmax' completely with a factor of 10 (DigitCaps.cpp:172:0)
INFO: [HLS 214-437] Automatically disabling loop flattening for loop 'VITIS_LOOP_219_5'. (DigitCaps.cpp:219:21)
INFO: [HLS 214-270] Inferring pragma 'array_partition type=cyclic factor=8 dim=1' for array 'squashed_v' due to pipeline pragma (DigitCaps.cpp:38:10)
INFO: [HLS 214-270] Inferring pragma 'array_partition type=cyclic factor=8 dim=1' for array 'weighted_input_u' due to pipeline pragma (DigitCaps.cpp:43:10)
INFO: [HLS 214-270] Inferring pragma 'array_partition type=cyclic factor=11 dim=1' for array 'coupling_b' due to pipeline pragma (DigitCaps.cpp:44:10)
INFO: [HLS 214-270] Inferring pragma 'array_partition type=cyclic factor=11 dim=1' for array 'coupling_c' due to pipeline pragma (DigitCaps.cpp:45:10)
INFO: [HLS 214-270] Inferring pragma 'array_partition type=cyclic factor=8 dim=1' for array 'sum_of_products_s' due to pipeline pragma (DigitCaps.cpp:46:10)
INFO: [HLS 214-248] Applying array_partition to 'squashed_v': Cyclic partitioning with factor 8 on dimension 1. (DigitCaps.cpp:38:10)
INFO: [HLS 214-248] Applying array_partition to 'weighted_input_u': Cyclic partitioning with factor 8 on dimension 1. (DigitCaps.cpp:43:10)
INFO: [HLS 214-248] Applying array_partition to 'coupling_b': Cyclic partitioning with factor 11 on dimension 1. (DigitCaps.cpp:44:10)
INFO: [HLS 214-248] Applying array_partition to 'coupling_c': Cyclic partitioning with factor 11 on dimension 1. (DigitCaps.cpp:45:10)
INFO: [HLS 214-248] Applying array_partition to 'sum_of_products_s': Cyclic partitioning with factor 8 on dimension 1. (DigitCaps.cpp:46:10)
INFO: [HLS 214-115] Multiple burst reads of length 92160 and bit width 512 in loop 'VITIS_LOOP_90_1'(DigitCaps.cpp:90:19) has been inferred on bundle 'gmem'. These burst requests might be further partitioned into multiple requests during RTL generation, based on max_read_burst_length or max_write_burst_length settings. (DigitCaps.cpp:90:19)
INFO: [HLS 214-115] Multiple burst reads of length 576 and bit width 512 has been inferred on bundle 'gmem'. These burst requests might be further partitioned into multiple requests during RTL generation, based on max_read_burst_length or max_write_burst_length settings. (DigitCaps.cpp:41:2)
INFO: [HLS 214-115] Multiple burst writes of length 10 and bit width 512 has been inferred on bundle 'gmem'. These burst requests might be further partitioned into multiple requests during RTL generation, based on max_read_burst_length or max_write_burst_length settings. (DigitCaps.cpp:79:2)
INFO: [HLS 200-111] Finished Compiling Optimization and Transform: CPU user time: 4.94 seconds. CPU system time: 0.24 seconds. Elapsed time: 6.74 seconds; current allocated memory: 289.520 MB.
INFO: [HLS 200-111] Finished Checking Pragmas: CPU user time: 0 seconds. CPU system time: 0 seconds. Elapsed time: 0 seconds; current allocated memory: 289.520 MB.
INFO: [HLS 200-10] Starting code transformations ...
INFO: [HLS 200-111] Finished Standard Transforms: CPU user time: 0.12 seconds. CPU system time: 0 seconds. Elapsed time: 0.14 seconds; current allocated memory: 293.582 MB.
INFO: [HLS 200-10] Checking synthesizability ...
WARNING: [SYNCHK 200-120] DigitCaps.cpp:245: multiplication is assumed not to overflow by default, otherwise, please add option '-fwrapv'.
WARNING: [SYNCHK 200-23] DigitCaps.cpp:248: variable-indexed range selection may cause suboptimal QoR.
INFO: [SYNCHK 200-10] 0 error(s), 2 warning(s).
INFO: [HLS 200-111] Finished Checking Synthesizability: CPU user time: 0.17 seconds. CPU system time: 0.01 seconds. Elapsed time: 0.17 seconds; current allocated memory: 297.691 MB.
INFO: [XFORM 203-401] Performing if-conversion on hyperblock from (DigitCaps.cpp:239:34) to (DigitCaps.cpp:239:20) in function 'squash'... converting 16 basic blocks.
INFO: [XFORM 203-401] Performing if-conversion on hyperblock from (DigitCaps.cpp:174:34) to (DigitCaps.cpp:193:24) in function 'softmax'... converting 151 basic blocks.
INFO: [XFORM 203-11] Balancing expressions in function 'softmax' (DigitCaps.cpp:174:20)...9 expression(s) balanced.
INFO: [HLS 200-111] Finished Loop, function and other optimizations: CPU user time: 0.84 seconds. CPU system time: 0.01 seconds. Elapsed time: 0.85 seconds; current allocated memory: 331.520 MB.
INFO: [HLS 200-2061] Successfully converted nested loops 'VITIS_LOOP_201_1'(DigitCaps.cpp:201:20) and 'VITIS_LOOP_204_2'(DigitCaps.cpp:204:21) in function 'dynamic_routing' into perfectly nested loops.
INFO: [HLS 200-2061] Successfully converted nested loops 'VITIS_LOOP_90_1'(DigitCaps.cpp:90:19) and 'VITIS_LOOP_92_2'(DigitCaps.cpp:92:20) in function 'apply_weights' into perfectly nested loops.
INFO: [XFORM 203-541] Flattening a loop nest 'VITIS_LOOP_201_1' (DigitCaps.cpp:201:20) in function 'dynamic_routing'.
INFO: [XFORM 203-541] Flattening a loop nest 'VITIS_LOOP_90_1' (DigitCaps.cpp:90:19) in function 'apply_weights'.
INFO: [HLS 200-111] Finished Architecture Synthesis: CPU user time: 0.86 seconds. CPU system time: 0.03 seconds. Elapsed time: 0.88 seconds; current allocated memory: 423.777 MB.
INFO: [HLS 200-10] Starting hardware synthesis ...
INFO: [HLS 200-10] Synthesizing 'dynamic_routing' ...
INFO: [SYN 201-201] Setting up clock 'default' with a period of 10ns.
INFO: [HLS 200-10] ----------------------------------------------------------------
INFO: [HLS 200-42] -- Implementing module 'dynamic_routing_Pipeline_1' 
INFO: [HLS 200-10] ----------------------------------------------------------------
INFO: [SCHED 204-11] Starting scheduling ...
INFO: [HLS 200-1457] Automatically inferring inferring RAM_1WNR storage type for array 'primary_caps'. Use bind_storage pragma to override this type.
INFO: [SCHED 204-61] Pipelining loop 'Loop 1'.
INFO: [HLS 200-1470] Pipelining result : Target II = NA, Final II = 1, Depth = 3, loop 'Loop 1'
INFO: [SCHED 204-11] Finished scheduling.
INFO: [HLS 200-111] Finished Scheduling: CPU user time: 0.27 seconds. CPU system time: 0.02 seconds. Elapsed time: 0.3 seconds; current allocated memory: 429.875 MB.
