INFO: [v++ 60-1548] Creating build summary session with primary output /home/jjos425/Documents/vivado_projects/project_1/digit_caps_accel/digit_caps_accel/digit_caps_accel.hlscompile_summary, at Wed Aug  7 13:16:17 2024
INFO: [v++ 82-31] Launching vitis_hls: vitis_hls -nolog -run csynth -work_dir /home/jjos425/Documents/vivado_projects/project_1/digit_caps_accel/digit_caps_accel -config /home/jjos425/Documents/vivado_projects/project_1/digit_caps_accel/hls_config.cfg -cmdlineconfig /home/jjos425/Documents/vivado_projects/project_1/digit_caps_accel/digit_caps_accel/hls/config.cmdline

****** Vitis HLS - High-Level Synthesis from C, C++ and OpenCL v2024.1 (64-bit)
  **** SW Build 5069499 on May 21 2024
  **** IP Build 5075265 on Wed May 22 21:45:21 MDT 2024
  **** SharedData Build 5076995 on Wed May 22 18:29:18 MDT 2024
  **** Start of session at: Wed Aug  7 13:16:17 2024
    ** Copyright 1986-2022 Xilinx, Inc. All Rights Reserved.
    ** Copyright 2022-2024 Advanced Micro Devices, Inc. All Rights Reserved.

source /home/jjos425/Desktop/P4P33-2024/Vitis_HLS/2024.1/scripts/vitis_hls/hls.tcl -notrace
INFO: [HLS 200-10] For user 'jjos425' on host 'en432999.uoa.auckland.ac.nz' (Linux_x86_64 version 5.15.0-113-generic) on Wed Aug 07 13:16:18 NZST 2024
INFO: [HLS 200-10] On os Ubuntu 20.04.5 LTS
INFO: [HLS 200-10] In directory '/home/jjos425/Documents/vivado_projects/project_1/digit_caps_accel'
INFO: [HLS 200-2005] Using work_dir /home/jjos425/Documents/vivado_projects/project_1/digit_caps_accel/digit_caps_accel 
INFO: [HLS 200-1505] Using default flow_target 'vivado'
Resolution: For help on HLS 200-1505 see docs.xilinx.com/access/sources/dita/topic?Doc_Version=2024.1%20English&url=ug1448-hls-guidance&resourceid=200-1505.html
INFO: [HLS 200-1465] Applying ini 'syn.file=/home/jjos425/Documents/vivado_projects/project_1/digit_caps_accel/constants.h' from /home/jjos425/Documents/vivado_projects/project_1/digit_caps_accel/hls_config.cfg(7)
INFO: [HLS 200-10] Adding design file '/home/jjos425/Documents/vivado_projects/project_1/digit_caps_accel/constants.h' to the project
INFO: [HLS 200-1465] Applying ini 'syn.file=/home/jjos425/Documents/vivado_projects/project_1/digit_caps_accel/DigitCaps.cpp' from /home/jjos425/Documents/vivado_projects/project_1/digit_caps_accel/hls_config.cfg(8)
INFO: [HLS 200-10] Adding design file '/home/jjos425/Documents/vivado_projects/project_1/digit_caps_accel/DigitCaps.cpp' to the project
INFO: [HLS 200-1465] Applying ini 'syn.file=/home/jjos425/Documents/vivado_projects/project_1/digit_caps_accel/DigitCaps.h' from /home/jjos425/Documents/vivado_projects/project_1/digit_caps_accel/hls_config.cfg(9)
INFO: [HLS 200-10] Adding design file '/home/jjos425/Documents/vivado_projects/project_1/digit_caps_accel/DigitCaps.h' to the project
INFO: [HLS 200-1465] Applying ini 'syn.file=/home/jjos425/Documents/vivado_projects/project_1/digit_caps_accel/testing_suite.h' from /home/jjos425/Documents/vivado_projects/project_1/digit_caps_accel/hls_config.cfg(10)
INFO: [HLS 200-10] Adding design file '/home/jjos425/Documents/vivado_projects/project_1/digit_caps_accel/testing_suite.h' to the project
INFO: [HLS 200-1465] Applying ini 'syn.top=dynamic_routing' from /home/jjos425/Documents/vivado_projects/project_1/digit_caps_accel/hls_config.cfg(11)
INFO: [HLS 200-1465] Applying ini 'flow_target=vitis' from /home/jjos425/Documents/vivado_projects/project_1/digit_caps_accel/hls_config.cfg(4)
INFO: [HLS 200-1505] Using flow_target 'vitis'
Resolution: For help on HLS 200-1505 see docs.xilinx.com/access/sources/dita/topic?Doc_Version=2024.1%20English&url=ug1448-hls-guidance&resourceid=200-1505.html
INFO: [HLS 200-435] Setting 'open_solution -flow_target vitis' configuration: config_interface -m_axi_latency=64
INFO: [HLS 200-435] Setting 'open_solution -flow_target vitis' configuration: config_interface -m_axi_alignment_byte_size=64
INFO: [HLS 200-435] Setting 'open_solution -flow_target vitis' configuration: config_interface -m_axi_max_widen_bitwidth=512
INFO: [HLS 200-435] Setting 'open_solution -flow_target vitis' configuration: config_rtl -register_reset_num=3
INFO: [HLS 200-1465] Applying ini 'part=xczu9eg-ffvb1156-2-e' from /home/jjos425/Documents/vivado_projects/project_1/digit_caps_accel/hls_config.cfg(1)
INFO: [HLS 200-1611] Setting target device to 'xczu9eg-ffvb1156-2-e'
INFO: [HLS 200-1465] Applying ini 'package.output.format=xo' from /home/jjos425/Documents/vivado_projects/project_1/digit_caps_accel/hls_config.cfg(5)
INFO: [HLS 200-111] Finished File checks and directory preparation: CPU user time: 1.32 seconds. CPU system time: 0.14 seconds. Elapsed time: 1.38 seconds; current allocated memory: 281.984 MB.
INFO: [HLS 200-10] Analyzing design file 'DigitCaps.cpp' ... 
INFO: [HLS 200-111] Finished Source Code Analysis and Preprocessing: CPU user time: 10.02 seconds. CPU system time: 0.69 seconds. Elapsed time: 10.72 seconds; current allocated memory: 287.910 MB.
INFO: [HLS 200-777] Using interface defaults for 'Vitis' flow target.
INFO: [HLS 200-1995] There were 8,804 instructions in the design after the 'Compile/Link' phase of compilation. See the Design Size Report for more details: /home/jjos425/Documents/vivado_projects/project_1/digit_caps_accel/digit_caps_accel/hls/syn/report/csynth_design_size.rpt
INFO: [HLS 200-1995] There were 6,411 instructions in the design after the 'Unroll/Inline (step 1)' phase of compilation. See the Design Size Report for more details: /home/jjos425/Documents/vivado_projects/project_1/digit_caps_accel/digit_caps_accel/hls/syn/report/csynth_design_size.rpt
INFO: [HLS 200-1995] There were 2,967 instructions in the design after the 'Unroll/Inline (step 2)' phase of compilation. See the Design Size Report for more details: /home/jjos425/Documents/vivado_projects/project_1/digit_caps_accel/digit_caps_accel/hls/syn/report/csynth_design_size.rpt
INFO: [HLS 200-1995] There were 2,634 instructions in the design after the 'Unroll/Inline (step 3)' phase of compilation. See the Design Size Report for more details: /home/jjos425/Documents/vivado_projects/project_1/digit_caps_accel/digit_caps_accel/hls/syn/report/csynth_design_size.rpt
INFO: [HLS 200-1995] There were 2,558 instructions in the design after the 'Unroll/Inline (step 4)' phase of compilation. See the Design Size Report for more details: /home/jjos425/Documents/vivado_projects/project_1/digit_caps_accel/digit_caps_accel/hls/syn/report/csynth_design_size.rpt
INFO: [HLS 200-1995] There were 3,823 instructions in the design after the 'Array/Struct (step 1)' phase of compilation. See the Design Size Report for more details: /home/jjos425/Documents/vivado_projects/project_1/digit_caps_accel/digit_caps_accel/hls/syn/report/csynth_design_size.rpt
INFO: [HLS 200-1995] There were 2,797 instructions in the design after the 'Array/Struct (step 2)' phase of compilation. See the Design Size Report for more details: /home/jjos425/Documents/vivado_projects/project_1/digit_caps_accel/digit_caps_accel/hls/syn/report/csynth_design_size.rpt
INFO: [HLS 200-1995] There were 2,797 instructions in the design after the 'Array/Struct (step 3)' phase of compilation. See the Design Size Report for more details: /home/jjos425/Documents/vivado_projects/project_1/digit_caps_accel/digit_caps_accel/hls/syn/report/csynth_design_size.rpt
INFO: [HLS 200-1995] There were 2,797 instructions in the design after the 'Array/Struct (step 4)' phase of compilation. See the Design Size Report for more details: /home/jjos425/Documents/vivado_projects/project_1/digit_caps_accel/digit_caps_accel/hls/syn/report/csynth_design_size.rpt
INFO: [HLS 200-1995] There were 3,091 instructions in the design after the 'Array/Struct (step 5)' phase of compilation. See the Design Size Report for more details: /home/jjos425/Documents/vivado_projects/project_1/digit_caps_accel/digit_caps_accel/hls/syn/report/csynth_design_size.rpt
INFO: [HLS 200-1995] There were 3,097 instructions in the design after the 'Performance (step 1)' phase of compilation. See the Design Size Report for more details: /home/jjos425/Documents/vivado_projects/project_1/digit_caps_accel/digit_caps_accel/hls/syn/report/csynth_design_size.rpt
INFO: [HLS 200-1995] There were 4,367 instructions in the design after the 'Performance (step 2)' phase of compilation. See the Design Size Report for more details: /home/jjos425/Documents/vivado_projects/project_1/digit_caps_accel/digit_caps_accel/hls/syn/report/csynth_design_size.rpt
INFO: [HLS 200-1995] There were 7,110 instructions in the design after the 'Performance (step 3)' phase of compilation. See the Design Size Report for more details: /home/jjos425/Documents/vivado_projects/project_1/digit_caps_accel/digit_caps_accel/hls/syn/report/csynth_design_size.rpt
INFO: [HLS 200-1995] There were 5,548 instructions in the design after the 'Performance (step 4)' phase of compilation. See the Design Size Report for more details: /home/jjos425/Documents/vivado_projects/project_1/digit_caps_accel/digit_caps_accel/hls/syn/report/csynth_design_size.rpt
INFO: [HLS 200-1995] There were 5,552 instructions in the design after the 'HW Transforms (step 1)' phase of compilation. See the Design Size Report for more details: /home/jjos425/Documents/vivado_projects/project_1/digit_caps_accel/digit_caps_accel/hls/syn/report/csynth_design_size.rpt
INFO: [HLS 200-1995] There were 5,608 instructions in the design after the 'HW Transforms (step 2)' phase of compilation. See the Design Size Report for more details: /home/jjos425/Documents/vivado_projects/project_1/digit_caps_accel/digit_caps_accel/hls/syn/report/csynth_design_size.rpt
INFO: [HLS 214-186] Unrolling loop 'VITIS_LOOP_125_5' (DigitCaps.cpp:125:35) in function 'apply_weights' completely with a factor of 128 (DigitCaps.cpp:90:0)
INFO: [HLS 214-178] Inlining function 'sum_of_products(ap_fixed<32, 16, (ap_q_mode)5, (ap_o_mode)3, 0>*, ap_fixed<32, 16, (ap_q_mode)5, (ap_o_mode)3, 0>*, ap_fixed<32, 16, (ap_q_mode)5, (ap_o_mode)3, 0>*)' into 'dynamic_routing(ap_fixed<32, 16, (ap_q_mode)5, (ap_o_mode)3, 0>*, ap_fixed<32, 16, (ap_q_mode)5, (ap_o_mode)3, 0>*, ap_fixed<32, 16, (ap_q_mode)5, (ap_o_mode)3, 0>*)' (DigitCaps.cpp:37:0)
INFO: [HLS 214-178] Inlining function 'agreement(ap_fixed<32, 16, (ap_q_mode)5, (ap_o_mode)3, 0>*, ap_fixed<32, 16, (ap_q_mode)5, (ap_o_mode)3, 0>*, ap_fixed<32, 16, (ap_q_mode)5, (ap_o_mode)3, 0>*)' into 'dynamic_routing(ap_fixed<32, 16, (ap_q_mode)5, (ap_o_mode)3, 0>*, ap_fixed<32, 16, (ap_q_mode)5, (ap_o_mode)3, 0>*, ap_fixed<32, 16, (ap_q_mode)5, (ap_o_mode)3, 0>*)' (DigitCaps.cpp:37:0)
INFO: [HLS 214-178] Inlining function 'add(ap_fixed<32, 16, (ap_q_mode)5, (ap_o_mode)3, 0>*, ap_fixed<32, 16, (ap_q_mode)5, (ap_o_mode)3, 0>*)' into 'dynamic_routing(ap_fixed<32, 16, (ap_q_mode)5, (ap_o_mode)3, 0>*, ap_fixed<32, 16, (ap_q_mode)5, (ap_o_mode)3, 0>*, ap_fixed<32, 16, (ap_q_mode)5, (ap_o_mode)3, 0>*)' (DigitCaps.cpp:37:0)
INFO: [HLS 214-248] Applying array_partition to 'weight_buffer': Complete partitioning on dimension 1. (DigitCaps.cpp:102:12)
INFO: [HLS 214-248] Applying array_partition to 'a': Complete partitioning on dimension 1. (DigitCaps.cpp:113:25)
WARNING: [HLS 214-167] The program may have out of bound array access on variable 'input_mat' (DigitCaps.cpp:122:7)
INFO: [HLS 214-376] automatically set the pipeline for Loop< VITIS_LOOP_205_1> at DigitCaps.cpp:205:20 
INFO: [HLS 214-376] automatically set the pipeline for Loop< VITIS_LOOP_140_1> at DigitCaps.cpp:140:20 
INFO: [HLS 214-376] automatically set the pipeline for Loop< unknown> at DigitCaps.cpp:105:2 
INFO: [HLS 214-376] automatically set the pipeline for Loop< unknown> at DigitCaps.cpp:42:2 
INFO: [HLS 214-376] automatically set the pipeline for Loop< VITIS_LOOP_227_2> at DigitCaps.cpp:227:21 
INFO: [HLS 214-376] automatically set the pipeline for Loop< VITIS_LOOP_170_2> at DigitCaps.cpp:170:21 
INFO: [HLS 214-376] automatically set the pipeline for Loop< unknown> at DigitCaps.cpp:86:2 
INFO: [HLS 214-291] Loop 'VITIS_LOOP_175_3' is marked as complete unroll implied by the pipeline pragma (DigitCaps.cpp:175:22)
INFO: [HLS 214-291] Loop 'VITIS_LOOP_230_3' is marked as complete unroll implied by the pipeline pragma (DigitCaps.cpp:230:22)
INFO: [HLS 214-291] Loop 'VITIS_LOOP_209_2' is marked as complete unroll implied by the pipeline pragma (DigitCaps.cpp:209:21)
INFO: [HLS 214-291] Loop 'VITIS_LOOP_216_3' is marked as complete unroll implied by the pipeline pragma (DigitCaps.cpp:216:21)
INFO: [HLS 214-291] Loop 'VITIS_LOOP_146_2' is marked as complete unroll implied by the pipeline pragma (DigitCaps.cpp:146:21)
INFO: [HLS 214-291] Loop 'VITIS_LOOP_156_3' is marked as complete unroll implied by the pipeline pragma (DigitCaps.cpp:156:21)
INFO: [HLS 214-186] Unrolling loop 'VITIS_LOOP_175_3' (DigitCaps.cpp:175:22) in function 'dynamic_routing' completely with a factor of 16 (DigitCaps.cpp:37:0)
INFO: [HLS 214-186] Unrolling loop 'VITIS_LOOP_230_3' (DigitCaps.cpp:230:22) in function 'dynamic_routing' completely with a factor of 16 (DigitCaps.cpp:37:0)
INFO: [HLS 214-186] Unrolling loop 'VITIS_LOOP_209_2' (DigitCaps.cpp:209:21) in function 'squash' completely with a factor of 16 (DigitCaps.cpp:199:0)
INFO: [HLS 214-186] Unrolling loop 'VITIS_LOOP_216_3' (DigitCaps.cpp:216:21) in function 'squash' completely with a factor of 16 (DigitCaps.cpp:199:0)
INFO: [HLS 214-186] Unrolling loop 'VITIS_LOOP_146_2' (DigitCaps.cpp:146:21) in function 'softmax' completely with a factor of 10 (DigitCaps.cpp:138:0)
INFO: [HLS 214-186] Unrolling loop 'VITIS_LOOP_156_3' (DigitCaps.cpp:156:21) in function 'softmax' completely with a factor of 10 (DigitCaps.cpp:138:0)
INFO: [HLS 214-437] Automatically disabling loop flattening for loop 'VITIS_LOOP_185_5'. (DigitCaps.cpp:185:21)
INFO: [HLS 214-270] Inferring pragma 'array_partition type=cyclic factor=8 dim=1' for array 'squashed_v' due to pipeline pragma (DigitCaps.cpp:39:10)
INFO: [HLS 214-270] Inferring pragma 'array_partition type=cyclic factor=8 dim=1' for array 'weighted_input_u' due to pipeline pragma (DigitCaps.cpp:44:10)
INFO: [HLS 214-270] Inferring pragma 'array_partition type=cyclic factor=11 dim=1' for array 'coupling_b' due to pipeline pragma (DigitCaps.cpp:45:10)
INFO: [HLS 214-270] Inferring pragma 'array_partition type=cyclic factor=11 dim=1' for array 'coupling_c' due to pipeline pragma (DigitCaps.cpp:46:10)
INFO: [HLS 214-270] Inferring pragma 'array_partition type=cyclic factor=8 dim=1' for array 'sum_of_products_s' due to pipeline pragma (DigitCaps.cpp:47:10)
INFO: [HLS 214-248] Applying array_partition to 'squashed_v': Cyclic partitioning with factor 8 on dimension 1. (DigitCaps.cpp:39:10)
INFO: [HLS 214-248] Applying array_partition to 'weighted_input_u': Cyclic partitioning with factor 8 on dimension 1. (DigitCaps.cpp:44:10)
INFO: [HLS 214-248] Applying array_partition to 'coupling_b': Cyclic partitioning with factor 11 on dimension 1. (DigitCaps.cpp:45:10)
INFO: [HLS 214-248] Applying array_partition to 'coupling_c': Cyclic partitioning with factor 11 on dimension 1. (DigitCaps.cpp:46:10)
INFO: [HLS 214-248] Applying array_partition to 'sum_of_products_s': Cyclic partitioning with factor 8 on dimension 1. (DigitCaps.cpp:47:10)
INFO: [HLS 214-115] Multiple burst reads of length 92160 and bit width 512 has been inferred on bundle 'gmem'. These burst requests might be further partitioned into multiple requests during RTL generation, based on max_read_burst_length or max_write_burst_length settings. (DigitCaps.cpp:97:19)
INFO: [HLS 214-115] Multiple burst reads of length 576 and bit width 512 has been inferred on bundle 'gmem'. These burst requests might be further partitioned into multiple requests during RTL generation, based on max_read_burst_length or max_write_burst_length settings. (DigitCaps.cpp:42:2)
INFO: [HLS 214-115] Multiple burst writes of length 10 and bit width 512 has been inferred on bundle 'gmem'. These burst requests might be further partitioned into multiple requests during RTL generation, based on max_read_burst_length or max_write_burst_length settings. (DigitCaps.cpp:86:2)
INFO: [HLS 200-111] Finished Compiling Optimization and Transform: CPU user time: 4.15 seconds. CPU system time: 0.29 seconds. Elapsed time: 6.51 seconds; current allocated memory: 288.965 MB.
INFO: [HLS 200-111] Finished Checking Pragmas: CPU user time: 0 seconds. CPU system time: 0 seconds. Elapsed time: 0.01 seconds; current allocated memory: 288.965 MB.
INFO: [HLS 200-10] Starting code transformations ...
INFO: [HLS 200-111] Finished Standard Transforms: CPU user time: 0.19 seconds. CPU system time: 0 seconds. Elapsed time: 0.18 seconds; current allocated memory: 297.141 MB.
INFO: [HLS 200-10] Checking synthesizability ...
WARNING: [SYNCHK 200-120] DigitCaps.cpp:211: multiplication is assumed not to overflow by default, otherwise, please add option '-fwrapv'.
WARNING: [SYNCHK 200-23] DigitCaps.cpp:214: variable-indexed range selection may cause suboptimal QoR.
INFO: [SYNCHK 200-10] 0 error(s), 2 warning(s).
INFO: [HLS 200-111] Finished Checking Synthesizability: CPU user time: 0.21 seconds. CPU system time: 0 seconds. Elapsed time: 0.23 seconds; current allocated memory: 302.273 MB.
INFO: [XFORM 203-401] Performing if-conversion on hyperblock from (DigitCaps.cpp:205:34) to (DigitCaps.cpp:205:20) in function 'squash'... converting 16 basic blocks.
INFO: [XFORM 203-401] Performing if-conversion on hyperblock from (DigitCaps.cpp:140:34) to (DigitCaps.cpp:159:24) in function 'softmax'... converting 151 basic blocks.
INFO: [XFORM 203-11] Balancing expressions in function 'softmax' (DigitCaps.cpp:140:20)...9 expression(s) balanced.
INFO: [HLS 200-111] Finished Loop, function and other optimizations: CPU user time: 1.33 seconds. CPU system time: 0 seconds. Elapsed time: 1.34 seconds; current allocated memory: 342.367 MB.
INFO: [HLS 200-2061] Successfully converted nested loops 'VITIS_LOOP_167_1'(DigitCaps.cpp:167:20) and 'VITIS_LOOP_170_2'(DigitCaps.cpp:170:21) in function 'dynamic_routing' into perfectly nested loops.
INFO: [HLS 200-2061] Successfully converted nested loops 'VITIS_LOOP_225_1'(DigitCaps.cpp:225:20) and 'VITIS_LOOP_227_2'(DigitCaps.cpp:227:21) in function 'dynamic_routing' into perfectly nested loops.
INFO: [HLS 200-2060] Failed to convert nested loops 'VITIS_LOOP_110_3'(DigitCaps.cpp:110:22) and 'VITIS_LOOP_119_4'(DigitCaps.cpp:119:20) in function 'apply_weights' into perfectly nested loops.
INFO: [XFORM 203-541] Flattening a loop nest 'VITIS_LOOP_167_1' (DigitCaps.cpp:167:20) in function 'dynamic_routing'.
INFO: [XFORM 203-541] Flattening a loop nest 'VITIS_LOOP_225_1' (DigitCaps.cpp:225:20) in function 'dynamic_routing'.
WARNING: [HLS 200-960] Cannot flatten loop 'VITIS_LOOP_110_3' (DigitCaps.cpp:110:22) in function 'apply_weights' the outer loop is not a perfect loop because there is nontrivial logic before entering the inner loop.
Resolution: For help on HLS 200-960 see docs.xilinx.com/access/sources/dita/topic?Doc_Version=2024.1%20English&url=ug1448-hls-guidance&resourceid=200-960.html
INFO: [HLS 200-111] Finished Architecture Synthesis: CPU user time: 1.34 seconds. CPU system time: 0.03 seconds. Elapsed time: 1.36 seconds; current allocated memory: 462.883 MB.
INFO: [HLS 200-10] Starting hardware synthesis ...
INFO: [HLS 200-10] Synthesizing 'dynamic_routing' ...
INFO: [SYN 201-201] Setting up clock 'default' with a period of 10ns.
INFO: [HLS 200-10] ----------------------------------------------------------------
INFO: [HLS 200-42] -- Implementing module 'dynamic_routing_Pipeline_1' 
INFO: [HLS 200-10] ----------------------------------------------------------------
INFO: [SCHED 204-11] Starting scheduling ...
INFO: [SCHED 204-61] Pipelining loop 'Loop 1'.
INFO: [HLS 200-1470] Pipelining result : Target II = NA, Final II = 1, Depth = 3, loop 'Loop 1'
INFO: [SCHED 204-11] Finished scheduling.
INFO: [HLS 200-111] Finished Scheduling: CPU user time: 0.36 seconds. CPU system time: 0.02 seconds. Elapsed time: 0.39 seconds; current allocated memory: 468.820 MB.
INFO: [BIND 205-100] Starting micro-architecture generation ...
INFO: [BIND 205-101] Performing variable lifetime analysis.
INFO: [BIND 205-101] Exploring resource sharing.
INFO: [BIND 205-101] Binding ...
INFO: [BIND 205-100] Finished micro-architecture generation.
INFO: [HLS 200-111] Finished Binding: CPU user time: 0.01 seconds. CPU system time: 0.01 seconds. Elapsed time: 0.01 seconds; current allocated memory: 468.820 MB.
INFO: [HLS 200-10] ----------------------------------------------------------------
INFO: [HLS 200-42] -- Implementing module 'apply_weights_Pipeline_1' 
INFO: [HLS 200-10] ----------------------------------------------------------------
INFO: [SCHED 204-11] Starting scheduling ...
INFO: [SCHED 204-61] Pipelining loop 'Loop 1'.
INFO: [HLS 200-1470] Pipelining result : Target II = NA, Final II = 1, Depth = 3, loop 'Loop 1'
INFO: [SCHED 204-11] Finished scheduling.
INFO: [HLS 200-111] Finished Scheduling: CPU user time: 0.16 seconds. CPU system time: 0 seconds. Elapsed time: 0.17 seconds; current allocated memory: 474.945 MB.
INFO: [BIND 205-100] Starting micro-architecture generation ...
INFO: [BIND 205-101] Performing variable lifetime analysis.
INFO: [BIND 205-101] Exploring resource sharing.
INFO: [BIND 205-101] Binding ...
INFO: [BIND 205-100] Finished micro-architecture generation.
INFO: [HLS 200-111] Finished Binding: CPU user time: 0.04 seconds. CPU system time: 0 seconds. Elapsed time: 0.04 seconds; current allocated memory: 489.023 MB.
INFO: [HLS 200-10] ----------------------------------------------------------------
INFO: [HLS 200-42] -- Implementing module 'apply_weights_Pipeline_VITIS_LOOP_119_4' 
INFO: [HLS 200-10] ----------------------------------------------------------------
INFO: [SCHED 204-11] Starting scheduling ...
INFO: [SCHED 204-61] Pipelining loop 'VITIS_LOOP_119_4'.
INFO: [HLS 200-1470] Pipelining result : Target II = NA, Final II = 1, Depth = 2, loop 'VITIS_LOOP_119_4'
INFO: [SCHED 204-11] Finished scheduling.
INFO: [HLS 200-111] Finished Scheduling: CPU user time: 0.16 seconds. CPU system time: 0.01 seconds. Elapsed time: 0.17 seconds; current allocated memory: 489.023 MB.
INFO: [BIND 205-100] Starting micro-architecture generation ...
INFO: [BIND 205-101] Performing variable lifetime analysis.
INFO: [BIND 205-101] Exploring resource sharing.
INFO: [BIND 205-101] Binding ...
INFO: [BIND 205-100] Finished micro-architecture generation.
INFO: [HLS 200-111] Finished Binding: CPU user time: 0.04 seconds. CPU system time: 0.01 seconds. Elapsed time: 0.04 seconds; current allocated memory: 505.023 MB.
INFO: [HLS 200-10] ----------------------------------------------------------------
INFO: [HLS 200-42] -- Implementing module 'apply_weights' 
INFO: [HLS 200-10] ----------------------------------------------------------------
INFO: [SCHED 204-11] Starting scheduling ...
INFO: [SCHED 204-11] Finished scheduling.
INFO: [HLS 200-111] Finished Scheduling: CPU user time: 0.62 seconds. CPU system time: 0 seconds. Elapsed time: 0.62 seconds; current allocated memory: 511.172 MB.
INFO: [BIND 205-100] Starting micro-architecture generation ...
INFO: [BIND 205-101] Performing variable lifetime analysis.
INFO: [BIND 205-101] Exploring resource sharing.
INFO: [BIND 205-101] Binding ...
INFO: [BIND 205-100] Finished micro-architecture generation.
INFO: [HLS 200-111] Finished Binding: CPU user time: 0.17 seconds. CPU system time: 0 seconds. Elapsed time: 0.19 seconds; current allocated memory: 511.172 MB.
INFO: [HLS 200-10] ----------------------------------------------------------------
INFO: [HLS 200-42] -- Implementing module 'softmax' 
INFO: [HLS 200-10] ----------------------------------------------------------------
INFO: [SCHED 204-11] Starting scheduling ...
INFO: [HLS 200-486] Changing DSP latency (root=mul_ln148_6) to 3 in order to utilize available DSP registers.
INFO: [HLS 200-486] Changing DSP latency (root=mul_ln148_2) to 3 in order to utilize available DSP registers.
INFO: [HLS 200-486] Changing DSP latency (root=mul_ln148) to 3 in order to utilize available DSP registers.
INFO: [SCHED 204-61] Pipelining loop 'VITIS_LOOP_140_1'.
INFO: [HLS 200-1470] Pipelining result : Target II = NA, Final II = 1, Depth = 73, loop 'VITIS_LOOP_140_1'
INFO: [SCHED 204-11] Finished scheduling.
INFO: [HLS 200-111] Finished Scheduling: CPU user time: 0.85 seconds. CPU system time: 0 seconds. Elapsed time: 0.85 seconds; current allocated memory: 525.848 MB.
INFO: [BIND 205-100] Starting micro-architecture generation ...
INFO: [BIND 205-101] Performing variable lifetime analysis.
INFO: [BIND 205-101] Exploring resource sharing.
INFO: [BIND 205-101] Binding ...
INFO: [BIND 205-100] Finished micro-architecture generation.
INFO: [HLS 200-111] Finished Binding: CPU user time: 0.14 seconds. CPU system time: 0.01 seconds. Elapsed time: 0.15 seconds; current allocated memory: 540.305 MB.
INFO: [HLS 200-10] ----------------------------------------------------------------
INFO: [HLS 200-42] -- Implementing module 'dynamic_routing_Pipeline_VITIS_LOOP_167_1_VITIS_LOOP_170_2' 
INFO: [HLS 200-10] ----------------------------------------------------------------
INFO: [SCHED 204-11] Starting scheduling ...
INFO: [SCHED 204-61] Pipelining loop 'VITIS_LOOP_167_1_VITIS_LOOP_170_2'.
INFO: [HLS 200-1470] Pipelining result : Target II = NA, Final II = 1, Depth = 18, loop 'VITIS_LOOP_167_1_VITIS_LOOP_170_2'
INFO: [SCHED 204-11] Finished scheduling.
INFO: [HLS 200-111] Finished Scheduling: CPU user time: 0.15 seconds. CPU system time: 0.01 seconds. Elapsed time: 0.17 seconds; current allocated memory: 540.305 MB.
INFO: [BIND 205-100] Starting micro-architecture generation ...
INFO: [BIND 205-101] Performing variable lifetime analysis.
INFO: [BIND 205-101] Exploring resource sharing.
INFO: [BIND 205-101] Binding ...
INFO: [BIND 205-100] Finished micro-architecture generation.
INFO: [HLS 200-111] Finished Binding: CPU user time: 0.01 seconds. CPU system time: 0.01 seconds. Elapsed time: 0.01 seconds; current allocated memory: 540.305 MB.
INFO: [HLS 200-10] ----------------------------------------------------------------
INFO: [HLS 200-42] -- Implementing module 'dynamic_routing_Pipeline_VITIS_LOOP_188_6' 
INFO: [HLS 200-10] ----------------------------------------------------------------
INFO: [SCHED 204-11] Starting scheduling ...
INFO: [SCHED 204-61] Pipelining loop 'VITIS_LOOP_188_6'.
INFO: [HLS 200-1470] Pipelining result : Target II = 3, Final II = 2, Depth = 2, loop 'VITIS_LOOP_188_6'
INFO: [SCHED 204-11] Finished scheduling.
INFO: [HLS 200-111] Finished Scheduling: CPU user time: 0.03 seconds. CPU system time: 0 seconds. Elapsed time: 0.03 seconds; current allocated memory: 540.305 MB.
INFO: [BIND 205-100] Starting micro-architecture generation ...
INFO: [BIND 205-101] Performing variable lifetime analysis.
INFO: [BIND 205-101] Exploring resource sharing.
INFO: [BIND 205-101] Binding ...
INFO: [BIND 205-100] Finished micro-architecture generation.
INFO: [HLS 200-111] Finished Binding: CPU user time: 0.01 seconds. CPU system time: 0 seconds. Elapsed time: 0.01 seconds; current allocated memory: 540.305 MB.
INFO: [HLS 200-10] ----------------------------------------------------------------
INFO: [HLS 200-42] -- Implementing module 'squash' 
INFO: [HLS 200-10] ----------------------------------------------------------------
INFO: [SCHED 204-11] Starting scheduling ...
INFO: [SCHED 204-61] Pipelining loop 'VITIS_LOOP_205_1'.
INFO: [HLS 200-1470] Pipelining result : Target II = NA, Final II = 1, Depth = 123, loop 'VITIS_LOOP_205_1'
INFO: [SCHED 204-11] Finished scheduling.
INFO: [HLS 200-111] Finished Scheduling: CPU user time: 0.13 seconds. CPU system time: 0.01 seconds. Elapsed time: 0.14 seconds; current allocated memory: 540.305 MB.
INFO: [BIND 205-100] Starting micro-architecture generation ...
INFO: [BIND 205-101] Performing variable lifetime analysis.
INFO: [BIND 205-101] Exploring resource sharing.
INFO: [BIND 205-101] Binding ...
INFO: [BIND 205-100] Finished micro-architecture generation.
INFO: [HLS 200-111] Finished Binding: CPU user time: 0.03 seconds. CPU system time: 0 seconds. Elapsed time: 0.02 seconds; current allocated memory: 540.305 MB.
INFO: [HLS 200-10] ----------------------------------------------------------------
INFO: [HLS 200-42] -- Implementing module 'dynamic_routing_Pipeline_VITIS_LOOP_225_1_VITIS_LOOP_227_2' 
INFO: [HLS 200-10] ----------------------------------------------------------------
INFO: [SCHED 204-11] Starting scheduling ...
INFO: [SCHED 204-61] Pipelining loop 'VITIS_LOOP_225_1_VITIS_LOOP_227_2'.
INFO: [HLS 200-1470] Pipelining result : Target II = NA, Final II = 1, Depth = 5, loop 'VITIS_LOOP_225_1_VITIS_LOOP_227_2'
INFO: [SCHED 204-11] Finished scheduling.
INFO: [HLS 200-111] Finished Scheduling: CPU user time: 0.09 seconds. CPU system time: 0 seconds. Elapsed time: 0.09 seconds; current allocated memory: 540.305 MB.
INFO: [BIND 205-100] Starting micro-architecture generation ...
INFO: [BIND 205-101] Performing variable lifetime analysis.
INFO: [BIND 205-101] Exploring resource sharing.
INFO: [BIND 205-101] Binding ...
INFO: [BIND 205-100] Finished micro-architecture generation.
INFO: [HLS 200-111] Finished Binding: CPU user time: 0.02 seconds. CPU system time: 0 seconds. Elapsed time: 0.02 seconds; current allocated memory: 540.305 MB.
INFO: [HLS 200-10] ----------------------------------------------------------------
INFO: [HLS 200-42] -- Implementing module 'dynamic_routing_Pipeline_VITIS_LOOP_241_1' 
INFO: [HLS 200-10] ----------------------------------------------------------------
INFO: [SCHED 204-11] Starting scheduling ...
INFO: [SCHED 204-61] Pipelining loop 'VITIS_LOOP_241_1'.
INFO: [HLS 200-1470] Pipelining result : Target II = 2, Final II = 2, Depth = 4, loop 'VITIS_LOOP_241_1'
INFO: [SCHED 204-11] Finished scheduling.
INFO: [HLS 200-111] Finished Scheduling: CPU user time: 0.05 seconds. CPU system time: 0 seconds. Elapsed time: 0.05 seconds; current allocated memory: 540.305 MB.
INFO: [BIND 205-100] Starting micro-architecture generation ...
INFO: [BIND 205-101] Performing variable lifetime analysis.
INFO: [BIND 205-101] Exploring resource sharing.
INFO: [BIND 205-101] Binding ...
INFO: [BIND 205-100] Finished micro-architecture generation.
INFO: [HLS 200-111] Finished Binding: CPU user time: 0.01 seconds. CPU system time: 0 seconds. Elapsed time: 0.01 seconds; current allocated memory: 540.305 MB.
INFO: [HLS 200-10] ----------------------------------------------------------------
INFO: [HLS 200-42] -- Implementing module 'dynamic_routing_Pipeline_6' 
INFO: [HLS 200-10] ----------------------------------------------------------------
INFO: [SCHED 204-11] Starting scheduling ...
INFO: [SCHED 204-61] Pipelining loop 'Loop 1'.
INFO: [HLS 200-1470] Pipelining result : Target II = NA, Final II = 1, Depth = 3, loop 'Loop 1'
INFO: [SCHED 204-11] Finished scheduling.
INFO: [HLS 200-111] Finished Scheduling: CPU user time: 0.03 seconds. CPU system time: 0 seconds. Elapsed time: 0.03 seconds; current allocated memory: 540.305 MB.
INFO: [BIND 205-100] Starting micro-architecture generation ...
INFO: [BIND 205-101] Performing variable lifetime analysis.
INFO: [BIND 205-101] Exploring resource sharing.
INFO: [BIND 205-101] Binding ...
INFO: [BIND 205-100] Finished micro-architecture generation.
INFO: [HLS 200-111] Finished Binding: CPU user time: 0.01 seconds. CPU system time: 0 seconds. Elapsed time: 0.01 seconds; current allocated memory: 540.305 MB.
INFO: [HLS 200-10] ----------------------------------------------------------------
INFO: [HLS 200-42] -- Implementing module 'dynamic_routing' 
INFO: [HLS 200-10] ----------------------------------------------------------------
INFO: [SCHED 204-11] Starting scheduling ...
INFO: [SCHED 204-11] Finished scheduling.
INFO: [HLS 200-111] Finished Scheduling: CPU user time: 0.04 seconds. CPU system time: 0 seconds. Elapsed time: 0.05 seconds; current allocated memory: 540.305 MB.
INFO: [BIND 205-100] Starting micro-architecture generation ...
INFO: [BIND 205-101] Performing variable lifetime analysis.
INFO: [BIND 205-101] Exploring resource sharing.
INFO: [BIND 205-101] Binding ...
INFO: [BIND 205-100] Finished micro-architecture generation.
INFO: [HLS 200-111] Finished Binding: CPU user time: 0.04 seconds. CPU system time: 0 seconds. Elapsed time: 0.03 seconds; current allocated memory: 540.305 MB.
INFO: [HLS 200-10] ----------------------------------------------------------------
INFO: [HLS 200-10] -- Generating RTL for module 'dynamic_routing_Pipeline_1' 
INFO: [HLS 200-10] ----------------------------------------------------------------
INFO: [HLS 200-1030] Apply Unified Pipeline Control on module 'dynamic_routing_Pipeline_1' pipeline 'Loop 1' pipeline type 'loop pipeline'
WARNING: [RTGEN 206-101] Setting dangling out port 'dynamic_routing_Pipeline_1/m_axi_gmem_ARVALID' to 0.
WARNING: [RTGEN 206-101] Setting dangling out port 'dynamic_routing_Pipeline_1/m_axi_gmem_ARADDR' to 0.
WARNING: [RTGEN 206-101] Setting dangling out port 'dynamic_routing_Pipeline_1/m_axi_gmem_ARID' to 0.
WARNING: [RTGEN 206-101] Setting dangling out port 'dynamic_routing_Pipeline_1/m_axi_gmem_ARLEN' to 0.
WARNING: [RTGEN 206-101] Setting dangling out port 'dynamic_routing_Pipeline_1/m_axi_gmem_ARSIZE' to 0.
WARNING: [RTGEN 206-101] Setting dangling out port 'dynamic_routing_Pipeline_1/m_axi_gmem_ARBURST' to 0.
WARNING: [RTGEN 206-101] Setting dangling out port 'dynamic_routing_Pipeline_1/m_axi_gmem_ARLOCK' to 0.
WARNING: [RTGEN 206-101] Setting dangling out port 'dynamic_routing_Pipeline_1/m_axi_gmem_ARCACHE' to 0.
WARNING: [RTGEN 206-101] Setting dangling out port 'dynamic_routing_Pipeline_1/m_axi_gmem_ARPROT' to 0.
WARNING: [RTGEN 206-101] Setting dangling out port 'dynamic_routing_Pipeline_1/m_axi_gmem_ARQOS' to 0.
WARNING: [RTGEN 206-101] Setting dangling out port 'dynamic_routing_Pipeline_1/m_axi_gmem_ARREGION' to 0.
WARNING: [RTGEN 206-101] Setting dangling out port 'dynamic_routing_Pipeline_1/m_axi_gmem_ARUSER' to 0.
INFO: [RTGEN 206-100] Finished creating RTL model for 'dynamic_routing_Pipeline_1'.
INFO: [HLS 200-111] Finished Creating RTL model: CPU user time: 0.07 seconds. CPU system time: 0 seconds. Elapsed time: 0.06 seconds; current allocated memory: 540.305 MB.
INFO: [HLS 200-10] ----------------------------------------------------------------
INFO: [HLS 200-10] -- Generating RTL for module 'apply_weights_Pipeline_1' 
INFO: [HLS 200-10] ----------------------------------------------------------------
INFO: [HLS 200-1030] Apply Unified Pipeline Control on module 'apply_weights_Pipeline_1' pipeline 'Loop 1' pipeline type 'loop pipeline'
WARNING: [RTGEN 206-101] Setting dangling out port 'apply_weights_Pipeline_1/m_axi_gmem_ARVALID' to 0.
WARNING: [RTGEN 206-101] Setting dangling out port 'apply_weights_Pipeline_1/m_axi_gmem_ARADDR' to 0.
WARNING: [RTGEN 206-101] Setting dangling out port 'apply_weights_Pipeline_1/m_axi_gmem_ARID' to 0.
WARNING: [RTGEN 206-101] Setting dangling out port 'apply_weights_Pipeline_1/m_axi_gmem_ARLEN' to 0.
WARNING: [RTGEN 206-101] Setting dangling out port 'apply_weights_Pipeline_1/m_axi_gmem_ARSIZE' to 0.
WARNING: [RTGEN 206-101] Setting dangling out port 'apply_weights_Pipeline_1/m_axi_gmem_ARBURST' to 0.
WARNING: [RTGEN 206-101] Setting dangling out port 'apply_weights_Pipeline_1/m_axi_gmem_ARLOCK' to 0.
WARNING: [RTGEN 206-101] Setting dangling out port 'apply_weights_Pipeline_1/m_axi_gmem_ARCACHE' to 0.
WARNING: [RTGEN 206-101] Setting dangling out port 'apply_weights_Pipeline_1/m_axi_gmem_ARPROT' to 0.
WARNING: [RTGEN 206-101] Setting dangling out port 'apply_weights_Pipeline_1/m_axi_gmem_ARQOS' to 0.
WARNING: [RTGEN 206-101] Setting dangling out port 'apply_weights_Pipeline_1/m_axi_gmem_ARREGION' to 0.
WARNING: [RTGEN 206-101] Setting dangling out port 'apply_weights_Pipeline_1/m_axi_gmem_ARUSER' to 0.
INFO: [RTGEN 206-100] Finished creating RTL model for 'apply_weights_Pipeline_1'.
INFO: [HLS 200-111] Finished Creating RTL model: CPU user time: 0.08 seconds. CPU system time: 0 seconds. Elapsed time: 0.08 seconds; current allocated memory: 541.605 MB.
INFO: [HLS 200-10] ----------------------------------------------------------------
INFO: [HLS 200-10] -- Generating RTL for module 'apply_weights_Pipeline_VITIS_LOOP_119_4' 
INFO: [HLS 200-10] ----------------------------------------------------------------
INFO: [HLS 200-1030] Apply Unified Pipeline Control on module 'apply_weights_Pipeline_VITIS_LOOP_119_4' pipeline 'VITIS_LOOP_119_4' pipeline type 'loop pipeline'
INFO: [RTGEN 206-100] Finished creating RTL model for 'apply_weights_Pipeline_VITIS_LOOP_119_4'.
INFO: [HLS 200-111] Finished Creating RTL model: CPU user time: 0.15 seconds. CPU system time: 0.01 seconds. Elapsed time: 0.15 seconds; current allocated memory: 554.969 MB.
INFO: [HLS 200-10] ----------------------------------------------------------------
INFO: [HLS 200-10] -- Generating RTL for module 'apply_weights' 
INFO: [HLS 200-10] ----------------------------------------------------------------
INFO: [RTGEN 206-104] Estimated max fanout for 'apply_weights' is 6178 from HDL expression: (1'b1 == ap_CS_fsm_state75)
INFO: [RTGEN 206-100] Generating core module 'mul_32s_32s_48_1_1': 13 instance(s).
INFO: [RTGEN 206-100] Finished creating RTL model for 'apply_weights'.
INFO: [HLS 200-111] Finished Creating RTL model: CPU user time: 0.18 seconds. CPU system time: 0.02 seconds. Elapsed time: 0.2 seconds; current allocated memory: 575.406 MB.
INFO: [HLS 200-10] ----------------------------------------------------------------
INFO: [HLS 200-10] -- Generating RTL for module 'softmax' 
INFO: [HLS 200-10] ----------------------------------------------------------------
INFO: [HLS 200-1030] Apply Unified Pipeline Control on module 'softmax' pipeline 'VITIS_LOOP_140_1' pipeline type 'loop pipeline'
INFO: [RTGEN 206-104] Estimated max fanout for 'softmax' is 47731 from HDL expression: (1'b0 == ap_block_pp0_stage0_11001)
INFO: [RTGEN 206-100] Generating core module 'am_addmul_11ns_11ns_13ns_25_4_1': 1 instance(s).
INFO: [RTGEN 206-100] Generating core module 'am_addmul_11ns_12ns_14ns_27_4_1': 1 instance(s).
INFO: [RTGEN 206-100] Generating core module 'am_addmul_11ns_13ns_15ns_29_4_1': 1 instance(s).
INFO: [RTGEN 206-100] Generating core module 'dexp_64ns_64ns_64_13_full_dsp_1': 10 instance(s).
INFO: [RTGEN 206-100] Generating core module 'mul_12ns_14ns_25_1_1': 1 instance(s).
INFO: [RTGEN 206-100] Generating core module 'mul_13ns_15ns_27_1_1': 3 instance(s).
INFO: [RTGEN 206-100] Generating core module 'mul_14ns_16ns_29_1_1': 2 instance(s).
INFO: [RTGEN 206-100] Generating core module 'sdiv_48ns_32s_48_52_1': 10 instance(s).
INFO: [RTGEN 206-100] Generating core module 'sparsemux_23_4_32_1_1': 10 instance(s).
INFO: [RTGEN 206-100] Generating core module 'sparsemux_9_3_32_1_1': 10 instance(s).
INFO: [RTGEN 206-100] Finished creating RTL model for 'softmax'.
INFO: [HLS 200-111] Finished Creating RTL model: CPU user time: 0.41 seconds. CPU system time: 0.03 seconds. Elapsed time: 0.44 seconds; current allocated memory: 609.652 MB.
INFO: [HLS 200-10] ----------------------------------------------------------------
INFO: [HLS 200-10] -- Generating RTL for module 'dynamic_routing_Pipeline_VITIS_LOOP_167_1_VITIS_LOOP_170_2' 
INFO: [HLS 200-10] ----------------------------------------------------------------
INFO: [HLS 200-1030] Apply Unified Pipeline Control on module 'dynamic_routing_Pipeline_VITIS_LOOP_167_1_VITIS_LOOP_170_2' pipeline 'VITIS_LOOP_167_1_VITIS_LOOP_170_2' pipeline type 'loop pipeline'
INFO: [RTGEN 206-100] Generating core module 'mul_14ns_16ns_29_1_1': 1 instance(s).
INFO: [RTGEN 206-100] Generating core module 'mul_32s_32s_48_1_1': 16 instance(s).
INFO: [RTGEN 206-100] Generating core module 'sparsemux_23_4_32_1_1': 1 instance(s).
INFO: [RTGEN 206-100] Generating core module 'urem_14ns_5ns_4_18_1': 1 instance(s).
INFO: [RTGEN 206-100] Finished creating RTL model for 'dynamic_routing_Pipeline_VITIS_LOOP_167_1_VITIS_LOOP_170_2'.
INFO: [HLS 200-111] Finished Creating RTL model: CPU user time: 0.4 seconds. CPU system time: 0.01 seconds. Elapsed time: 0.42 seconds; current allocated memory: 645.035 MB.
INFO: [HLS 200-10] ----------------------------------------------------------------
INFO: [HLS 200-10] -- Generating RTL for module 'dynamic_routing_Pipeline_VITIS_LOOP_188_6' 
INFO: [HLS 200-10] ----------------------------------------------------------------
INFO: [RTGEN 206-100] Generating core module 'sparsemux_17_3_32_1_1': 1 instance(s).
INFO: [RTGEN 206-100] Finished creating RTL model for 'dynamic_routing_Pipeline_VITIS_LOOP_188_6'.
INFO: [HLS 200-111] Finished Creating RTL model: CPU user time: 0.06 seconds. CPU system time: 0 seconds. Elapsed time: 0.06 seconds; current allocated memory: 645.035 MB.
INFO: [HLS 200-10] ----------------------------------------------------------------
INFO: [HLS 200-10] -- Generating RTL for module 'squash' 
INFO: [HLS 200-10] ----------------------------------------------------------------
INFO: [HLS 200-1030] Apply Unified Pipeline Control on module 'squash' pipeline 'VITIS_LOOP_205_1' pipeline type 'loop pipeline'
INFO: [RTGEN 206-104] Estimated max fanout for 'squash' is 108700 from HDL expression: (1'b0 == ap_block_pp0_stage0_11001)
INFO: [RTGEN 206-100] Generating core module 'dsqrt_64ns_64ns_64_21_no_dsp_1': 1 instance(s).
INFO: [RTGEN 206-100] Generating core module 'mul_32s_32s_48_1_1': 32 instance(s).
INFO: [RTGEN 206-100] Generating core module 'sdiv_48ns_33s_48_52_1': 1 instance(s).
INFO: [RTGEN 206-100] Generating core module 'sdiv_64ns_32s_32_68_1': 1 instance(s).
INFO: [RTGEN 206-100] Generating core module 'sparsemux_9_3_32_1_1': 1 instance(s).
INFO: [RTGEN 206-100] Finished creating RTL model for 'squash'.
INFO: [HLS 200-111] Finished Creating RTL model: CPU user time: 0.13 seconds. CPU system time: 0.01 seconds. Elapsed time: 0.13 seconds; current allocated memory: 652.781 MB.
INFO: [HLS 200-10] ----------------------------------------------------------------
INFO: [HLS 200-10] -- Generating RTL for module 'dynamic_routing_Pipeline_VITIS_LOOP_225_1_VITIS_LOOP_227_2' 
INFO: [HLS 200-10] ----------------------------------------------------------------
INFO: [HLS 200-1030] Apply Unified Pipeline Control on module 'dynamic_routing_Pipeline_VITIS_LOOP_225_1_VITIS_LOOP_227_2' pipeline 'VITIS_LOOP_225_1_VITIS_LOOP_227_2' pipeline type 'loop pipeline'
INFO: [RTGEN 206-100] Generating core module 'mul_32s_32s_48_1_1': 16 instance(s).
INFO: [RTGEN 206-100] Finished creating RTL model for 'dynamic_routing_Pipeline_VITIS_LOOP_225_1_VITIS_LOOP_227_2'.
INFO: [HLS 200-111] Finished Creating RTL model: CPU user time: 0.14 seconds. CPU system time: 0.01 seconds. Elapsed time: 0.15 seconds; current allocated memory: 659.344 MB.
INFO: [HLS 200-10] ----------------------------------------------------------------
INFO: [HLS 200-10] -- Generating RTL for module 'dynamic_routing_Pipeline_VITIS_LOOP_241_1' 
INFO: [HLS 200-10] ----------------------------------------------------------------
INFO: [HLS 200-1030] Apply Unified Pipeline Control on module 'dynamic_routing_Pipeline_VITIS_LOOP_241_1' pipeline 'VITIS_LOOP_241_1' pipeline type 'loop pipeline'
INFO: [RTGEN 206-100] Generating core module 'sparsemux_23_4_32_1_1': 1 instance(s).
INFO: [RTGEN 206-100] Finished creating RTL model for 'dynamic_routing_Pipeline_VITIS_LOOP_241_1'.
INFO: [HLS 200-111] Finished Creating RTL model: CPU user time: 0.06 seconds. CPU system time: 0 seconds. Elapsed time: 0.07 seconds; current allocated memory: 665.703 MB.
INFO: [HLS 200-10] ----------------------------------------------------------------
INFO: [HLS 200-10] -- Generating RTL for module 'dynamic_routing_Pipeline_6' 
INFO: [HLS 200-10] ----------------------------------------------------------------
INFO: [HLS 200-1030] Apply Unified Pipeline Control on module 'dynamic_routing_Pipeline_6' pipeline 'Loop 1' pipeline type 'loop pipeline'
WARNING: [RTGEN 206-101] Setting dangling out port 'dynamic_routing_Pipeline_6/m_axi_gmem_AWVALID' to 0.
WARNING: [RTGEN 206-101] Setting dangling out port 'dynamic_routing_Pipeline_6/m_axi_gmem_AWADDR' to 0.
WARNING: [RTGEN 206-101] Setting dangling out port 'dynamic_routing_Pipeline_6/m_axi_gmem_AWID' to 0.
WARNING: [RTGEN 206-101] Setting dangling out port 'dynamic_routing_Pipeline_6/m_axi_gmem_AWLEN' to 0.
WARNING: [RTGEN 206-101] Setting dangling out port 'dynamic_routing_Pipeline_6/m_axi_gmem_AWSIZE' to 0.
WARNING: [RTGEN 206-101] Setting dangling out port 'dynamic_routing_Pipeline_6/m_axi_gmem_AWBURST' to 0.
WARNING: [RTGEN 206-101] Setting dangling out port 'dynamic_routing_Pipeline_6/m_axi_gmem_AWLOCK' to 0.
WARNING: [RTGEN 206-101] Setting dangling out port 'dynamic_routing_Pipeline_6/m_axi_gmem_AWCACHE' to 0.
WARNING: [RTGEN 206-101] Setting dangling out port 'dynamic_routing_Pipeline_6/m_axi_gmem_AWPROT' to 0.
WARNING: [RTGEN 206-101] Setting dangling out port 'dynamic_routing_Pipeline_6/m_axi_gmem_AWQOS' to 0.
WARNING: [RTGEN 206-101] Setting dangling out port 'dynamic_routing_Pipeline_6/m_axi_gmem_AWREGION' to 0.
WARNING: [RTGEN 206-101] Setting dangling out port 'dynamic_routing_Pipeline_6/m_axi_gmem_AWUSER' to 0.
WARNING: [RTGEN 206-101] Setting dangling out port 'dynamic_routing_Pipeline_6/m_axi_gmem_BREADY' to 0.
INFO: [RTGEN 206-100] Generating core module 'sparsemux_17_3_32_1_1': 1 instance(s).
INFO: [RTGEN 206-100] Finished creating RTL model for 'dynamic_routing_Pipeline_6'.
INFO: [HLS 200-111] Finished Creating RTL model: CPU user time: 0.07 seconds. CPU system time: 0.01 seconds. Elapsed time: 0.07 seconds; current allocated memory: 670.289 MB.
INFO: [HLS 200-10] ----------------------------------------------------------------
INFO: [HLS 200-10] -- Generating RTL for module 'dynamic_routing' 
INFO: [HLS 200-10] ----------------------------------------------------------------
WARNING: [RTGEN 206-101] Design contains AXI ports. Reset is fixed to synchronous and active low.
INFO: [RTGEN 206-500] Setting interface mode on port 'dynamic_routing/gmem' to 'm_axi'.
INFO: [RTGEN 206-500] Setting interface mode on port 'dynamic_routing/input_r' to 's_axilite & ap_none'.
INFO: [RTGEN 206-500] Setting interface mode on port 'dynamic_routing/weights' to 's_axilite & ap_none'.
INFO: [RTGEN 206-500] Setting interface mode on port 'dynamic_routing/prediction' to 's_axilite & ap_none'.
INFO: [RTGEN 206-500] Setting interface mode on function 'dynamic_routing' to 's_axilite & ap_ctrl_chain'.
INFO: [RTGEN 206-100] Bundling port 'input_r', 'weights', 'prediction' and 'return' to AXI-Lite port control.
INFO: [RTGEN 206-100] Finished creating RTL model for 'dynamic_routing'.
INFO: [RTMG 210-278] Implementing memory 'dynamic_routing_primary_caps_RAM_AUTO_1R1W' using auto RAMs.
INFO: [RTMG 210-278] Implementing memory 'dynamic_routing_squashed_v_RAM_AUTO_1R1W' using auto RAMs.
INFO: [RTMG 210-278] Implementing memory 'dynamic_routing_weighted_input_u_RAM_AUTO_1R1W' using auto RAMs.
INFO: [RTMG 210-278] Implementing memory 'dynamic_routing_coupling_b_RAM_AUTO_1R1W' using auto RAMs.
INFO: [RTMG 210-278] Implementing memory 'dynamic_routing_coupling_c_RAM_AUTO_1R1W' using auto RAMs.
INFO: [RTMG 210-278] Implementing memory 'dynamic_routing_sum_of_products_s_RAM_AUTO_1R1W' using auto RAMs.
INFO: [RTMG 210-278] Implementing memory 'dynamic_routing_output_agreement_RAM_AUTO_1R1W' using auto RAMs.
INFO: [HLS 200-111] Finished Creating RTL model: CPU user time: 0.09 seconds. CPU system time: 0.01 seconds. Elapsed time: 0.1 seconds; current allocated memory: 674.664 MB.
INFO: [HLS 200-111] Finished Generating all RTL models: CPU user time: 0.27 seconds. CPU system time: 0.02 seconds. Elapsed time: 0.29 seconds; current allocated memory: 681.355 MB.
INFO: [HLS 200-1603] Design has inferred MAXI bursts, see Vitis HLS GUI synthesis summary report for detailed information.
INFO: [HLS 200-111] Finished Updating report files: CPU user time: 0.94 seconds. CPU system time: 0.01 seconds. Elapsed time: 0.96 seconds; current allocated memory: 710.055 MB.
INFO: [VHDL 208-304] Generating VHDL RTL for dynamic_routing.
INFO: [VLOG 209-307] Generating Verilog RTL for dynamic_routing.
INFO: [HLS 200-790] **** Loop Constraint Status: All loop constraints were NOT satisfied.
INFO: [HLS 200-789] **** Estimated Fmax: 136.99 MHz
INFO: [HLS 200-112] Total CPU user time: 24.89 seconds. Total CPU system time: 1.38 seconds. Total elapsed time: 28.34 seconds; peak allocated memory: 710.055 MB.
INFO: [v++ 60-791] Total elapsed time: 0h 0m 31s
